#
# There is insufficient memory for the Java Runtime Environment to continue.
# Native memory allocation (malloc) failed to allocate 605776 bytes for Chunk::new
# Possible reasons:
#   The system is out of physical RAM or swap space
#   In 32 bit mode, the process size limit was hit
# Possible solutions:
#   Reduce memory load on the system
#   Increase physical memory or swap space
#   Check if swap backing store is full
#   Use 64 bit Java on a 64 bit OS
#   Decrease Java heap size (-Xmx/-Xms)
#   Decrease number of Java threads
#   Decrease Java thread stack sizes (-Xss)
#   Set larger code cache with -XX:ReservedCodeCacheSize=
# This output file may be truncated or incomplete.
#
#  Out of Memory Error (allocation.cpp:390), pid=15752, tid=15876
#
# JRE version: Java(TM) SE Runtime Environment (8.0_72-b15) (build 1.8.0_72-b15)
# Java VM: Java HotSpot(TM) 64-Bit Server VM (25.72-b15 mixed mode windows-amd64 compressed oops)
# Failed to write core dump. Minidumps are not enabled by default on client versions of Windows
#

---------------  T H R E A D  ---------------

Current thread (0x0000000017d2f000):  JavaThread "C2 CompilerThread0" daemon [_thread_in_native, id=15876, stack(0x0000000019690000,0x0000000019790000)]

Stack: [0x0000000019690000,0x0000000019790000]
[error occurred during error reporting (printing stack bounds), id 0xc0000005]

Native frames: (J=compiled Java code, j=interpreted, Vv=VM code, C=native code)


Current CompileTask:
C2:   3364  626       4       java.io.WinNTFileSystem::normalize (143 bytes)


---------------  P R O C E S S  ---------------

Java Threads: ( => current thread )
  0x00000000190dd000 JavaThread "Service Thread" daemon [_thread_blocked, id=15856, stack(0x0000000019990000,0x0000000019a90000)]
  0x000000001909c000 JavaThread "C1 CompilerThread2" daemon [_thread_blocked, id=15868, stack(0x0000000019890000,0x0000000019990000)]
  0x0000000017d7c800 JavaThread "C2 CompilerThread1" daemon [_thread_in_native, id=15872, stack(0x0000000019790000,0x0000000019890000)]
=>0x0000000017d2f000 JavaThread "C2 CompilerThread0" daemon [_thread_in_native, id=15876, stack(0x0000000019690000,0x0000000019790000)]
  0x0000000017d79000 JavaThread "Attach Listener" daemon [_thread_blocked, id=15828, stack(0x0000000019590000,0x0000000019690000)]
  0x0000000019098800 JavaThread "Signal Dispatcher" daemon [_thread_blocked, id=15776, stack(0x0000000019490000,0x0000000019590000)]
  0x0000000017d09000 JavaThread "Finalizer" daemon [_thread_blocked, id=15764, stack(0x0000000018f90000,0x0000000019090000)]
  0x00000000031a1000 JavaThread "Reference Handler" daemon [_thread_blocked, id=15768, stack(0x0000000018e90000,0x0000000018f90000)]
  0x00000000030b1000 JavaThread "main" [_thread_in_native, id=15788, stack(0x0000000002bc0000,0x0000000002cc0000)]

Other Threads:
  0x0000000017ce7000 VMThread [stack: 0x0000000018d90000,0x0000000018e90000] [id=15772]
  0x000000001912a000 WatcherThread [stack: 0x0000000019a90000,0x0000000019b90000] [id=15852]

VM state:not at safepoint (normal execution)

VM Mutex/Monitor currently owned by a thread: None

Heap:
 PSYoungGen      total 38400K, used 20582K [0x00000000d5c00000, 0x00000000da700000, 0x0000000100000000)
  eden space 33280K, 46% used [0x00000000d5c00000,0x00000000d6b1fa30,0x00000000d7c80000)
  from space 5120K, 99% used [0x00000000d7c80000,0x00000000d8179ef8,0x00000000d8180000)
  to   space 5120K, 0% used [0x00000000da200000,0x00000000da200000,0x00000000da700000)
 ParOldGen       total 87552K, used 364K [0x0000000081400000, 0x0000000086980000, 0x00000000d5c00000)
  object space 87552K, 0% used [0x0000000081400000,0x000000008145b1c0,0x0000000086980000)
 Metaspace       used 9201K, capacity 9458K, committed 9600K, reserved 1056768K
  class space    used 1231K, capacity 1322K, committed 1408K, reserved 1048576K

Card table byte_map: [0x0000000012570000,0x0000000012970000] byte_map_base: 0x0000000012166000

Marking Bits: (ParMarkBitMap*) 0x0000000065aa0600
 Begin Bits: [0x0000000013020000, 0x0000000014fd0000)
 End Bits:   [0x0000000014fd0000, 0x0000000016f80000)

Polling page: 0x00000000013c0000

CodeCache: size=245760Kb used=2863Kb max_used=2863Kb free=242896Kb
 bounds [0x00000000031b0000, 0x0000000003480000, 0x00000000121b0000]
 total_blobs=986 nmethods=676 adapters=223
 compilation: enabled

Compilation events (10 events):
Event: 3.329 Thread 0x000000001909c000  685   !   3       java.lang.Package::getSystemPackage (63 bytes)
Event: 3.330 Thread 0x000000001909c000 nmethod 685 0x000000000347bd50 code [0x000000000347bf40, 0x000000000347c8e8]
Event: 3.344 Thread 0x000000001909c000  687       3       java.lang.reflect.Modifier::isStatic (13 bytes)
Event: 3.344 Thread 0x000000001909c000 nmethod 687 0x000000000347cdd0 code [0x000000000347cf20, 0x000000000347d0b0]
Event: 3.346 Thread 0x000000001909c000  688       3       java.util.LinkedList$Node::<init> (20 bytes)
Event: 3.346 Thread 0x000000001909c000 nmethod 688 0x000000000347d110 code [0x000000000347d260, 0x000000000347d450]
Event: 3.346 Thread 0x000000001909c000  689       1       java.lang.reflect.Method::getGenericSignature (5 bytes)
Event: 3.346 Thread 0x000000001909c000 nmethod 689 0x000000000347d510 code [0x000000000347d660, 0x000000000347d770]
Event: 3.347 Thread 0x000000001909c000  690       3       org.gradle.internal.service.DefaultServiceRegistry$SingletonService::getService (21 bytes)
Event: 3.347 Thread 0x000000001909c000 nmethod 690 0x000000000347d7d0 code [0x000000000347d960, 0x000000000347dd38]

GC Heap History (2 events):
Event: 3.188 GC heap before
{Heap before GC invocations=1 (full 0):
 PSYoungGen      total 38400K, used 33280K [0x00000000d5c00000, 0x00000000d8680000, 0x0000000100000000)
  eden space 33280K, 100% used [0x00000000d5c00000,0x00000000d7c80000,0x00000000d7c80000)
  from space 5120K, 0% used [0x00000000d8180000,0x00000000d8180000,0x00000000d8680000)
  to   space 5120K, 0% used [0x00000000d7c80000,0x00000000d7c80000,0x00000000d8180000)
 ParOldGen       total 87552K, used 0K [0x0000000081400000, 0x0000000086980000, 0x00000000d5c00000)
  object space 87552K, 0% used [0x0000000081400000,0x0000000081400000,0x0000000086980000)
 Metaspace       used 8768K, capacity 9018K, committed 9216K, reserved 1056768K
  class space    used 1151K, capacity 1218K, committed 1280K, reserved 1048576K
Event: 3.220 GC heap after
Heap after GC invocations=1 (full 0):
 PSYoungGen      total 38400K, used 5095K [0x00000000d5c00000, 0x00000000da700000, 0x0000000100000000)
  eden space 33280K, 0% used [0x00000000d5c00000,0x00000000d5c00000,0x00000000d7c80000)
  from space 5120K, 99% used [0x00000000d7c80000,0x00000000d8179ef8,0x00000000d8180000)
  to   space 5120K, 0% used [0x00000000da200000,0x00000000da200000,0x00000000da700000)
 ParOldGen       total 87552K, used 364K [0x0000000081400000, 0x0000000086980000, 0x00000000d5c00000)
  object space 87552K, 0% used [0x0000000081400000,0x000000008145b1c0,0x0000000086980000)
 Metaspace       used 8768K, capacity 9018K, committed 9216K, reserved 1056768K
  class space    used 1151K, capacity 1218K, committed 1280K, reserved 1048576K
}

Deoptimization events (4 events):
Event: 1.911 Thread 0x00000000030b1000 Uncommon trap: reason=unstable_if action=reinterpret pc=0x000000000332ea90 method=java.lang.String.startsWith(Ljava/lang/String;I)Z @ 25
Event: 2.590 Thread 0x00000000030b1000 Uncommon trap: reason=unstable_if action=reinterpret pc=0x00000000033d2584 method=java.util.HashMap.getNode(ILjava/lang/Object;)Ljava/util/HashMap$Node; @ 129
Event: 2.590 Thread 0x00000000030b1000 Uncommon trap: reason=unstable_if action=reinterpret pc=0x00000000033bc034 method=java.util.HashMap.getNode(ILjava/lang/Object;)Ljava/util/HashMap$Node; @ 129
Event: 3.090 Thread 0x00000000030b1000 Uncommon trap: reason=predicate action=maybe_recompile pc=0x00000000033f5fa4 method=sun.net.www.ParseUtil.encodePath(Ljava/lang/String;Z)Ljava/lang/String; @ 36

Internal exceptions (10 events):
Event: 2.002 Thread 0x00000000030b1000 Exception <a 'java/lang/ArrayIndexOutOfBoundsException': 18> (0x00000000d635f400) thrown at [C:\re\workspace\8-2-build-windows-amd64-cygwin\jdk8u72\5732\hotspot\src\share\vm\interpreter\interpreterRuntime.cpp, line 366]
Event: 2.002 Thread 0x00000000030b1000 Exception <a 'java/lang/ArrayIndexOutOfBoundsException': 40> (0x00000000d6360030) thrown at [C:\re\workspace\8-2-build-windows-amd64-cygwin\jdk8u72\5732\hotspot\src\share\vm\interpreter\interpreterRuntime.cpp, line 366]
Event: 2.323 Thread 0x00000000030b1000 Exception <a 'java/lang/ArrayIndexOutOfBoundsException'> (0x00000000d66f3e78) thrown at [C:\re\workspace\8-2-build-windows-amd64-cygwin\jdk8u72\5732\hotspot\src\share\vm\runtime\sharedRuntime.cpp, line 605]
Event: 2.323 Thread 0x00000000030b1000 Exception <a 'java/lang/ArrayIndexOutOfBoundsException'> (0x00000000d66f4d38) thrown at [C:\re\workspace\8-2-build-windows-amd64-cygwin\jdk8u72\5732\hotspot\src\share\vm\runtime\sharedRuntime.cpp, line 605]
Event: 3.038 Thread 0x00000000030b1000 Exception <a 'java/lang/ArrayIndexOutOfBoundsException'> (0x00000000d724d908) thrown at [C:\re\workspace\8-2-build-windows-amd64-cygwin\jdk8u72\5732\hotspot\src\share\vm\runtime\sharedRuntime.cpp, line 605]
Event: 3.038 Thread 0x00000000030b1000 Exception <a 'java/lang/ArrayIndexOutOfBoundsException'> (0x00000000d724e860) thrown at [C:\re\workspace\8-2-build-windows-amd64-cygwin\jdk8u72\5732\hotspot\src\share\vm\runtime\sharedRuntime.cpp, line 605]
Event: 3.038 Thread 0x00000000030b1000 Exception <a 'java/lang/ArrayIndexOutOfBoundsException'> (0x00000000d7250690) thrown at [C:\re\workspace\8-2-build-windows-amd64-cygwin\jdk8u72\5732\hotspot\src\share\vm\runtime\sharedRuntime.cpp, line 605]
Event: 3.038 Thread 0x00000000030b1000 Exception <a 'java/lang/ArrayIndexOutOfBoundsException'> (0x00000000d72523a8) thrown at [C:\re\workspace\8-2-build-windows-amd64-cygwin\jdk8u72\5732\hotspot\src\share\vm\runtime\sharedRuntime.cpp, line 605]
Event: 3.344 Thread 0x00000000030b1000 Exception <a 'java/lang/ArrayIndexOutOfBoundsException'> (0x00000000d6a79850) thrown at [C:\re\workspace\8-2-build-windows-amd64-cygwin\jdk8u72\5732\hotspot\src\share\vm\runtime\sharedRuntime.cpp, line 605]
Event: 3.344 Thread 0x00000000030b1000 Exception <a 'java/lang/ArrayIndexOutOfBoundsException'> (0x00000000d6a7a6f0) thrown at [C:\re\workspace\8-2-build-windows-amd64-cygwin\jdk8u72\5732\hotspot\src\share\vm\runtime\sharedRuntime.cpp, line 605]

Events (10 events):
Event: 3.350 loading class net/rubygrapefruit/platform/internal/jni/PosixProcessFunctions done
Event: 3.351 loading class org/gradle/util/GradleVersion
Event: 3.351 loading class org/gradle/util/GradleVersion done
Event: 3.352 loading class java/text/DateFormat
Event: 3.353 loading class java/text/Format
Event: 3.353 loading class java/text/Format done
Event: 3.353 loading class java/text/DateFormat done
Event: 3.353 loading class java/text/SimpleDateFormat
Event: 3.353 loading class java/text/SimpleDateFormat done
Event: 3.354 loading class java/text/ParseException


Dynamic libraries:
0x00007ff7e5c60000 - 0x00007ff7e5c97000 	C:\Program Files\Java\jdk1.8.0_72\bin\java.exe
0x00007ffae5dc0000 - 0x00007ffae5f81000 	C:\WINDOWS\SYSTEM32\ntdll.dll
0x00007ffae55c0000 - 0x00007ffae566d000 	C:\WINDOWS\system32\KERNEL32.DLL
0x00007ffae2520000 - 0x00007ffae2708000 	C:\WINDOWS\system32\KERNELBASE.dll
0x00007ffae4cf0000 - 0x00007ffae4d97000 	C:\WINDOWS\system32\ADVAPI32.dll
0x00007ffae5b90000 - 0x00007ffae5c2d000 	C:\WINDOWS\system32\msvcrt.dll
0x00007ffae4da0000 - 0x00007ffae4dfb000 	C:\WINDOWS\system32\sechost.dll
0x00007ffae57b0000 - 0x00007ffae58cc000 	C:\WINDOWS\system32\RPCRT4.dll
0x00007ffae3480000 - 0x00007ffae35d6000 	C:\WINDOWS\system32\USER32.dll
0x00007ffae5c30000 - 0x00007ffae5db6000 	C:\WINDOWS\system32\GDI32.dll
0x00007ffada920000 - 0x00007ffadab94000 	C:\WINDOWS\WinSxS\amd64_microsoft.windows.common-controls_6595b64144ccf1df_6.0.10586.672_none_a2d6b3cea53ff843\COMCTL32.dll
0x00007ffae31c0000 - 0x00007ffae343d000 	C:\WINDOWS\system32\combase.dll
0x00007ffae2820000 - 0x00007ffae288a000 	C:\WINDOWS\system32\bcryptPrimitives.dll
0x00007ffae3440000 - 0x00007ffae347b000 	C:\WINDOWS\system32\IMM32.DLL
0x00000000666b0000 - 0x0000000066782000 	C:\Program Files\Java\jdk1.8.0_72\jre\bin\msvcr100.dll
0x0000000065290000 - 0x0000000065b20000 	C:\Program Files\Java\jdk1.8.0_72\jre\bin\server\jvm.dll
0x00007ffae4e70000 - 0x00007ffae4e78000 	C:\WINDOWS\system32\PSAPI.DLL
0x00007ffadf220000 - 0x00007ffadf22a000 	C:\WINDOWS\SYSTEM32\VERSION.dll
0x00007ffadf300000 - 0x00007ffadf309000 	C:\WINDOWS\SYSTEM32\WSOCK32.dll
0x00007ffae06f0000 - 0x00007ffae0713000 	C:\WINDOWS\SYSTEM32\WINMM.dll
0x00007ffae5740000 - 0x00007ffae57ab000 	C:\WINDOWS\system32\WS2_32.dll
0x0000000001390000 - 0x00000000013bc000 	C:\WINDOWS\SYSTEM32\WINMMBASE.dll
0x00007ffae27d0000 - 0x00007ffae2813000 	C:\WINDOWS\system32\cfgmgr32.dll
0x00000000666a0000 - 0x00000000666af000 	C:\Program Files\Java\jdk1.8.0_72\jre\bin\verify.dll
0x0000000066670000 - 0x0000000066699000 	C:\Program Files\Java\jdk1.8.0_72\jre\bin\java.dll
0x0000000066650000 - 0x0000000066666000 	C:\Program Files\Java\jdk1.8.0_72\jre\bin\zip.dll
0x00007ffae3660000 - 0x00007ffae4bbc000 	C:\WINDOWS\system32\SHELL32.dll
0x00007ffae2b10000 - 0x00007ffae3155000 	C:\WINDOWS\system32\windows.storage.dll
0x00007ffae3600000 - 0x00007ffae3652000 	C:\WINDOWS\system32\shlwapi.dll
0x00007ffae2450000 - 0x00007ffae245f000 	C:\WINDOWS\system32\kernel.appcore.dll
0x00007ffae2710000 - 0x00007ffae27c5000 	C:\WINDOWS\system32\shcore.dll
0x00007ffae2400000 - 0x00007ffae244b000 	C:\WINDOWS\system32\powrprof.dll
0x00007ffae23e0000 - 0x00007ffae23f4000 	C:\WINDOWS\system32\profapi.dll
0x0000000066630000 - 0x000000006664a000 	C:\Program Files\Java\jdk1.8.0_72\jre\bin\net.dll
0x00007ffae1c80000 - 0x00007ffae1cdc000 	C:\WINDOWS\system32\mswsock.dll
0x0000000065270000 - 0x0000000065281000 	C:\Program Files\Java\jdk1.8.0_72\jre\bin\nio.dll
0x00007ffae0280000 - 0x00007ffae0292000 	C:\Users\yuandl\.gradle\native\19\windows-amd64\native-platform.dll
0x0000000180000000 - 0x0000000180037000 	C:\Users\yuandl\.gradle\native\jna\win32-amd64\jnidispatch.dll
0x00007ffae1d30000 - 0x00007ffae1d47000 	C:\WINDOWS\SYSTEM32\CRYPTSP.dll
0x00007ffae19c0000 - 0x00007ffae19f4000 	C:\WINDOWS\system32\rsaenh.dll
0x00007ffae2320000 - 0x00007ffae2349000 	C:\WINDOWS\SYSTEM32\bcrypt.dll
0x00007ffae1b10000 - 0x00007ffae1b2f000 	C:\WINDOWS\SYSTEM32\USERENV.dll
0x00007ffae1e50000 - 0x00007ffae1e5b000 	C:\WINDOWS\SYSTEM32\CRYPTBASE.dll
0x00007ffadf5c0000 - 0x00007ffadf5f8000 	C:\WINDOWS\SYSTEM32\IPHLPAPI.DLL
0x00007ffae4bd0000 - 0x00007ffae4bd8000 	C:\WINDOWS\system32\NSI.dll
0x00007ffadf1b0000 - 0x00007ffadf1c6000 	C:\WINDOWS\SYSTEM32\dhcpcsvc6.DLL
0x00007ffadf190000 - 0x00007ffadf1aa000 	C:\WINDOWS\SYSTEM32\dhcpcsvc.DLL
0x0000000065260000 - 0x000000006526d000 	C:\Program Files\Java\jdk1.8.0_72\jre\bin\management.dll

VM Arguments:
jvm_args: -Dorg.gradle.appname=gradlew 
java_command: org.gradle.wrapper.GradleWrapperMain install
java_class_path (initial): E:\kejiang\git\GitHub\AndroidFastDevFrame\\gradle\wrapper\gradle-wrapper.jar
Launcher Type: SUN_STANDARD

Environment Variables:
JAVA_HOME=C:\Program Files\Java\jdk1.8.0_72
CLASSPATH=E:\kejiang\git\GitHub\AndroidFastDevFrame\\gradle\wrapper\gradle-wrapper.jar
PATH=D:\oracle\product\10.2.0\client_1\bin;D:\oracle\product\10.2.0\db_1\bin;E:\kejiang\Android\sdk\platform-tools;C:\ProgramData\Oracle\Java\javapath;C:\Program Files (x86)\Common Files\NetSarang;C:\Windows\system32;C:\Windows;C:\Windows\System32\Wbem;C:\Windows\System32\WindowsPowerShell\v1.0\;C:\Program Files\Java\jdk1.7.0_60\bin;C:\Program Files\Java\jdk1.7.0_60\jre\bin;D:\Program Files\MySQL\MySQL Server 5.5\bin;E:\Framework\play\play-2.2.6;D:\Software\apache-maven-3.3.1\bin;C:\WINDOWS\system32;C:\WINDOWS;C:\WINDOWS\System32\Wbem;C:\WINDOWS\System32\WindowsPowerShell\v1.0\;C:\Program Files\TortoiseSVN\bin;C:\Program Files\Git\cmd;C:\Program Files\TortoiseGit\bin;C:\Program Files\MySQL\MySQL Utilities 1.6\
USERNAME=yuandl
OS=Windows_NT
PROCESSOR_IDENTIFIER=Intel64 Family 6 Model 60 Stepping 3, GenuineIntel



---------------  S Y S T E M  ---------------

OS: Windows 10.0 , 64 bit Build 10586 (10.0.10586.589)

CPU:total 4 (2 cores per cpu, 2 threads per core) family 6 model 60 stepping 3, cmov, cx8, fxsr, mmx, sse, sse2, sse3, ssse3, sse4.1, sse4.2, popcnt, avx, avx2, aes, clmul, erms, lzcnt, ht, tsc, tscinvbit, bmi1, bmi2

Memory: 4k page, physical 8305276k(1090288k free), swap 8305276k(6356k free)

vm_info: Java HotSpot(TM) 64-Bit Server VM (25.72-b15) for windows-amd64 JRE (1.8.0_72-b15), built on Dec 22 2015 19:16:16 by "java_re" with MS VC++ 10.0 (VS2010)

time: Thu Feb 23 17:34:59 2017
elapsed time: 3 seconds (0d 0h 0m 3s)

