#
# There is insufficient memory for the Java Runtime Environment to continue.
# Native memory allocation (malloc) failed to allocate 2204176 bytes for Chunk::new
# Possible reasons:
#   The system is out of physical RAM or swap space
#   In 32 bit mode, the process size limit was hit
# Possible solutions:
#   Reduce memory load on the system
#   Increase physical memory or swap space
#   Check if swap backing store is full
#   Use 64 bit Java on a 64 bit OS
#   Decrease Java heap size (-Xmx/-Xms)
#   Decrease number of Java threads
#   Decrease Java thread stack sizes (-Xss)
#   Set larger code cache with -XX:ReservedCodeCacheSize=
# This output file may be truncated or incomplete.
#
#  Out of Memory Error (allocation.cpp:390), pid=4040, tid=196604
#
# JRE version: Java(TM) SE Runtime Environment (8.0_72-b15) (build 1.8.0_72-b15)
# Java VM: Java HotSpot(TM) 64-Bit Server VM (25.72-b15 mixed mode windows-amd64 compressed oops)
# Failed to write core dump. Minidumps are not enabled by default on client versions of Windows
#

---------------  T H R E A D  ---------------

Current thread (0x0000000017aee800):  JavaThread "C2 CompilerThread0" daemon [_thread_in_native, id=196604, stack(0x00000000193e0000,0x00000000194e0000)]

Stack: [0x00000000193e0000,0x00000000194e0000]
[error occurred during error reporting (printing stack bounds), id 0xc0000005]

Native frames: (J=compiled Java code, j=interpreted, Vv=VM code, C=native code)


Current CompileTask:
C2:  28364 9293   !   4       java.net.URLClassLoader$1::run (63 bytes)


---------------  P R O C E S S  ---------------

Java Threads: ( => current thread )
  0x000000001b0bb800 JavaThread "Task worker Thread 3" [_thread_blocked, id=1636, stack(0x00000000212d0000,0x00000000213d0000)]
  0x000000001b0b8800 JavaThread "Task worker Thread 2" [_thread_in_Java, id=195004, stack(0x0000000020b30000,0x0000000020c30000)]
  0x000000001b0b8000 JavaThread "Task worker" [_thread_blocked, id=197664, stack(0x000000001f9c0000,0x000000001fac0000)]
  0x000000001b0ba000 JavaThread "pool-2-thread-1" [_thread_blocked, id=6008, stack(0x000000001f6a0000,0x000000001f7a0000)]
  0x000000001b0be000 JavaThread "File lock request listener" [_thread_in_native, id=198216, stack(0x000000001d150000,0x000000001d250000)]
  0x000000001ae1f000 JavaThread "Stdin handler" [_thread_blocked, id=198084, stack(0x000000001bc80000,0x000000001bd80000)]
  0x000000001ae1e000 JavaThread "Asynchronous log dispatcher for org.gradle.launcher.daemon.server.DefaultDaemonConnection@41552804" [_thread_blocked, id=198092, stack(0x000000001bb80000,0x000000001bc80000)]
  0x000000001ae0d000 JavaThread "Daemon worker" [_thread_blocked, id=198628, stack(0x000000001b880000,0x000000001b980000)]
  0x000000001ae2b800 JavaThread "Cancel handler" [_thread_blocked, id=197868, stack(0x000000001b780000,0x000000001b880000)]
  0x000000001a80d000 JavaThread "Handler for socket connection from /127.0.0.1:58062 to /127.0.0.1:58063" [_thread_in_native, id=198596, stack(0x000000001b680000,0x000000001b780000)]
  0x000000001a442000 JavaThread "Daemon" [_thread_blocked, id=198592, stack(0x000000001b580000,0x000000001b680000)]
  0x000000001a820800 JavaThread "Incoming local TCP Connector on port 58062" [_thread_in_native, id=198636, stack(0x000000001b280000,0x000000001b380000)]
  0x000000001ae60800 JavaThread "pool-1-thread-1" [_thread_blocked, id=198564, stack(0x000000001a0e0000,0x000000001a1e0000)]
  0x000000001907e800 JavaThread "Service Thread" daemon [_thread_blocked, id=197696, stack(0x00000000196e0000,0x00000000197e0000)]
  0x0000000018fec800 JavaThread "C1 CompilerThread2" daemon [_thread_in_vm, id=198608, stack(0x00000000195e0000,0x00000000196e0000)]
  0x0000000018fe2800 JavaThread "C2 CompilerThread1" daemon [_thread_in_native, id=198540, stack(0x00000000194e0000,0x00000000195e0000)]
=>0x0000000017aee800 JavaThread "C2 CompilerThread0" daemon [_thread_in_native, id=196604, stack(0x00000000193e0000,0x00000000194e0000)]
  0x0000000017aec000 JavaThread "Attach Listener" daemon [_thread_blocked, id=198080, stack(0x0000000018ee0000,0x0000000018fe0000)]
  0x0000000017aeb800 JavaThread "Signal Dispatcher" daemon [_thread_blocked, id=198480, stack(0x0000000018de0000,0x0000000018ee0000)]
  0x0000000017a7a800 JavaThread "Finalizer" daemon [_thread_blocked, id=195672, stack(0x0000000018ce0000,0x0000000018de0000)]
  0x0000000002e60000 JavaThread "Reference Handler" daemon [_thread_blocked, id=197476, stack(0x0000000018be0000,0x0000000018ce0000)]
  0x0000000002d72800 JavaThread "main" [_thread_blocked, id=198032, stack(0x0000000002c70000,0x0000000002d70000)]

Other Threads:
  0x0000000017a58000 VMThread [stack: 0x0000000018ae0000,0x0000000018be0000] [id=196956]
  0x00000000190aa000 WatcherThread [stack: 0x00000000197e0000,0x00000000198e0000] [id=198012]

VM state:not at safepoint (normal execution)

VM Mutex/Monitor currently owned by a thread: None

Heap:
 PSYoungGen      total 177664K, used 42318K [0x00000000d5580000, 0x00000000e4800000, 0x0000000100000000)
  eden space 153600K, 27% used [0x00000000d5580000,0x00000000d7ed39c8,0x00000000deb80000)
  from space 24064K, 0% used [0x00000000deb80000,0x00000000deb80000,0x00000000e0300000)
  to   space 29184K, 0% used [0x00000000e2b80000,0x00000000e2b80000,0x00000000e4800000)
 ParOldGen       total 111616K, used 56890K [0x0000000080000000, 0x0000000086d00000, 0x00000000d5580000)
  object space 111616K, 50% used [0x0000000080000000,0x000000008378eb28,0x0000000086d00000)
 Metaspace       used 62367K, capacity 63888K, committed 64256K, reserved 1105920K
  class space    used 8231K, capacity 8635K, committed 8704K, reserved 1048576K

Card table byte_map: [0x0000000012230000,0x0000000012640000] byte_map_base: 0x0000000011e30000

Marking Bits: (ParMarkBitMap*) 0x000000006fc00600
 Begin Bits: [0x0000000012cf0000, 0x0000000014cf0000)
 End Bits:   [0x0000000014cf0000, 0x0000000016cf0000)

Polling page: 0x0000000000fa0000

CodeCache: size=245760Kb used=28214Kb max_used=28452Kb free=217546Kb
 bounds [0x0000000002e70000, 0x0000000004a60000, 0x0000000011e70000]
 total_blobs=9137 nmethods=8378 adapters=670
 compilation: enabled

Compilation events (10 events):
Event: 28.356 Thread 0x0000000018fec800 nmethod 9699 0x00000000034df650 code [0x00000000034df7a0, 0x00000000034df8b0]
Event: 28.356 Thread 0x0000000018fec800 9702       2       com.sun.tools.javac.util.Bits::incl (89 bytes)
Event: 28.357 Thread 0x0000000018fec800 nmethod 9702 0x00000000035060d0 code [0x00000000035062a0, 0x0000000003506998]
Event: 28.357 Thread 0x0000000018fec800 9706       2       com.sun.tools.javac.jvm.Code::addLineNumber (93 bytes)
Event: 28.357 Thread 0x0000000018fec800 nmethod 9706 0x00000000034dee10 code [0x00000000034defa0, 0x00000000034df3c8]
Event: 28.357 Thread 0x0000000018fec800 9707       2       com.sun.tools.javac.jvm.Code::markStatBegin (62 bytes)
Event: 28.357 Thread 0x0000000018fec800 nmethod 9707 0x0000000003505c90 code [0x0000000003505e00, 0x0000000003505ff8]
Event: 28.357 Thread 0x0000000018fec800 9704       1       com.sun.tools.javac.util.ListBuffer::access$000 (5 bytes)
Event: 28.357 Thread 0x0000000018fec800 nmethod 9704 0x00000000034deb10 code [0x00000000034dec60, 0x00000000034ded50]
Event: 28.358 Thread 0x0000000018fec800 9708       2       com.sun.tools.javac.jvm.Gen::visitIdent (274 bytes)

GC Heap History (10 events):
Event: 17.181 GC heap before
{Heap before GC invocations=12 (full 2):
 PSYoungGen      total 125952K, used 125050K [0x00000000d5580000, 0x00000000df300000, 0x0000000100000000)
  eden space 113664K, 100% used [0x00000000d5580000,0x00000000dc480000,0x00000000dc480000)
  from space 12288K, 92% used [0x00000000dc480000,0x00000000dcf9e970,0x00000000dd080000)
  to   space 13312K, 0% used [0x00000000de600000,0x00000000de600000,0x00000000df300000)
 ParOldGen       total 111616K, used 17977K [0x0000000080000000, 0x0000000086d00000, 0x00000000d5580000)
  object space 111616K, 16% used [0x0000000080000000,0x000000008118e7c0,0x0000000086d00000)
 Metaspace       used 44120K, capacity 45050K, committed 45440K, reserved 1089536K
  class space    used 5951K, capacity 6225K, committed 6272K, reserved 1048576K
Event: 17.210 GC heap after
Heap after GC invocations=12 (full 2):
 PSYoungGen      total 146432K, used 13310K [0x00000000d5580000, 0x00000000df700000, 0x0000000100000000)
  eden space 133120K, 0% used [0x00000000d5580000,0x00000000d5580000,0x00000000dd780000)
  from space 13312K, 99% used [0x00000000de600000,0x00000000df2ff8e8,0x00000000df300000)
  to   space 14848K, 0% used [0x00000000dd780000,0x00000000dd780000,0x00000000de600000)
 ParOldGen       total 111616K, used 18634K [0x0000000080000000, 0x0000000086d00000, 0x00000000d5580000)
  object space 111616K, 16% used [0x0000000080000000,0x0000000081232a78,0x0000000086d00000)
 Metaspace       used 44120K, capacity 45050K, committed 45440K, reserved 1089536K
  class space    used 5951K, capacity 6225K, committed 6272K, reserved 1048576K
}
Event: 19.195 GC heap before
{Heap before GC invocations=13 (full 2):
 PSYoungGen      total 146432K, used 146430K [0x00000000d5580000, 0x00000000df700000, 0x0000000100000000)
  eden space 133120K, 100% used [0x00000000d5580000,0x00000000dd780000,0x00000000dd780000)
  from space 13312K, 99% used [0x00000000de600000,0x00000000df2ff8e8,0x00000000df300000)
  to   space 14848K, 0% used [0x00000000dd780000,0x00000000dd780000,0x00000000de600000)
 ParOldGen       total 111616K, used 18634K [0x0000000080000000, 0x0000000086d00000, 0x00000000d5580000)
  object space 111616K, 16% used [0x0000000080000000,0x0000000081232a78,0x0000000086d00000)
 Metaspace       used 50364K, capacity 51742K, committed 51968K, reserved 1093632K
  class space    used 6771K, capacity 7078K, committed 7168K, reserved 1048576K
Event: 19.214 GC heap after
Heap after GC invocations=13 (full 2):
 PSYoungGen      total 147968K, used 14816K [0x00000000d5580000, 0x00000000e1580000, 0x0000000100000000)
  eden space 133120K, 0% used [0x00000000d5580000,0x00000000d5580000,0x00000000dd780000)
  from space 14848K, 99% used [0x00000000dd780000,0x00000000de5f8310,0x00000000de600000)
  to   space 18944K, 0% used [0x00000000e0300000,0x00000000e0300000,0x00000000e1580000)
 ParOldGen       total 111616K, used 25669K [0x0000000080000000, 0x0000000086d00000, 0x00000000d5580000)
  object space 111616K, 22% used [0x0000000080000000,0x0000000081911600,0x0000000086d00000)
 Metaspace       used 50364K, capacity 51742K, committed 51968K, reserved 1093632K
  class space    used 6771K, capacity 7078K, committed 7168K, reserved 1048576K
}
Event: 20.411 GC heap before
{Heap before GC invocations=14 (full 2):
 PSYoungGen      total 147968K, used 147936K [0x00000000d5580000, 0x00000000e1580000, 0x0000000100000000)
  eden space 133120K, 100% used [0x00000000d5580000,0x00000000dd780000,0x00000000dd780000)
  from space 14848K, 99% used [0x00000000dd780000,0x00000000de5f8310,0x00000000de600000)
  to   space 18944K, 0% used [0x00000000e0300000,0x00000000e0300000,0x00000000e1580000)
 ParOldGen       total 111616K, used 25669K [0x0000000080000000, 0x0000000086d00000, 0x00000000d5580000)
  object space 111616K, 22% used [0x0000000080000000,0x0000000081911600,0x0000000086d00000)
 Metaspace       used 53850K, capacity 55262K, committed 55424K, reserved 1097728K
  class space    used 7173K, capacity 7543K, committed 7552K, reserved 1048576K
Event: 20.458 GC heap after
Heap after GC invocations=14 (full 2):
 PSYoungGen      total 172544K, used 18936K [0x00000000d5580000, 0x00000000e2900000, 0x0000000100000000)
  eden space 153600K, 0% used [0x00000000d5580000,0x00000000d5580000,0x00000000deb80000)
  from space 18944K, 99% used [0x00000000e0300000,0x00000000e157e220,0x00000000e1580000)
  to   space 24064K, 0% used [0x00000000deb80000,0x00000000deb80000,0x00000000e0300000)
 ParOldGen       total 111616K, used 33191K [0x0000000080000000, 0x0000000086d00000, 0x00000000d5580000)
  object space 111616K, 29% used [0x0000000080000000,0x0000000082069ed0,0x0000000086d00000)
 Metaspace       used 53850K, capacity 55262K, committed 55424K, reserved 1097728K
  class space    used 7173K, capacity 7543K, committed 7552K, reserved 1048576K
}
Event: 26.080 GC heap before
{Heap before GC invocations=15 (full 2):
 PSYoungGen      total 172544K, used 113873K [0x00000000d5580000, 0x00000000e2900000, 0x0000000100000000)
  eden space 153600K, 61% used [0x00000000d5580000,0x00000000db236508,0x00000000deb80000)
  from space 18944K, 99% used [0x00000000e0300000,0x00000000e157e220,0x00000000e1580000)
  to   space 24064K, 0% used [0x00000000deb80000,0x00000000deb80000,0x00000000e0300000)
 ParOldGen       total 111616K, used 33191K [0x0000000080000000, 0x0000000086d00000, 0x00000000d5580000)
  object space 111616K, 29% used [0x0000000080000000,0x0000000082069ed0,0x0000000086d00000)
 Metaspace       used 57417K, capacity 58924K, committed 59136K, reserved 1099776K
  class space    used 7663K, capacity 8066K, committed 8192K, reserved 1048576K
Event: 26.105 GC heap after
Heap after GC invocations=15 (full 2):
 PSYoungGen      total 177664K, used 24037K [0x00000000d5580000, 0x00000000e4800000, 0x0000000100000000)
  eden space 153600K, 0% used [0x00000000d5580000,0x00000000d5580000,0x00000000deb80000)
  from space 24064K, 99% used [0x00000000deb80000,0x00000000e02f97f0,0x00000000e0300000)
  to   space 29184K, 0% used [0x00000000e2b80000,0x00000000e2b80000,0x00000000e4800000)
 ParOldGen       total 111616K, used 38298K [0x0000000080000000, 0x0000000086d00000, 0x00000000d5580000)
  object space 111616K, 34% used [0x0000000080000000,0x0000000082566a70,0x0000000086d00000)
 Metaspace       used 57417K, capacity 58924K, committed 59136K, reserved 1099776K
  class space    used 7663K, capacity 8066K, committed 8192K, reserved 1048576K
}
Event: 26.105 GC heap before
{Heap before GC invocations=16 (full 3):
 PSYoungGen      total 177664K, used 24037K [0x00000000d5580000, 0x00000000e4800000, 0x0000000100000000)
  eden space 153600K, 0% used [0x00000000d5580000,0x00000000d5580000,0x00000000deb80000)
  from space 24064K, 99% used [0x00000000deb80000,0x00000000e02f97f0,0x00000000e0300000)
  to   space 29184K, 0% used [0x00000000e2b80000,0x00000000e2b80000,0x00000000e4800000)
 ParOldGen       total 111616K, used 38298K [0x0000000080000000, 0x0000000086d00000, 0x00000000d5580000)
  object space 111616K, 34% used [0x0000000080000000,0x0000000082566a70,0x0000000086d00000)
 Metaspace       used 57417K, capacity 58924K, committed 59136K, reserved 1099776K
  class space    used 7663K, capacity 8066K, committed 8192K, reserved 1048576K
Event: 26.415 GC heap after
Heap after GC invocations=16 (full 3):
 PSYoungGen      total 177664K, used 0K [0x00000000d5580000, 0x00000000e4800000, 0x0000000100000000)
  eden space 153600K, 0% used [0x00000000d5580000,0x00000000d5580000,0x00000000deb80000)
  from space 24064K, 0% used [0x00000000deb80000,0x00000000deb80000,0x00000000e0300000)
  to   space 29184K, 0% used [0x00000000e2b80000,0x00000000e2b80000,0x00000000e4800000)
 ParOldGen       total 111616K, used 56890K [0x0000000080000000, 0x0000000086d00000, 0x00000000d5580000)
  object space 111616K, 50% used [0x0000000080000000,0x000000008378eb28,0x0000000086d00000)
 Metaspace       used 57323K, capacity 58798K, committed 59136K, reserved 1099776K
  class space    used 7639K, capacity 8025K, committed 8192K, reserved 1048576K
}

Deoptimization events (10 events):
Event: 27.612 Thread 0x000000001b0b8800 Uncommon trap: reason=unstable_if action=reinterpret pc=0x0000000002fbaeb4 method=java.lang.CharacterData.of(I)Ljava/lang/CharacterData; @ 4
Event: 27.630 Thread 0x000000001b0b8800 Uncommon trap: reason=unstable_if action=reinterpret pc=0x000000000491c3c8 method=com.sun.tools.javac.parser.UnicodeReader.scanChar()V @ 37
Event: 27.919 Thread 0x000000001b0b8800 Uncommon trap: reason=unloaded action=reinterpret pc=0x0000000004a4bc48 method=com.sun.tools.javac.jvm.ClassReader.readPool(I)Ljava/lang/Object; @ 413
Event: 27.965 Thread 0x000000001b0b8800 Uncommon trap: reason=unstable_if action=reinterpret pc=0x0000000004a49ea0 method=com.sun.tools.javac.jvm.ClassReader.readName(I)Lcom/sun/tools/javac/util/Name; @ 7
Event: 28.099 Thread 0x000000001b0b8800 Uncommon trap: reason=class_check action=maybe_recompile pc=0x000000000304931c method=com.sun.tools.javac.code.Type.containsAny(Lcom/sun/tools/javac/util/List;)Z @ 6
Event: 28.117 Thread 0x000000001b0b8800 Uncommon trap: reason=class_check action=maybe_recompile pc=0x000000000304931c method=com.sun.tools.javac.code.Type.containsAny(Lcom/sun/tools/javac/util/List;)Z @ 6
Event: 28.140 Thread 0x000000001b0b8800 Uncommon trap: reason=class_check action=maybe_recompile pc=0x000000000304931c method=com.sun.tools.javac.code.Type.containsAny(Lcom/sun/tools/javac/util/List;)Z @ 6
Event: 28.140 Thread 0x000000001b0b8800 Uncommon trap: reason=class_check action=maybe_recompile pc=0x000000000304931c method=com.sun.tools.javac.code.Type.containsAny(Lcom/sun/tools/javac/util/List;)Z @ 6
Event: 28.170 Thread 0x000000001b0b8800 Uncommon trap: reason=unstable_if action=reinterpret pc=0x0000000003e0c7e8 method=com.sun.tools.javac.code.Scope.enter(Lcom/sun/tools/javac/code/Symbol;Lcom/sun/tools/javac/code/Scope;Lcom/sun/tools/javac/code/Scope;Z)V @ 116
Event: 28.354 Thread 0x000000001b0b8800 Uncommon trap: reason=unstable_if action=reinterpret pc=0x0000000004a418d8 method=com.sun.tools.javac.util.ListBuffer.append(Ljava/lang/Object;)Lcom/sun/tools/javac/util/ListBuffer; @ 9

Internal exceptions (10 events):
Event: 20.783 Thread 0x000000001ae0d000 Exception <a 'java/lang/ClassNotFoundException': org/gradle/api/internal/tasks/DefaultTaskContainer_DecoratedCustomizer> (0x00000000d6cf77f0) thrown at [C:\re\workspace\8-2-build-windows-amd64-cygwin\jdk8u72\5732\hotspot\src\share\vm\classfile\systemDictio;\¬`É4@
Event: 20.787 Thread 0x000000001ae0d000 Exception <a 'java/lang/ClassNotFoundException': org/gradle/api/internal/tasks/RealizableTaskCollectionBeanInfo> (0x00000000d6d5f0c8) thrown at [C:\re\workspace\8-2-build-windows-amd64-cygwin\jdk8u72\5732\hotspot\src\share\vm\classfile\systemDictionary.cppO¶`ÕrÉ4@
Event: 20.787 Thread 0x000000001ae0d000 Exception <a 'java/lang/ClassNotFoundException': org/gradle/api/internal/tasks/RealizableTaskCollectionCustomizer> (0x00000000d6d6ff20) thrown at [C:\re\workspace\8-2-build-windows-amd64-cygwin\jdk8u72\5732\hotspot\src\share\vm\classfile\systemDictionary.cAuL÷ƒÉ4@
Event: 20.787 Thread 0x000000001ae0d000 Implicit null exception at 0x0000000003c71c2f to 0x0000000003c71f91
Event: 20.791 Thread 0x000000001ae0d000 Exception <a 'java/lang/ClassNotFoundException': java/util/TreeSetBeanInfo> (0x00000000d6df1590) thrown at [C:\re\workspace\8-2-build-windows-amd64-cygwin\jdk8u72\5732\hotspot\src\share\vm\classfile\systemDictionary.cpp, line 210]
Event: 20.791 Thread 0x000000001ae0d000 Exception <a 'java/lang/ClassNotFoundException': java/util/AbstractSetBeanInfo> (0x00000000d6df73e0) thrown at [C:\re\workspace\8-2-build-windows-amd64-cygwin\jdk8u72\5732\hotspot\src\share\vm\classfile\systemDictionary.cpp, line 210]
Event: 20.792 Thread 0x000000001ae0d000 Exception <a 'java/lang/ClassNotFoundException': java/util/AbstractSetCustomizer> (0x00000000d6dfd3c0) thrown at [C:\re\workspace\8-2-build-windows-amd64-cygwin\jdk8u72\5732\hotspot\src\share\vm\classfile\systemDictionary.cpp, line 210]
Event: 20.792 Thread 0x000000001ae0d000 Exception <a 'java/lang/ClassNotFoundException': java/util/TreeSetCustomizer> (0x00000000d6e08808) thrown at [C:\re\workspace\8-2-build-windows-amd64-cygwin\jdk8u72\5732\hotspot\src\share\vm\classfile\systemDictionary.cpp, line 210]
Event: 22.516 Thread 0x000000001b0bb000 Implicit null exception at 0x0000000003096b48 to 0x0000000003096cd9
Event: 27.965 Thread 0x000000001b0b8800 Implicit null exception at 0x0000000004a49e58 to 0x0000000004a49e8e

Events (10 events):
Event: 28.319 loading class com/sun/tools/javac/comp/Flow$BaseAnalyzer$JumpKind done
Event: 28.319 loading class com/sun/tools/javac/comp/Flow$BaseAnalyzer$JumpKind$1
Event: 28.319 loading class com/sun/tools/javac/comp/Flow$BaseAnalyzer$JumpKind$1 done
Event: 28.319 loading class com/sun/tools/javac/comp/Flow$BaseAnalyzer$JumpKind$2
Event: 28.319 loading class com/sun/tools/javac/comp/Flow$BaseAnalyzer$JumpKind$2 done
Event: 28.330 loading class com/sun/tools/javac/comp/Lower$1Patcher
Event: 28.330 loading class com/sun/tools/javac/comp/Lower$1Patcher done
Event: 28.354 Thread 0x000000001b0b8800 Uncommon trap: trap_request=0xffffff65 fr.pc=0x0000000004a418d8
Event: 28.354 Thread 0x000000001b0b8800 DEOPT PACKING pc=0x0000000004a418d8 sp=0x0000000020c2d050
Event: 28.354 Thread 0x000000001b0b8800 DEOPT UNPACKING pc=0x0000000002eb582a sp=0x0000000020c2cff0 mode 2


Dynamic libraries:
0x00007ff625de0000 - 0x00007ff625e17000 	C:\Program Files\Java\jdk1.8.0_72\bin\java.exe
0x00007fffd7480000 - 0x00007fffd7641000 	C:\WINDOWS\SYSTEM32\ntdll.dll
0x00007fffd71b0000 - 0x00007fffd725d000 	C:\WINDOWS\system32\KERNEL32.DLL
0x00007fffd3d50000 - 0x00007fffd3f38000 	C:\WINDOWS\system32\KERNELBASE.dll
0x00007fffd6770000 - 0x00007fffd6817000 	C:\WINDOWS\system32\ADVAPI32.dll
0x00007fffd7380000 - 0x00007fffd741d000 	C:\WINDOWS\system32\msvcrt.dll
0x00007fffd63d0000 - 0x00007fffd642b000 	C:\WINDOWS\system32\sechost.dll
0x00007fffd7260000 - 0x00007fffd737c000 	C:\WINDOWS\system32\RPCRT4.dll
0x00007fffd6ef0000 - 0x00007fffd7046000 	C:\WINDOWS\system32\USER32.dll
0x00007fffd4c30000 - 0x00007fffd4db6000 	C:\WINDOWS\system32\GDI32.dll
0x00007fffcd100000 - 0x00007fffcd374000 	C:\WINDOWS\WinSxS\amd64_microsoft.windows.common-controls_6595b64144ccf1df_6.0.10586.672_none_a2d6b3cea53ff843\COMCTL32.dll
0x00007fffd4880000 - 0x00007fffd4afd000 	C:\WINDOWS\system32\combase.dll
0x00007fffd4780000 - 0x00007fffd47ea000 	C:\WINDOWS\system32\bcryptPrimitives.dll
0x00007fffd6500000 - 0x00007fffd653b000 	C:\WINDOWS\system32\IMM32.DLL
0x00000000708e0000 - 0x00000000709b2000 	C:\Program Files\Java\jdk1.8.0_72\jre\bin\msvcr100.dll
0x000000006f3f0000 - 0x000000006fc80000 	C:\Program Files\Java\jdk1.8.0_72\jre\bin\server\jvm.dll
0x00007fffd71a0000 - 0x00007fffd71a8000 	C:\WINDOWS\system32\PSAPI.DLL
0x00007fffc90f0000 - 0x00007fffc90f9000 	C:\WINDOWS\SYSTEM32\WSOCK32.dll
0x00007fffd20c0000 - 0x00007fffd20e3000 	C:\WINDOWS\SYSTEM32\WINMM.dll
0x00007fffc7b70000 - 0x00007fffc7b7a000 	C:\WINDOWS\SYSTEM32\VERSION.dll
0x00007fffd6540000 - 0x00007fffd65ab000 	C:\WINDOWS\system32\WS2_32.dll
0x00007fffd2060000 - 0x00007fffd208c000 	C:\WINDOWS\SYSTEM32\WINMMBASE.dll
0x00007fffd3b30000 - 0x00007fffd3b73000 	C:\WINDOWS\system32\cfgmgr32.dll
0x0000000070d10000 - 0x0000000070d1f000 	C:\Program Files\Java\jdk1.8.0_72\jre\bin\verify.dll
0x0000000070ce0000 - 0x0000000070d09000 	C:\Program Files\Java\jdk1.8.0_72\jre\bin\java.dll
0x0000000070cc0000 - 0x0000000070cd6000 	C:\Program Files\Java\jdk1.8.0_72\jre\bin\zip.dll
0x00007fffd4e70000 - 0x00007fffd63cc000 	C:\WINDOWS\system32\SHELL32.dll
0x00007fffd4080000 - 0x00007fffd46c5000 	C:\WINDOWS\system32\windows.storage.dll
0x00007fffd6430000 - 0x00007fffd6482000 	C:\WINDOWS\system32\shlwapi.dll
0x00007fffd3aa0000 - 0x00007fffd3aaf000 	C:\WINDOWS\system32\kernel.appcore.dll
0x00007fffd3f40000 - 0x00007fffd3ff5000 	C:\WINDOWS\system32\shcore.dll
0x00007fffd3ad0000 - 0x00007fffd3b1b000 	C:\WINDOWS\system32\powrprof.dll
0x00007fffd3ab0000 - 0x00007fffd3ac4000 	C:\WINDOWS\system32\profapi.dll
0x0000000070ca0000 - 0x0000000070cba000 	C:\Program Files\Java\jdk1.8.0_72\jre\bin\net.dll
0x00007fffd3340000 - 0x00007fffd339c000 	C:\WINDOWS\system32\mswsock.dll
0x0000000070c80000 - 0x0000000070c91000 	C:\Program Files\Java\jdk1.8.0_72\jre\bin\nio.dll
0x00007fffcf280000 - 0x00007fffcf292000 	C:\Users\yuandl\.gradle\native\19\windows-amd64\native-platform.dll
0x00007fffd33f0000 - 0x00007fffd3407000 	C:\WINDOWS\SYSTEM32\CRYPTSP.dll
0x00007fffd3080000 - 0x00007fffd30b4000 	C:\WINDOWS\system32\rsaenh.dll
0x00007fffd39e0000 - 0x00007fffd3a09000 	C:\WINDOWS\SYSTEM32\bcrypt.dll
0x00007fffd31d0000 - 0x00007fffd31ef000 	C:\WINDOWS\SYSTEM32\USERENV.dll
0x00007fffd3510000 - 0x00007fffd351b000 	C:\WINDOWS\SYSTEM32\CRYPTBASE.dll
0x00007fffd0620000 - 0x00007fffd0658000 	C:\WINDOWS\SYSTEM32\IPHLPAPI.DLL
0x00007fffd64f0000 - 0x00007fffd64f8000 	C:\WINDOWS\system32\NSI.dll
0x00007fffd0220000 - 0x00007fffd0236000 	C:\WINDOWS\SYSTEM32\dhcpcsvc6.DLL
0x00007fffd0200000 - 0x00007fffd021a000 	C:\WINDOWS\SYSTEM32\dhcpcsvc.DLL
0x0000000070c70000 - 0x0000000070c7d000 	C:\Program Files\Java\jdk1.8.0_72\jre\bin\management.dll

VM Arguments:
jvm_args: -XX:MaxPermSize=512m -Xmx2048m -Dfile.encoding=GBK -Duser.country=CN -Duser.language=zh -Duser.variant 
java_command: org.gradle.launcher.daemon.bootstrap.GradleDaemon 2.14.1
java_class_path (initial): C:\Users\yuandl\.gradle\wrapper\dists\gradle-2.14.1-all\8bnwg5hd3w55iofp58khbp6yv\gradle-2.14.1\lib\gradle-launcher-2.14.1.jar
Launcher Type: SUN_STANDARD

Environment Variables:
JAVA_HOME=C:\Program Files\Java\jdk1.8.0_72
CLASSPATH=E:\kejiang\git\GitHub\AndroidFastDevFrame\\gradle\wrapper\gradle-wrapper.jar
PATH=D:\oracle\product\10.2.0\client_1\bin;D:\oracle\product\10.2.0\db_1\bin;E:\kejiang\Android\sdk\platform-tools;C:\ProgramData\Oracle\Java\javapath;C:\Program Files (x86)\Common Files\NetSarang;C:\Windows\system32;C:\Windows;C:\Windows\System32\Wbem;C:\Windows\System32\WindowsPowerShell\v1.0\;C:\Program Files\Java\jdk1.7.0_60\bin;C:\Program Files\Java\jdk1.7.0_60\jre\bin;D:\Program Files\MySQL\MySQL Server 5.5\bin;E:\Framework\play\play-2.2.6;D:\Software\apache-maven-3.3.1\bin;C:\WINDOWS\system32;C:\WINDOWS;C:\WINDOWS\System32\Wbem;C:\WINDOWS\System32\WindowsPowerShell\v1.0\;C:\Program Files\TortoiseSVN\bin;C:\Program Files\Git\cmd;C:\Program Files\TortoiseGit\bin;C:\Program Files\MySQL\MySQL Utilities 1.6\
USERNAME=yuandl
OS=Windows_NT
PROCESSOR_IDENTIFIER=Intel64 Family 6 Model 60 Stepping 3, GenuineIntel



---------------  S Y S T E M  ---------------

OS: Windows 10.0 , 64 bit Build 10586 (10.0.10586.589)

CPU:total 4 (2 cores per cpu, 2 threads per core) family 6 model 60 stepping 3, cmov, cx8, fxsr, mmx, sse, sse2, sse3, ssse3, sse4.1, sse4.2, popcnt, avx, avx2, aes, clmul, erms, lzcnt, ht, tsc, tscinvbit, bmi1, bmi2

Memory: 4k page, physical 8305276k(817848k free), swap 8305276k(5900k free)

vm_info: Java HotSpot(TM) 64-Bit Server VM (25.72-b15) for windows-amd64 JRE (1.8.0_72-b15), built on Dec 22 2015 19:16:16 by "java_re" with MS VC++ 10.0 (VS2010)

time: Tue Jan 10 15:29:20 2017
elapsed time: 28 seconds (0d 0h 0m 28s)

