#
# There is insufficient memory for the Java Runtime Environment to continue.
# Native memory allocation (malloc) failed to allocate 2432976 bytes for Chunk::new
# Possible reasons:
#   The system is out of physical RAM or swap space
#   In 32 bit mode, the process size limit was hit
# Possible solutions:
#   Reduce memory load on the system
#   Increase physical memory or swap space
#   Check if swap backing store is full
#   Use 64 bit Java on a 64 bit OS
#   Decrease Java heap size (-Xmx/-Xms)
#   Decrease number of Java threads
#   Decrease Java thread stack sizes (-Xss)
#   Set larger code cache with -XX:ReservedCodeCacheSize=
# This output file may be truncated or incomplete.
#
#  Out of Memory Error (allocation.cpp:390), pid=15980, tid=16092
#
# JRE version: Java(TM) SE Runtime Environment (8.0_72-b15) (build 1.8.0_72-b15)
# Java VM: Java HotSpot(TM) 64-Bit Server VM (25.72-b15 mixed mode windows-amd64 compressed oops)
# Failed to write core dump. Minidumps are not enabled by default on client versions of Windows
#

---------------  T H R E A D  ---------------

Current thread (0x0000000018ee1800):  JavaThread "C2 CompilerThread1" daemon [_thread_in_native, id=16092, stack(0x00000000192e0000,0x00000000193e0000)]

Stack: [0x00000000192e0000,0x00000000193e0000]
[error occurred during error reporting (printing stack bounds), id 0xc0000005]

Native frames: (J=compiled Java code, j=interpreted, Vv=VM code, C=native code)


Current CompileTask:
C2:  21605 5563   !   4       java.net.URLClassLoader$1::run (63 bytes)


---------------  P R O C E S S  ---------------

Java Threads: ( => current thread )
  0x000000001c2cb800 JavaThread "pool-2-thread-1" [_thread_blocked, id=14692, stack(0x000000001f630000,0x000000001f730000)]
  0x000000001c2ca000 JavaThread "File lock request listener" [_thread_in_native, id=16220, stack(0x000000001cee0000,0x000000001cfe0000)]
  0x000000001a4be000 JavaThread "Stdin handler" [_thread_blocked, id=11860, stack(0x000000001ba10000,0x000000001bb10000)]
  0x000000001a4bb800 JavaThread "Asynchronous log dispatcher for org.gradle.launcher.daemon.server.DefaultDaemonConnection@69e2f1f6" [_thread_blocked, id=10596, stack(0x000000001b910000,0x000000001ba10000)]
  0x000000001a3fb800 JavaThread "Daemon worker" [_thread_in_vm, id=16240, stack(0x000000001b610000,0x000000001b710000)]
  0x000000001a408000 JavaThread "Cancel handler" [_thread_blocked, id=16236, stack(0x000000001b510000,0x000000001b610000)]
  0x000000001a3e8000 JavaThread "Handler for socket connection from /127.0.0.1:60311 to /127.0.0.1:60312" [_thread_in_native, id=16124, stack(0x000000001b410000,0x000000001b510000)]
  0x000000001a333800 JavaThread "Daemon" [_thread_blocked, id=16120, stack(0x000000001b310000,0x000000001b410000)]
  0x0000000019fcc800 JavaThread "Incoming local TCP Connector on port 60311" [_thread_in_native, id=16208, stack(0x000000001afb0000,0x000000001b0b0000)]
  0x000000001a29b000 JavaThread "pool-1-thread-1" [_thread_blocked, id=15924, stack(0x000000001aeb0000,0x000000001afb0000)]
  0x0000000018f6d000 JavaThread "Service Thread" daemon [_thread_blocked, id=16108, stack(0x00000000194e0000,0x00000000195e0000)]
  0x0000000018ee8800 JavaThread "C1 CompilerThread2" daemon [_thread_blocked, id=16152, stack(0x00000000193e0000,0x00000000194e0000)]
=>0x0000000018ee1800 JavaThread "C2 CompilerThread1" daemon [_thread_in_native, id=16092, stack(0x00000000192e0000,0x00000000193e0000)]
  0x000000001787c800 JavaThread "C2 CompilerThread0" daemon [_thread_in_native, id=16104, stack(0x0000000018de0000,0x0000000018ee0000)]
  0x000000001787b000 JavaThread "Attach Listener" daemon [_thread_blocked, id=16164, stack(0x0000000018ce0000,0x0000000018de0000)]
  0x000000001787a800 JavaThread "Signal Dispatcher" daemon [_thread_blocked, id=16128, stack(0x0000000018be0000,0x0000000018ce0000)]
  0x000000001780a800 JavaThread "Finalizer" daemon [_thread_blocked, id=10388, stack(0x0000000018a80000,0x0000000018b80000)]
  0x0000000002bf0000 JavaThread "Reference Handler" daemon [_thread_blocked, id=13856, stack(0x0000000018980000,0x0000000018a80000)]
  0x0000000002b02800 JavaThread "main" [_thread_blocked, id=13764, stack(0x0000000002a00000,0x0000000002b00000)]

Other Threads:
  0x00000000177e8000 VMThread [stack: 0x0000000018880000,0x0000000018980000] [id=16176]
  0x0000000018fa9800 WatcherThread [stack: 0x00000000195e0000,0x00000000196e0000] [id=15928]

VM state:not at safepoint (normal execution)

VM Mutex/Monitor currently owned by a thread: None

Heap:
 PSYoungGen      total 111104K, used 97955K [0x00000000d5580000, 0x00000000dd000000, 0x0000000100000000)
  eden space 100864K, 88% used [0x00000000d5580000,0x00000000dacb1510,0x00000000db800000)
  from space 10240K, 84% used [0x00000000dc600000,0x00000000dce77a18,0x00000000dd000000)
  to   space 12288K, 0% used [0x00000000db800000,0x00000000db800000,0x00000000dc400000)
 ParOldGen       total 98816K, used 17827K [0x0000000080000000, 0x0000000086080000, 0x00000000d5580000)
  object space 98816K, 18% used [0x0000000080000000,0x0000000081168fc0,0x0000000086080000)
 Metaspace       used 45765K, capacity 46626K, committed 46848K, reserved 1089536K
  class space    used 6056K, capacity 6298K, committed 6400K, reserved 1048576K

Card table byte_map: [0x0000000011fc0000,0x00000000123d0000] byte_map_base: 0x0000000011bc0000

Marking Bits: (ParMarkBitMap*) 0x0000000065aa0600
 Begin Bits: [0x0000000012a80000, 0x0000000014a80000)
 End Bits:   [0x0000000014a80000, 0x0000000016a80000)

Polling page: 0x0000000000d80000

CodeCache: size=245760Kb used=18259Kb max_used=18259Kb free=227500Kb
 bounds [0x0000000002c00000, 0x0000000003df0000, 0x0000000011c00000]
 total_blobs=6078 nmethods=5354 adapters=635
 compilation: enabled

Compilation events (10 events):
Event: 21.593 Thread 0x0000000018ee8800 nmethod 5886 0x0000000003de0850 code [0x0000000003de09c0, 0x0000000003de0b28]
Event: 21.593 Thread 0x0000000018ee8800 5887       2       java.io.FileInputStream::access$000 (5 bytes)
Event: 21.593 Thread 0x0000000018ee8800 nmethod 5887 0x0000000003de0c10 code [0x0000000003de0d80, 0x0000000003de0ec8]
Event: 21.594 Thread 0x0000000018ee8800 5888  s!   2       java.io.FileDescriptor::closeAll (215 bytes)
Event: 21.594 Thread 0x0000000018ee8800 nmethod 5888 0x0000000003de0f90 code [0x0000000003de11a0, 0x0000000003de1a58]
Event: 21.597 Thread 0x0000000018ee8800 5889       1       org.gradle.api.internal.changedetection.state.CacheAccessingFileSnapshotter::access$000 (5 bytes)
Event: 21.597 Thread 0x0000000018ee8800 nmethod 5889 0x0000000003de2190 code [0x0000000003de22e0, 0x0000000003de23d0]
Event: 21.597 Thread 0x0000000018ee8800 5890       1       org.gradle.api.internal.changedetection.state.CachingFileSnapshotter$FileInfo::getHash (5 bytes)
Event: 21.597 Thread 0x0000000018ee8800 nmethod 5890 0x0000000003de2450 code [0x0000000003de25a0, 0x0000000003de26b0]
Event: 21.600 Thread 0x0000000018ee8800 5891       2       org.codehaus.groovy.reflection.stdclasses.CachedSAMClass::isAssignableFrom (30 bytes)

GC Heap History (10 events):
Event: 10.590 GC heap before
{Heap before GC invocations=10 (full 1):
 PSYoungGen      total 75264K, used 53599K [0x00000000d5580000, 0x00000000dac00000, 0x0000000100000000)
  eden space 65536K, 67% used [0x00000000d5580000,0x00000000d8077628,0x00000000d9580000)
  from space 9728K, 98% used [0x00000000da000000,0x00000000da960878,0x00000000da980000)
  to   space 10752K, 0% used [0x00000000d9580000,0x00000000d9580000,0x00000000da000000)
 ParOldGen       total 64512K, used 8482K [0x0000000080000000, 0x0000000083f00000, 0x00000000d5580000)
  object space 64512K, 13% used [0x0000000080000000,0x0000000080848b20,0x0000000083f00000)
 Metaspace       used 34798K, capacity 35272K, committed 35496K, reserved 1079296K
  class space    used 4706K, capacity 4837K, committed 4864K, reserved 1048576K
Event: 10.602 GC heap after
Heap after GC invocations=10 (full 1):
 PSYoungGen      total 76288K, used 10733K [0x00000000d5580000, 0x00000000dbe00000, 0x0000000100000000)
  eden space 65536K, 0% used [0x00000000d5580000,0x00000000d5580000,0x00000000d9580000)
  from space 10752K, 99% used [0x00000000d9580000,0x00000000d9ffb510,0x00000000da000000)
  to   space 12288K, 0% used [0x00000000db200000,0x00000000db200000,0x00000000dbe00000)
 ParOldGen       total 64512K, used 8779K [0x0000000080000000, 0x0000000083f00000, 0x00000000d5580000)
  object space 64512K, 13% used [0x0000000080000000,0x0000000080892e38,0x0000000083f00000)
 Metaspace       used 34798K, capacity 35272K, committed 35496K, reserved 1079296K
  class space    used 4706K, capacity 4837K, committed 4864K, reserved 1048576K
}
Event: 10.602 GC heap before
{Heap before GC invocations=11 (full 2):
 PSYoungGen      total 76288K, used 10733K [0x00000000d5580000, 0x00000000dbe00000, 0x0000000100000000)
  eden space 65536K, 0% used [0x00000000d5580000,0x00000000d5580000,0x00000000d9580000)
  from space 10752K, 99% used [0x00000000d9580000,0x00000000d9ffb510,0x00000000da000000)
  to   space 12288K, 0% used [0x00000000db200000,0x00000000db200000,0x00000000dbe00000)
 ParOldGen       total 64512K, used 8779K [0x0000000080000000, 0x0000000083f00000, 0x00000000d5580000)
  object space 64512K, 13% used [0x0000000080000000,0x0000000080892e38,0x0000000083f00000)
 Metaspace       used 34798K, capacity 35272K, committed 35496K, reserved 1079296K
  class space    used 4706K, capacity 4837K, committed 4864K, reserved 1048576K
Event: 10.679 GC heap after
Heap after GC invocations=11 (full 2):
 PSYoungGen      total 76288K, used 0K [0x00000000d5580000, 0x00000000dbe00000, 0x0000000100000000)
  eden space 65536K, 0% used [0x00000000d5580000,0x00000000d5580000,0x00000000d9580000)
  from space 10752K, 0% used [0x00000000d9580000,0x00000000d9580000,0x00000000da000000)
  to   space 12288K, 0% used [0x00000000db200000,0x00000000db200000,0x00000000dbe00000)
 ParOldGen       total 98816K, used 17739K [0x0000000080000000, 0x0000000086080000, 0x00000000d5580000)
  object space 98816K, 17% used [0x0000000080000000,0x0000000081152fb0,0x0000000086080000)
 Metaspace       used 34798K, capacity 35272K, committed 35496K, reserved 1079296K
  class space    used 4706K, capacity 4837K, committed 4864K, reserved 1048576K
}
Event: 14.511 GC heap before
{Heap before GC invocations=12 (full 2):
 PSYoungGen      total 76288K, used 65536K [0x00000000d5580000, 0x00000000dbe00000, 0x0000000100000000)
  eden space 65536K, 100% used [0x00000000d5580000,0x00000000d9580000,0x00000000d9580000)
  from space 10752K, 0% used [0x00000000d9580000,0x00000000d9580000,0x00000000da000000)
  to   space 12288K, 0% used [0x00000000db200000,0x00000000db200000,0x00000000dbe00000)
 ParOldGen       total 98816K, used 17739K [0x0000000080000000, 0x0000000086080000, 0x00000000d5580000)
  object space 98816K, 17% used [0x0000000080000000,0x0000000081152fb0,0x0000000086080000)
 Metaspace       used 41107K, capacity 41820K, committed 42240K, reserved 1085440K
  class space    used 5574K, capacity 5804K, committed 5888K, reserved 1048576K
Event: 14.518 GC heap after
Heap after GC invocations=12 (full 2):
 PSYoungGen      total 94720K, used 7248K [0x00000000d5580000, 0x00000000dbd80000, 0x0000000100000000)
  eden space 82944K, 0% used [0x00000000d5580000,0x00000000d5580000,0x00000000da680000)
  from space 11776K, 61% used [0x00000000db200000,0x00000000db914208,0x00000000dbd80000)
  to   space 11776K, 0% used [0x00000000da680000,0x00000000da680000,0x00000000db200000)
 ParOldGen       total 98816K, used 17811K [0x0000000080000000, 0x0000000086080000, 0x00000000d5580000)
  object space 98816K, 18% used [0x0000000080000000,0x0000000081164fc0,0x0000000086080000)
 Metaspace       used 41107K, capacity 41820K, committed 42240K, reserved 1085440K
  class space    used 5574K, capacity 5804K, committed 5888K, reserved 1048576K
}
Event: 15.981 GC heap before
{Heap before GC invocations=13 (full 2):
 PSYoungGen      total 94720K, used 90192K [0x00000000d5580000, 0x00000000dbd80000, 0x0000000100000000)
  eden space 82944K, 100% used [0x00000000d5580000,0x00000000da680000,0x00000000da680000)
  from space 11776K, 61% used [0x00000000db200000,0x00000000db914208,0x00000000dbd80000)
  to   space 11776K, 0% used [0x00000000da680000,0x00000000da680000,0x00000000db200000)
 ParOldGen       total 98816K, used 17811K [0x0000000080000000, 0x0000000086080000, 0x00000000d5580000)
  object space 98816K, 18% used [0x0000000080000000,0x0000000081164fc0,0x0000000086080000)
 Metaspace       used 41505K, capacity 42306K, committed 42752K, reserved 1085440K
  class space    used 5585K, capacity 5821K, committed 5888K, reserved 1048576K
Event: 15.988 GC heap after
Heap after GC invocations=13 (full 2):
 PSYoungGen      total 94720K, used 9017K [0x00000000d5580000, 0x00000000dd200000, 0x0000000100000000)
  eden space 82944K, 0% used [0x00000000d5580000,0x00000000d5580000,0x00000000da680000)
  from space 11776K, 76% used [0x00000000da680000,0x00000000daf4e418,0x00000000db200000)
  to   space 12288K, 0% used [0x00000000dc600000,0x00000000dc600000,0x00000000dd200000)
 ParOldGen       total 98816K, used 17819K [0x0000000080000000, 0x0000000086080000, 0x00000000d5580000)
  object space 98816K, 18% used [0x0000000080000000,0x0000000081166fc0,0x0000000086080000)
 Metaspace       used 41505K, capacity 42306K, committed 42752K, reserved 1085440K
  class space    used 5585K, capacity 5821K, committed 5888K, reserved 1048576K
}
Event: 18.568 GC heap before
{Heap before GC invocations=14 (full 2):
 PSYoungGen      total 94720K, used 91961K [0x00000000d5580000, 0x00000000dd200000, 0x0000000100000000)
  eden space 82944K, 100% used [0x00000000d5580000,0x00000000da680000,0x00000000da680000)
  from space 11776K, 76% used [0x00000000da680000,0x00000000daf4e418,0x00000000db200000)
  to   space 12288K, 0% used [0x00000000dc600000,0x00000000dc600000,0x00000000dd200000)
 ParOldGen       total 98816K, used 17819K [0x0000000080000000, 0x0000000086080000, 0x00000000d5580000)
  object space 98816K, 18% used [0x0000000080000000,0x0000000081166fc0,0x0000000086080000)
 Metaspace       used 41745K, capacity 42512K, committed 42752K, reserved 1085440K
  class space    used 5597K, capacity 5822K, committed 5888K, reserved 1048576K
Event: 18.575 GC heap after
Heap after GC invocations=14 (full 2):
 PSYoungGen      total 111104K, used 8670K [0x00000000d5580000, 0x00000000dd000000, 0x0000000100000000)
  eden space 100864K, 0% used [0x00000000d5580000,0x00000000d5580000,0x00000000db800000)
  from space 10240K, 84% used [0x00000000dc600000,0x00000000dce77a18,0x00000000dd000000)
  to   space 12288K, 0% used [0x00000000db800000,0x00000000db800000,0x00000000dc400000)
 ParOldGen       total 98816K, used 17827K [0x0000000080000000, 0x0000000086080000, 0x00000000d5580000)
  object space 98816K, 18% used [0x0000000080000000,0x0000000081168fc0,0x0000000086080000)
 Metaspace       used 41745K, capacity 42512K, committed 42752K, reserved 1085440K
  class space    used 5597K, capacity 5822K, committed 5888K, reserved 1048576K
}

Deoptimization events (10 events):
Event: 21.110 Thread 0x000000001a3fb800 Uncommon trap: reason=class_check action=maybe_recompile pc=0x0000000003444b7c method=java.util.Hashtable.get(Ljava/lang/Object;)Ljava/lang/Object; @ 6
Event: 21.111 Thread 0x000000001a3fb800 Uncommon trap: reason=class_check action=maybe_recompile pc=0x0000000003444b7c method=java.util.Hashtable.get(Ljava/lang/Object;)Ljava/lang/Object; @ 6
Event: 21.113 Thread 0x000000001a3fb800 Uncommon trap: reason=class_check action=maybe_recompile pc=0x0000000003444b7c method=java.util.Hashtable.get(Ljava/lang/Object;)Ljava/lang/Object; @ 6
Event: 21.125 Thread 0x000000001a3fb800 Uncommon trap: reason=predicate action=maybe_recompile pc=0x00000000030a0114 method=groovyjarjarantlr.InputBuffer.syncConsume()V @ 7
Event: 21.433 Thread 0x000000001a3fb800 Uncommon trap: reason=unstable_if action=reinterpret pc=0x0000000003c10834 method=java.io.WinNTFileSystem.prefixLength(Ljava/lang/String;)I @ 42
Event: 21.434 Thread 0x000000001a3fb800 Uncommon trap: reason=unstable_if action=reinterpret pc=0x0000000003a140b0 method=java.io.WinNTFileSystem.prefixLength(Ljava/lang/String;)I @ 42
Event: 21.538 Thread 0x000000001a3fb800 Uncommon trap: reason=class_check action=maybe_recompile pc=0x0000000002dbcfa8 method=java.lang.String.equals(Ljava/lang/Object;)Z @ 8
Event: 21.538 Thread 0x000000001a3fb800 Uncommon trap: reason=class_check action=maybe_recompile pc=0x0000000002dbcfa8 method=java.lang.String.equals(Ljava/lang/Object;)Z @ 8
Event: 21.538 Thread 0x000000001a3fb800 Uncommon trap: reason=class_check action=maybe_recompile pc=0x0000000002dbcfa8 method=java.lang.String.equals(Ljava/lang/Object;)Z @ 8
Event: 21.538 Thread 0x000000001a3fb800 Uncommon trap: reason=class_check action=maybe_recompile pc=0x0000000002dbcfa8 method=java.lang.String.equals(Ljava/lang/Object;)Z @ 8

Internal exceptions (10 events):
Event: 17.651 Thread 0x000000001a3fb800 Exception <a 'sun/nio/fs/WindowsException'> (0x00000000d6879db0) thrown at [C:\re\workspace\8-2-build-windows-amd64-cygwin\jdk8u72\5732\hotspot\src\share\vm\prims\jni.cpp, line 709]
Event: 17.654 Thread 0x000000001a3fb800 Exception <a 'sun/nio/fs/WindowsException'> (0x00000000d6888d08) thrown at [C:\re\workspace\8-2-build-windows-amd64-cygwin\jdk8u72\5732\hotspot\src\share\vm\prims\jni.cpp, line 709]
Event: 17.654 Thread 0x000000001a3fb800 Exception <a 'sun/nio/fs/WindowsException'> (0x00000000d68897d0) thrown at [C:\re\workspace\8-2-build-windows-amd64-cygwin\jdk8u72\5732\hotspot\src\share\vm\prims\jni.cpp, line 709]
Event: 17.654 Thread 0x000000001a3fb800 Exception <a 'sun/nio/fs/WindowsException'> (0x00000000d688b4b0) thrown at [C:\re\workspace\8-2-build-windows-amd64-cygwin\jdk8u72\5732\hotspot\src\share\vm\prims\jni.cpp, line 709]
Event: 17.667 Thread 0x000000001a3fb800 Exception <a 'sun/nio/fs/WindowsException'> (0x00000000d6892ad0) thrown at [C:\re\workspace\8-2-build-windows-amd64-cygwin\jdk8u72\5732\hotspot\src\share\vm\prims\jni.cpp, line 709]
Event: 17.667 Thread 0x000000001a3fb800 Exception <a 'sun/nio/fs/WindowsException'> (0x00000000d68935b0) thrown at [C:\re\workspace\8-2-build-windows-amd64-cygwin\jdk8u72\5732\hotspot\src\share\vm\prims\jni.cpp, line 709]
Event: 19.032 Thread 0x000000001a3fb800 Exception <a 'java/lang/NoSuchMethodError': java.lang.Object.lambda$comparing$77a9974f$1(Ljava/util/function/Function;Ljava/lang/Object;Ljava/lang/Object;)I> (0x00000000d71b8880) thrown at [C:\re\workspace\8-2-build-windows-amd64-cygwin\jdk8u72\5732\hotspo‘á–Zž3@
Event: 19.034 Thread 0x000000001a3fb800 Exception <a 'java/lang/NoSuchMethodError': java.lang.Object.lambda$thenComparing$36697e65$1(Ljava/util/Comparator;Ljava/lang/Object;Ljava/lang/Object;)I> (0x00000000d71cf8c0) thrown at [C:\re\workspace\8-2-build-windows-amd64-cygwin\jdk8u72\5732\hotspot\s
Event: 19.070 Thread 0x000000001a3fb800 Exception <a 'java/lang/NoSuchMethodError': java.lang.Object.lambda$maxBy$1(Ljava/util/Comparator;Ljava/lang/Object;Ljava/lang/Object;)Ljava/lang/Object;> (0x00000000d7256f08) thrown at [C:\re\workspace\8-2-build-windows-amd64-cygwin\jdk8u72\5732\hotspot\sñs[pŒ4@
Event: 20.549 Thread 0x000000001a3fb800 Exception <a 'sun/nio/fs/WindowsException'> (0x00000000d75e14c8) thrown at [C:\re\workspace\8-2-build-windows-amd64-cygwin\jdk8u72\5732\hotspot\src\share\vm\prims\jni.cpp, line 709]

Events (10 events):
Event: 21.538 Thread 0x000000001a3fb800 Uncommon trap: trap_request=0xffffffde fr.pc=0x0000000002dbcfa8
Event: 21.538 Thread 0x000000001a3fb800 DEOPT PACKING pc=0x0000000002dbcfa8 sp=0x000000001b709d00
Event: 21.538 Thread 0x000000001a3fb800 DEOPT UNPACKING pc=0x0000000002c4582a sp=0x000000001b709c90 mode 2
Event: 21.538 Thread 0x000000001a3fb800 Uncommon trap: trap_request=0xffffffde fr.pc=0x0000000002dbcfa8
Event: 21.538 Thread 0x000000001a3fb800 DEOPT PACKING pc=0x0000000002dbcfa8 sp=0x000000001b709d00
Event: 21.538 Thread 0x000000001a3fb800 DEOPT UNPACKING pc=0x0000000002c4582a sp=0x000000001b709c90 mode 2
Event: 21.598 loading class build_u4sssl6wagz9xxd0fdf6jm9d
Event: 21.598 loading class build_u4sssl6wagz9xxd0fdf6jm9d done
Event: 21.599 loading class groovy/runtime/metaclass/build_u4sssl6wagz9xxd0fdf6jm9dMetaClass
Event: 21.599 loading class groovy/runtime/metaclass/build_u4sssl6wagz9xxd0fdf6jm9dMetaClass done


Dynamic libraries:
0x00007ff7e5c60000 - 0x00007ff7e5c97000 	C:\Program Files\Java\jdk1.8.0_72\bin\java.exe
0x00007ffae5dc0000 - 0x00007ffae5f81000 	C:\WINDOWS\SYSTEM32\ntdll.dll
0x00007ffae55c0000 - 0x00007ffae566d000 	C:\WINDOWS\system32\KERNEL32.DLL
0x00007ffae2520000 - 0x00007ffae2708000 	C:\WINDOWS\system32\KERNELBASE.dll
0x00007ffae4cf0000 - 0x00007ffae4d97000 	C:\WINDOWS\system32\ADVAPI32.dll
0x00007ffae5b90000 - 0x00007ffae5c2d000 	C:\WINDOWS\system32\msvcrt.dll
0x00007ffae4da0000 - 0x00007ffae4dfb000 	C:\WINDOWS\system32\sechost.dll
0x00007ffae57b0000 - 0x00007ffae58cc000 	C:\WINDOWS\system32\RPCRT4.dll
0x00007ffae3480000 - 0x00007ffae35d6000 	C:\WINDOWS\system32\USER32.dll
0x00007ffae5c30000 - 0x00007ffae5db6000 	C:\WINDOWS\system32\GDI32.dll
0x00007ffada920000 - 0x00007ffadab94000 	C:\WINDOWS\WinSxS\amd64_microsoft.windows.common-controls_6595b64144ccf1df_6.0.10586.672_none_a2d6b3cea53ff843\COMCTL32.dll
0x00007ffae31c0000 - 0x00007ffae343d000 	C:\WINDOWS\system32\combase.dll
0x00007ffae2820000 - 0x00007ffae288a000 	C:\WINDOWS\system32\bcryptPrimitives.dll
0x00007ffae3440000 - 0x00007ffae347b000 	C:\WINDOWS\system32\IMM32.DLL
0x00000000666b0000 - 0x0000000066782000 	C:\Program Files\Java\jdk1.8.0_72\jre\bin\msvcr100.dll
0x0000000065290000 - 0x0000000065b20000 	C:\Program Files\Java\jdk1.8.0_72\jre\bin\server\jvm.dll
0x00007ffae4e70000 - 0x00007ffae4e78000 	C:\WINDOWS\system32\PSAPI.DLL
0x00007ffadf300000 - 0x00007ffadf309000 	C:\WINDOWS\SYSTEM32\WSOCK32.dll
0x00007ffae06f0000 - 0x00007ffae0713000 	C:\WINDOWS\SYSTEM32\WINMM.dll
0x00007ffadf220000 - 0x00007ffadf22a000 	C:\WINDOWS\SYSTEM32\VERSION.dll
0x00007ffae5740000 - 0x00007ffae57ab000 	C:\WINDOWS\system32\WS2_32.dll
0x00007ffae0690000 - 0x00007ffae06bc000 	C:\WINDOWS\SYSTEM32\WINMMBASE.dll
0x00007ffae27d0000 - 0x00007ffae2813000 	C:\WINDOWS\system32\cfgmgr32.dll
0x00000000666a0000 - 0x00000000666af000 	C:\Program Files\Java\jdk1.8.0_72\jre\bin\verify.dll
0x0000000066670000 - 0x0000000066699000 	C:\Program Files\Java\jdk1.8.0_72\jre\bin\java.dll
0x0000000066650000 - 0x0000000066666000 	C:\Program Files\Java\jdk1.8.0_72\jre\bin\zip.dll
0x00007ffae3660000 - 0x00007ffae4bbc000 	C:\WINDOWS\system32\SHELL32.dll
0x00007ffae2b10000 - 0x00007ffae3155000 	C:\WINDOWS\system32\windows.storage.dll
0x00007ffae3600000 - 0x00007ffae3652000 	C:\WINDOWS\system32\shlwapi.dll
0x00007ffae2450000 - 0x00007ffae245f000 	C:\WINDOWS\system32\kernel.appcore.dll
0x00007ffae2710000 - 0x00007ffae27c5000 	C:\WINDOWS\system32\shcore.dll
0x00007ffae2400000 - 0x00007ffae244b000 	C:\WINDOWS\system32\powrprof.dll
0x00007ffae23e0000 - 0x00007ffae23f4000 	C:\WINDOWS\system32\profapi.dll
0x0000000066630000 - 0x000000006664a000 	C:\Program Files\Java\jdk1.8.0_72\jre\bin\net.dll
0x00007ffae1c80000 - 0x00007ffae1cdc000 	C:\WINDOWS\system32\mswsock.dll
0x0000000065270000 - 0x0000000065281000 	C:\Program Files\Java\jdk1.8.0_72\jre\bin\nio.dll
0x00007ffae0280000 - 0x00007ffae0292000 	C:\Users\yuandl\.gradle\native\19\windows-amd64\native-platform.dll
0x00007ffae1d30000 - 0x00007ffae1d47000 	C:\WINDOWS\SYSTEM32\CRYPTSP.dll
0x00007ffae19c0000 - 0x00007ffae19f4000 	C:\WINDOWS\system32\rsaenh.dll
0x00007ffae2320000 - 0x00007ffae2349000 	C:\WINDOWS\SYSTEM32\bcrypt.dll
0x00007ffae1b10000 - 0x00007ffae1b2f000 	C:\WINDOWS\SYSTEM32\USERENV.dll
0x00007ffae1e50000 - 0x00007ffae1e5b000 	C:\WINDOWS\SYSTEM32\CRYPTBASE.dll
0x00007ffadf5c0000 - 0x00007ffadf5f8000 	C:\WINDOWS\SYSTEM32\IPHLPAPI.DLL
0x00007ffae4bd0000 - 0x00007ffae4bd8000 	C:\WINDOWS\system32\NSI.dll
0x00007ffadf1b0000 - 0x00007ffadf1c6000 	C:\WINDOWS\SYSTEM32\dhcpcsvc6.DLL
0x00007ffadf190000 - 0x00007ffadf1aa000 	C:\WINDOWS\SYSTEM32\dhcpcsvc.DLL
0x0000000065260000 - 0x000000006526d000 	C:\Program Files\Java\jdk1.8.0_72\jre\bin\management.dll

VM Arguments:
jvm_args: -XX:MaxPermSize=512m -Xmx2048m -Dfile.encoding=GBK -Duser.country=CN -Duser.language=zh -Duser.variant 
java_command: org.gradle.launcher.daemon.bootstrap.GradleDaemon 2.14.1
java_class_path (initial): C:\Users\yuandl\.gradle\wrapper\dists\gradle-2.14.1-all\8bnwg5hd3w55iofp58khbp6yv\gradle-2.14.1\lib\gradle-launcher-2.14.1.jar
Launcher Type: SUN_STANDARD

Environment Variables:
JAVA_HOME=C:\Program Files\Java\jdk1.8.0_72
CLASSPATH=E:\kejiang\git\GitHub\AndroidFastDevFrame\\gradle\wrapper\gradle-wrapper.jar
PATH=D:\oracle\product\10.2.0\client_1\bin;D:\oracle\product\10.2.0\db_1\bin;E:\kejiang\Android\sdk\platform-tools;C:\ProgramData\Oracle\Java\javapath;C:\Program Files (x86)\Common Files\NetSarang;C:\Windows\system32;C:\Windows;C:\Windows\System32\Wbem;C:\Windows\System32\WindowsPowerShell\v1.0\;C:\Program Files\Java\jdk1.7.0_60\bin;C:\Program Files\Java\jdk1.7.0_60\jre\bin;D:\Program Files\MySQL\MySQL Server 5.5\bin;E:\Framework\play\play-2.2.6;D:\Software\apache-maven-3.3.1\bin;C:\WINDOWS\system32;C:\WINDOWS;C:\WINDOWS\System32\Wbem;C:\WINDOWS\System32\WindowsPowerShell\v1.0\;C:\Program Files\TortoiseSVN\bin;C:\Program Files\Git\cmd;C:\Program Files\TortoiseGit\bin;C:\Program Files\MySQL\MySQL Utilities 1.6\
USERNAME=yuandl
OS=Windows_NT
PROCESSOR_IDENTIFIER=Intel64 Family 6 Model 60 Stepping 3, GenuineIntel



---------------  S Y S T E M  ---------------

OS: Windows 10.0 , 64 bit Build 10586 (10.0.10586.589)

CPU:total 4 (2 cores per cpu, 2 threads per core) family 6 model 60 stepping 3, cmov, cx8, fxsr, mmx, sse, sse2, sse3, ssse3, sse4.1, sse4.2, popcnt, avx, avx2, aes, clmul, erms, lzcnt, ht, tsc, tscinvbit, bmi1, bmi2

Memory: 4k page, physical 8305276k(1212296k free), swap 8305276k(6964k free)

vm_info: Java HotSpot(TM) 64-Bit Server VM (25.72-b15) for windows-amd64 JRE (1.8.0_72-b15), built on Dec 22 2015 19:16:16 by "java_re" with MS VC++ 10.0 (VS2010)

time: Thu Feb 23 17:37:47 2017
elapsed time: 21 seconds (0d 0h 0m 21s)

