#
# There is insufficient memory for the Java Runtime Environment to continue.
# Native memory allocation (malloc) failed to allocate 2165296 bytes for Chunk::new
# Possible reasons:
#   The system is out of physical RAM or swap space
#   In 32 bit mode, the process size limit was hit
# Possible solutions:
#   Reduce memory load on the system
#   Increase physical memory or swap space
#   Check if swap backing store is full
#   Use 64 bit Java on a 64 bit OS
#   Decrease Java heap size (-Xmx/-Xms)
#   Decrease number of Java threads
#   Decrease Java thread stack sizes (-Xss)
#   Set larger code cache with -XX:ReservedCodeCacheSize=
# This output file may be truncated or incomplete.
#
#  Out of Memory Error (allocation.cpp:390), pid=17344, tid=27560
#
# JRE version: Java(TM) SE Runtime Environment (8.0_72-b15) (build 1.8.0_72-b15)
# Java VM: Java HotSpot(TM) 64-Bit Server VM (25.72-b15 mixed mode windows-amd64 compressed oops)
# Failed to write core dump. Minidumps are not enabled by default on client versions of Windows
#

---------------  T H R E A D  ---------------

Current thread (0x000000001820d000):  JavaThread "C2 CompilerThread0" daemon [_thread_in_native, id=27560, stack(0x0000000019700000,0x0000000019800000)]

Stack: [0x0000000019700000,0x0000000019800000]
[error occurred during error reporting (printing stack bounds), id 0xc0000005]

Native frames: (J=compiled Java code, j=interpreted, Vv=VM code, C=native code)


Current CompileTask:
C2:   1994 1508       4       java.net.URLClassLoader$1::run (5 bytes)


---------------  P R O C E S S  ---------------

Java Threads: ( => current thread )
  0x000000001ae5e000 JavaThread "Stdin handler" [_thread_blocked, id=25932, stack(0x000000001c3a0000,0x000000001c4a0000)]
  0x000000001ae5d800 JavaThread "Asynchronous log dispatcher for org.gradle.launcher.daemon.server.DefaultDaemonConnection@51e73f21" [_thread_blocked, id=25944, stack(0x000000001c2a0000,0x000000001c3a0000)]
  0x000000001ae81800 JavaThread "Daemon worker" [_thread_in_vm, id=27320, stack(0x000000001bfa0000,0x000000001c0a0000)]
  0x000000001ad72000 JavaThread "Cancel handler" [_thread_blocked, id=25596, stack(0x000000001bea0000,0x000000001bfa0000)]
  0x000000001ad78800 JavaThread "Handler for socket connection from /127.0.0.1:59384 to /127.0.0.1:59385" [_thread_in_native, id=25348, stack(0x000000001bda0000,0x000000001bea0000)]
  0x000000001ad5a800 JavaThread "Daemon" [_thread_blocked, id=17960, stack(0x000000001bca0000,0x000000001bda0000)]
  0x000000001a9fc800 JavaThread "Incoming local TCP Connector on port 59384" [_thread_in_native, id=25376, stack(0x000000001b940000,0x000000001ba40000)]
  0x000000001ae85800 JavaThread "pool-1-thread-1" [_thread_blocked, id=8932, stack(0x000000001a800000,0x000000001a900000)]
  0x000000001989a800 JavaThread "Service Thread" daemon [_thread_blocked, id=24416, stack(0x0000000019e00000,0x0000000019f00000)]
  0x0000000019809800 JavaThread "C1 CompilerThread2" daemon [_thread_blocked, id=25180, stack(0x0000000019d00000,0x0000000019e00000)]
  0x0000000019801800 JavaThread "C2 CompilerThread1" daemon [_thread_in_native, id=22348, stack(0x0000000019c00000,0x0000000019d00000)]
=>0x000000001820d000 JavaThread "C2 CompilerThread0" daemon [_thread_in_native, id=27560, stack(0x0000000019700000,0x0000000019800000)]
  0x000000001820b000 JavaThread "Attach Listener" daemon [_thread_blocked, id=25688, stack(0x0000000019600000,0x0000000019700000)]
  0x000000001820a800 JavaThread "Signal Dispatcher" daemon [_thread_blocked, id=26484, stack(0x0000000019500000,0x0000000019600000)]
  0x000000001819a800 JavaThread "Finalizer" daemon [_thread_blocked, id=26228, stack(0x0000000019400000,0x0000000019500000)]
  0x0000000003580000 JavaThread "Reference Handler" daemon [_thread_blocked, id=25972, stack(0x0000000019300000,0x0000000019400000)]
  0x0000000003492800 JavaThread "main" [_thread_blocked, id=27488, stack(0x0000000003390000,0x0000000003490000)]

Other Threads:
  0x0000000018178000 VMThread [stack: 0x0000000019200000,0x0000000019300000] [id=26336]
  0x00000000198c7000 WatcherThread [stack: 0x0000000019f00000,0x000000001a000000] [id=23560]

VM state:not at safepoint (normal execution)

VM Mutex/Monitor currently owned by a thread: None

Heap:
 PSYoungGen      total 38400K, used 16374K [0x00000000d5580000, 0x00000000da080000, 0x0000000100000000)
  eden space 33280K, 33% used [0x00000000d5580000,0x00000000d607f8f8,0x00000000d7600000)
  from space 5120K, 99% used [0x00000000d7600000,0x00000000d7afe030,0x00000000d7b00000)
  to   space 5120K, 0% used [0x00000000d9b80000,0x00000000d9b80000,0x00000000da080000)
 ParOldGen       total 87552K, used 5838K [0x0000000080000000, 0x0000000085580000, 0x00000000d5580000)
  object space 87552K, 6% used [0x0000000080000000,0x00000000805b3860,0x0000000085580000)
 Metaspace       used 19905K, capacity 20264K, committed 20480K, reserved 1067008K
  class space    used 2625K, capacity 2719K, committed 2816K, reserved 1048576K

Card table byte_map: [0x0000000012950000,0x0000000012d60000] byte_map_base: 0x0000000012550000

Marking Bits: (ParMarkBitMap*) 0x0000000061af0600
 Begin Bits: [0x0000000013410000, 0x0000000015410000)
 End Bits:   [0x0000000015410000, 0x0000000017410000)

Polling page: 0x00000000013c0000

CodeCache: size=245760Kb used=6770Kb max_used=6770Kb free=238989Kb
 bounds [0x0000000003590000, 0x0000000003c40000, 0x0000000012590000]
 total_blobs=2306 nmethods=1685 adapters=533
 compilation: enabled

Compilation events (10 events):
Event: 1.969 Thread 0x0000000019809800 1691       3       java.util.LinkedList$ListItr::<init> (47 bytes)
Event: 1.970 Thread 0x0000000019809800 nmethod 1691 0x0000000003c2ae50 code [0x0000000003c2afc0, 0x0000000003c2b288]
Event: 1.972 Thread 0x0000000019809800 1692       3       org.gradle.internal.service.DefaultServiceRegistry$FactoryMethodService::<init> (25 bytes)
Event: 1.974 Thread 0x0000000019809800 nmethod 1692 0x0000000003c2b390 code [0x0000000003c2b600, 0x0000000003c2c888]
Event: 1.982 Thread 0x0000000019809800 1693   !   3       org.gradle.internal.service.DefaultServiceRegistry$DefaultLookupContext::find (73 bytes)
Event: 1.983 Thread 0x0000000019809800 nmethod 1693 0x0000000003c2d510 code [0x0000000003c2d7a0, 0x0000000003c2e868]
Event: 1.983 Thread 0x0000000019809800 1694       3       org.gradle.internal.service.DefaultServiceRegistry$DefaultLookupContext::getServiceProvider (45 bytes)
Event: 1.983 Thread 0x0000000019809800 nmethod 1694 0x0000000003c2f2d0 code [0x0000000003c2f4a0, 0x0000000003c2fb98]
Event: 1.983 Thread 0x0000000019809800 1695       1       org.gradle.internal.service.DefaultServiceRegistry::access$1100 (5 bytes)
Event: 1.983 Thread 0x0000000019809800 nmethod 1695 0x0000000003c2fdd0 code [0x0000000003c2ff20, 0x0000000003c30010]

GC Heap History (6 events):
Event: 0.516 GC heap before
{Heap before GC invocations=1 (full 0):
 PSYoungGen      total 38400K, used 33280K [0x00000000d5580000, 0x00000000d8000000, 0x0000000100000000)
  eden space 33280K, 100% used [0x00000000d5580000,0x00000000d7600000,0x00000000d7600000)
  from space 5120K, 0% used [0x00000000d7b00000,0x00000000d7b00000,0x00000000d8000000)
  to   space 5120K, 0% used [0x00000000d7600000,0x00000000d7600000,0x00000000d7b00000)
 ParOldGen       total 87552K, used 0K [0x0000000080000000, 0x0000000085580000, 0x00000000d5580000)
  object space 87552K, 0% used [0x0000000080000000,0x0000000080000000,0x0000000085580000)
 Metaspace       used 6240K, capacity 6442K, committed 6528K, reserved 1056768K
  class space    used 801K, capacity 866K, committed 896K, reserved 1048576K
Event: 0.522 GC heap after
Heap after GC invocations=1 (full 0):
 PSYoungGen      total 38400K, used 4413K [0x00000000d5580000, 0x00000000da080000, 0x0000000100000000)
  eden space 33280K, 0% used [0x00000000d5580000,0x00000000d5580000,0x00000000d7600000)
  from space 5120K, 86% used [0x00000000d7600000,0x00000000d7a4f510,0x00000000d7b00000)
  to   space 5120K, 0% used [0x00000000d9b80000,0x00000000d9b80000,0x00000000da080000)
 ParOldGen       total 87552K, used 8K [0x0000000080000000, 0x0000000085580000, 0x00000000d5580000)
  object space 87552K, 0% used [0x0000000080000000,0x0000000080002000,0x0000000085580000)
 Metaspace       used 6240K, capacity 6442K, committed 6528K, reserved 1056768K
  class space    used 801K, capacity 866K, committed 896K, reserved 1048576K
}
Event: 1.290 GC heap before
{Heap before GC invocations=2 (full 0):
 PSYoungGen      total 38400K, used 37693K [0x00000000d5580000, 0x00000000da080000, 0x0000000100000000)
  eden space 33280K, 100% used [0x00000000d5580000,0x00000000d7600000,0x00000000d7600000)
  from space 5120K, 86% used [0x00000000d7600000,0x00000000d7a4f510,0x00000000d7b00000)
  to   space 5120K, 0% used [0x00000000d9b80000,0x00000000d9b80000,0x00000000da080000)
 ParOldGen       total 87552K, used 8K [0x0000000080000000, 0x0000000085580000, 0x00000000d5580000)
  object space 87552K, 0% used [0x0000000080000000,0x0000000080002000,0x0000000085580000)
 Metaspace       used 12527K, capacity 12956K, committed 13184K, reserved 1060864K
  class space    used 1694K, capacity 1820K, committed 1920K, reserved 1048576K
Event: 1.297 GC heap after
Heap after GC invocations=2 (full 0):
 PSYoungGen      total 38400K, used 5112K [0x00000000d5580000, 0x00000000da080000, 0x0000000100000000)
  eden space 33280K, 0% used [0x00000000d5580000,0x00000000d5580000,0x00000000d7600000)
  from space 5120K, 99% used [0x00000000d9b80000,0x00000000da07e328,0x00000000da080000)
  to   space 5120K, 0% used [0x00000000d7600000,0x00000000d7600000,0x00000000d7b00000)
 ParOldGen       total 87552K, used 1092K [0x0000000080000000, 0x0000000085580000, 0x00000000d5580000)
  object space 87552K, 1% used [0x0000000080000000,0x0000000080111238,0x0000000085580000)
 Metaspace       used 12527K, capacity 12956K, committed 13184K, reserved 1060864K
  class space    used 1694K, capacity 1820K, committed 1920K, reserved 1048576K
}
Event: 1.753 GC heap before
{Heap before GC invocations=3 (full 0):
 PSYoungGen      total 38400K, used 38392K [0x00000000d5580000, 0x00000000da080000, 0x0000000100000000)
  eden space 33280K, 100% used [0x00000000d5580000,0x00000000d7600000,0x00000000d7600000)
  from space 5120K, 99% used [0x00000000d9b80000,0x00000000da07e328,0x00000000da080000)
  to   space 5120K, 0% used [0x00000000d7600000,0x00000000d7600000,0x00000000d7b00000)
 ParOldGen       total 87552K, used 1092K [0x0000000080000000, 0x0000000085580000, 0x00000000d5580000)
  object space 87552K, 1% used [0x0000000080000000,0x0000000080111238,0x0000000085580000)
 Metaspace       used 18656K, capacity 19042K, committed 19328K, reserved 1067008K
  class space    used 2527K, capacity 2654K, committed 2688K, reserved 1048576K
Event: 1.770 GC heap after
Heap after GC invocations=3 (full 0):
 PSYoungGen      total 38400K, used 5112K [0x00000000d5580000, 0x00000000da080000, 0x0000000100000000)
  eden space 33280K, 0% used [0x00000000d5580000,0x00000000d5580000,0x00000000d7600000)
  from space 5120K, 99% used [0x00000000d7600000,0x00000000d7afe030,0x00000000d7b00000)
  to   space 5120K, 0% used [0x00000000d9b80000,0x00000000d9b80000,0x00000000da080000)
 ParOldGen       total 87552K, used 5838K [0x0000000080000000, 0x0000000085580000, 0x00000000d5580000)
  object space 87552K, 6% used [0x0000000080000000,0x00000000805b3860,0x0000000085580000)
 Metaspace       used 18656K, capacity 19042K, committed 19328K, reserved 1067008K
  class space    used 2527K, capacity 2654K, committed 2688K, reserved 1048576K
}

Deoptimization events (10 events):
Event: 1.670 Thread 0x000000001ae81800 Uncommon trap: reason=unstable_if action=reinterpret pc=0x00000000038243ac method=java.lang.AbstractStringBuilder.append(Ljava/lang/String;)Ljava/lang/AbstractStringBuilder; @ 1
Event: 1.670 Thread 0x000000001ae81800 Uncommon trap: reason=unstable_if action=reinterpret pc=0x00000000037b93e0 method=java.lang.AbstractStringBuilder.append(Ljava/lang/String;)Ljava/lang/AbstractStringBuilder; @ 1
Event: 1.728 Thread 0x000000001ae81800 Uncommon trap: reason=bimorphic action=maybe_recompile pc=0x0000000003a3a048 method=java.lang.ClassLoader.loadClass(Ljava/lang/String;Z)Ljava/lang/Class; @ 38
Event: 1.728 Thread 0x000000001ae81800 Uncommon trap: reason=bimorphic action=maybe_recompile pc=0x0000000003a3a048 method=java.lang.ClassLoader.loadClass(Ljava/lang/String;Z)Ljava/lang/Class; @ 38
Event: 1.729 Thread 0x000000001ae81800 Uncommon trap: reason=class_check action=maybe_recompile pc=0x000000000374e39c method=sun.misc.URLClassPath.getLoader(I)Lsun/misc/URLClassPath$Loader; @ 94
Event: 1.729 Thread 0x000000001ae81800 Uncommon trap: reason=class_check action=maybe_recompile pc=0x000000000384146c method=sun.misc.URLClassPath.getResource(Ljava/lang/String;Z)Lsun/misc/Resource; @ 62
Event: 1.730 Thread 0x000000001ae81800 Uncommon trap: reason=bimorphic action=maybe_recompile pc=0x0000000003a3a048 method=java.lang.ClassLoader.loadClass(Ljava/lang/String;Z)Ljava/lang/Class; @ 38
Event: 1.730 Thread 0x000000001ae81800 Uncommon trap: reason=bimorphic action=maybe_recompile pc=0x0000000003a3a048 method=java.lang.ClassLoader.loadClass(Ljava/lang/String;Z)Ljava/lang/Class; @ 38
Event: 1.750 Thread 0x000000001ae81800 Uncommon trap: reason=class_check action=maybe_recompile pc=0x000000000374e530 method=sun.misc.URLClassPath.getLoader(I)Lsun/misc/URLClassPath$Loader; @ 193
Event: 1.780 Thread 0x000000001ae81800 Uncommon trap: reason=class_check action=maybe_recompile pc=0x000000000374e530 method=sun.misc.URLClassPath.getLoader(I)Lsun/misc/URLClassPath$Loader; @ 193

Internal exceptions (10 events):
Event: 1.779 Thread 0x000000001ae81800 Exception <a 'java/lang/ClassNotFoundException': org/gradle/initialization/SettingsScriptCustomizer> (0x00000000d5630ed8) thrown at [C:\re\workspace\8-2-build-windows-amd64-cygwin\jdk8u72\5732\hotspot\src\share\vm\classfile\systemDictionary.cpp, line 210]
Event: 1.780 Thread 0x000000001ae81800 Exception <a 'java/lang/ClassNotFoundException': settings_d0zwvctx6ekwnq0kkpup06ipbCustomizer> (0x00000000d5641b08) thrown at [C:\re\workspace\8-2-build-windows-amd64-cygwin\jdk8u72\5732\hotspot\src\share\vm\classfile\systemDictionary.cpp, line 210]
Event: 1.864 Thread 0x000000001ae81800 Exception <a 'java/lang/ClassNotFoundException': org/gradle/initialization/DefaultSettings_DecoratedBeanInfo> (0x00000000d5a89b40) thrown at [C:\re\workspace\8-2-build-windows-amd64-cygwin\jdk8u72\5732\hotspot\src\share\vm\classfile\systemDictionary.cpp, l/SŒ4’˝?
Event: 1.865 Thread 0x000000001ae81800 Exception <a 'java/lang/ClassNotFoundException': org/gradle/initialization/DefaultSettingsBeanInfo> (0x00000000d5aa5ea0) thrown at [C:\re\workspace\8-2-build-windows-amd64-cygwin\jdk8u72\5732\hotspot\src\share\vm\classfile\systemDictionary.cpp, line 210]
Event: 1.865 Thread 0x000000001ae81800 Exception <a 'java/lang/ClassNotFoundException': org/gradle/initialization/BaseSettingsBeanInfo> (0x00000000d5ac1318) thrown at [C:\re\workspace\8-2-build-windows-amd64-cygwin\jdk8u72\5732\hotspot\src\share\vm\classfile\systemDictionary.cpp, line 210]
Event: 1.866 Thread 0x000000001ae81800 Exception <a 'java/lang/ClassNotFoundException': org/gradle/api/internal/project/AbstractPluginAwareBeanInfo> (0x00000000d5ae1950) thrown at [C:\re\workspace\8-2-build-windows-amd64-cygwin\jdk8u72\5732\hotspot\src\share\vm\classfile\systemDictionary.cpp, l;ù.3‹˝?
Event: 1.866 Thread 0x000000001ae81800 Exception <a 'java/lang/ClassNotFoundException': org/gradle/api/internal/project/AbstractPluginAwareCustomizer> (0x00000000d5b026d8) thrown at [C:\re\workspace\8-2-build-windows-amd64-cygwin\jdk8u72\5732\hotspot\src\share\vm\classfile\systemDictionary.cpp,B∞‰√˛?
Event: 1.876 Thread 0x000000001ae81800 Exception <a 'java/lang/ClassNotFoundException': org/gradle/initialization/BaseSettingsCustomizer> (0x00000000d5b24b50) thrown at [C:\re\workspace\8-2-build-windows-amd64-cygwin\jdk8u72\5732\hotspot\src\share\vm\classfile\systemDictionary.cpp, line 210]
Event: 1.879 Thread 0x000000001ae81800 Exception <a 'java/lang/ClassNotFoundException': org/gradle/initialization/DefaultSettingsCustomizer> (0x00000000d5b677c0) thrown at [C:\re\workspace\8-2-build-windows-amd64-cygwin\jdk8u72\5732\hotspot\src\share\vm\classfile\systemDictionary.cpp, line 210]/y–s˛?
Event: 1.880 Thread 0x000000001ae81800 Exception <a 'java/lang/ClassNotFoundException': org/gradle/initialization/DefaultSettings_DecoratedCustomizer> (0x00000000d5b8df08) thrown at [C:\re\workspace\8-2-build-windows-amd64-cygwin\jdk8u72\5732\hotspot\src\share\vm\classfile\systemDictionary.cpp,6\5iQx¸?

Events (10 events):
Event: 1.991 loading class com/google/common/reflect/TypeToken$SimpleTypeToken
Event: 1.991 loading class com/google/common/reflect/TypeToken$SimpleTypeToken done
Event: 1.992 loading class com/google/common/reflect/Invokable
Event: 1.992 loading class com/google/common/reflect/Invokable done
Event: 1.992 loading class com/google/common/reflect/Element
Event: 1.992 loading class com/google/common/reflect/Element done
Event: 1.993 loading class com/google/common/reflect/TypeToken$1
Event: 1.993 loading class com/google/common/reflect/TypeToken$1 done
Event: 1.993 loading class com/google/common/reflect/Invokable$MethodInvokable
Event: 1.993 loading class com/google/common/reflect/Invokable$MethodInvokable done


Dynamic libraries:
0x00007ff71d980000 - 0x00007ff71d9b7000 	C:\Program Files\Java\jdk1.8.0_72\bin\java.exe
0x00007fffcf5c0000 - 0x00007fffcf781000 	C:\WINDOWS\SYSTEM32\ntdll.dll
0x00007fffcd080000 - 0x00007fffcd12d000 	C:\WINDOWS\system32\KERNEL32.DLL
0x00007fffcc720000 - 0x00007fffcc908000 	C:\WINDOWS\system32\KERNELBASE.dll
0x00007fffcd130000 - 0x00007fffcd1d7000 	C:\WINDOWS\system32\ADVAPI32.dll
0x00007fffcec30000 - 0x00007fffceccd000 	C:\WINDOWS\system32\msvcrt.dll
0x00007fffce960000 - 0x00007fffce9bb000 	C:\WINDOWS\system32\sechost.dll
0x00007fffccf60000 - 0x00007fffcd07c000 	C:\WINDOWS\system32\RPCRT4.dll
0x00007fffcccf0000 - 0x00007fffcce46000 	C:\WINDOWS\system32\USER32.dll
0x00007fffcf420000 - 0x00007fffcf5a6000 	C:\WINDOWS\system32\GDI32.dll
0x00007fffc6080000 - 0x00007fffc62f4000 	C:\WINDOWS\WinSxS\amd64_microsoft.windows.common-controls_6595b64144ccf1df_6.0.10586.672_none_a2d6b3cea53ff843\COMCTL32.dll
0x00007fffcc9c0000 - 0x00007fffccc3d000 	C:\WINDOWS\system32\combase.dll
0x00007fffcbe90000 - 0x00007fffcbefa000 	C:\WINDOWS\system32\bcryptPrimitives.dll
0x00007fffcebf0000 - 0x00007fffcec2b000 	C:\WINDOWS\system32\IMM32.DLL
0x0000000061b70000 - 0x0000000061c42000 	C:\Program Files\Java\jdk1.8.0_72\jre\bin\msvcr100.dll
0x00000000612e0000 - 0x0000000061b70000 	C:\Program Files\Java\jdk1.8.0_72\jre\bin\server\jvm.dll
0x00007fffcf410000 - 0x00007fffcf418000 	C:\WINDOWS\system32\PSAPI.DLL
0x00007fffc96d0000 - 0x00007fffc96d9000 	C:\WINDOWS\SYSTEM32\WSOCK32.dll
0x00007fffca0e0000 - 0x00007fffca103000 	C:\WINDOWS\SYSTEM32\WINMM.dll
0x00007fffbfd70000 - 0x00007fffbfd7a000 	C:\WINDOWS\SYSTEM32\VERSION.dll
0x00007fffceb80000 - 0x00007fffcebeb000 	C:\WINDOWS\system32\WS2_32.dll
0x00000000016e0000 - 0x000000000170c000 	C:\WINDOWS\SYSTEM32\WINMMBASE.dll
0x00007fffcc910000 - 0x00007fffcc953000 	C:\WINDOWS\system32\cfgmgr32.dll
0x00000000628a0000 - 0x00000000628af000 	C:\Program Files\Java\jdk1.8.0_72\jre\bin\verify.dll
0x0000000062870000 - 0x0000000062899000 	C:\Program Files\Java\jdk1.8.0_72\jre\bin\java.dll
0x0000000062850000 - 0x0000000062866000 	C:\Program Files\Java\jdk1.8.0_72\jre\bin\zip.dll
0x00007fffcd2b0000 - 0x00007fffce80c000 	C:\WINDOWS\system32\SHELL32.dll
0x00007fffcc0d0000 - 0x00007fffcc715000 	C:\WINDOWS\system32\windows.storage.dll
0x00007fffcee90000 - 0x00007fffceee2000 	C:\WINDOWS\system32\shlwapi.dll
0x00007fffcbc60000 - 0x00007fffcbc6f000 	C:\WINDOWS\system32\kernel.appcore.dll
0x00007fffcbc70000 - 0x00007fffcbd25000 	C:\WINDOWS\system32\shcore.dll
0x00007fffcbbe0000 - 0x00007fffcbc2b000 	C:\WINDOWS\system32\powrprof.dll
0x00007fffcbc40000 - 0x00007fffcbc54000 	C:\WINDOWS\system32\profapi.dll
0x0000000062830000 - 0x000000006284a000 	C:\Program Files\Java\jdk1.8.0_72\jre\bin\net.dll
0x00007fffcb480000 - 0x00007fffcb4dc000 	C:\WINDOWS\system32\mswsock.dll
0x00000000612c0000 - 0x00000000612d1000 	C:\Program Files\Java\jdk1.8.0_72\jre\bin\nio.dll
0x00007fffc01c0000 - 0x00007fffc01d2000 	C:\Users\yuandl\.gradle\native\19\windows-amd64\native-platform.dll
0x00007fffcb530000 - 0x00007fffcb547000 	C:\WINDOWS\SYSTEM32\CRYPTSP.dll
0x00007fffcb1c0000 - 0x00007fffcb1f4000 	C:\WINDOWS\system32\rsaenh.dll
0x00007fffcbb20000 - 0x00007fffcbb49000 	C:\WINDOWS\SYSTEM32\bcrypt.dll
0x00007fffcb310000 - 0x00007fffcb32f000 	C:\WINDOWS\SYSTEM32\USERENV.dll
0x00007fffcb650000 - 0x00007fffcb65b000 	C:\WINDOWS\SYSTEM32\CRYPTBASE.dll
0x00007fffc9430000 - 0x00007fffc9468000 	C:\WINDOWS\SYSTEM32\IPHLPAPI.DLL
0x00007fffcf5b0000 - 0x00007fffcf5b8000 	C:\WINDOWS\system32\NSI.dll
0x00007fffc93f0000 - 0x00007fffc9406000 	C:\WINDOWS\SYSTEM32\dhcpcsvc6.DLL
0x00007fffc9340000 - 0x00007fffc935a000 	C:\WINDOWS\SYSTEM32\dhcpcsvc.DLL
0x00000000612b0000 - 0x00000000612bd000 	C:\Program Files\Java\jdk1.8.0_72\jre\bin\management.dll

VM Arguments:
jvm_args: -XX:MaxPermSize=512m -Xmx2048m -Dfile.encoding=GBK -Duser.country=CN -Duser.language=zh -Duser.variant 
java_command: org.gradle.launcher.daemon.bootstrap.GradleDaemon 2.14.1
java_class_path (initial): C:\Users\yuandl\.gradle\wrapper\dists\gradle-2.14.1-all\8bnwg5hd3w55iofp58khbp6yv\gradle-2.14.1\lib\gradle-launcher-2.14.1.jar
Launcher Type: SUN_STANDARD

Environment Variables:
JAVA_HOME=C:\Program Files\Java\jdk1.8.0_72
CLASSPATH=E:\kejiang\git\GitHub\AndroidFastDevFrame\\gradle\wrapper\gradle-wrapper.jar
PATH=D:\oracle\product\10.2.0\client_1\bin;D:\oracle\product\10.2.0\db_1\bin;E:\kejiang\Android\sdk\platform-tools;C:\ProgramData\Oracle\Java\javapath;C:\Program Files (x86)\Common Files\NetSarang;C:\Windows\system32;C:\Windows;C:\Windows\System32\Wbem;C:\Windows\System32\WindowsPowerShell\v1.0\;C:\Program Files\Java\jdk1.7.0_60\bin;C:\Program Files\Java\jdk1.7.0_60\jre\bin;D:\Program Files\MySQL\MySQL Server 5.5\bin;E:\Framework\play\play-2.2.6;D:\Software\apache-maven-3.3.1\bin;C:\WINDOWS\system32;C:\WINDOWS;C:\WINDOWS\System32\Wbem;C:\WINDOWS\System32\WindowsPowerShell\v1.0\;C:\Program Files\TortoiseSVN\bin;C:\Program Files\Git\cmd;C:\Program Files\TortoiseGit\bin;C:\Program Files\MySQL\MySQL Utilities 1.6\
USERNAME=yuandl
OS=Windows_NT
PROCESSOR_IDENTIFIER=Intel64 Family 6 Model 60 Stepping 3, GenuineIntel



---------------  S Y S T E M  ---------------

OS: Windows 10.0 , 64 bit Build 10586 (10.0.10586.589)

CPU:total 4 (2 cores per cpu, 2 threads per core) family 6 model 60 stepping 3, cmov, cx8, fxsr, mmx, sse, sse2, sse3, ssse3, sse4.1, sse4.2, popcnt, avx, avx2, aes, clmul, erms, lzcnt, ht, tsc, tscinvbit, bmi1, bmi2

Memory: 4k page, physical 8305276k(1567688k free), swap 8305276k(6332k free)

vm_info: Java HotSpot(TM) 64-Bit Server VM (25.72-b15) for windows-amd64 JRE (1.8.0_72-b15), built on Dec 22 2015 19:16:16 by "java_re" with MS VC++ 10.0 (VS2010)

time: Wed Feb 22 16:33:08 2017
elapsed time: 1 seconds (0d 0h 0m 1s)

