#
# There is insufficient memory for the Java Runtime Environment to continue.
# Native memory allocation (malloc) failed to allocate 1048576 bytes for AllocateHeap
# Possible reasons:
#   The system is out of physical RAM or swap space
#   In 32 bit mode, the process size limit was hit
# Possible solutions:
#   Reduce memory load on the system
#   Increase physical memory or swap space
#   Check if swap backing store is full
#   Use 64 bit Java on a 64 bit OS
#   Decrease Java heap size (-Xmx/-Xms)
#   Decrease number of Java threads
#   Decrease Java thread stack sizes (-Xss)
#   Set larger code cache with -XX:ReservedCodeCacheSize=
# This output file may be truncated or incomplete.
#
#  Out of Memory Error (memory/allocation.inline.hpp:61), pid=11672, tid=664
#
# JRE version:  (8.0_72-b15) (build )
# Java VM: Java HotSpot(TM) 64-Bit Server VM (25.72-b15 mixed mode windows-amd64 compressed oops)
# Failed to write core dump. Minidumps are not enabled by default on client versions of Windows
#

---------------  T H R E A D  ---------------

Current thread (0x00000000033c1000):  JavaThread "Unknown thread" [_thread_in_vm, id=664, stack(0x00000000032c0000,0x00000000033c0000)]

Stack: [0x00000000032c0000,0x00000000033c0000]
[error occurred during error reporting (printing stack bounds), id 0xc0000005]

Native frames: (J=compiled Java code, j=interpreted, Vv=VM code, C=native code)


---------------  P R O C E S S  ---------------

Java Threads: ( => current thread )

Other Threads:

=>0x00000000033c1000 (exited) JavaThread "Unknown thread" [_thread_in_vm, id=664, stack(0x00000000032c0000,0x00000000033c0000)]

VM state:not at safepoint (normal execution)

VM Mutex/Monitor currently owned by a thread: None

Heap:
 PSYoungGen      total 38400K, used 665K [0x00000000d5c00000, 0x00000000d8680000, 0x0000000100000000)
  eden space 33280K, 2% used [0x00000000d5c00000,0x00000000d5ca6670,0x00000000d7c80000)
  from space 5120K, 0% used [0x00000000d8180000,0x00000000d8180000,0x00000000d8680000)
  to   space 5120K, 0% used [0x00000000d7c80000,0x00000000d7c80000,0x00000000d8180000)
 ParOldGen       total 87552K, used 0K [0x0000000081400000, 0x0000000086980000, 0x00000000d5c00000)
  object space 87552K, 0% used [0x0000000081400000,0x0000000081400000,0x0000000086980000)
 Metaspace       used 769K, capacity 4480K, committed 4480K, reserved 1056768K
  class space    used 75K, capacity 384K, committed 384K, reserved 1048576K

Card table byte_map: [0x0000000012880000,0x0000000012c80000] byte_map_base: 0x0000000012476000

Marking Bits: (ParMarkBitMap*) 0x0000000069c70600
 Begin Bits: [0x0000000013330000, 0x00000000152e0000)
 End Bits:   [0x00000000152e0000, 0x0000000017290000)

Polling page: 0x00000000015c0000

CodeCache: size=245760Kb used=328Kb max_used=328Kb free=245431Kb
 bounds [0x00000000034c0000, 0x0000000003730000, 0x00000000124c0000]
 total_blobs=58 nmethods=0 adapters=38
 compilation: enabled

Compilation events (0 events):
No events

GC Heap History (0 events):
No events

Deoptimization events (0 events):
No events

Internal exceptions (0 events):
No events

Events (10 events):
Event: 0.018 loading class java/lang/Short
Event: 0.018 loading class java/lang/Short done
Event: 0.018 loading class java/lang/Integer
Event: 0.018 loading class java/lang/Integer done
Event: 0.018 loading class java/lang/Long
Event: 0.018 loading class java/lang/Long done
Event: 0.019 loading class java/lang/NullPointerException
Event: 0.019 loading class java/lang/NullPointerException done
Event: 0.019 loading class java/lang/ArithmeticException
Event: 0.019 loading class java/lang/ArithmeticException done


Dynamic libraries:
0x00007ff774220000 - 0x00007ff774257000 	C:\Program Files\Java\jdk1.8.0_72\bin\java.exe
0x00007ffcc2290000 - 0x00007ffcc2451000 	C:\WINDOWS\SYSTEM32\ntdll.dll
0x00007ffcbfc30000 - 0x00007ffcbfcdd000 	C:\WINDOWS\system32\KERNEL32.DLL
0x00007ffcbea40000 - 0x00007ffcbec28000 	C:\WINDOWS\system32\KERNELBASE.dll
0x00007ffcc1fc0000 - 0x00007ffcc2067000 	C:\WINDOWS\system32\ADVAPI32.dll
0x00007ffcbfe10000 - 0x00007ffcbfead000 	C:\WINDOWS\system32\msvcrt.dll
0x00007ffcc05e0000 - 0x00007ffcc063b000 	C:\WINDOWS\system32\sechost.dll
0x00007ffcbf980000 - 0x00007ffcbfa9c000 	C:\WINDOWS\system32\RPCRT4.dll
0x00007ffcc02e0000 - 0x00007ffcc0436000 	C:\WINDOWS\system32\USER32.dll
0x00007ffcbfaa0000 - 0x00007ffcbfc26000 	C:\WINDOWS\system32\GDI32.dll
0x00007ffcb8fa0000 - 0x00007ffcb9214000 	C:\WINDOWS\WinSxS\amd64_microsoft.windows.common-controls_6595b64144ccf1df_6.0.10586.672_none_a2d6b3cea53ff843\COMCTL32.dll
0x00007ffcc1d20000 - 0x00007ffcc1f9d000 	C:\WINDOWS\system32\combase.dll
0x00007ffcbe9d0000 - 0x00007ffcbea3a000 	C:\WINDOWS\system32\bcryptPrimitives.dll
0x00007ffcc0440000 - 0x00007ffcc047b000 	C:\WINDOWS\system32\IMM32.DLL
0x000000006a960000 - 0x000000006aa32000 	C:\Program Files\Java\jdk1.8.0_72\jre\bin\msvcr100.dll
0x0000000069460000 - 0x0000000069cf0000 	C:\Program Files\Java\jdk1.8.0_72\jre\bin\server\jvm.dll
0x00007ffcbf910000 - 0x00007ffcbf918000 	C:\WINDOWS\system32\PSAPI.DLL
0x00007ffcb2930000 - 0x00007ffcb293a000 	C:\WINDOWS\SYSTEM32\VERSION.dll
0x00007ffcbcea0000 - 0x00007ffcbcec3000 	C:\WINDOWS\SYSTEM32\WINMM.dll
0x00007ffcba280000 - 0x00007ffcba289000 	C:\WINDOWS\SYSTEM32\WSOCK32.dll
0x00007ffcbfd90000 - 0x00007ffcbfdfb000 	C:\WINDOWS\system32\WS2_32.dll
0x00000000015f0000 - 0x000000000161c000 	C:\WINDOWS\SYSTEM32\WINMMBASE.dll
0x00007ffcbf590000 - 0x00007ffcbf5d3000 	C:\WINDOWS\system32\cfgmgr32.dll
0x000000006acb0000 - 0x000000006acbf000 	C:\Program Files\Java\jdk1.8.0_72\jre\bin\verify.dll
0x000000006ac80000 - 0x000000006aca9000 	C:\Program Files\Java\jdk1.8.0_72\jre\bin\java.dll
0x000000006ac60000 - 0x000000006ac76000 	C:\Program Files\Java\jdk1.8.0_72\jre\bin\zip.dll

VM Arguments:
jvm_args: -Dorg.gradle.appname=gradlew 
java_command: org.gradle.wrapper.GradleWrapperMain install
java_class_path (initial): E:\kejiang\git\GitHub\AndroidFastDevFrame\\gradle\wrapper\gradle-wrapper.jar
Launcher Type: SUN_STANDARD

Environment Variables:
JAVA_HOME=C:\Program Files\Java\jdk1.8.0_72
CLASSPATH=E:\kejiang\git\GitHub\AndroidFastDevFrame\\gradle\wrapper\gradle-wrapper.jar
PATH=D:\oracle\product\10.2.0\client_1\bin;D:\oracle\product\10.2.0\db_1\bin;E:\kejiang\Android\sdk\platform-tools;C:\ProgramData\Oracle\Java\javapath;C:\Program Files (x86)\Common Files\NetSarang;C:\Windows\system32;C:\Windows;C:\Windows\System32\Wbem;C:\Windows\System32\WindowsPowerShell\v1.0\;C:\Program Files\Java\jdk1.7.0_60\bin;C:\Program Files\Java\jdk1.7.0_60\jre\bin;D:\Program Files\MySQL\MySQL Server 5.5\bin;E:\Framework\play\play-2.2.6;D:\Software\apache-maven-3.3.1\bin;C:\WINDOWS\system32;C:\WINDOWS;C:\WINDOWS\System32\Wbem;C:\WINDOWS\System32\WindowsPowerShell\v1.0\;C:\Program Files\TortoiseSVN\bin;C:\Program Files\Git\cmd;C:\Program Files\TortoiseGit\bin;C:\Program Files\MySQL\MySQL Utilities 1.6\
USERNAME=yuandl
OS=Windows_NT
PROCESSOR_IDENTIFIER=Intel64 Family 6 Model 60 Stepping 3, GenuineIntel



---------------  S Y S T E M  ---------------

OS: Windows 10.0 , 64 bit Build 10586 (10.0.10586.589)

CPU:total 4 (2 cores per cpu, 2 threads per core) family 6 model 60 stepping 3, cmov, cx8, fxsr, mmx, sse, sse2, sse3, ssse3, sse4.1, sse4.2, popcnt, avx, avx2, aes, clmul, erms, lzcnt, ht, tsc, tscinvbit, bmi1, bmi2

Memory: 4k page, physical 8305276k(661420k free), swap 8305276k(4764k free)

vm_info: Java HotSpot(TM) 64-Bit Server VM (25.72-b15) for windows-amd64 JRE (1.8.0_72-b15), built on Dec 22 2015 19:16:16 by "java_re" with MS VC++ 10.0 (VS2010)

time: Thu Mar 30 13:00:31 2017
elapsed time: 0 seconds (0d 0h 0m 0s)

