#
# There is insufficient memory for the Java Runtime Environment to continue.
# Native memory allocation (malloc) failed to allocate 443648 bytes for Chunk::new
# Possible reasons:
#   The system is out of physical RAM or swap space
#   In 32 bit mode, the process size limit was hit
# Possible solutions:
#   Reduce memory load on the system
#   Increase physical memory or swap space
#   Check if swap backing store is full
#   Use 64 bit Java on a 64 bit OS
#   Decrease Java heap size (-Xmx/-Xms)
#   Decrease number of Java threads
#   Decrease Java thread stack sizes (-Xss)
#   Set larger code cache with -XX:ReservedCodeCacheSize=
# This output file may be truncated or incomplete.
#
#  Out of Memory Error (allocation.cpp:390), pid=35624, tid=33588
#
# JRE version: Java(TM) SE Runtime Environment (8.0_72-b15) (build 1.8.0_72-b15)
# Java VM: Java HotSpot(TM) 64-Bit Server VM (25.72-b15 mixed mode windows-amd64 compressed oops)
# Failed to write core dump. Minidumps are not enabled by default on client versions of Windows
#

---------------  T H R E A D  ---------------

Current thread (0x0000000019622000):  JavaThread "C2 CompilerThread1" daemon [_thread_in_native, id=33588, stack(0x0000000019a20000,0x0000000019b20000)]

Stack: [0x0000000019a20000,0x0000000019b20000]
[error occurred during error reporting (printing stack bounds), id 0xc0000005]

Native frames: (J=compiled Java code, j=interpreted, Vv=VM code, C=native code)


Current CompileTask:
C2:  38035 9352   !   4       java.net.URLClassLoader$1::run (63 bytes)


---------------  P R O C E S S  ---------------

Java Threads: ( => current thread )
  0x000000001e39f000 JavaThread "Task worker Thread 3" [_thread_blocked, id=35776, stack(0x0000000022a20000,0x0000000022b20000)]
  0x000000001e39e800 JavaThread "Task worker Thread 2" [_thread_blocked, id=35772, stack(0x0000000022920000,0x0000000022a20000)]
  0x000000001e3a1800 JavaThread "Task worker" [_thread_blocked, id=35768, stack(0x0000000021540000,0x0000000021640000)]
  0x000000001a03c800 JavaThread "pool-2-thread-1" [_thread_blocked, id=34064, stack(0x000000001f950000,0x000000001fa50000)]
  0x000000001a03b800 JavaThread "File lock request listener" [_thread_in_native, id=34880, stack(0x000000001f850000,0x000000001f950000)]
  0x000000001adc3000 JavaThread "Stdin handler" [_thread_blocked, id=35184, stack(0x000000001c1e0000,0x000000001c2e0000)]
  0x000000001adc2000 JavaThread "Asynchronous log dispatcher for org.gradle.launcher.daemon.server.DefaultDaemonConnection@1a081f54" [_thread_blocked, id=35036, stack(0x000000001c0e0000,0x000000001c1e0000)]
  0x000000001adbb000 JavaThread "Daemon worker" [_thread_in_Java, id=35820, stack(0x000000001bde0000,0x000000001bee0000)]
  0x000000001ad86000 JavaThread "Cancel handler" [_thread_blocked, id=35708, stack(0x000000001bce0000,0x000000001bde0000)]
  0x000000001ad4b800 JavaThread "Handler for socket connection from /127.0.0.1:53222 to /127.0.0.1:53223" [_thread_in_native, id=35704, stack(0x000000001bbe0000,0x000000001bce0000)]
  0x000000001ad49000 JavaThread "Daemon" [_thread_blocked, id=35700, stack(0x000000001bae0000,0x000000001bbe0000)]
  0x000000001acb0800 JavaThread "Incoming local TCP Connector on port 53222" [_thread_in_native, id=30876, stack(0x000000001b780000,0x000000001b880000)]
  0x000000001b022000 JavaThread "pool-1-thread-1" [_thread_blocked, id=32600, stack(0x000000001a660000,0x000000001a760000)]
  0x00000000196ba800 JavaThread "Service Thread" daemon [_thread_blocked, id=33636, stack(0x0000000019c20000,0x0000000019d20000)]
  0x0000000019628000 JavaThread "C1 CompilerThread2" daemon [_thread_blocked, id=34028, stack(0x0000000019b20000,0x0000000019c20000)]
=>0x0000000019622000 JavaThread "C2 CompilerThread1" daemon [_thread_in_native, id=33588, stack(0x0000000019a20000,0x0000000019b20000)]
  0x0000000017fbd800 JavaThread "C2 CompilerThread0" daemon [_thread_in_native, id=32632, stack(0x0000000019520000,0x0000000019620000)]
  0x0000000017fbc000 JavaThread "Attach Listener" daemon [_thread_blocked, id=34360, stack(0x0000000019420000,0x0000000019520000)]
  0x0000000017fbb800 JavaThread "Signal Dispatcher" daemon [_thread_blocked, id=34196, stack(0x0000000019320000,0x0000000019420000)]
  0x000000000330c800 JavaThread "Finalizer" daemon [_thread_blocked, id=34660, stack(0x00000000191b0000,0x00000000192b0000)]
  0x0000000003302000 JavaThread "Reference Handler" daemon [_thread_blocked, id=35512, stack(0x00000000190b0000,0x00000000191b0000)]
  0x0000000003212800 JavaThread "main" [_thread_blocked, id=34628, stack(0x0000000003110000,0x0000000003210000)]

Other Threads:
  0x0000000017f28000 VMThread [stack: 0x0000000018fb0000,0x00000000190b0000] [id=35652]
  0x00000000196ef800 WatcherThread [stack: 0x0000000019d20000,0x0000000019e20000] [id=35544]

VM state:not at safepoint (normal execution)

VM Mutex/Monitor currently owned by a thread: None

Heap:
 PSYoungGen      total 175616K, used 41652K [0x00000000d5580000, 0x00000000e3d00000, 0x0000000100000000)
  eden space 151040K, 27% used [0x00000000d5580000,0x00000000d7e2d258,0x00000000de900000)
  from space 24576K, 0% used [0x00000000de900000,0x00000000de900000,0x00000000e0100000)
  to   space 29696K, 0% used [0x00000000e2000000,0x00000000e2000000,0x00000000e3d00000)
 ParOldGen       total 108544K, used 57406K [0x0000000080000000, 0x0000000086a00000, 0x00000000d5580000)
  object space 108544K, 52% used [0x0000000080000000,0x000000008380f9f8,0x0000000086a00000)
 Metaspace       used 59768K, capacity 61484K, committed 61696K, reserved 1101824K
  class space    used 7970K, capacity 8362K, committed 8448K, reserved 1048576K

Card table byte_map: [0x00000000126d0000,0x0000000012ae0000] byte_map_base: 0x00000000122d0000

Marking Bits: (ParMarkBitMap*) 0x00000000641b0600
 Begin Bits: [0x0000000013190000, 0x0000000015190000)
 End Bits:   [0x0000000015190000, 0x0000000017190000)

Polling page: 0x0000000001600000

CodeCache: size=245760Kb used=28918Kb max_used=28918Kb free=216841Kb
 bounds [0x0000000003310000, 0x0000000004f70000, 0x0000000012310000]
 total_blobs=9209 nmethods=8470 adapters=649
 compilation: enabled

Compilation events (10 events):
Event: 38.025 Thread 0x0000000019628000 nmethod 9753 0x0000000004f65410 code [0x0000000004f65580, 0x0000000004f65708]
Event: 38.025 Thread 0x0000000019628000 9766       1       com.sun.tools.javac.tree.TreeScanner::visitLiteral (1 bytes)
Event: 38.025 Thread 0x0000000019628000 nmethod 9766 0x0000000004f657d0 code [0x0000000004f65920, 0x0000000004f65a30]
Event: 38.025 Thread 0x0000000019628000 9763       3       com.sun.tools.javac.tree.TreeInfo::flags (95 bytes)
Event: 38.025 Thread 0x0000000019628000 nmethod 9763 0x0000000004f65a90 code [0x0000000004f65c40, 0x0000000004f66368]
Event: 38.025 Thread 0x0000000019628000 9758       3       com.sun.tools.javac.comp.Check$Validator::visitTypeIdent (39 bytes)
Event: 38.026 Thread 0x0000000019628000 nmethod 9758 0x0000000004f66610 code [0x0000000004f66800, 0x0000000004f67128]
Event: 38.026 Thread 0x0000000019628000 9764   !   3       com.sun.tools.javac.comp.Flow$AliveAnalyzer::visitVarDef (70 bytes)
Event: 38.026 Thread 0x0000000019628000 nmethod 9764 0x0000000004f67590 code [0x0000000004f67740, 0x0000000004f67e38]
Event: 38.026 Thread 0x0000000019628000 9765       3       com.sun.tools.javac.comp.Flow$AliveAnalyzer::scanDef (47 bytes)

GC Heap History (10 events):
Event: 24.100 GC heap before
{Heap before GC invocations=12 (full 2):
 PSYoungGen      total 124928K, used 124068K [0x00000000d5580000, 0x00000000df180000, 0x0000000100000000)
  eden space 112640K, 100% used [0x00000000d5580000,0x00000000dc380000,0x00000000dc380000)
  from space 12288K, 93% used [0x00000000dc380000,0x00000000dcea9120,0x00000000dcf80000)
  to   space 13312K, 0% used [0x00000000de480000,0x00000000de480000,0x00000000df180000)
 ParOldGen       total 108544K, used 18465K [0x0000000080000000, 0x0000000086a00000, 0x00000000d5580000)
  object space 108544K, 17% used [0x0000000080000000,0x00000000812087c8,0x0000000086a00000)
 Metaspace       used 44185K, capacity 45140K, committed 45440K, reserved 1089536K
  class space    used 5957K, capacity 6256K, committed 6272K, reserved 1048576K
Event: 24.115 GC heap after
Heap after GC invocations=12 (full 2):
 PSYoungGen      total 144384K, used 13285K [0x00000000d5580000, 0x00000000df280000, 0x0000000100000000)
  eden space 131072K, 0% used [0x00000000d5580000,0x00000000d5580000,0x00000000dd580000)
  from space 13312K, 99% used [0x00000000de480000,0x00000000df179760,0x00000000df180000)
  to   space 14848K, 0% used [0x00000000dd580000,0x00000000dd580000,0x00000000de400000)
 ParOldGen       total 108544K, used 19163K [0x0000000080000000, 0x0000000086a00000, 0x00000000d5580000)
  object space 108544K, 17% used [0x0000000080000000,0x00000000812b6cb0,0x0000000086a00000)
 Metaspace       used 44185K, capacity 45140K, committed 45440K, reserved 1089536K
  class space    used 5957K, capacity 6256K, committed 6272K, reserved 1048576K
}
Event: 25.355 GC heap before
{Heap before GC invocations=13 (full 2):
 PSYoungGen      total 144384K, used 144357K [0x00000000d5580000, 0x00000000df280000, 0x0000000100000000)
  eden space 131072K, 100% used [0x00000000d5580000,0x00000000dd580000,0x00000000dd580000)
  from space 13312K, 99% used [0x00000000de480000,0x00000000df179760,0x00000000df180000)
  to   space 14848K, 0% used [0x00000000dd580000,0x00000000dd580000,0x00000000de400000)
 ParOldGen       total 108544K, used 19163K [0x0000000080000000, 0x0000000086a00000, 0x00000000d5580000)
  object space 108544K, 17% used [0x0000000080000000,0x00000000812b6cb0,0x0000000086a00000)
 Metaspace       used 49636K, capacity 50908K, committed 51200K, reserved 1093632K
  class space    used 6748K, capacity 7089K, committed 7168K, reserved 1048576K
Event: 25.374 GC heap after
Heap after GC invocations=13 (full 2):
 PSYoungGen      total 145920K, used 14841K [0x00000000d5580000, 0x00000000e1400000, 0x0000000100000000)
  eden space 131072K, 0% used [0x00000000d5580000,0x00000000d5580000,0x00000000dd580000)
  from space 14848K, 99% used [0x00000000dd580000,0x00000000de3fe430,0x00000000de400000)
  to   space 19456K, 0% used [0x00000000e0100000,0x00000000e0100000,0x00000000e1400000)
 ParOldGen       total 108544K, used 27237K [0x0000000080000000, 0x0000000086a00000, 0x00000000d5580000)
  object space 108544K, 25% used [0x0000000080000000,0x0000000081a995c0,0x0000000086a00000)
 Metaspace       used 49636K, capacity 50908K, committed 51200K, reserved 1093632K
  class space    used 6748K, capacity 7089K, committed 7168K, reserved 1048576K
}
Event: 28.294 GC heap before
{Heap before GC invocations=14 (full 2):
 PSYoungGen      total 145920K, used 145913K [0x00000000d5580000, 0x00000000e1400000, 0x0000000100000000)
  eden space 131072K, 100% used [0x00000000d5580000,0x00000000dd580000,0x00000000dd580000)
  from space 14848K, 99% used [0x00000000dd580000,0x00000000de3fe430,0x00000000de400000)
  to   space 19456K, 0% used [0x00000000e0100000,0x00000000e0100000,0x00000000e1400000)
 ParOldGen       total 108544K, used 27237K [0x0000000080000000, 0x0000000086a00000, 0x00000000d5580000)
  object space 108544K, 25% used [0x0000000080000000,0x0000000081a995c0,0x0000000086a00000)
 Metaspace       used 51290K, capacity 52890K, committed 53120K, reserved 1095680K
  class space    used 6915K, capacity 7276K, committed 7296K, reserved 1048576K
Event: 28.327 GC heap after
Heap after GC invocations=14 (full 2):
 PSYoungGen      total 170496K, used 19432K [0x00000000d5580000, 0x00000000e1f00000, 0x0000000100000000)
  eden space 151040K, 0% used [0x00000000d5580000,0x00000000d5580000,0x00000000de900000)
  from space 19456K, 99% used [0x00000000e0100000,0x00000000e13fa220,0x00000000e1400000)
  to   space 24576K, 0% used [0x00000000de900000,0x00000000de900000,0x00000000e0100000)
 ParOldGen       total 108544K, used 34151K [0x0000000080000000, 0x0000000086a00000, 0x00000000d5580000)
  object space 108544K, 31% used [0x0000000080000000,0x0000000082159d90,0x0000000086a00000)
 Metaspace       used 51290K, capacity 52890K, committed 53120K, reserved 1095680K
  class space    used 6915K, capacity 7276K, committed 7296K, reserved 1048576K
}
Event: 35.916 GC heap before
{Heap before GC invocations=15 (full 2):
 PSYoungGen      total 170496K, used 112549K [0x00000000d5580000, 0x00000000e1f00000, 0x0000000100000000)
  eden space 151040K, 61% used [0x00000000d5580000,0x00000000db06f288,0x00000000de900000)
  from space 19456K, 99% used [0x00000000e0100000,0x00000000e13fa220,0x00000000e1400000)
  to   space 24576K, 0% used [0x00000000de900000,0x00000000de900000,0x00000000e0100000)
 ParOldGen       total 108544K, used 34151K [0x0000000080000000, 0x0000000086a00000, 0x00000000d5580000)
  object space 108544K, 31% used [0x0000000080000000,0x0000000082159d90,0x0000000086a00000)
 Metaspace       used 57357K, capacity 59026K, committed 59136K, reserved 1099776K
  class space    used 7777K, capacity 8139K, committed 8192K, reserved 1048576K
Event: 35.940 GC heap after
Heap after GC invocations=15 (full 2):
 PSYoungGen      total 175616K, used 24573K [0x00000000d5580000, 0x00000000e3d00000, 0x0000000100000000)
  eden space 151040K, 0% used [0x00000000d5580000,0x00000000d5580000,0x00000000de900000)
  from space 24576K, 99% used [0x00000000de900000,0x00000000e00ff5d0,0x00000000e0100000)
  to   space 29696K, 0% used [0x00000000e2000000,0x00000000e2000000,0x00000000e3d00000)
 ParOldGen       total 108544K, used 38203K [0x0000000080000000, 0x0000000086a00000, 0x00000000d5580000)
  object space 108544K, 35% used [0x0000000080000000,0x000000008254ed28,0x0000000086a00000)
 Metaspace       used 57357K, capacity 59026K, committed 59136K, reserved 1099776K
  class space    used 7777K, capacity 8139K, committed 8192K, reserved 1048576K
}
Event: 35.940 GC heap before
{Heap before GC invocations=16 (full 3):
 PSYoungGen      total 175616K, used 24573K [0x00000000d5580000, 0x00000000e3d00000, 0x0000000100000000)
  eden space 151040K, 0% used [0x00000000d5580000,0x00000000d5580000,0x00000000de900000)
  from space 24576K, 99% used [0x00000000de900000,0x00000000e00ff5d0,0x00000000e0100000)
  to   space 29696K, 0% used [0x00000000e2000000,0x00000000e2000000,0x00000000e3d00000)
 ParOldGen       total 108544K, used 38203K [0x0000000080000000, 0x0000000086a00000, 0x00000000d5580000)
  object space 108544K, 35% used [0x0000000080000000,0x000000008254ed28,0x0000000086a00000)
 Metaspace       used 57357K, capacity 59026K, committed 59136K, reserved 1099776K
  class space    used 7777K, capacity 8139K, committed 8192K, reserved 1048576K
Event: 36.201 GC heap after
Heap after GC invocations=16 (full 3):
 PSYoungGen      total 175616K, used 0K [0x00000000d5580000, 0x00000000e3d00000, 0x0000000100000000)
  eden space 151040K, 0% used [0x00000000d5580000,0x00000000d5580000,0x00000000de900000)
  from space 24576K, 0% used [0x00000000de900000,0x00000000de900000,0x00000000e0100000)
  to   space 29696K, 0% used [0x00000000e2000000,0x00000000e2000000,0x00000000e3d00000)
 ParOldGen       total 108544K, used 57406K [0x0000000080000000, 0x0000000086a00000, 0x00000000d5580000)
  object space 108544K, 52% used [0x0000000080000000,0x000000008380f9f8,0x0000000086a00000)
 Metaspace       used 57355K, capacity 59020K, committed 59136K, reserved 1099776K
  class space    used 7776K, capacity 8138K, committed 8192K, reserved 1048576K
}

Deoptimization events (10 events):
Event: 37.684 Thread 0x000000001adbb000 Uncommon trap: reason=class_check action=maybe_recompile pc=0x000000000452781c method=com.sun.tools.javac.code.Type.containsAny(Lcom/sun/tools/javac/util/List;)Z @ 6
Event: 37.685 Thread 0x000000001adbb000 Uncommon trap: reason=class_check action=maybe_recompile pc=0x000000000452781c method=com.sun.tools.javac.code.Type.containsAny(Lcom/sun/tools/javac/util/List;)Z @ 6
Event: 37.706 Thread 0x000000001adbb000 Uncommon trap: reason=class_check action=maybe_recompile pc=0x000000000452781c method=com.sun.tools.javac.code.Type.containsAny(Lcom/sun/tools/javac/util/List;)Z @ 6
Event: 37.706 Thread 0x000000001adbb000 Uncommon trap: reason=class_check action=maybe_recompile pc=0x000000000452781c method=com.sun.tools.javac.code.Type.containsAny(Lcom/sun/tools/javac/util/List;)Z @ 6
Event: 37.712 Thread 0x000000001adbb000 Uncommon trap: reason=unstable_if action=reinterpret pc=0x000000000432a01c method=com.sun.tools.javac.code.Scope.lookup(Lcom/sun/tools/javac/util/Name;Lcom/sun/tools/javac/util/Filter;)Lcom/sun/tools/javac/code/Scope$Entry; @ 54
Event: 37.716 Thread 0x000000001adbb000 Uncommon trap: reason=unstable_if action=reinterpret pc=0x0000000004316488 method=com.sun.tools.javac.jvm.ClassReader.sigToType()Lcom/sun/tools/javac/code/Type; @ 288
Event: 37.722 Thread 0x000000001adbb000 Uncommon trap: reason=unstable_if action=reinterpret pc=0x0000000003ca98d8 method=com.sun.tools.javac.code.Scope.dble()V @ 39
Event: 37.787 Thread 0x000000001adbb000 Uncommon trap: reason=unstable_if action=reinterpret pc=0x0000000004e39158 method=com.sun.tools.javac.util.ListBuffer.append(Ljava/lang/Object;)Lcom/sun/tools/javac/util/ListBuffer; @ 9
Event: 37.909 Thread 0x000000001adbb000 Uncommon trap: reason=predicate action=maybe_recompile pc=0x000000000360b6bc method=com.sun.tools.javac.code.Type.containsAny(Lcom/sun/tools/javac/util/List;)Z @ 14
Event: 37.961 Thread 0x000000001adbb000 Uncommon trap: reason=unstable_if action=reinterpret pc=0x0000000003daf98c method=com.sun.tools.javac.util.Convert.chars2utf([CI[BII)I @ 35

Internal exceptions (10 events):
Event: 28.417 Thread 0x000000001adbb000 Exception <a 'java/lang/ClassNotFoundException': org/gradle/api/internal/tasks/DefaultTaskContainerCustomizer> (0x00000000d5a9c500) thrown at [C:\re\workspace\8-2-build-windows-amd64-cygwin\jdk8u72\5732\hotspot\src\share\vm\classfile\systemDictionary.cpp, p{¶¬(k<@
Event: 28.419 Thread 0x000000001adbb000 Exception <a 'java/lang/ClassNotFoundException': org/gradle/api/internal/tasks/DefaultTaskContainer_DecoratedCustomizer> (0x00000000d5aeeec8) thrown at [C:\re\workspace\8-2-build-windows-amd64-cygwin\jdk8u72\5732\hotspot\src\share\vm\classfile\systemDictio[ó™0òk<@
Event: 28.422 Thread 0x000000001adbb000 Exception <a 'java/lang/ClassNotFoundException': org/gradle/api/internal/tasks/RealizableTaskCollectionBeanInfo> (0x00000000d5b567b8) thrown at [C:\re\workspace\8-2-build-windows-amd64-cygwin\jdk8u72\5732\hotspot\src\share\vm\classfile\systemDictionary.cpp¡wÃOl<@
Event: 28.422 Thread 0x000000001adbb000 Exception <a 'java/lang/ClassNotFoundException': org/gradle/api/internal/tasks/RealizableTaskCollectionCustomizer> (0x00000000d5b67610) thrown at [C:\re\workspace\8-2-build-windows-amd64-cygwin\jdk8u72\5732\hotspot\src\share\vm\classfile\systemDictionary.cùnäl<@
Event: 28.422 Thread 0x000000001adbb000 Implicit null exception at 0x0000000003990aef to 0x0000000003990e51
Event: 28.426 Thread 0x000000001adbb000 Exception <a 'java/lang/ClassNotFoundException': java/util/TreeSetBeanInfo> (0x00000000d5be7e68) thrown at [C:\re\workspace\8-2-build-windows-amd64-cygwin\jdk8u72\5732\hotspot\src\share\vm\classfile\systemDictionary.cpp, line 210]
Event: 28.426 Thread 0x000000001adbb000 Exception <a 'java/lang/ClassNotFoundException': java/util/AbstractSetBeanInfo> (0x00000000d5bedcb8) thrown at [C:\re\workspace\8-2-build-windows-amd64-cygwin\jdk8u72\5732\hotspot\src\share\vm\classfile\systemDictionary.cpp, line 210]
Event: 28.426 Thread 0x000000001adbb000 Exception <a 'java/lang/ClassNotFoundException': java/util/AbstractSetCustomizer> (0x00000000d5bf3c98) thrown at [C:\re\workspace\8-2-build-windows-amd64-cygwin\jdk8u72\5732\hotspot\src\share\vm\classfile\systemDictionary.cpp, line 210]
Event: 28.426 Thread 0x000000001adbb000 Exception <a 'java/lang/ClassNotFoundException': java/util/TreeSetCustomizer> (0x00000000d5bff0c8) thrown at [C:\re\workspace\8-2-build-windows-amd64-cygwin\jdk8u72\5732\hotspot\src\share\vm\classfile\systemDictionary.cpp, line 210]
Event: 30.368 Thread 0x000000001e3a3800 Implicit null exception at 0x0000000003422e08 to 0x0000000003422f99

Events (10 events):
Event: 37.909 Thread 0x000000001adbb000 DEOPT UNPACKING pc=0x000000000335582a sp=0x000000001beda460 mode 2
Event: 37.930 loading class com/sun/tools/javac/comp/Lower$FreeVarCollector
Event: 37.930 loading class com/sun/tools/javac/comp/Lower$FreeVarCollector done
Event: 37.930 loading class com/sun/tools/javac/comp/Lower$BasicFreeVarCollector
Event: 37.930 loading class com/sun/tools/javac/comp/Lower$BasicFreeVarCollector done
Event: 37.961 Thread 0x000000001adbb000 Uncommon trap: trap_request=0xffffff65 fr.pc=0x0000000003daf98c
Event: 37.961 Thread 0x000000001adbb000 DEOPT PACKING pc=0x0000000003daf98c sp=0x000000001bedbe10
Event: 37.961 Thread 0x000000001adbb000 DEOPT UNPACKING pc=0x000000000335582a sp=0x000000001bedbd78 mode 2
Event: 38.007 Executing VM operation: ForceSafepoint
Event: 38.007 Executing VM operation: ForceSafepoint done


Dynamic libraries:
0x00007ff784620000 - 0x00007ff784657000 	C:\Program Files\Java\jdk1.8.0_72\bin\java.exe
0x00007ffdefb30000 - 0x00007ffdefcf1000 	C:\WINDOWS\SYSTEM32\ntdll.dll
0x00007ffdef9e0000 - 0x00007ffdefa8d000 	C:\WINDOWS\system32\KERNEL32.DLL
0x00007ffdec4b0000 - 0x00007ffdec698000 	C:\WINDOWS\system32\KERNELBASE.dll
0x00007ffded7a0000 - 0x00007ffded847000 	C:\WINDOWS\system32\ADVAPI32.dll
0x00007ffdedc80000 - 0x00007ffdedd1d000 	C:\WINDOWS\system32\msvcrt.dll
0x00007ffdef4b0000 - 0x00007ffdef50b000 	C:\WINDOWS\system32\sechost.dll
0x00007ffdecfe0000 - 0x00007ffded0fc000 	C:\WINDOWS\system32\RPCRT4.dll
0x00007ffdef510000 - 0x00007ffdef666000 	C:\WINDOWS\system32\USER32.dll
0x00007ffdef670000 - 0x00007ffdef7f6000 	C:\WINDOWS\system32\GDI32.dll
0x00007ffde4910000 - 0x00007ffde4b84000 	C:\WINDOWS\WinSxS\amd64_microsoft.windows.common-controls_6595b64144ccf1df_6.0.10586.672_none_a2d6b3cea53ff843\COMCTL32.dll
0x00007ffded110000 - 0x00007ffded38d000 	C:\WINDOWS\system32\combase.dll
0x00007ffdece00000 - 0x00007ffdece6a000 	C:\WINDOWS\system32\bcryptPrimitives.dll
0x00007ffdefaf0000 - 0x00007ffdefb2b000 	C:\WINDOWS\system32\IMM32.DLL
0x0000000064e90000 - 0x0000000064f62000 	C:\Program Files\Java\jdk1.8.0_72\jre\bin\msvcr100.dll
0x00000000639a0000 - 0x0000000064230000 	C:\Program Files\Java\jdk1.8.0_72\jre\bin\server\jvm.dll
0x00007ffded390000 - 0x00007ffded398000 	C:\WINDOWS\system32\PSAPI.DLL
0x00007ffddbb10000 - 0x00007ffddbb19000 	C:\WINDOWS\SYSTEM32\WSOCK32.dll
0x00007ffddfe70000 - 0x00007ffddfe7a000 	C:\WINDOWS\SYSTEM32\VERSION.dll
0x00007ffdea370000 - 0x00007ffdea393000 	C:\WINDOWS\SYSTEM32\WINMM.dll
0x00007ffdedd20000 - 0x00007ffdedd8b000 	C:\WINDOWS\system32\WS2_32.dll
0x00000000030e0000 - 0x000000000310c000 	C:\WINDOWS\SYSTEM32\WINMMBASE.dll
0x00007ffdec460000 - 0x00007ffdec4a3000 	C:\WINDOWS\system32\cfgmgr32.dll
0x00000000652c0000 - 0x00000000652cf000 	C:\Program Files\Java\jdk1.8.0_72\jre\bin\verify.dll
0x0000000065290000 - 0x00000000652b9000 	C:\Program Files\Java\jdk1.8.0_72\jre\bin\java.dll
0x0000000065270000 - 0x0000000065286000 	C:\Program Files\Java\jdk1.8.0_72\jre\bin\zip.dll
0x00007ffdedf50000 - 0x00007ffdef4ac000 	C:\WINDOWS\system32\SHELL32.dll
0x00007ffdec700000 - 0x00007ffdecd45000 	C:\WINDOWS\system32\windows.storage.dll
0x00007ffdedd90000 - 0x00007ffdedde2000 	C:\WINDOWS\system32\shlwapi.dll
0x00007ffdec170000 - 0x00007ffdec17f000 	C:\WINDOWS\system32\kernel.appcore.dll
0x00007ffdece70000 - 0x00007ffdecf25000 	C:\WINDOWS\system32\shcore.dll
0x00007ffdec190000 - 0x00007ffdec1db000 	C:\WINDOWS\system32\powrprof.dll
0x00007ffdec150000 - 0x00007ffdec164000 	C:\WINDOWS\system32\profapi.dll
0x0000000065250000 - 0x000000006526a000 	C:\Program Files\Java\jdk1.8.0_72\jre\bin\net.dll
0x00007ffdeb9f0000 - 0x00007ffdeba4c000 	C:\WINDOWS\system32\mswsock.dll
0x0000000065230000 - 0x0000000065241000 	C:\Program Files\Java\jdk1.8.0_72\jre\bin\nio.dll
0x00007ffde0910000 - 0x00007ffde0922000 	C:\Users\yuandl\.gradle\native\19\windows-amd64\native-platform.dll
0x00007ffdebaa0000 - 0x00007ffdebab7000 	C:\WINDOWS\SYSTEM32\CRYPTSP.dll
0x00007ffdeb730000 - 0x00007ffdeb764000 	C:\WINDOWS\system32\rsaenh.dll
0x00007ffdec090000 - 0x00007ffdec0b9000 	C:\WINDOWS\SYSTEM32\bcrypt.dll
0x00007ffdeb880000 - 0x00007ffdeb89f000 	C:\WINDOWS\SYSTEM32\USERENV.dll
0x00007ffdebbc0000 - 0x00007ffdebbcb000 	C:\WINDOWS\SYSTEM32\CRYPTBASE.dll
0x00007ffde9610000 - 0x00007ffde9648000 	C:\WINDOWS\SYSTEM32\IPHLPAPI.DLL
0x00007ffdef950000 - 0x00007ffdef958000 	C:\WINDOWS\system32\NSI.dll
0x00007ffde9350000 - 0x00007ffde9366000 	C:\WINDOWS\SYSTEM32\dhcpcsvc6.DLL
0x00007ffde9240000 - 0x00007ffde925a000 	C:\WINDOWS\SYSTEM32\dhcpcsvc.DLL
0x0000000065220000 - 0x000000006522d000 	C:\Program Files\Java\jdk1.8.0_72\jre\bin\management.dll

VM Arguments:
jvm_args: -XX:MaxPermSize=512m -Xmx2048m -Dfile.encoding=GBK -Duser.country=CN -Duser.language=zh -Duser.variant 
java_command: org.gradle.launcher.daemon.bootstrap.GradleDaemon 2.14.1
java_class_path (initial): C:\Users\yuandl\.gradle\wrapper\dists\gradle-2.14.1-all\8bnwg5hd3w55iofp58khbp6yv\gradle-2.14.1\lib\gradle-launcher-2.14.1.jar
Launcher Type: SUN_STANDARD

Environment Variables:
JAVA_HOME=C:\Program Files\Java\jdk1.8.0_72
CLASSPATH=E:\kejiang\git\GitHub\AndroidFastDevFrame\\gradle\wrapper\gradle-wrapper.jar
PATH=D:\oracle\product\10.2.0\client_1\bin;D:\oracle\product\10.2.0\db_1\bin;E:\kejiang\Android\sdk\platform-tools;C:\ProgramData\Oracle\Java\javapath;C:\Program Files (x86)\Common Files\NetSarang;C:\Windows\system32;C:\Windows;C:\Windows\System32\Wbem;C:\Windows\System32\WindowsPowerShell\v1.0\;C:\Program Files\Java\jdk1.7.0_60\bin;C:\Program Files\Java\jdk1.7.0_60\jre\bin;D:\Program Files\MySQL\MySQL Server 5.5\bin;E:\Framework\play\play-2.2.6;D:\Software\apache-maven-3.3.1\bin;C:\WINDOWS\system32;C:\WINDOWS;C:\WINDOWS\System32\Wbem;C:\WINDOWS\System32\WindowsPowerShell\v1.0\;C:\Program Files\TortoiseSVN\bin;C:\Program Files\Git\cmd;C:\Program Files\TortoiseGit\bin;C:\Program Files\MySQL\MySQL Utilities 1.6\
USERNAME=yuandl
OS=Windows_NT
PROCESSOR_IDENTIFIER=Intel64 Family 6 Model 60 Stepping 3, GenuineIntel



---------------  S Y S T E M  ---------------

OS: Windows 10.0 , 64 bit Build 10586 (10.0.10586.589)

CPU:total 4 (2 cores per cpu, 2 threads per core) family 6 model 60 stepping 3, cmov, cx8, fxsr, mmx, sse, sse2, sse3, ssse3, sse4.1, sse4.2, popcnt, avx, avx2, aes, clmul, erms, lzcnt, ht, tsc, tscinvbit, bmi1, bmi2

Memory: 4k page, physical 8305276k(724196k free), swap 8305276k(5272k free)

vm_info: Java HotSpot(TM) 64-Bit Server VM (25.72-b15) for windows-amd64 JRE (1.8.0_72-b15), built on Dec 22 2015 19:16:16 by "java_re" with MS VC++ 10.0 (VS2010)

time: Wed Feb 08 15:05:34 2017
elapsed time: 38 seconds (0d 0h 0m 38s)

