#
# There is insufficient memory for the Java Runtime Environment to continue.
# Native memory allocation (malloc) failed to allocate 2221616 bytes for Chunk::new
# Possible reasons:
#   The system is out of physical RAM or swap space
#   In 32 bit mode, the process size limit was hit
# Possible solutions:
#   Reduce memory load on the system
#   Increase physical memory or swap space
#   Check if swap backing store is full
#   Use 64 bit Java on a 64 bit OS
#   Decrease Java heap size (-Xmx/-Xms)
#   Decrease number of Java threads
#   Decrease Java thread stack sizes (-Xss)
#   Set larger code cache with -XX:ReservedCodeCacheSize=
# This output file may be truncated or incomplete.
#
#  Out of Memory Error (allocation.cpp:390), pid=27464, tid=17960
#
# JRE version: Java(TM) SE Runtime Environment (8.0_72-b15) (build 1.8.0_72-b15)
# Java VM: Java HotSpot(TM) 64-Bit Server VM (25.72-b15 mixed mode windows-amd64 compressed oops)
# Failed to write core dump. Minidumps are not enabled by default on client versions of Windows
#

---------------  T H R E A D  ---------------

Current thread (0x000000001756d000):  JavaThread "C2 CompilerThread0" daemon [_thread_in_native, id=17960, stack(0x0000000018ad0000,0x0000000018bd0000)]

Stack: [0x0000000018ad0000,0x0000000018bd0000]
[error occurred during error reporting (printing stack bounds), id 0xc0000005]

Native frames: (J=compiled Java code, j=interpreted, Vv=VM code, C=native code)


Current CompileTask:
C2:   1982 1516   !   4       java.net.URLClassLoader$1::run (63 bytes)


---------------  P R O C E S S  ---------------

Java Threads: ( => current thread )
  0x000000001a422800 JavaThread "Stdin handler" [_thread_blocked, id=19044, stack(0x000000001b780000,0x000000001b880000)]
  0x000000001a413800 JavaThread "Asynchronous log dispatcher for org.gradle.launcher.daemon.server.DefaultDaemonConnection@40b69ee5" [_thread_blocked, id=27560, stack(0x000000001b680000,0x000000001b780000)]
  0x000000001a40e000 JavaThread "Daemon worker" [_thread_blocked, id=20392, stack(0x000000001b380000,0x000000001b480000)]
  0x000000001a3d3000 JavaThread "Cancel handler" [_thread_blocked, id=27556, stack(0x000000001b280000,0x000000001b380000)]
  0x0000000019ee9800 JavaThread "Handler for socket connection from /127.0.0.1:59433 to /127.0.0.1:59434" [_thread_in_native, id=27548, stack(0x000000001b180000,0x000000001b280000)]
  0x0000000019ee4800 JavaThread "Daemon" [_thread_blocked, id=26644, stack(0x000000001b080000,0x000000001b180000)]
  0x0000000019ef2800 JavaThread "Incoming local TCP Connector on port 59433" [_thread_in_native, id=11304, stack(0x000000001ad20000,0x000000001ae20000)]
  0x0000000019d1c000 JavaThread "pool-1-thread-1" [_thread_blocked, id=25944, stack(0x000000001ac20000,0x000000001ad20000)]
  0x0000000018bef000 JavaThread "Service Thread" daemon [_thread_blocked, id=27320, stack(0x00000000191d0000,0x00000000192d0000)]
  0x0000000018bdc000 JavaThread "C1 CompilerThread2" daemon [_thread_blocked, id=25596, stack(0x00000000190d0000,0x00000000191d0000)]
  0x0000000018bd1800 JavaThread "C2 CompilerThread1" daemon [_thread_in_native, id=25348, stack(0x0000000018fd0000,0x00000000190d0000)]
=>0x000000001756d000 JavaThread "C2 CompilerThread0" daemon [_thread_in_native, id=17960, stack(0x0000000018ad0000,0x0000000018bd0000)]
  0x000000001756b000 JavaThread "Attach Listener" daemon [_thread_blocked, id=25376, stack(0x00000000189d0000,0x0000000018ad0000)]
  0x000000001756a000 JavaThread "Signal Dispatcher" daemon [_thread_blocked, id=27488, stack(0x00000000188d0000,0x00000000189d0000)]
  0x00000000028bb800 JavaThread "Finalizer" daemon [_thread_blocked, id=8932, stack(0x0000000018760000,0x0000000018860000)]
  0x00000000028b0800 JavaThread "Reference Handler" daemon [_thread_blocked, id=23560, stack(0x0000000018660000,0x0000000018760000)]
  0x00000000027c2800 JavaThread "main" [_thread_blocked, id=26228, stack(0x00000000026c0000,0x00000000027c0000)]

Other Threads:
  0x00000000174d8000 VMThread [stack: 0x0000000018560000,0x0000000018660000] [id=24416]
  0x0000000018c9b800 WatcherThread [stack: 0x00000000192d0000,0x00000000193d0000] [id=25932]

VM state:at safepoint (normal execution)

VM Mutex/Monitor currently owned by a thread:  ([mutex/lock_event])
[0x000000000230d170] Threads_lock - owner thread: 0x00000000174d8000
[0x000000000230d470] Heap_lock - owner thread: 0x000000001a40e000

Heap:
 PSYoungGen      total 38400K, used 21151K [0x00000000d5580000, 0x00000000da080000, 0x0000000100000000)
  eden space 33280K, 48% used [0x00000000d5580000,0x00000000d652ded0,0x00000000d7600000)
  from space 5120K, 99% used [0x00000000d7600000,0x00000000d7afa020,0x00000000d7b00000)
  to   space 5120K, 4% used [0x00000000d9b80000,0x00000000d9bb8000,0x00000000da080000)
 ParOldGen       total 87552K, used 5881K [0x0000000080000000, 0x0000000085580000, 0x00000000d5580000)
  object space 87552K, 6% used [0x0000000080000000,0x00000000805be7b0,0x0000000085580000)
 Metaspace       used 20342K, capacity 20680K, committed 20736K, reserved 1071104K
  class space    used 2692K, capacity 2815K, committed 2816K, reserved 1048576K

Card table byte_map: [0x0000000011c80000,0x0000000012090000] byte_map_base: 0x0000000011880000

Marking Bits: (ParMarkBitMap*) 0x0000000061af0600
 Begin Bits: [0x0000000012740000, 0x0000000014740000)
 End Bits:   [0x0000000014740000, 0x0000000016740000)

Polling page: 0x00000000007c0000

CodeCache: size=245760Kb used=6719Kb max_used=6719Kb free=239040Kb
 bounds [0x00000000028c0000, 0x0000000002f60000, 0x00000000118c0000]
 total_blobs=2324 nmethods=1703 adapters=533
 compilation: enabled

Compilation events (10 events):
Event: 1.933 Thread 0x0000000018bdc000 1709       3       java.util.HashMap::get (23 bytes)
Event: 1.933 Thread 0x0000000018bdc000 nmethod 1709 0x0000000002f4fd50 code [0x0000000002f4fee0, 0x0000000002f502d8]
Event: 1.959 Thread 0x0000000018bdc000 1711       3       java.lang.Long::bitCount (61 bytes)
Event: 1.959 Thread 0x0000000018bdc000 nmethod 1711 0x0000000002f50850 code [0x0000000002f509a0, 0x0000000002f50b50]
Event: 1.960 Thread 0x0000000018bdc000 1713       3       sun.reflect.misc.ReflectUtil::checkPackageAccess (19 bytes)
Event: 1.961 Thread 0x0000000018bdc000 nmethod 1713 0x0000000002f50bd0 code [0x0000000002f50d60, 0x0000000002f510d8]
Event: 1.973 Thread 0x0000000018bdc000 1714       1       sun.reflect.generics.reflectiveObjects.TypeVariableImpl::getName (5 bytes)
Event: 1.973 Thread 0x0000000018bdc000 nmethod 1714 0x0000000002f51210 code [0x0000000002f51360, 0x0000000002f51470]
Event: 1.974 Thread 0x0000000018bdc000 1715       3       java.lang.Class::forName (53 bytes)
Event: 1.974 Thread 0x0000000018bdc000 nmethod 1715 0x0000000002f514d0 code [0x0000000002f51680, 0x0000000002f51d08]

GC Heap History (6 events):
Event: 0.517 GC heap before
{Heap before GC invocations=1 (full 0):
 PSYoungGen      total 38400K, used 33280K [0x00000000d5580000, 0x00000000d8000000, 0x0000000100000000)
  eden space 33280K, 100% used [0x00000000d5580000,0x00000000d7600000,0x00000000d7600000)
  from space 5120K, 0% used [0x00000000d7b00000,0x00000000d7b00000,0x00000000d8000000)
  to   space 5120K, 0% used [0x00000000d7600000,0x00000000d7600000,0x00000000d7b00000)
 ParOldGen       total 87552K, used 0K [0x0000000080000000, 0x0000000085580000, 0x00000000d5580000)
  object space 87552K, 0% used [0x0000000080000000,0x0000000080000000,0x0000000085580000)
 Metaspace       used 6241K, capacity 6442K, committed 6528K, reserved 1056768K
  class space    used 800K, capacity 866K, committed 896K, reserved 1048576K
Event: 0.522 GC heap after
Heap after GC invocations=1 (full 0):
 PSYoungGen      total 38400K, used 4389K [0x00000000d5580000, 0x00000000d8000000, 0x0000000100000000)
  eden space 33280K, 0% used [0x00000000d5580000,0x00000000d5580000,0x00000000d7600000)
  from space 5120K, 85% used [0x00000000d7600000,0x00000000d7a494e0,0x00000000d7b00000)
  to   space 5120K, 0% used [0x00000000d7b00000,0x00000000d7b00000,0x00000000d8000000)
 ParOldGen       total 87552K, used 8K [0x0000000080000000, 0x0000000085580000, 0x00000000d5580000)
  object space 87552K, 0% used [0x0000000080000000,0x0000000080002000,0x0000000085580000)
 Metaspace       used 6241K, capacity 6442K, committed 6528K, reserved 1056768K
  class space    used 800K, capacity 866K, committed 896K, reserved 1048576K
}
Event: 1.288 GC heap before
{Heap before GC invocations=2 (full 0):
 PSYoungGen      total 38400K, used 37669K [0x00000000d5580000, 0x00000000d8000000, 0x0000000100000000)
  eden space 33280K, 100% used [0x00000000d5580000,0x00000000d7600000,0x00000000d7600000)
  from space 5120K, 85% used [0x00000000d7600000,0x00000000d7a494e0,0x00000000d7b00000)
  to   space 5120K, 0% used [0x00000000d7b00000,0x00000000d7b00000,0x00000000d8000000)
 ParOldGen       total 87552K, used 8K [0x0000000080000000, 0x0000000085580000, 0x00000000d5580000)
  object space 87552K, 0% used [0x0000000080000000,0x0000000080002000,0x0000000085580000)
 Metaspace       used 12534K, capacity 12956K, committed 13184K, reserved 1060864K
  class space    used 1694K, capacity 1820K, committed 1920K, reserved 1048576K
Event: 1.294 GC heap after
Heap after GC invocations=2 (full 0):
 PSYoungGen      total 38400K, used 5095K [0x00000000d5580000, 0x00000000d8000000, 0x0000000100000000)
  eden space 33280K, 0% used [0x00000000d5580000,0x00000000d5580000,0x00000000d7600000)
  from space 5120K, 99% used [0x00000000d7b00000,0x00000000d7ff9e18,0x00000000d8000000)
  to   space 5120K, 0% used [0x00000000d7600000,0x00000000d7600000,0x00000000d7b00000)
 ParOldGen       total 87552K, used 1127K [0x0000000080000000, 0x0000000085580000, 0x00000000d5580000)
  object space 87552K, 1% used [0x0000000080000000,0x0000000080119c58,0x0000000085580000)
 Metaspace       used 12534K, capacity 12956K, committed 13184K, reserved 1060864K
  class space    used 1694K, capacity 1820K, committed 1920K, reserved 1048576K
}
Event: 1.785 GC heap before
{Heap before GC invocations=3 (full 0):
 PSYoungGen      total 38400K, used 38375K [0x00000000d5580000, 0x00000000d8000000, 0x0000000100000000)
  eden space 33280K, 100% used [0x00000000d5580000,0x00000000d7600000,0x00000000d7600000)
  from space 5120K, 99% used [0x00000000d7b00000,0x00000000d7ff9e18,0x00000000d8000000)
  to   space 5120K, 0% used [0x00000000d7600000,0x00000000d7600000,0x00000000d7b00000)
 ParOldGen       total 87552K, used 1127K [0x0000000080000000, 0x0000000085580000, 0x00000000d5580000)
  object space 87552K, 1% used [0x0000000080000000,0x0000000080119c58,0x0000000085580000)
 Metaspace       used 18666K, capacity 19042K, committed 19328K, reserved 1067008K
  class space    used 2527K, capacity 2654K, committed 2688K, reserved 1048576K
Event: 1.798 GC heap after
Heap after GC invocations=3 (full 0):
 PSYoungGen      total 38400K, used 5096K [0x00000000d5580000, 0x00000000da080000, 0x0000000100000000)
  eden space 33280K, 0% used [0x00000000d5580000,0x00000000d5580000,0x00000000d7600000)
  from space 5120K, 99% used [0x00000000d7600000,0x00000000d7afa020,0x00000000d7b00000)
  to   space 5120K, 0% used [0x00000000d9b80000,0x00000000d9b80000,0x00000000da080000)
 ParOldGen       total 87552K, used 5881K [0x0000000080000000, 0x0000000085580000, 0x00000000d5580000)
  object space 87552K, 6% used [0x0000000080000000,0x00000000805be7b0,0x0000000085580000)
 Metaspace       used 18666K, capacity 19042K, committed 19328K, reserved 1067008K
  class space    used 2527K, capacity 2654K, committed 2688K, reserved 1048576K
}

Deoptimization events (10 events):
Event: 1.694 Thread 0x000000001a40e000 Uncommon trap: reason=unstable_if action=reinterpret pc=0x0000000002af60a0 method=java.lang.AbstractStringBuilder.append(Ljava/lang/String;)Ljava/lang/AbstractStringBuilder; @ 1
Event: 1.761 Thread 0x000000001a40e000 Uncommon trap: reason=bimorphic action=maybe_recompile pc=0x0000000002d43048 method=java.lang.ClassLoader.loadClass(Ljava/lang/String;Z)Ljava/lang/Class; @ 38
Event: 1.761 Thread 0x000000001a40e000 Uncommon trap: reason=bimorphic action=maybe_recompile pc=0x0000000002d43048 method=java.lang.ClassLoader.loadClass(Ljava/lang/String;Z)Ljava/lang/Class; @ 38
Event: 1.762 Thread 0x000000001a40e000 Uncommon trap: reason=class_check action=maybe_recompile pc=0x0000000002a82b24 method=sun.misc.URLClassPath.getLoader(I)Lsun/misc/URLClassPath$Loader; @ 94
Event: 1.762 Thread 0x000000001a40e000 Uncommon trap: reason=class_check action=maybe_recompile pc=0x0000000002b731ac method=sun.misc.URLClassPath.getResource(Ljava/lang/String;Z)Lsun/misc/Resource; @ 62
Event: 1.764 Thread 0x000000001a40e000 Uncommon trap: reason=bimorphic action=maybe_recompile pc=0x0000000002d43048 method=java.lang.ClassLoader.loadClass(Ljava/lang/String;Z)Ljava/lang/Class; @ 38
Event: 1.764 Thread 0x000000001a40e000 Uncommon trap: reason=bimorphic action=maybe_recompile pc=0x0000000002d43048 method=java.lang.ClassLoader.loadClass(Ljava/lang/String;Z)Ljava/lang/Class; @ 38
Event: 1.784 Thread 0x000000001a40e000 Uncommon trap: reason=class_check action=maybe_recompile pc=0x0000000002a82cb8 method=sun.misc.URLClassPath.getLoader(I)Lsun/misc/URLClassPath$Loader; @ 193
Event: 1.810 Thread 0x000000001a40e000 Uncommon trap: reason=class_check action=maybe_recompile pc=0x0000000002a82cb8 method=sun.misc.URLClassPath.getLoader(I)Lsun/misc/URLClassPath$Loader; @ 193
Event: 1.925 Thread 0x000000001a40e000 Uncommon trap: reason=unstable_if action=reinterpret pc=0x0000000002d11ea0 method=java.util.HashMap.hash(Ljava/lang/Object;)I @ 1

Internal exceptions (10 events):
Event: 1.811 Thread 0x000000001a40e000 Exception <a 'java/lang/ClassNotFoundException': settings_d0zwvctx6ekwnq0kkpup06ipbCustomizer> (0x00000000d5651a68) thrown at [C:\re\workspace\8-2-build-windows-amd64-cygwin\jdk8u72\5732\hotspot\src\share\vm\classfile\systemDictionary.cpp, line 210]
Event: 1.859 Thread 0x000000001a40e000 Exception <a 'java/lang/ClassNotFoundException': org/gradle/initialization/DefaultSettings_DecoratedBeanInfo> (0x00000000d5a76680) thrown at [C:\re\workspace\8-2-build-windows-amd64-cygwin\jdk8u72\5732\hotspot\src\share\vm\classfile\systemDictionary.cpp, l¨¹Žgr¿ý?
Event: 1.859 Thread 0x000000001a40e000 Exception <a 'java/lang/ClassNotFoundException': org/gradle/initialization/DefaultSettingsBeanInfo> (0x00000000d5a929e0) thrown at [C:\re\workspace\8-2-build-windows-amd64-cygwin\jdk8u72\5732\hotspot\src\share\vm\classfile\systemDictionary.cpp, line 210]
Event: 1.860 Thread 0x000000001a40e000 Exception <a 'java/lang/ClassNotFoundException': org/gradle/initialization/BaseSettingsBeanInfo> (0x00000000d5aade58) thrown at [C:\re\workspace\8-2-build-windows-amd64-cygwin\jdk8u72\5732\hotspot\src\share\vm\classfile\systemDictionary.cpp, line 210]
Event: 1.860 Thread 0x000000001a40e000 Exception <a 'java/lang/ClassNotFoundException': org/gradle/api/internal/project/AbstractPluginAwareBeanInfo> (0x00000000d5ace448) thrown at [C:\re\workspace\8-2-build-windows-amd64-cygwin\jdk8u72\5732\hotspot\src\share\vm\classfile\systemDictionary.cpp, lpì¹_Ãý?
Event: 1.860 Thread 0x000000001a40e000 Exception <a 'java/lang/ClassNotFoundException': org/gradle/api/internal/project/AbstractPluginAwareCustomizer> (0x00000000d5aef270) thrown at [C:\re\workspace\8-2-build-windows-amd64-cygwin\jdk8u72\5732\hotspot\src\share\vm\classfile\systemDictionary.cpp,†=À„Çý?
Event: 1.861 Thread 0x000000001a40e000 Exception <a 'java/lang/ClassNotFoundException': org/gradle/initialization/BaseSettingsCustomizer> (0x00000000d5b116e8) thrown at [C:\re\workspace\8-2-build-windows-amd64-cygwin\jdk8u72\5732\hotspot\src\share\vm\classfile\systemDictionary.cpp, line 210]
Event: 1.864 Thread 0x000000001a40e000 Exception <a 'java/lang/ClassNotFoundException': org/gradle/initialization/DefaultSettingsCustomizer> (0x00000000d5b77658) thrown at [C:\re\workspace\8-2-build-windows-amd64-cygwin\jdk8u72\5732\hotspot\src\share\vm\classfile\systemDictionary.cpp, line 210]ª+B,4Õý?
Event: 1.865 Thread 0x000000001a40e000 Exception <a 'java/lang/ClassNotFoundException': org/gradle/initialization/DefaultSettings_DecoratedCustomizer> (0x00000000d5b9dd18) thrown at [C:\re\workspace\8-2-build-windows-amd64-cygwin\jdk8u72\5732\hotspot\src\share\vm\classfile\systemDictionary.cpp,Šá^¥Ìþ?
Event: 1.925 Thread 0x000000001a40e000 Implicit null exception at 0x0000000002d11c95 to 0x0000000002d11e91

Events (10 events):
Event: 1.976 loading class org/gradle/model/internal/inspect/ModelRuleExtractor$CachedRuleSource
Event: 1.976 loading class org/gradle/model/internal/inspect/ModelRuleExtractor$CachedRuleSource done
Event: 1.976 loading class org/gradle/model/internal/inspect/ModelRuleExtractor$1
Event: 1.976 loading class org/gradle/model/internal/inspect/ModelRuleExtractor$1 done
Event: 1.977 loading class com/google/common/collect/Iterables
Event: 1.977 loading class com/google/common/collect/Iterables done
Event: 1.979 loading class com/google/common/collect/Iterables$2
Event: 1.979 loading class com/google/common/collect/Iterables$2 done
Event: 1.980 loading class com/google/common/collect/FluentIterable$1
Event: 1.980 loading class com/google/common/collect/FluentIterable$1 done


Dynamic libraries:
0x00007ff71d980000 - 0x00007ff71d9b7000 	C:\Program Files\Java\jdk1.8.0_72\bin\java.exe
0x00007fffcf5c0000 - 0x00007fffcf781000 	C:\WINDOWS\SYSTEM32\ntdll.dll
0x00007fffcd080000 - 0x00007fffcd12d000 	C:\WINDOWS\system32\KERNEL32.DLL
0x00007fffcc720000 - 0x00007fffcc908000 	C:\WINDOWS\system32\KERNELBASE.dll
0x00007fffcd130000 - 0x00007fffcd1d7000 	C:\WINDOWS\system32\ADVAPI32.dll
0x00007fffcec30000 - 0x00007fffceccd000 	C:\WINDOWS\system32\msvcrt.dll
0x00007fffce960000 - 0x00007fffce9bb000 	C:\WINDOWS\system32\sechost.dll
0x00007fffccf60000 - 0x00007fffcd07c000 	C:\WINDOWS\system32\RPCRT4.dll
0x00007fffcccf0000 - 0x00007fffcce46000 	C:\WINDOWS\system32\USER32.dll
0x00007fffcf420000 - 0x00007fffcf5a6000 	C:\WINDOWS\system32\GDI32.dll
0x00007fffc6080000 - 0x00007fffc62f4000 	C:\WINDOWS\WinSxS\amd64_microsoft.windows.common-controls_6595b64144ccf1df_6.0.10586.672_none_a2d6b3cea53ff843\COMCTL32.dll
0x00007fffcc9c0000 - 0x00007fffccc3d000 	C:\WINDOWS\system32\combase.dll
0x00007fffcbe90000 - 0x00007fffcbefa000 	C:\WINDOWS\system32\bcryptPrimitives.dll
0x00007fffcebf0000 - 0x00007fffcec2b000 	C:\WINDOWS\system32\IMM32.DLL
0x0000000061b70000 - 0x0000000061c42000 	C:\Program Files\Java\jdk1.8.0_72\jre\bin\msvcr100.dll
0x00000000612e0000 - 0x0000000061b70000 	C:\Program Files\Java\jdk1.8.0_72\jre\bin\server\jvm.dll
0x00007fffcf410000 - 0x00007fffcf418000 	C:\WINDOWS\system32\PSAPI.DLL
0x00007fffbfd70000 - 0x00007fffbfd7a000 	C:\WINDOWS\SYSTEM32\VERSION.dll
0x00007fffca0e0000 - 0x00007fffca103000 	C:\WINDOWS\SYSTEM32\WINMM.dll
0x00007fffc96d0000 - 0x00007fffc96d9000 	C:\WINDOWS\SYSTEM32\WSOCK32.dll
0x0000000002690000 - 0x00000000026bc000 	C:\WINDOWS\SYSTEM32\WINMMBASE.dll
0x00007fffceb80000 - 0x00007fffcebeb000 	C:\WINDOWS\system32\WS2_32.dll
0x00007fffcc910000 - 0x00007fffcc953000 	C:\WINDOWS\system32\cfgmgr32.dll
0x00000000628a0000 - 0x00000000628af000 	C:\Program Files\Java\jdk1.8.0_72\jre\bin\verify.dll
0x0000000062870000 - 0x0000000062899000 	C:\Program Files\Java\jdk1.8.0_72\jre\bin\java.dll
0x0000000062850000 - 0x0000000062866000 	C:\Program Files\Java\jdk1.8.0_72\jre\bin\zip.dll
0x00007fffcd2b0000 - 0x00007fffce80c000 	C:\WINDOWS\system32\SHELL32.dll
0x00007fffcc0d0000 - 0x00007fffcc715000 	C:\WINDOWS\system32\windows.storage.dll
0x00007fffcee90000 - 0x00007fffceee2000 	C:\WINDOWS\system32\shlwapi.dll
0x00007fffcbc60000 - 0x00007fffcbc6f000 	C:\WINDOWS\system32\kernel.appcore.dll
0x00007fffcbc70000 - 0x00007fffcbd25000 	C:\WINDOWS\system32\shcore.dll
0x00007fffcbbe0000 - 0x00007fffcbc2b000 	C:\WINDOWS\system32\powrprof.dll
0x00007fffcbc40000 - 0x00007fffcbc54000 	C:\WINDOWS\system32\profapi.dll
0x0000000062830000 - 0x000000006284a000 	C:\Program Files\Java\jdk1.8.0_72\jre\bin\net.dll
0x00007fffcb480000 - 0x00007fffcb4dc000 	C:\WINDOWS\system32\mswsock.dll
0x00000000612c0000 - 0x00000000612d1000 	C:\Program Files\Java\jdk1.8.0_72\jre\bin\nio.dll
0x00007fffc01c0000 - 0x00007fffc01d2000 	C:\Users\yuandl\.gradle\native\19\windows-amd64\native-platform.dll
0x00007fffcb530000 - 0x00007fffcb547000 	C:\WINDOWS\SYSTEM32\CRYPTSP.dll
0x00007fffcb1c0000 - 0x00007fffcb1f4000 	C:\WINDOWS\system32\rsaenh.dll
0x00007fffcbb20000 - 0x00007fffcbb49000 	C:\WINDOWS\SYSTEM32\bcrypt.dll
0x00007fffcb310000 - 0x00007fffcb32f000 	C:\WINDOWS\SYSTEM32\USERENV.dll
0x00007fffcb650000 - 0x00007fffcb65b000 	C:\WINDOWS\SYSTEM32\CRYPTBASE.dll
0x00007fffc9430000 - 0x00007fffc9468000 	C:\WINDOWS\SYSTEM32\IPHLPAPI.DLL
0x00007fffcf5b0000 - 0x00007fffcf5b8000 	C:\WINDOWS\system32\NSI.dll
0x00007fffc93f0000 - 0x00007fffc9406000 	C:\WINDOWS\SYSTEM32\dhcpcsvc6.DLL
0x00007fffc9340000 - 0x00007fffc935a000 	C:\WINDOWS\SYSTEM32\dhcpcsvc.DLL
0x00000000612b0000 - 0x00000000612bd000 	C:\Program Files\Java\jdk1.8.0_72\jre\bin\management.dll

VM Arguments:
jvm_args: -XX:MaxPermSize=512m -Xmx2048m -Dfile.encoding=GBK -Duser.country=CN -Duser.language=zh -Duser.variant 
java_command: org.gradle.launcher.daemon.bootstrap.GradleDaemon 2.14.1
java_class_path (initial): C:\Users\yuandl\.gradle\wrapper\dists\gradle-2.14.1-all\8bnwg5hd3w55iofp58khbp6yv\gradle-2.14.1\lib\gradle-launcher-2.14.1.jar
Launcher Type: SUN_STANDARD

Environment Variables:
JAVA_HOME=C:\Program Files\Java\jdk1.8.0_72
CLASSPATH=E:\kejiang\git\GitHub\AndroidFastDevFrame\\gradle\wrapper\gradle-wrapper.jar
PATH=D:\oracle\product\10.2.0\client_1\bin;D:\oracle\product\10.2.0\db_1\bin;E:\kejiang\Android\sdk\platform-tools;C:\ProgramData\Oracle\Java\javapath;C:\Program Files (x86)\Common Files\NetSarang;C:\Windows\system32;C:\Windows;C:\Windows\System32\Wbem;C:\Windows\System32\WindowsPowerShell\v1.0\;C:\Program Files\Java\jdk1.7.0_60\bin;C:\Program Files\Java\jdk1.7.0_60\jre\bin;D:\Program Files\MySQL\MySQL Server 5.5\bin;E:\Framework\play\play-2.2.6;D:\Software\apache-maven-3.3.1\bin;C:\WINDOWS\system32;C:\WINDOWS;C:\WINDOWS\System32\Wbem;C:\WINDOWS\System32\WindowsPowerShell\v1.0\;C:\Program Files\TortoiseSVN\bin;C:\Program Files\Git\cmd;C:\Program Files\TortoiseGit\bin;C:\Program Files\MySQL\MySQL Utilities 1.6\
USERNAME=yuandl
OS=Windows_NT
PROCESSOR_IDENTIFIER=Intel64 Family 6 Model 60 Stepping 3, GenuineIntel



---------------  S Y S T E M  ---------------

OS: Windows 10.0 , 64 bit Build 10586 (10.0.10586.589)

CPU:total 4 (2 cores per cpu, 2 threads per core) family 6 model 60 stepping 3, cmov, cx8, fxsr, mmx, sse, sse2, sse3, ssse3, sse4.1, sse4.2, popcnt, avx, avx2, aes, clmul, erms, lzcnt, ht, tsc, tscinvbit, bmi1, bmi2

Memory: 4k page, physical 8305276k(1558640k free), swap 8305276k(5164k free)

vm_info: Java HotSpot(TM) 64-Bit Server VM (25.72-b15) for windows-amd64 JRE (1.8.0_72-b15), built on Dec 22 2015 19:16:16 by "java_re" with MS VC++ 10.0 (VS2010)

time: Wed Feb 22 16:33:41 2017
elapsed time: 1 seconds (0d 0h 0m 1s)

