#
# There is insufficient memory for the Java Runtime Environment to continue.
# Native memory allocation (malloc) failed to allocate 172576 bytes for Chunk::new
# Possible reasons:
#   The system is out of physical RAM or swap space
#   In 32 bit mode, the process size limit was hit
# Possible solutions:
#   Reduce memory load on the system
#   Increase physical memory or swap space
#   Check if swap backing store is full
#   Use 64 bit Java on a 64 bit OS
#   Decrease Java heap size (-Xmx/-Xms)
#   Decrease number of Java threads
#   Decrease Java thread stack sizes (-Xss)
#   Set larger code cache with -XX:ReservedCodeCacheSize=
# This output file may be truncated or incomplete.
#
#  Out of Memory Error (allocation.cpp:390), pid=23200, tid=25828
#
# JRE version: Java(TM) SE Runtime Environment (8.0_72-b15) (build 1.8.0_72-b15)
# Java VM: Java HotSpot(TM) 64-Bit Server VM (25.72-b15 mixed mode windows-amd64 compressed oops)
# Failed to write core dump. Minidumps are not enabled by default on client versions of Windows
#

---------------  T H R E A D  ---------------

Current thread (0x0000000017bba800):  JavaThread "C2 CompilerThread0" daemon [_thread_in_native, id=25828, stack(0x00000000194d0000,0x00000000195d0000)]

Stack: [0x00000000194d0000,0x00000000195d0000]
[error occurred during error reporting (printing stack bounds), id 0xc0000005]

Native frames: (J=compiled Java code, j=interpreted, Vv=VM code, C=native code)


Current CompileTask:
C2:  33949 1354       4       org.gradle.internal.logging.text.AbstractLineChoppingStyledTextOutput::doAppend (201 bytes)


---------------  P R O C E S S  ---------------

Java Threads: ( => current thread )
  0x0000000019120000 JavaThread "pool-1-thread-1" [_thread_in_native, id=27556, stack(0x000000001baa0000,0x000000001bba0000)]
  0x000000001911f800 JavaThread "forward input" [_thread_blocked, id=27480, stack(0x000000001b9a0000,0x000000001baa0000)]
  0x000000001915f800 JavaThread "DisconnectableInputStream source reader" daemon [_thread_in_native, id=27272, stack(0x000000001b8a0000,0x000000001b9a0000)]
  0x0000000018f12800 JavaThread "Service Thread" daemon [_thread_blocked, id=25300, stack(0x00000000197d0000,0x00000000198d0000)]
  0x0000000018edf000 JavaThread "C1 CompilerThread2" daemon [_thread_in_native, id=23796, stack(0x00000000196d0000,0x00000000197d0000)]
  0x0000000018edb000 JavaThread "C2 CompilerThread1" daemon [_thread_blocked, id=19716, stack(0x00000000195d0000,0x00000000196d0000)]
=>0x0000000017bba800 JavaThread "C2 CompilerThread0" daemon [_thread_in_native, id=25828, stack(0x00000000194d0000,0x00000000195d0000)]
  0x0000000017b6c800 JavaThread "Attach Listener" daemon [_thread_blocked, id=25824, stack(0x00000000193d0000,0x00000000194d0000)]
  0x0000000018ed8800 JavaThread "Signal Dispatcher" daemon [_thread_blocked, id=24272, stack(0x00000000192d0000,0x00000000193d0000)]
  0x0000000017b49000 JavaThread "Finalizer" daemon [_thread_blocked, id=23268, stack(0x0000000018dd0000,0x0000000018ed0000)]
  0x0000000002fe1000 JavaThread "Reference Handler" daemon [_thread_blocked, id=22680, stack(0x0000000018cd0000,0x0000000018dd0000)]
  0x0000000002eed800 JavaThread "main" [_thread_blocked, id=20032, stack(0x0000000002d80000,0x0000000002e80000)]

Other Threads:
  0x0000000017b27000 VMThread [stack: 0x0000000018bd0000,0x0000000018cd0000] [id=23748]
  0x0000000018f5e800 WatcherThread [stack: 0x00000000198d0000,0x00000000199d0000] [id=25344]

VM state:not at safepoint (normal execution)

VM Mutex/Monitor currently owned by a thread: None

Heap:
 PSYoungGen      total 38400K, used 36713K [0x00000000d5c00000, 0x00000000d8680000, 0x0000000100000000)
  eden space 33280K, 94% used [0x00000000d5c00000,0x00000000d7adec60,0x00000000d7c80000)
  from space 5120K, 99% used [0x00000000d7c80000,0x00000000d817bab0,0x00000000d8180000)
  to   space 5120K, 0% used [0x00000000d8180000,0x00000000d8180000,0x00000000d8680000)
 ParOldGen       total 87552K, used 358K [0x0000000081400000, 0x0000000086980000, 0x00000000d5c00000)
  object space 87552K, 0% used [0x0000000081400000,0x00000000814598a0,0x0000000086980000)
 Metaspace       used 13254K, capacity 13700K, committed 13952K, reserved 1060864K
  class space    used 1714K, capacity 1858K, committed 1920K, reserved 1048576K

Card table byte_map: [0x00000000123b0000,0x00000000127b0000] byte_map_base: 0x0000000011fa6000

Marking Bits: (ParMarkBitMap*) 0x000000006bc00600
 Begin Bits: [0x0000000012e60000, 0x0000000014e10000)
 End Bits:   [0x0000000014e10000, 0x0000000016dc0000)

Polling page: 0x00000000010f0000

CodeCache: size=245760Kb used=4915Kb max_used=4915Kb free=240845Kb
 bounds [0x0000000002ff0000, 0x00000000034c0000, 0x0000000011ff0000]
 total_blobs=1736 nmethods=1367 adapters=281
 compilation: enabled

Compilation events (10 events):
Event: 33.859 Thread 0x0000000018edf000 nmethod 1367 0x00000000034bc990 code [0x00000000034bcb00, 0x00000000034bcc68]
Event: 33.859 Thread 0x0000000018edf000 1369       3       java.lang.System::checkKey (34 bytes)
Event: 33.860 Thread 0x0000000018edf000 nmethod 1369 0x00000000034bcd50 code [0x00000000034bcee0, 0x00000000034bd2c8]
Event: 33.860 Thread 0x0000000018edf000 1368       1       org.gradle.internal.logging.text.AbstractStyledTextOutput::getStyle (5 bytes)
Event: 33.860 Thread 0x0000000018edf000 nmethod 1368 0x00000000034bd410 code [0x00000000034bd560, 0x00000000034bd670]
Event: 33.860 Thread 0x0000000018edf000 1370       3       java.lang.System::getProperty (25 bytes)
Event: 33.860 Thread 0x0000000018edf000 nmethod 1370 0x00000000034bd6d0 code [0x00000000034bd8a0, 0x00000000034bdf08]
Event: 33.860 Thread 0x0000000018edf000 1372       3       org.gradle.internal.logging.sink.ProgressLogEventGenerator::doOutput (52 bytes)
Event: 33.861 Thread 0x0000000018edf000 nmethod 1372 0x00000000034be190 code [0x00000000034be360, 0x00000000034bea58]
Event: 33.861 Thread 0x0000000018edf000 1371       3       org.gradle.internal.logging.sink.ProgressLogEventGenerator$Operation::completeHeader (174 bytes)

GC Heap History (2 events):
Event: 3.305 GC heap before
{Heap before GC invocations=1 (full 0):
 PSYoungGen      total 38400K, used 33280K [0x00000000d5c00000, 0x00000000d8680000, 0x0000000100000000)
  eden space 33280K, 100% used [0x00000000d5c00000,0x00000000d7c80000,0x00000000d7c80000)
  from space 5120K, 0% used [0x00000000d8180000,0x00000000d8180000,0x00000000d8680000)
  to   space 5120K, 0% used [0x00000000d7c80000,0x00000000d7c80000,0x00000000d8180000)
 ParOldGen       total 87552K, used 0K [0x0000000081400000, 0x0000000086980000, 0x00000000d5c00000)
  object space 87552K, 0% used [0x0000000081400000,0x0000000081400000,0x0000000086980000)
 Metaspace       used 8774K, capacity 9030K, committed 9216K, reserved 1056768K
  class space    used 1151K, capacity 1218K, committed 1280K, reserved 1048576K
Event: 3.328 GC heap after
Heap after GC invocations=1 (full 0):
 PSYoungGen      total 38400K, used 5102K [0x00000000d5c00000, 0x00000000d8680000, 0x0000000100000000)
  eden space 33280K, 0% used [0x00000000d5c00000,0x00000000d5c00000,0x00000000d7c80000)
  from space 5120K, 99% used [0x00000000d7c80000,0x00000000d817bab0,0x00000000d8180000)
  to   space 5120K, 0% used [0x00000000d8180000,0x00000000d8180000,0x00000000d8680000)
 ParOldGen       total 87552K, used 358K [0x0000000081400000, 0x0000000086980000, 0x00000000d5c00000)
  object space 87552K, 0% used [0x0000000081400000,0x00000000814598a0,0x0000000086980000)
 Metaspace       used 8774K, capacity 9030K, committed 9216K, reserved 1056768K
  class space    used 1151K, capacity 1218K, committed 1280K, reserved 1048576K
}

Deoptimization events (2 events):
Event: 2.673 Thread 0x0000000002eed800 Uncommon trap: reason=unstable_if action=reinterpret pc=0x000000000320e704 method=java.util.HashMap.getNode(ILjava/lang/Object;)Ljava/util/HashMap$Node; @ 129
Event: 3.206 Thread 0x0000000002eed800 Uncommon trap: reason=predicate action=maybe_recompile pc=0x0000000003246d1c method=sun.net.www.ParseUtil.encodePath(Ljava/lang/String;Z)Ljava/lang/String; @ 36

Internal exceptions (10 events):
Event: 7.507 Thread 0x0000000002eed800 Exception <a 'java/lang/NoSuchMethodError': <clinit>> (0x00000000d778dca0) thrown at [C:\re\workspace\8-2-build-windows-amd64-cygwin\jdk8u72\5732\hotspot\src\share\vm\prims\jni.cpp, line 1591]
Event: 7.508 Thread 0x0000000002eed800 Exception <a 'java/lang/NoSuchMethodError': <clinit>> (0x00000000d7796338) thrown at [C:\re\workspace\8-2-build-windows-amd64-cygwin\jdk8u72\5732\hotspot\src\share\vm\prims\jni.cpp, line 1591]
Event: 7.509 Thread 0x0000000002eed800 Exception <a 'java/lang/NoSuchMethodError': <clinit>> (0x00000000d779f738) thrown at [C:\re\workspace\8-2-build-windows-amd64-cygwin\jdk8u72\5732\hotspot\src\share\vm\prims\jni.cpp, line 1591]
Event: 7.513 Thread 0x0000000002eed800 Exception <a 'java/lang/NoSuchMethodError': <clinit>> (0x00000000d77e1a48) thrown at [C:\re\workspace\8-2-build-windows-amd64-cygwin\jdk8u72\5732\hotspot\src\share\vm\prims\jni.cpp, line 1591]
Event: 7.514 Thread 0x0000000002eed800 Exception <a 'java/lang/NoSuchMethodError': <clinit>> (0x00000000d77eeb70) thrown at [C:\re\workspace\8-2-build-windows-amd64-cygwin\jdk8u72\5732\hotspot\src\share\vm\prims\jni.cpp, line 1591]
Event: 7.515 Thread 0x0000000002eed800 Exception <a 'java/lang/NoSuchMethodError': <clinit>> (0x00000000d77f6cf0) thrown at [C:\re\workspace\8-2-build-windows-amd64-cygwin\jdk8u72\5732\hotspot\src\share\vm\prims\jni.cpp, line 1591]
Event: 7.515 Thread 0x0000000002eed800 Exception <a 'java/lang/NoSuchMethodError': <clinit>> (0x00000000d7800708) thrown at [C:\re\workspace\8-2-build-windows-amd64-cygwin\jdk8u72\5732\hotspot\src\share\vm\prims\jni.cpp, line 1591]
Event: 7.518 Thread 0x0000000002eed800 Exception <a 'java/lang/NoSuchMethodError': <clinit>> (0x00000000d781be90) thrown at [C:\re\workspace\8-2-build-windows-amd64-cygwin\jdk8u72\5732\hotspot\src\share\vm\prims\jni.cpp, line 1591]
Event: 7.565 Thread 0x0000000002eed800 Exception <a 'java/lang/NoSuchMethodError': <clinit>> (0x00000000d78359c8) thrown at [C:\re\workspace\8-2-build-windows-amd64-cygwin\jdk8u72\5732\hotspot\src\share\vm\prims\jni.cpp, line 1591]
Event: 7.566 Thread 0x0000000002eed800 Exception <a 'java/lang/NoSuchMethodError': <clinit>> (0x00000000d783f6d8) thrown at [C:\re\workspace\8-2-build-windows-amd64-cygwin\jdk8u72\5732\hotspot\src\share\vm\prims\jni.cpp, line 1591]

Events (10 events):
Event: 8.897 Executing VM operation: Deoptimize
Event: 8.897 Executing VM operation: Deoptimize done
Event: 20.974 loading class org/gradle/internal/logging/events/StyledTextOutputEvent$Span
Event: 20.974 loading class org/gradle/internal/logging/events/StyledTextOutputEvent$Span done
Event: 20.975 loading class java/util/Collections$SingletonList
Event: 20.975 loading class java/util/Collections$SingletonList done
Event: 21.034 loading class org/fusesource/jansi/Ansi$Color
Event: 21.034 loading class org/fusesource/jansi/Ansi$Color done
Event: 21.034 loading class org/gradle/internal/logging/console/DefaultColorMap$ForegroundColor
Event: 21.034 loading class org/gradle/internal/logging/console/DefaultColorMap$ForegroundColor done


Dynamic libraries:
0x00007ff625960000 - 0x00007ff625997000 	C:\Program Files\Java\jdk1.8.0_72\bin\java.exe
0x00007ffa2ad70000 - 0x00007ffa2af31000 	C:\WINDOWS\SYSTEM32\ntdll.dll
0x00007ffa29080000 - 0x00007ffa2912d000 	C:\WINDOWS\system32\KERNEL32.DLL
0x00007ffa27a70000 - 0x00007ffa27c58000 	C:\WINDOWS\system32\KERNELBASE.dll
0x00007ffa28ea0000 - 0x00007ffa28f47000 	C:\WINDOWS\system32\ADVAPI32.dll
0x00007ffa28ae0000 - 0x00007ffa28b7d000 	C:\WINDOWS\system32\msvcrt.dll
0x00007ffa292e0000 - 0x00007ffa2933b000 	C:\WINDOWS\system32\sechost.dll
0x00007ffa28f60000 - 0x00007ffa2907c000 	C:\WINDOWS\system32\RPCRT4.dll
0x00007ffa286f0000 - 0x00007ffa28846000 	C:\WINDOWS\system32\USER32.dll
0x00007ffa29680000 - 0x00007ffa29806000 	C:\WINDOWS\system32\GDI32.dll
0x00007ffa22af0000 - 0x00007ffa22d64000 	C:\WINDOWS\WinSxS\amd64_microsoft.windows.common-controls_6595b64144ccf1df_6.0.10586.494_none_a2d8b04ea53e3145\COMCTL32.dll
0x00007ffa28b90000 - 0x00007ffa28e0d000 	C:\WINDOWS\system32\combase.dll
0x00007ffa27c60000 - 0x00007ffa27cca000 	C:\WINDOWS\system32\bcryptPrimitives.dll
0x00007ffa28960000 - 0x00007ffa2899b000 	C:\WINDOWS\system32\IMM32.DLL
0x000000006c8e0000 - 0x000000006c9b2000 	C:\Program Files\Java\jdk1.8.0_72\jre\bin\msvcr100.dll
0x000000006b3f0000 - 0x000000006bc80000 	C:\Program Files\Java\jdk1.8.0_72\jre\bin\server\jvm.dll
0x00007ffa29670000 - 0x00007ffa29678000 	C:\WINDOWS\system32\PSAPI.DLL
0x00007ffa25580000 - 0x00007ffa255a3000 	C:\WINDOWS\SYSTEM32\WINMM.dll
0x00007ffa1aee0000 - 0x00007ffa1aeea000 	C:\WINDOWS\SYSTEM32\VERSION.dll
0x00007ffa1c270000 - 0x00007ffa1c279000 	C:\WINDOWS\SYSTEM32\WSOCK32.dll
0x00000000010c0000 - 0x00000000010ec000 	C:\WINDOWS\SYSTEM32\WINMMBASE.dll
0x00007ffa28e30000 - 0x00007ffa28e9b000 	C:\WINDOWS\system32\WS2_32.dll
0x00007ffa27fd0000 - 0x00007ffa28013000 	C:\WINDOWS\system32\cfgmgr32.dll
0x000000006cd10000 - 0x000000006cd1f000 	C:\Program Files\Java\jdk1.8.0_72\jre\bin\verify.dll
0x000000006cce0000 - 0x000000006cd09000 	C:\Program Files\Java\jdk1.8.0_72\jre\bin\java.dll
0x000000006ccc0000 - 0x000000006ccd6000 	C:\Program Files\Java\jdk1.8.0_72\jre\bin\zip.dll
0x00007ffa29810000 - 0x00007ffa2ad6c000 	C:\WINDOWS\system32\SHELL32.dll
0x00007ffa27420000 - 0x00007ffa27a65000 	C:\WINDOWS\system32\windows.storage.dll
0x00007ffa29610000 - 0x00007ffa29662000 	C:\WINDOWS\system32\shlwapi.dll
0x00007ffa27400000 - 0x00007ffa2740f000 	C:\WINDOWS\system32\kernel.appcore.dll
0x00007ffa28020000 - 0x00007ffa280d5000 	C:\WINDOWS\system32\shcore.dll
0x00007ffa27390000 - 0x00007ffa273db000 	C:\WINDOWS\system32\powrprof.dll
0x00007ffa273e0000 - 0x00007ffa273f4000 	C:\WINDOWS\system32\profapi.dll
0x000000006cca0000 - 0x000000006ccba000 	C:\Program Files\Java\jdk1.8.0_72\jre\bin\net.dll
0x00007ffa26c30000 - 0x00007ffa26c8c000 	C:\WINDOWS\system32\mswsock.dll
0x000000006cc80000 - 0x000000006cc91000 	C:\Program Files\Java\jdk1.8.0_72\jre\bin\nio.dll
0x00007ffa1bae0000 - 0x00007ffa1baf2000 	C:\Users\yuandl\.gradle\native\19\windows-amd64\native-platform.dll
0x0000000180000000 - 0x0000000180037000 	C:\Users\yuandl\.gradle\native\jna\win32-amd64\jnidispatch.dll
0x00007ffa26ce0000 - 0x00007ffa26cf7000 	C:\WINDOWS\SYSTEM32\CRYPTSP.dll
0x00007ffa26970000 - 0x00007ffa269a4000 	C:\WINDOWS\system32\rsaenh.dll
0x00007ffa272d0000 - 0x00007ffa272f9000 	C:\WINDOWS\SYSTEM32\bcrypt.dll
0x00007ffa26ac0000 - 0x00007ffa26adf000 	C:\WINDOWS\SYSTEM32\USERENV.dll
0x00007ffa26e00000 - 0x00007ffa26e0b000 	C:\WINDOWS\SYSTEM32\CRYPTBASE.dll
0x00007ffa24b20000 - 0x00007ffa24b58000 	C:\WINDOWS\SYSTEM32\IPHLPAPI.DLL
0x00007ffa28b80000 - 0x00007ffa28b88000 	C:\WINDOWS\system32\NSI.dll
0x00007ffa24620000 - 0x00007ffa24636000 	C:\WINDOWS\SYSTEM32\dhcpcsvc6.DLL
0x00007ffa24590000 - 0x00007ffa245aa000 	C:\WINDOWS\SYSTEM32\dhcpcsvc.DLL
0x000000006cc70000 - 0x000000006cc7d000 	C:\Program Files\Java\jdk1.8.0_72\jre\bin\management.dll

VM Arguments:
jvm_args: -Dorg.gradle.appname=gradlew 
java_command: org.gradle.wrapper.GradleWrapperMain install
java_class_path (initial): E:\kejiang\git\GitHub\AndroidFastDevFrame\\gradle\wrapper\gradle-wrapper.jar
Launcher Type: SUN_STANDARD

Environment Variables:
JAVA_HOME=C:\Program Files\Java\jdk1.8.0_72
CLASSPATH=E:\kejiang\git\GitHub\AndroidFastDevFrame\\gradle\wrapper\gradle-wrapper.jar
PATH=E:\kejiang\Android\sdk\platform-tools;C:\ProgramData\Oracle\Java\javapath;C:\Program Files (x86)\Common Files\NetSarang;C:\Windows\system32;C:\Windows;C:\Windows\System32\Wbem;C:\Windows\System32\WindowsPowerShell\v1.0\;C:\Program Files\Java\jdk1.7.0_60\bin;C:\Program Files\Java\jdk1.7.0_60\jre\bin;D:\Program Files\MySQL\MySQL Server 5.5\bin;E:\Framework\play\play-2.2.6;D:\Software\apache-maven-3.3.1\bin;C:\WINDOWS\system32;C:\WINDOWS;C:\WINDOWS\System32\Wbem;C:\WINDOWS\System32\WindowsPowerShell\v1.0\;C:\Program Files\TortoiseSVN\bin;C:\Program Files\Git\cmd;C:\Program Files\TortoiseGit\bin;C:\Program Files\MySQL\MySQL Utilities 1.6\
USERNAME=yuandl
OS=Windows_NT
PROCESSOR_IDENTIFIER=Intel64 Family 6 Model 60 Stepping 3, GenuineIntel



---------------  S Y S T E M  ---------------

OS: Windows 10.0 , 64 bit Build 10586 (10.0.10586.0)

CPU:total 4 (2 cores per cpu, 2 threads per core) family 6 model 60 stepping 3, cmov, cx8, fxsr, mmx, sse, sse2, sse3, ssse3, sse4.1, sse4.2, popcnt, avx, avx2, aes, clmul, erms, lzcnt, ht, tsc, tscinvbit, bmi1, bmi2

Memory: 4k page, physical 8305276k(1077136k free), swap 8305276k(5332k free)

vm_info: Java HotSpot(TM) 64-Bit Server VM (25.72-b15) for windows-amd64 JRE (1.8.0_72-b15), built on Dec 22 2015 19:16:16 by "java_re" with MS VC++ 10.0 (VS2010)

time: Tue Dec 06 11:30:37 2016
elapsed time: 33 seconds (0d 0h 0m 33s)

