#
# There is insufficient memory for the Java Runtime Environment to continue.
# Native memory allocation (malloc) failed to allocate 1658960 bytes for Chunk::new
# Possible reasons:
#   The system is out of physical RAM or swap space
#   In 32 bit mode, the process size limit was hit
# Possible solutions:
#   Reduce memory load on the system
#   Increase physical memory or swap space
#   Check if swap backing store is full
#   Use 64 bit Java on a 64 bit OS
#   Decrease Java heap size (-Xmx/-Xms)
#   Decrease number of Java threads
#   Decrease Java thread stack sizes (-Xss)
#   Set larger code cache with -XX:ReservedCodeCacheSize=
# This output file may be truncated or incomplete.
#
#  Out of Memory Error (allocation.cpp:390), pid=35816, tid=34448
#
# JRE version: Java(TM) SE Runtime Environment (8.0_72-b15) (build 1.8.0_72-b15)
# Java VM: Java HotSpot(TM) 64-Bit Server VM (25.72-b15 mixed mode windows-amd64 compressed oops)
# Failed to write core dump. Minidumps are not enabled by default on client versions of Windows
#

---------------  T H R E A D  ---------------

Current thread (0x0000000017eed800):  JavaThread "C2 CompilerThread0" daemon [_thread_in_native, id=34448, stack(0x00000000193f0000,0x00000000194f0000)]

Stack: [0x00000000193f0000,0x00000000194f0000]
[error occurred during error reporting (printing stack bounds), id 0xc0000005]

Native frames: (J=compiled Java code, j=interpreted, Vv=VM code, C=native code)


Current CompileTask:
C2:  28955 6906   !   4       java.net.URLClassLoader$1::run (63 bytes)


---------------  P R O C E S S  ---------------

Java Threads: ( => current thread )
  0x0000000019e86000 JavaThread "pool-2-thread-1" [_thread_blocked, id=34784, stack(0x000000001f9f0000,0x000000001faf0000)]
  0x0000000019e88800 JavaThread "File lock request listener" [_thread_in_native, id=35572, stack(0x000000001f8f0000,0x000000001f9f0000)]
  0x000000001acd7000 JavaThread "Stdin handler" [_thread_blocked, id=31136, stack(0x000000001c080000,0x000000001c180000)]
  0x000000001acd6000 JavaThread "Asynchronous log dispatcher for org.gradle.launcher.daemon.server.DefaultDaemonConnection@51e73f21" [_thread_blocked, id=33232, stack(0x000000001bf80000,0x000000001c080000)]
  0x000000001acf0800 JavaThread "Daemon worker" [_thread_in_native, id=33228, stack(0x000000001bc80000,0x000000001bd80000)]
  0x000000001accd000 JavaThread "Cancel handler" [_thread_blocked, id=35444, stack(0x000000001bb80000,0x000000001bc80000)]
  0x000000001acc0800 JavaThread "Handler for socket connection from /127.0.0.1:52020 to /127.0.0.1:52024" [_thread_in_native, id=35436, stack(0x000000001ba80000,0x000000001bb80000)]
  0x000000001a9e3000 JavaThread "Daemon" [_thread_blocked, id=27408, stack(0x000000001b980000,0x000000001ba80000)]
  0x000000001a7d7000 JavaThread "Incoming local TCP Connector on port 52020" [_thread_in_native, id=33560, stack(0x000000001b680000,0x000000001b780000)]
  0x000000001aa48000 JavaThread "pool-1-thread-1" [_thread_blocked, id=34140, stack(0x000000001a4f0000,0x000000001a5f0000)]
  0x0000000019594000 JavaThread "Service Thread" daemon [_thread_blocked, id=32140, stack(0x0000000019af0000,0x0000000019bf0000)]
  0x00000000194f8000 JavaThread "C1 CompilerThread2" daemon [_thread_blocked, id=33748, stack(0x00000000199f0000,0x0000000019af0000)]
  0x00000000194f2000 JavaThread "C2 CompilerThread1" daemon [_thread_in_native, id=32552, stack(0x00000000198f0000,0x00000000199f0000)]
=>0x0000000017eed800 JavaThread "C2 CompilerThread0" daemon [_thread_in_native, id=34448, stack(0x00000000193f0000,0x00000000194f0000)]
  0x0000000017eec000 JavaThread "Attach Listener" daemon [_thread_blocked, id=24236, stack(0x00000000192f0000,0x00000000193f0000)]
  0x0000000017eeb800 JavaThread "Signal Dispatcher" daemon [_thread_blocked, id=33828, stack(0x00000000191f0000,0x00000000192f0000)]
  0x000000000326c800 JavaThread "Finalizer" daemon [_thread_blocked, id=35424, stack(0x00000000190f0000,0x00000000191f0000)]
  0x0000000003262000 JavaThread "Reference Handler" daemon [_thread_blocked, id=35388, stack(0x0000000018ff0000,0x00000000190f0000)]
  0x0000000003172800 JavaThread "main" [_thread_blocked, id=35152, stack(0x0000000003070000,0x0000000003170000)]

Other Threads:
  0x0000000017e58000 VMThread [stack: 0x0000000018ef0000,0x0000000018ff0000] [id=35332]
  0x00000000195bc800 WatcherThread [stack: 0x0000000019bf0000,0x0000000019cf0000] [id=34880]

VM state:not at safepoint (normal execution)

VM Mutex/Monitor currently owned by a thread: None

Heap:
 PSYoungGen      total 186368K, used 60027K [0x00000000d5580000, 0x00000000e1a80000, 0x0000000100000000)
  eden space 172544K, 26% used [0x00000000d5580000,0x00000000d82a6708,0x00000000dfe00000)
  from space 13824K, 99% used [0x00000000dfe00000,0x00000000e0b786c8,0x00000000e0b80000)
  to   space 13312K, 0% used [0x00000000e0b80000,0x00000000e0b80000,0x00000000e1880000)
 ParOldGen       total 116736K, used 28081K [0x0000000080000000, 0x0000000087200000, 0x00000000d5580000)
  object space 116736K, 24% used [0x0000000080000000,0x0000000081b6c700,0x0000000087200000)
 Metaspace       used 52499K, capacity 54002K, committed 54016K, reserved 1095680K
  class space    used 7021K, capacity 7414K, committed 7424K, reserved 1048576K

Card table byte_map: [0x0000000012630000,0x0000000012a40000] byte_map_base: 0x0000000012230000

Marking Bits: (ParMarkBitMap*) 0x00000000641b0600
 Begin Bits: [0x00000000130f0000, 0x00000000150f0000)
 End Bits:   [0x00000000150f0000, 0x00000000170f0000)

Polling page: 0x0000000000fe0000

CodeCache: size=245760Kb used=22689Kb max_used=22905Kb free=223070Kb
 bounds [0x0000000003270000, 0x0000000004930000, 0x0000000012270000]
 total_blobs=7118 nmethods=6384 adapters=644
 compilation: enabled

Compilation events (10 events):
Event: 28.924 Thread 0x00000000194f8000 7164       2       java.lang.CharacterDataLatin1::isOtherLowercase (18 bytes)
Event: 28.924 Thread 0x00000000194f8000 nmethod 7164 0x000000000416e410 code [0x000000000416e560, 0x000000000416e6f0]
Event: 28.929 Thread 0x00000000194f8000 7165       2       org.codehaus.groovy.util.ManagedLinkedList::add (55 bytes)
Event: 28.929 Thread 0x00000000194f8000 nmethod 7165 0x000000000416de50 code [0x000000000416dfc0, 0x000000000416e288]
Event: 28.929 Thread 0x00000000194f8000 7166       2       org.codehaus.groovy.util.ManagedLinkedList$Element::<init> (12 bytes)
Event: 28.929 Thread 0x00000000194f8000 nmethod 7166 0x000000000416da50 code [0x000000000416dbc0, 0x000000000416dd48]
Event: 28.933 Thread 0x00000000194f8000 7168       2       org.codehaus.groovy.reflection.CachedClass$8::initValue (127 bytes)
Event: 28.934 Thread 0x00000000194f8000 nmethod 7168 0x000000000339ac50 code [0x000000000339aec0, 0x000000000339b578]
Event: 28.934 Thread 0x00000000194f8000 7167       2       org.codehaus.groovy.reflection.CachedClass$8::initValue (5 bytes)
Event: 28.934 Thread 0x00000000194f8000 nmethod 7167 0x000000000339a8d0 code [0x000000000339aa40, 0x000000000339aba8]

GC Heap History (10 events):
Event: 19.394 GC heap before
{Heap before GC invocations=7 (full 1):
 PSYoungGen      total 120832K, used 59105K [0x00000000d5580000, 0x00000000de080000, 0x0000000100000000)
  eden space 115712K, 46% used [0x00000000d5580000,0x00000000d8a3b5d0,0x00000000dc680000)
  from space 5120K, 99% used [0x00000000dd780000,0x00000000ddc7d020,0x00000000ddc80000)
  to   space 4096K, 0% used [0x00000000ddc80000,0x00000000ddc80000,0x00000000de080000)
 ParOldGen       total 74752K, used 19398K [0x0000000080000000, 0x0000000084900000, 0x00000000d5580000)
  object space 74752K, 25% used [0x0000000080000000,0x00000000812f1b08,0x0000000084900000)
 Metaspace       used 34810K, capacity 35272K, committed 35496K, reserved 1079296K
  class space    used 4707K, capacity 4837K, committed 4864K, reserved 1048576K
Event: 19.406 GC heap after
Heap after GC invocations=7 (full 1):
 PSYoungGen      total 129024K, used 4071K [0x00000000d5580000, 0x00000000e0600000, 0x0000000100000000)
  eden space 124928K, 0% used [0x00000000d5580000,0x00000000d5580000,0x00000000dcf80000)
  from space 4096K, 99% used [0x00000000ddc80000,0x00000000de079cb0,0x00000000de080000)
  to   space 13312K, 0% used [0x00000000dcf80000,0x00000000dcf80000,0x00000000ddc80000)
 ParOldGen       total 74752K, used 25467K [0x0000000080000000, 0x0000000084900000, 0x00000000d5580000)
  object space 74752K, 34% used [0x0000000080000000,0x00000000818defc0,0x0000000084900000)
 Metaspace       used 34810K, capacity 35272K, committed 35496K, reserved 1079296K
  class space    used 4707K, capacity 4837K, committed 4864K, reserved 1048576K
}
Event: 19.406 GC heap before
{Heap before GC invocations=8 (full 2):
 PSYoungGen      total 129024K, used 4071K [0x00000000d5580000, 0x00000000e0600000, 0x0000000100000000)
  eden space 124928K, 0% used [0x00000000d5580000,0x00000000d5580000,0x00000000dcf80000)
  from space 4096K, 99% used [0x00000000ddc80000,0x00000000de079cb0,0x00000000de080000)
  to   space 13312K, 0% used [0x00000000dcf80000,0x00000000dcf80000,0x00000000ddc80000)
 ParOldGen       total 74752K, used 25467K [0x0000000080000000, 0x0000000084900000, 0x00000000d5580000)
  object space 74752K, 34% used [0x0000000080000000,0x00000000818defc0,0x0000000084900000)
 Metaspace       used 34810K, capacity 35272K, committed 35496K, reserved 1079296K
  class space    used 4707K, capacity 4837K, committed 4864K, reserved 1048576K
Event: 19.507 GC heap after
Heap after GC invocations=8 (full 2):
 PSYoungGen      total 129024K, used 0K [0x00000000d5580000, 0x00000000e0600000, 0x0000000100000000)
  eden space 124928K, 0% used [0x00000000d5580000,0x00000000d5580000,0x00000000dcf80000)
  from space 4096K, 0% used [0x00000000ddc80000,0x00000000ddc80000,0x00000000de080000)
  to   space 13312K, 0% used [0x00000000dcf80000,0x00000000dcf80000,0x00000000ddc80000)
 ParOldGen       total 116736K, used 20658K [0x0000000080000000, 0x0000000087200000, 0x00000000d5580000)
  object space 116736K, 17% used [0x0000000080000000,0x000000008142c860,0x0000000087200000)
 Metaspace       used 34810K, capacity 35272K, committed 35496K, reserved 1079296K
  class space    used 4707K, capacity 4837K, committed 4864K, reserved 1048576K
}
Event: 22.508 GC heap before
{Heap before GC invocations=9 (full 2):
 PSYoungGen      total 129024K, used 124928K [0x00000000d5580000, 0x00000000e0600000, 0x0000000100000000)
  eden space 124928K, 100% used [0x00000000d5580000,0x00000000dcf80000,0x00000000dcf80000)
  from space 4096K, 0% used [0x00000000ddc80000,0x00000000ddc80000,0x00000000de080000)
  to   space 13312K, 0% used [0x00000000dcf80000,0x00000000dcf80000,0x00000000ddc80000)
 ParOldGen       total 116736K, used 20658K [0x0000000080000000, 0x0000000087200000, 0x00000000d5580000)
  object space 116736K, 17% used [0x0000000080000000,0x000000008142c860,0x0000000087200000)
 Metaspace       used 41451K, capacity 42224K, committed 42496K, reserved 1085440K
  class space    used 5582K, capacity 5818K, committed 5888K, reserved 1048576K
Event: 22.520 GC heap after
Heap after GC invocations=9 (full 2):
 PSYoungGen      total 138240K, used 9715K [0x00000000d5580000, 0x00000000e1880000, 0x0000000100000000)
  eden space 124928K, 0% used [0x00000000d5580000,0x00000000d5580000,0x00000000dcf80000)
  from space 13312K, 72% used [0x00000000dcf80000,0x00000000dd8fced0,0x00000000ddc80000)
  to   space 13312K, 0% used [0x00000000e0b80000,0x00000000e0b80000,0x00000000e1880000)
 ParOldGen       total 116736K, used 20666K [0x0000000080000000, 0x0000000087200000, 0x00000000d5580000)
  object space 116736K, 17% used [0x0000000080000000,0x000000008142e860,0x0000000087200000)
 Metaspace       used 41451K, capacity 42224K, committed 42496K, reserved 1085440K
  class space    used 5582K, capacity 5818K, committed 5888K, reserved 1048576K
}
Event: 23.435 GC heap before
{Heap before GC invocations=10 (full 2):
 PSYoungGen      total 138240K, used 134643K [0x00000000d5580000, 0x00000000e1880000, 0x0000000100000000)
  eden space 124928K, 100% used [0x00000000d5580000,0x00000000dcf80000,0x00000000dcf80000)
  from space 13312K, 72% used [0x00000000dcf80000,0x00000000dd8fced0,0x00000000ddc80000)
  to   space 13312K, 0% used [0x00000000e0b80000,0x00000000e0b80000,0x00000000e1880000)
 ParOldGen       total 116736K, used 20666K [0x0000000080000000, 0x0000000087200000, 0x00000000d5580000)
  object space 116736K, 17% used [0x0000000080000000,0x000000008142e860,0x0000000087200000)
 Metaspace       used 41748K, capacity 42512K, committed 42752K, reserved 1085440K
  class space    used 5597K, capacity 5822K, committed 5888K, reserved 1048576K
Event: 23.443 GC heap after
Heap after GC invocations=10 (full 2):
 PSYoungGen      total 185856K, used 10393K [0x00000000d5580000, 0x00000000e1a80000, 0x0000000100000000)
  eden space 172544K, 0% used [0x00000000d5580000,0x00000000d5580000,0x00000000dfe00000)
  from space 13312K, 78% used [0x00000000e0b80000,0x00000000e15a65f8,0x00000000e1880000)
  to   space 13824K, 0% used [0x00000000dfe00000,0x00000000dfe00000,0x00000000e0b80000)
 ParOldGen       total 116736K, used 20738K [0x0000000080000000, 0x0000000087200000, 0x00000000d5580000)
  object space 116736K, 17% used [0x0000000080000000,0x0000000081440870,0x0000000087200000)
 Metaspace       used 41748K, capacity 42512K, committed 42752K, reserved 1085440K
  class space    used 5597K, capacity 5822K, committed 5888K, reserved 1048576K
}
Event: 28.564 GC heap before
{Heap before GC invocations=11 (full 2):
 PSYoungGen      total 185856K, used 182937K [0x00000000d5580000, 0x00000000e1a80000, 0x0000000100000000)
  eden space 172544K, 100% used [0x00000000d5580000,0x00000000dfe00000,0x00000000dfe00000)
  from space 13312K, 78% used [0x00000000e0b80000,0x00000000e15a65f8,0x00000000e1880000)
  to   space 13824K, 0% used [0x00000000dfe00000,0x00000000dfe00000,0x00000000e0b80000)
 ParOldGen       total 116736K, used 20738K [0x0000000080000000, 0x0000000087200000, 0x00000000d5580000)
  object space 116736K, 17% used [0x0000000080000000,0x0000000081440870,0x0000000087200000)
 Metaspace       used 51559K, capacity 52836K, committed 53120K, reserved 1095680K
  class space    used 6897K, capacity 7262K, committed 7296K, reserved 1048576K
Event: 28.582 GC heap after
Heap after GC invocations=11 (full 2):
 PSYoungGen      total 186368K, used 13793K [0x00000000d5580000, 0x00000000e1a80000, 0x0000000100000000)
  eden space 172544K, 0% used [0x00000000d5580000,0x00000000d5580000,0x00000000dfe00000)
  from space 13824K, 99% used [0x00000000dfe00000,0x00000000e0b786c8,0x00000000e0b80000)
  to   space 13312K, 0% used [0x00000000e0b80000,0x00000000e0b80000,0x00000000e1880000)
 ParOldGen       total 116736K, used 28081K [0x0000000080000000, 0x0000000087200000, 0x00000000d5580000)
  object space 116736K, 24% used [0x0000000080000000,0x0000000081b6c700,0x0000000087200000)
 Metaspace       used 51559K, capacity 52836K, committed 53120K, reserved 1095680K
  class space    used 6897K, capacity 7262K, committed 7296K, reserved 1048576K
}

Deoptimization events (10 events):
Event: 28.248 Thread 0x000000001acf0800 Uncommon trap: reason=unstable_if action=reinterpret pc=0x0000000003d382b0 method=groovy.lang.MetaClassImpl$1MOPIter.methodNameAction(Ljava/lang/Class;Lorg/codehaus/groovy/runtime/metaclass/MetaMethodIndex$Entry;)V @ 259
Event: 28.334 Thread 0x000000001acf0800 Uncommon trap: reason=unstable_if action=reinterpret pc=0x0000000003b78bc8 method=org.codehaus.groovy.runtime.metaclass.MetaMethodIndex.copyNonPrivateNonNewMetaMethods(Lorg/codehaus/groovy/runtime/metaclass/MetaMethodIndex$Entry;Lorg/codehaus/groovy/runtimfþhhˆU<@
Event: 28.334 Thread 0x000000001acf0800 Uncommon trap: reason=unstable_if action=reinterpret pc=0x0000000004648780 method=groovy.lang.MetaClassImpl$2.methodNameAction(Ljava/lang/Class;Lorg/codehaus/groovy/runtime/metaclass/MetaMethodIndex$Entry;)V @ 68
Event: 28.365 Thread 0x000000001acf0800 Uncommon trap: reason=unstable_if action=reinterpret pc=0x0000000003785d2c method=sun.nio.cs.UTF_8$Decoder.decodeArrayLoop(Ljava/nio/ByteBuffer;Ljava/nio/CharBuffer;)Ljava/nio/charset/CoderResult; @ 84
Event: 28.445 Thread 0x000000001acf0800 Uncommon trap: reason=predicate action=maybe_recompile pc=0x000000000348c230 method=groovyjarjarantlr.InputBuffer.syncConsume()V @ 7
Event: 28.471 Thread 0x000000001acf0800 Uncommon trap: reason=unstable_if action=reinterpret pc=0x0000000003766fbc method=java.io.StringReader.read()I @ 19
Event: 28.814 Thread 0x000000001acf0800 Uncommon trap: reason=unstable_if action=reinterpret pc=0x0000000003c69bcc method=java.util.concurrent.ConcurrentHashMap.get(Ljava/lang/Object;)Ljava/lang/Object; @ 76
Event: 28.814 Thread 0x000000001acf0800 Uncommon trap: reason=class_check action=maybe_recompile pc=0x0000000003da4554 method=java.util.concurrent.ConcurrentHashMap.putVal(Ljava/lang/Object;Ljava/lang/Object;Z)Ljava/lang/Object; @ 192
Event: 28.845 Thread 0x000000001acf0800 Uncommon trap: reason=predicate action=maybe_recompile pc=0x0000000003d0c6b8 method=java.util.Arrays.binarySearch0([Ljava/lang/Object;IILjava/lang/Object;Ljava/util/Comparator;)I @ 28
Event: 28.933 Thread 0x000000001acf0800 Uncommon trap: reason=bimorphic action=maybe_recompile pc=0x00000000035e7404 method=java.util.LinkedHashMap.afterNodeInsertion(Z)V @ 15

Internal exceptions (10 events):
Event: 28.917 Thread 0x000000001acf0800 Exception <a 'java/lang/ClassNotFoundException': java/util/LinkedHashMapCustomizer> (0x00000000d799b798) thrown at [C:\re\workspace\8-2-build-windows-amd64-cygwin\jdk8u72\5732\hotspot\src\share\vm\classfile\systemDictionary.cpp, line 210]
Event: 28.918 Thread 0x000000001acf0800 Exception <a 'java/lang/ClassNotFoundException': org/gradle/BuildAdapterBeanInfo> (0x00000000d79e0de8) thrown at [C:\re\workspace\8-2-build-windows-amd64-cygwin\jdk8u72\5732\hotspot\src\share\vm\classfile\systemDictionary.cpp, line 210]
Event: 28.919 Thread 0x000000001acf0800 Exception <a 'java/lang/ClassNotFoundException': org/gradle/BuildAdapterCustomizer> (0x00000000d7a01488) thrown at [C:\re\workspace\8-2-build-windows-amd64-cygwin\jdk8u72\5732\hotspot\src\share\vm\classfile\systemDictionary.cpp, line 210]
Event: 28.920 Thread 0x000000001acf0800 Exception <a 'java/lang/ClassNotFoundException': org/gradle/BuildListenerBeanInfo> (0x00000000d7a31d40) thrown at [C:\re\workspace\8-2-build-windows-amd64-cygwin\jdk8u72\5732\hotspot\src\share\vm\classfile\systemDictionary.cpp, line 210]
Event: 28.921 Thread 0x000000001acf0800 Exception <a 'java/lang/ClassNotFoundException': org/gradle/BuildListenerCustomizer> (0x00000000d7a523a8) thrown at [C:\re\workspace\8-2-build-windows-amd64-cygwin\jdk8u72\5732\hotspot\src\share\vm\classfile\systemDictionary.cpp, line 210]
Event: 28.927 Thread 0x000000001acf0800 Exception <a 'java/lang/ClassNotFoundException': groovy/util/ProxyGeneratorBeanInfo> (0x00000000d7ab4750) thrown at [C:\re\workspace\8-2-build-windows-amd64-cygwin\jdk8u72\5732\hotspot\src\share\vm\classfile\systemDictionary.cpp, line 210]
Event: 28.927 Thread 0x000000001acf0800 Exception <a 'java/lang/ClassNotFoundException': groovy/util/ProxyGeneratorCustomizer> (0x00000000d7ad6348) thrown at [C:\re\workspace\8-2-build-windows-amd64-cygwin\jdk8u72\5732\hotspot\src\share\vm\classfile\systemDictionary.cpp, line 210]
Event: 28.935 Thread 0x000000001acf0800 Exception <a 'java/lang/ClassNotFoundException': org/gradle/invocation/DefaultGradle_DecoratedBeanInfo> (0x00000000d7bc3118) thrown at [C:\re\workspace\8-2-build-windows-amd64-cygwin\jdk8u72\5732\hotspot\src\share\vm\classfile\systemDictionary.cpp, line 21
Event: 28.935 Thread 0x000000001acf0800 Exception <a 'java/lang/ClassNotFoundException': org/gradle/invocation/DefaultGradleBeanInfo> (0x00000000d7be8bc0) thrown at [C:\re\workspace\8-2-build-windows-amd64-cygwin\jdk8u72\5732\hotspot\src\share\vm\classfile\systemDictionary.cpp, line 210]
Event: 28.935 Thread 0x000000001acf0800 Exception <a 'java/lang/ClassNotFoundException': org/gradle/invocation/DefaultGradleCustomizer> (0x00000000d7c0ec90) thrown at [C:\re\workspace\8-2-build-windows-amd64-cygwin\jdk8u72\5732\hotspot\src\share\vm\classfile\systemDictionary.cpp, line 210]

Events (10 events):
Event: 28.935 loading class org/gradle/invocation/DefaultGradleBeanInfo
Event: 28.935 loading class org/gradle/invocation/DefaultGradleBeanInfo done
Event: 28.935 loading class org/gradle/invocation/DefaultGradleCustomizer
Event: 28.935 loading class org/gradle/invocation/DefaultGradleCustomizer done
Event: 28.935 loading class org/gradle/invocation/DefaultGradleCustomizer
Event: 28.935 loading class org/gradle/invocation/DefaultGradleCustomizer done
Event: 28.935 loading class org/gradle/invocation/DefaultGradleCustomizer
Event: 28.935 loading class org/gradle/invocation/DefaultGradleCustomizer done
Event: 28.935 loading class org/gradle/invocation/DefaultGradleCustomizer
Event: 28.935 loading class org/gradle/invocation/DefaultGradleCustomizer done


Dynamic libraries:
0x00007ff784620000 - 0x00007ff784657000 	C:\Program Files\Java\jdk1.8.0_72\bin\java.exe
0x00007ffdefb30000 - 0x00007ffdefcf1000 	C:\WINDOWS\SYSTEM32\ntdll.dll
0x00007ffdef9e0000 - 0x00007ffdefa8d000 	C:\WINDOWS\system32\KERNEL32.DLL
0x00007ffdec4b0000 - 0x00007ffdec698000 	C:\WINDOWS\system32\KERNELBASE.dll
0x00007ffded7a0000 - 0x00007ffded847000 	C:\WINDOWS\system32\ADVAPI32.dll
0x00007ffdedc80000 - 0x00007ffdedd1d000 	C:\WINDOWS\system32\msvcrt.dll
0x00007ffdef4b0000 - 0x00007ffdef50b000 	C:\WINDOWS\system32\sechost.dll
0x00007ffdecfe0000 - 0x00007ffded0fc000 	C:\WINDOWS\system32\RPCRT4.dll
0x00007ffdef510000 - 0x00007ffdef666000 	C:\WINDOWS\system32\USER32.dll
0x00007ffdef670000 - 0x00007ffdef7f6000 	C:\WINDOWS\system32\GDI32.dll
0x00007ffde4910000 - 0x00007ffde4b84000 	C:\WINDOWS\WinSxS\amd64_microsoft.windows.common-controls_6595b64144ccf1df_6.0.10586.672_none_a2d6b3cea53ff843\COMCTL32.dll
0x00007ffded110000 - 0x00007ffded38d000 	C:\WINDOWS\system32\combase.dll
0x00007ffdece00000 - 0x00007ffdece6a000 	C:\WINDOWS\system32\bcryptPrimitives.dll
0x00007ffdefaf0000 - 0x00007ffdefb2b000 	C:\WINDOWS\system32\IMM32.DLL
0x0000000064e90000 - 0x0000000064f62000 	C:\Program Files\Java\jdk1.8.0_72\jre\bin\msvcr100.dll
0x00000000639a0000 - 0x0000000064230000 	C:\Program Files\Java\jdk1.8.0_72\jre\bin\server\jvm.dll
0x00007ffded390000 - 0x00007ffded398000 	C:\WINDOWS\system32\PSAPI.DLL
0x00007ffddfe70000 - 0x00007ffddfe7a000 	C:\WINDOWS\SYSTEM32\VERSION.dll
0x00007ffdea370000 - 0x00007ffdea393000 	C:\WINDOWS\SYSTEM32\WINMM.dll
0x00007ffddbb10000 - 0x00007ffddbb19000 	C:\WINDOWS\SYSTEM32\WSOCK32.dll
0x00007ffdea310000 - 0x00007ffdea33c000 	C:\WINDOWS\SYSTEM32\WINMMBASE.dll
0x00007ffdedd20000 - 0x00007ffdedd8b000 	C:\WINDOWS\system32\WS2_32.dll
0x00007ffdec460000 - 0x00007ffdec4a3000 	C:\WINDOWS\system32\cfgmgr32.dll
0x00000000652c0000 - 0x00000000652cf000 	C:\Program Files\Java\jdk1.8.0_72\jre\bin\verify.dll
0x0000000065290000 - 0x00000000652b9000 	C:\Program Files\Java\jdk1.8.0_72\jre\bin\java.dll
0x0000000065270000 - 0x0000000065286000 	C:\Program Files\Java\jdk1.8.0_72\jre\bin\zip.dll
0x00007ffdedf50000 - 0x00007ffdef4ac000 	C:\WINDOWS\system32\SHELL32.dll
0x00007ffdec700000 - 0x00007ffdecd45000 	C:\WINDOWS\system32\windows.storage.dll
0x00007ffdedd90000 - 0x00007ffdedde2000 	C:\WINDOWS\system32\shlwapi.dll
0x00007ffdec170000 - 0x00007ffdec17f000 	C:\WINDOWS\system32\kernel.appcore.dll
0x00007ffdece70000 - 0x00007ffdecf25000 	C:\WINDOWS\system32\shcore.dll
0x00007ffdec190000 - 0x00007ffdec1db000 	C:\WINDOWS\system32\powrprof.dll
0x00007ffdec150000 - 0x00007ffdec164000 	C:\WINDOWS\system32\profapi.dll
0x0000000065250000 - 0x000000006526a000 	C:\Program Files\Java\jdk1.8.0_72\jre\bin\net.dll
0x00007ffdeb9f0000 - 0x00007ffdeba4c000 	C:\WINDOWS\system32\mswsock.dll
0x0000000065230000 - 0x0000000065241000 	C:\Program Files\Java\jdk1.8.0_72\jre\bin\nio.dll
0x00007ffde0910000 - 0x00007ffde0922000 	C:\Users\yuandl\.gradle\native\19\windows-amd64\native-platform.dll
0x00007ffdebaa0000 - 0x00007ffdebab7000 	C:\WINDOWS\SYSTEM32\CRYPTSP.dll
0x00007ffdeb730000 - 0x00007ffdeb764000 	C:\WINDOWS\system32\rsaenh.dll
0x00007ffdec090000 - 0x00007ffdec0b9000 	C:\WINDOWS\SYSTEM32\bcrypt.dll
0x00007ffdeb880000 - 0x00007ffdeb89f000 	C:\WINDOWS\SYSTEM32\USERENV.dll
0x00007ffdebbc0000 - 0x00007ffdebbcb000 	C:\WINDOWS\SYSTEM32\CRYPTBASE.dll
0x00007ffde9610000 - 0x00007ffde9648000 	C:\WINDOWS\SYSTEM32\IPHLPAPI.DLL
0x00007ffdef950000 - 0x00007ffdef958000 	C:\WINDOWS\system32\NSI.dll
0x00007ffde9350000 - 0x00007ffde9366000 	C:\WINDOWS\SYSTEM32\dhcpcsvc6.DLL
0x00007ffde9240000 - 0x00007ffde925a000 	C:\WINDOWS\SYSTEM32\dhcpcsvc.DLL
0x0000000065220000 - 0x000000006522d000 	C:\Program Files\Java\jdk1.8.0_72\jre\bin\management.dll

VM Arguments:
jvm_args: -XX:MaxPermSize=512m -Xmx2048m -Dfile.encoding=GBK -Duser.country=CN -Duser.language=zh -Duser.variant 
java_command: org.gradle.launcher.daemon.bootstrap.GradleDaemon 2.14.1
java_class_path (initial): C:\Users\yuandl\.gradle\wrapper\dists\gradle-2.14.1-all\8bnwg5hd3w55iofp58khbp6yv\gradle-2.14.1\lib\gradle-launcher-2.14.1.jar
Launcher Type: SUN_STANDARD

Environment Variables:
JAVA_HOME=C:\Program Files\Java\jdk1.8.0_72
CLASSPATH=E:\kejiang\git\GitHub\AndroidFastDevFrame\\gradle\wrapper\gradle-wrapper.jar
PATH=D:\oracle\product\10.2.0\client_1\bin;D:\oracle\product\10.2.0\db_1\bin;E:\kejiang\Android\sdk\platform-tools;C:\ProgramData\Oracle\Java\javapath;C:\Program Files (x86)\Common Files\NetSarang;C:\Windows\system32;C:\Windows;C:\Windows\System32\Wbem;C:\Windows\System32\WindowsPowerShell\v1.0\;C:\Program Files\Java\jdk1.7.0_60\bin;C:\Program Files\Java\jdk1.7.0_60\jre\bin;D:\Program Files\MySQL\MySQL Server 5.5\bin;E:\Framework\play\play-2.2.6;D:\Software\apache-maven-3.3.1\bin;C:\WINDOWS\system32;C:\WINDOWS;C:\WINDOWS\System32\Wbem;C:\WINDOWS\System32\WindowsPowerShell\v1.0\;C:\Program Files\TortoiseSVN\bin;C:\Program Files\Git\cmd;C:\Program Files\TortoiseGit\bin;C:\Program Files\MySQL\MySQL Utilities 1.6\
USERNAME=yuandl
OS=Windows_NT
PROCESSOR_IDENTIFIER=Intel64 Family 6 Model 60 Stepping 3, GenuineIntel



---------------  S Y S T E M  ---------------

OS: Windows 10.0 , 64 bit Build 10586 (10.0.10586.589)

CPU:total 4 (2 cores per cpu, 2 threads per core) family 6 model 60 stepping 3, cmov, cx8, fxsr, mmx, sse, sse2, sse3, ssse3, sse4.1, sse4.2, popcnt, avx, avx2, aes, clmul, erms, lzcnt, ht, tsc, tscinvbit, bmi1, bmi2

Memory: 4k page, physical 8305276k(698292k free), swap 8305276k(5688k free)

vm_info: Java HotSpot(TM) 64-Bit Server VM (25.72-b15) for windows-amd64 JRE (1.8.0_72-b15), built on Dec 22 2015 19:16:16 by "java_re" with MS VC++ 10.0 (VS2010)

time: Wed Feb 08 15:03:43 2017
elapsed time: 28 seconds (0d 0h 0m 28s)

