#
# There is insufficient memory for the Java Runtime Environment to continue.
# Native memory allocation (malloc) failed to allocate 1741296 bytes for Chunk::new
# Possible reasons:
#   The system is out of physical RAM or swap space
#   In 32 bit mode, the process size limit was hit
# Possible solutions:
#   Reduce memory load on the system
#   Increase physical memory or swap space
#   Check if swap backing store is full
#   Use 64 bit Java on a 64 bit OS
#   Decrease Java heap size (-Xmx/-Xms)
#   Decrease number of Java threads
#   Decrease Java thread stack sizes (-Xss)
#   Set larger code cache with -XX:ReservedCodeCacheSize=
# This output file may be truncated or incomplete.
#
#  Out of Memory Error (allocation.cpp:390), pid=9988, tid=3616
#
# JRE version: Java(TM) SE Runtime Environment (8.0_72-b15) (build 1.8.0_72-b15)
# Java VM: Java HotSpot(TM) 64-Bit Server VM (25.72-b15 mixed mode windows-amd64 compressed oops)
# Failed to write core dump. Minidumps are not enabled by default on client versions of Windows
#

---------------  T H R E A D  ---------------

Current thread (0x000000001742e800):  JavaThread "C2 CompilerThread0" daemon [_thread_in_native, id=3616, stack(0x0000000018d20000,0x0000000018e20000)]

Stack: [0x0000000018d20000,0x0000000018e20000]
[error occurred during error reporting (printing stack bounds), id 0xc0000005]

Native frames: (J=compiled Java code, j=interpreted, Vv=VM code, C=native code)


Current CompileTask:
C2:  17660 5398       4       com.sun.beans.TypeResolver::resolve (37 bytes)


---------------  P R O C E S S  ---------------

Java Threads: ( => current thread )
  0x000000001fa25800 JavaThread "pool-2-thread-1" [_thread_blocked, id=14612, stack(0x0000000020980000,0x0000000020a80000)]
  0x000000001fa2c000 JavaThread "File lock request listener" [_thread_in_native, id=14112, stack(0x000000001f210000,0x000000001f310000)]
  0x000000001a1d1000 JavaThread "Stdin handler" [_thread_blocked, id=13260, stack(0x000000001b560000,0x000000001b660000)]
  0x000000001a1cc000 JavaThread "Asynchronous log dispatcher for org.gradle.launcher.daemon.server.DefaultDaemonConnection@69e2f1f6" [_thread_blocked, id=15656, stack(0x000000001b460000,0x000000001b560000)]
  0x000000001a1d7000 JavaThread "Daemon worker" [_thread_in_vm, id=14664, stack(0x000000001b160000,0x000000001b260000)]
  0x000000001a09a000 JavaThread "Cancel handler" [_thread_blocked, id=7476, stack(0x000000001b060000,0x000000001b160000)]
  0x000000001a1da000 JavaThread "Handler for socket connection from /127.0.0.1:60418 to /127.0.0.1:60419" [_thread_in_native, id=14628, stack(0x000000001af60000,0x000000001b060000)]
  0x000000001a089800 JavaThread "Daemon" [_thread_blocked, id=4708, stack(0x000000001ae60000,0x000000001af60000)]
  0x0000000019cd9800 JavaThread "Incoming local TCP Connector on port 60418" [_thread_in_native, id=6644, stack(0x000000001ab00000,0x000000001ac00000)]
  0x0000000019fe6800 JavaThread "pool-1-thread-1" [_thread_blocked, id=9812, stack(0x0000000019a20000,0x0000000019b20000)]
  0x00000000189b3000 JavaThread "Service Thread" daemon [_thread_blocked, id=10204, stack(0x0000000019020000,0x0000000019120000)]
  0x000000001892a800 JavaThread "C1 CompilerThread2" daemon [_thread_in_native, id=8896, stack(0x0000000018f20000,0x0000000019020000)]
  0x0000000018923000 JavaThread "C2 CompilerThread1" daemon [_thread_in_native, id=9064, stack(0x0000000018e20000,0x0000000018f20000)]
=>0x000000001742e800 JavaThread "C2 CompilerThread0" daemon [_thread_in_native, id=3616, stack(0x0000000018d20000,0x0000000018e20000)]
  0x000000001742d000 JavaThread "Attach Listener" daemon [_thread_blocked, id=6516, stack(0x0000000018820000,0x0000000018920000)]
  0x000000001742a800 JavaThread "Signal Dispatcher" daemon [_thread_blocked, id=3128, stack(0x0000000018720000,0x0000000018820000)]
  0x00000000173ba800 JavaThread "Finalizer" daemon [_thread_blocked, id=9604, stack(0x0000000018620000,0x0000000018720000)]
  0x0000000002710000 JavaThread "Reference Handler" daemon [_thread_blocked, id=13812, stack(0x0000000018520000,0x0000000018620000)]
  0x0000000002622800 JavaThread "main" [_thread_blocked, id=14712, stack(0x00000000021d0000,0x00000000022d0000)]

Other Threads:
  0x0000000017398000 VMThread [stack: 0x0000000018420000,0x0000000018520000] [id=7400]
  0x00000000189e7800 WatcherThread [stack: 0x0000000019120000,0x0000000019220000] [id=9376]

VM state:not at safepoint (normal execution)

VM Mutex/Monitor currently owned by a thread: None

Heap:
 PSYoungGen      total 130048K, used 91912K [0x00000000d5580000, 0x00000000de480000, 0x0000000100000000)
  eden space 117760K, 69% used [0x00000000d5580000,0x00000000da57e6e8,0x00000000dc880000)
  from space 12288K, 81% used [0x00000000dc880000,0x00000000dd243a08,0x00000000dd480000)
  to   space 12800K, 0% used [0x00000000dd480000,0x00000000dd480000,0x00000000de100000)
 ParOldGen       total 109056K, used 19387K [0x0000000080000000, 0x0000000086a80000, 0x00000000d5580000)
  object space 109056K, 17% used [0x0000000080000000,0x00000000812eef10,0x0000000086a80000)
 Metaspace       used 43243K, capacity 44266K, committed 44544K, reserved 1087488K
  class space    used 5813K, capacity 6108K, committed 6144K, reserved 1048576K

Card table byte_map: [0x0000000011b70000,0x0000000011f80000] byte_map_base: 0x0000000011770000

Marking Bits: (ParMarkBitMap*) 0x0000000065aa0600
 Begin Bits: [0x0000000012630000, 0x0000000014630000)
 End Bits:   [0x0000000014630000, 0x0000000016630000)

Polling page: 0x0000000000610000

CodeCache: size=245760Kb used=17427Kb max_used=17585Kb free=228332Kb
 bounds [0x00000000027b0000, 0x00000000038f0000, 0x00000000117b0000]
 total_blobs=5762 nmethods=5061 adapters=612
 compilation: enabled

Compilation events (10 events):
Event: 17.637 Thread 0x000000001892a800 nmethod 5477 0x000000000303d190 code [0x000000000303d4a0, 0x000000000303ec08]
Event: 17.637 Thread 0x000000001892a800 5479       3       sun.reflect.generics.reflectiveObjects.WildcardTypeImpl::toString (155 bytes)
Event: 17.638 Thread 0x000000001892a800 nmethod 5479 0x0000000002b56450 code [0x0000000002b566a0, 0x0000000002b57488]
Event: 17.638 Thread 0x000000001892a800 5480       3       groovy.lang.MetaClassImpl::applyStrayPropertyMethods (297 bytes)
Event: 17.640 Thread 0x000000001892a800 nmethod 5480 0x00000000029122d0 code [0x00000000029126e0, 0x0000000002915138]
Event: 17.640 Thread 0x000000001892a800 5481       3       org.codehaus.groovy.reflection.CachedClass$3::initValue (264 bytes)
Event: 17.643 Thread 0x000000001892a800 nmethod 5481 0x000000000290df90 code [0x000000000290e380, 0x0000000002910da8]
Event: 17.643 Thread 0x000000001892a800 5482       3       java.beans.Introspector::throwsException (33 bytes)
Event: 17.643 Thread 0x000000001892a800 nmethod 5482 0x000000000290d710 code [0x000000000290d8a0, 0x000000000290dda8]
Event: 17.649 Thread 0x000000001892a800 5483       3       java.beans.Introspector::getTargetEventInfo (1082 bytes)

GC Heap History (10 events):
Event: 7.577 GC heap before
{Heap before GC invocations=7 (full 1):
 PSYoungGen      total 71680K, used 71649K [0x00000000d5580000, 0x00000000dc300000, 0x0000000100000000)
  eden space 66560K, 100% used [0x00000000d5580000,0x00000000d9680000,0x00000000d9680000)
  from space 5120K, 99% used [0x00000000d9680000,0x00000000d9b78630,0x00000000d9b80000)
  to   space 10240K, 0% used [0x00000000db900000,0x00000000db900000,0x00000000dc300000)
 ParOldGen       total 69632K, used 13506K [0x0000000080000000, 0x0000000084400000, 0x00000000d5580000)
  object space 69632K, 19% used [0x0000000080000000,0x0000000080d30890,0x0000000084400000)
 Metaspace       used 29932K, capacity 30438K, committed 30720K, reserved 1075200K
  class space    used 4101K, capacity 4276K, committed 4352K, reserved 1048576K
Event: 7.589 GC heap after
Heap after GC invocations=7 (full 1):
 PSYoungGen      total 96768K, used 8246K [0x00000000d5580000, 0x00000000dc180000, 0x0000000100000000)
  eden space 88064K, 0% used [0x00000000d5580000,0x00000000d5580000,0x00000000dab80000)
  from space 8704K, 94% used [0x00000000db900000,0x00000000dc10d9f0,0x00000000dc180000)
  to   space 10240K, 0% used [0x00000000dad80000,0x00000000dad80000,0x00000000db780000)
 ParOldGen       total 69632K, used 13514K [0x0000000080000000, 0x0000000084400000, 0x00000000d5580000)
  object space 69632K, 19% used [0x0000000080000000,0x0000000080d32890,0x0000000084400000)
 Metaspace       used 29932K, capacity 30438K, committed 30720K, reserved 1075200K
  class space    used 4101K, capacity 4276K, committed 4352K, reserved 1048576K
}
Event: 8.205 GC heap before
{Heap before GC invocations=8 (full 1):
 PSYoungGen      total 96768K, used 84385K [0x00000000d5580000, 0x00000000dc180000, 0x0000000100000000)
  eden space 88064K, 86% used [0x00000000d5580000,0x00000000d9fdabc0,0x00000000dab80000)
  from space 8704K, 94% used [0x00000000db900000,0x00000000dc10d9f0,0x00000000dc180000)
  to   space 10240K, 0% used [0x00000000dad80000,0x00000000dad80000,0x00000000db780000)
 ParOldGen       total 69632K, used 13514K [0x0000000080000000, 0x0000000084400000, 0x00000000d5580000)
  object space 69632K, 19% used [0x0000000080000000,0x0000000080d32890,0x0000000084400000)
 Metaspace       used 34789K, capacity 35272K, committed 35496K, reserved 1079296K
  class space    used 4705K, capacity 4837K, committed 4864K, reserved 1048576K
Event: 8.216 GC heap after
Heap after GC invocations=8 (full 1):
 PSYoungGen      total 100352K, used 10209K [0x00000000d5580000, 0x00000000de100000, 0x0000000100000000)
  eden space 90112K, 0% used [0x00000000d5580000,0x00000000d5580000,0x00000000dad80000)
  from space 10240K, 99% used [0x00000000dad80000,0x00000000db778718,0x00000000db780000)
  to   space 12800K, 0% used [0x00000000dd480000,0x00000000dd480000,0x00000000de100000)
 ParOldGen       total 69632K, used 15995K [0x0000000080000000, 0x0000000084400000, 0x00000000d5580000)
  object space 69632K, 22% used [0x0000000080000000,0x0000000080f9ee70,0x0000000084400000)
 Metaspace       used 34789K, capacity 35272K, committed 35496K, reserved 1079296K
  class space    used 4705K, capacity 4837K, committed 4864K, reserved 1048576K
}
Event: 8.216 GC heap before
{Heap before GC invocations=9 (full 2):
 PSYoungGen      total 100352K, used 10209K [0x00000000d5580000, 0x00000000de100000, 0x0000000100000000)
  eden space 90112K, 0% used [0x00000000d5580000,0x00000000d5580000,0x00000000dad80000)
  from space 10240K, 99% used [0x00000000dad80000,0x00000000db778718,0x00000000db780000)
  to   space 12800K, 0% used [0x00000000dd480000,0x00000000dd480000,0x00000000de100000)
 ParOldGen       total 69632K, used 15995K [0x0000000080000000, 0x0000000084400000, 0x00000000d5580000)
  object space 69632K, 22% used [0x0000000080000000,0x0000000080f9ee70,0x0000000084400000)
 Metaspace       used 34789K, capacity 35272K, committed 35496K, reserved 1079296K
  class space    used 4705K, capacity 4837K, committed 4864K, reserved 1048576K
Event: 8.300 GC heap after
Heap after GC invocations=9 (full 2):
 PSYoungGen      total 100352K, used 0K [0x00000000d5580000, 0x00000000de100000, 0x0000000100000000)
  eden space 90112K, 0% used [0x00000000d5580000,0x00000000d5580000,0x00000000dad80000)
  from space 10240K, 0% used [0x00000000dad80000,0x00000000dad80000,0x00000000db780000)
  to   space 12800K, 0% used [0x00000000dd480000,0x00000000dd480000,0x00000000de100000)
 ParOldGen       total 109056K, used 19307K [0x0000000080000000, 0x0000000086a80000, 0x00000000d5580000)
  object space 109056K, 17% used [0x0000000080000000,0x00000000812daf00,0x0000000086a80000)
 Metaspace       used 34789K, capacity 35272K, committed 35496K, reserved 1079296K
  class space    used 4705K, capacity 4837K, committed 4864K, reserved 1048576K
}
Event: 12.338 GC heap before
{Heap before GC invocations=10 (full 2):
 PSYoungGen      total 100352K, used 90112K [0x00000000d5580000, 0x00000000de100000, 0x0000000100000000)
  eden space 90112K, 100% used [0x00000000d5580000,0x00000000dad80000,0x00000000dad80000)
  from space 10240K, 0% used [0x00000000dad80000,0x00000000dad80000,0x00000000db780000)
  to   space 12800K, 0% used [0x00000000dd480000,0x00000000dd480000,0x00000000de100000)
 ParOldGen       total 109056K, used 19307K [0x0000000080000000, 0x0000000086a80000, 0x00000000d5580000)
  object space 109056K, 17% used [0x0000000080000000,0x00000000812daf00,0x0000000086a80000)
 Metaspace       used 41256K, capacity 42020K, committed 42496K, reserved 1085440K
  class space    used 5580K, capacity 5816K, committed 5888K, reserved 1048576K
Event: 12.347 GC heap after
Heap after GC invocations=10 (full 2):
 PSYoungGen      total 130560K, used 8554K [0x00000000d5580000, 0x00000000de480000, 0x0000000100000000)
  eden space 117760K, 0% used [0x00000000d5580000,0x00000000d5580000,0x00000000dc880000)
  from space 12800K, 66% used [0x00000000dd480000,0x00000000ddcda970,0x00000000de100000)
  to   space 12288K, 0% used [0x00000000dc880000,0x00000000dc880000,0x00000000dd480000)
 ParOldGen       total 109056K, used 19315K [0x0000000080000000, 0x0000000086a80000, 0x00000000d5580000)
  object space 109056K, 17% used [0x0000000080000000,0x00000000812dcf00,0x0000000086a80000)
 Metaspace       used 41256K, capacity 42020K, committed 42496K, reserved 1085440K
  class space    used 5580K, capacity 5816K, committed 5888K, reserved 1048576K
}
Event: 15.146 GC heap before
{Heap before GC invocations=11 (full 2):
 PSYoungGen      total 130560K, used 126314K [0x00000000d5580000, 0x00000000de480000, 0x0000000100000000)
  eden space 117760K, 100% used [0x00000000d5580000,0x00000000dc880000,0x00000000dc880000)
  from space 12800K, 66% used [0x00000000dd480000,0x00000000ddcda970,0x00000000de100000)
  to   space 12288K, 0% used [0x00000000dc880000,0x00000000dc880000,0x00000000dd480000)
 ParOldGen       total 109056K, used 19315K [0x0000000080000000, 0x0000000086a80000, 0x00000000d5580000)
  object space 109056K, 17% used [0x0000000080000000,0x00000000812dcf00,0x0000000086a80000)
 Metaspace       used 41694K, capacity 42448K, committed 42752K, reserved 1085440K
  class space    used 5596K, capacity 5822K, committed 5888K, reserved 1048576K
Event: 15.156 GC heap after
Heap after GC invocations=11 (full 2):
 PSYoungGen      total 130048K, used 9998K [0x00000000d5580000, 0x00000000de480000, 0x0000000100000000)
  eden space 117760K, 0% used [0x00000000d5580000,0x00000000d5580000,0x00000000dc880000)
  from space 12288K, 81% used [0x00000000dc880000,0x00000000dd243a08,0x00000000dd480000)
  to   space 12800K, 0% used [0x00000000dd480000,0x00000000dd480000,0x00000000de100000)
 ParOldGen       total 109056K, used 19387K [0x0000000080000000, 0x0000000086a80000, 0x00000000d5580000)
  object space 109056K, 17% used [0x0000000080000000,0x00000000812eef10,0x0000000086a80000)
 Metaspace       used 41694K, capacity 42448K, committed 42752K, reserved 1085440K
  class space    used 5596K, capacity 5822K, committed 5888K, reserved 1048576K
}

Deoptimization events (10 events):
Event: 17.516 Thread 0x000000001a1d7000 Uncommon trap: reason=unstable_if action=reinterpret pc=0x000000000306e79c method=java.util.concurrent.ConcurrentHashMap.get(Ljava/lang/Object;)Ljava/lang/Object; @ 152
Event: 17.516 Thread 0x000000001a1d7000 Uncommon trap: reason=class_check action=maybe_recompile pc=0x00000000032ef518 method=java.util.concurrent.ConcurrentHashMap.putVal(Ljava/lang/Object;Ljava/lang/Object;Z)Ljava/lang/Object; @ 192
Event: 17.562 Thread 0x000000001a1d7000 Uncommon trap: reason=unstable_if action=reinterpret pc=0x00000000032b51f0 method=groovy.lang.MetaClassImpl$1MOPIter.methodNameAction(Ljava/lang/Class;Lorg/codehaus/groovy/runtime/metaclass/MetaMethodIndex$Entry;)V @ 354
Event: 17.562 Thread 0x000000001a1d7000 Uncommon trap: reason=predicate action=maybe_recompile pc=0x0000000003271cb4 method=java.util.Arrays.binarySearch0([Ljava/lang/Object;IILjava/lang/Object;Ljava/util/Comparator;)I @ 28
Event: 17.626 Thread 0x000000001a1d7000 Uncommon trap: reason=unstable_if action=reinterpret pc=0x000000000352b7dc method=groovy.lang.MetaClassImpl.checkIfStdMethod(Lgroovy/lang/MetaMethod;)V @ 79
Event: 17.626 Thread 0x000000001a1d7000 Uncommon trap: reason=unstable_if action=reinterpret pc=0x0000000003512520 method=groovy.lang.MetaClassImpl.checkIfStdMethod(Lgroovy/lang/MetaMethod;)V @ 79
Event: 17.628 Thread 0x000000001a1d7000 Uncommon trap: reason=class_check action=maybe_recompile pc=0x000000000328e9cc method=org.codehaus.groovy.reflection.ParameterTypes.getParametersTypes0()V @ 16
Event: 17.634 Thread 0x000000001a1d7000 Uncommon trap: reason=class_check action=maybe_recompile pc=0x000000000328e9cc method=org.codehaus.groovy.reflection.ParameterTypes.getParametersTypes0()V @ 16
Event: 17.638 Thread 0x000000001a1d7000 Uncommon trap: reason=class_check action=maybe_recompile pc=0x000000000328e9cc method=org.codehaus.groovy.reflection.ParameterTypes.getParametersTypes0()V @ 16
Event: 17.641 Thread 0x000000001a1d7000 Uncommon trap: reason=class_check action=maybe_recompile pc=0x000000000328e9cc method=org.codehaus.groovy.reflection.ParameterTypes.getParametersTypes0()V @ 16

Internal exceptions (10 events):
Event: 17.633 Thread 0x000000001a1d7000 Exception <a 'java/lang/ClassNotFoundException': com/jfrog/bintray/gradle/BintrayExtension$VersionConfigBeanInfo> (0x00000000da228f90) thrown at [C:\re\workspace\8-2-build-windows-amd64-cygwin\jdk8u72\5732\hotspot\src\share\vm\classfile\systemDictionary.cpJžÿÞ¢1@
Event: 17.633 Thread 0x000000001a1d7000 Exception <a 'java/lang/ClassNotFoundException': com/jfrog/bintray/gradle/BintrayExtension$VersionConfigCustomizer> (0x00000000da240ce8) thrown at [C:\re\workspace\8-2-build-windows-amd64-cygwin\jdk8u72\5732\hotspot\src\share\vm\classfile\systemDictionary.¤þTá¢1@
Event: 17.636 Thread 0x000000001a1d7000 Exception <a 'java/lang/ClassNotFoundException': com/jfrog/bintray/gradle/BintrayExtension$GpgConfigBeanInfo> (0x00000000da297208) thrown at [C:\re\workspace\8-2-build-windows-amd64-cygwin\jdk8u72\5732\hotspot\src\share\vm\classfile\systemDictionary.cpp, l
Event: 17.637 Thread 0x000000001a1d7000 Exception <a 'java/lang/ClassNotFoundException': com/jfrog/bintray/gradle/BintrayExtension$GpgConfigCustomizer> (0x00000000da2af120) thrown at [C:\re\workspace\8-2-build-windows-amd64-cygwin\jdk8u72\5732\hotspot\src\share\vm\classfile\systemDictionary.cpp,èÍ<7Î£1@
Event: 17.640 Thread 0x000000001a1d7000 Exception <a 'java/lang/ClassNotFoundException': com/jfrog/bintray/gradle/BintrayExtension$MavenCentralSyncConfigBeanInfo> (0x00000000da2fa1a0) thrown at [C:\re\workspace\8-2-build-windows-amd64-cygwin\jdk8u72\5732\hotspot\src\share\vm\classfile\systemDictaKÙàî£1@
Event: 17.640 Thread 0x000000001a1d7000 Exception <a 'java/lang/ClassNotFoundException': com/jfrog/bintray/gradle/BintrayExtension$MavenCentralSyncConfigCustomizer> (0x00000000da3146d0) thrown at [C:\re\workspace\8-2-build-windows-amd64-cygwin\jdk8u72\5732\hotspot\src\share\vm\classfile\systemDi¯@b¥1@
Event: 17.646 Thread 0x000000001a1d7000 Exception <a 'java/lang/ClassNotFoundException': com/jfrog/bintray/gradle/BintrayExtension_DecoratedBeanInfo> (0x00000000da3977e8) thrown at [C:\re\workspace\8-2-build-windows-amd64-cygwin\jdk8u72\5732\hotspot\src\share\vm\classfile\systemDictionary.cpp, l¦²"c’¥1@
Event: 17.647 Thread 0x000000001a1d7000 Exception <a 'java/lang/ClassNotFoundException': com/jfrog/bintray/gradle/BintrayExtensionBeanInfo> (0x00000000da3abd10) thrown at [C:\re\workspace\8-2-build-windows-amd64-cygwin\jdk8u72\5732\hotspot\src\share\vm\classfile\systemDictionary.cpp, line 210]
Event: 17.647 Thread 0x000000001a1d7000 Exception <a 'java/lang/ClassNotFoundException': com/jfrog/bintray/gradle/BintrayExtensionCustomizer> (0x00000000da3c0f68) thrown at [C:\re\workspace\8-2-build-windows-amd64-cygwin\jdk8u72\5732\hotspot\src\share\vm\classfile\systemDictionary.cpp, line 210]q’þõü¥1@
Event: 17.648 Thread 0x000000001a1d7000 Exception <a 'java/lang/ClassNotFoundException': com/jfrog/bintray/gradle/BintrayExtension_DecoratedCustomizer> (0x00000000da3ff980) thrown at [C:\re\workspace\8-2-build-windows-amd64-cygwin\jdk8u72\5732\hotspot\src\share\vm\classfile\systemDictionary.cpp,Q<ˆü¡1@

Events (10 events):
Event: 17.650 loading class groovy/runtime/metaclass/com/jfrog/bintray/gradle/BintrayPlugin$_apply_closure1MetaClass
Event: 17.650 loading class groovy/runtime/metaclass/com/jfrog/bintray/gradle/BintrayPlugin$_apply_closure1MetaClass done
Event: 17.651 loading class org/codehaus/groovy/runtime/dgm$757
Event: 17.651 loading class org/codehaus/groovy/runtime/dgm$757 done
Event: 17.651 Executing VM operation: Deoptimize
Event: 17.652 Executing VM operation: Deoptimize done
Event: 17.653 loading class org/codehaus/groovy/runtime/callsite/PogoMetaMethodSite$PogoMetaMethodSiteNoUnwrapNoCoerce
Event: 17.653 loading class org/codehaus/groovy/runtime/callsite/PogoMetaMethodSite$PogoMetaMethodSiteNoUnwrapNoCoerce done
Event: 17.653 loading class com/jfrog/bintray/gradle/BintrayPlugin$_apply_closure2
Event: 17.655 loading class com/jfrog/bintray/gradle/BintrayPlugin$_apply_closure2 done


Dynamic libraries:
0x00007ff7e5c60000 - 0x00007ff7e5c97000 	C:\Program Files\Java\jdk1.8.0_72\bin\java.exe
0x00007ffae5dc0000 - 0x00007ffae5f81000 	C:\WINDOWS\SYSTEM32\ntdll.dll
0x00007ffae55c0000 - 0x00007ffae566d000 	C:\WINDOWS\system32\KERNEL32.DLL
0x00007ffae2520000 - 0x00007ffae2708000 	C:\WINDOWS\system32\KERNELBASE.dll
0x00007ffae4cf0000 - 0x00007ffae4d97000 	C:\WINDOWS\system32\ADVAPI32.dll
0x00007ffae5b90000 - 0x00007ffae5c2d000 	C:\WINDOWS\system32\msvcrt.dll
0x00007ffae4da0000 - 0x00007ffae4dfb000 	C:\WINDOWS\system32\sechost.dll
0x00007ffae57b0000 - 0x00007ffae58cc000 	C:\WINDOWS\system32\RPCRT4.dll
0x00007ffae3480000 - 0x00007ffae35d6000 	C:\WINDOWS\system32\USER32.dll
0x00007ffae5c30000 - 0x00007ffae5db6000 	C:\WINDOWS\system32\GDI32.dll
0x00007ffada920000 - 0x00007ffadab94000 	C:\WINDOWS\WinSxS\amd64_microsoft.windows.common-controls_6595b64144ccf1df_6.0.10586.672_none_a2d6b3cea53ff843\COMCTL32.dll
0x00007ffae31c0000 - 0x00007ffae343d000 	C:\WINDOWS\system32\combase.dll
0x00007ffae2820000 - 0x00007ffae288a000 	C:\WINDOWS\system32\bcryptPrimitives.dll
0x00007ffae3440000 - 0x00007ffae347b000 	C:\WINDOWS\system32\IMM32.DLL
0x00000000666b0000 - 0x0000000066782000 	C:\Program Files\Java\jdk1.8.0_72\jre\bin\msvcr100.dll
0x0000000065290000 - 0x0000000065b20000 	C:\Program Files\Java\jdk1.8.0_72\jre\bin\server\jvm.dll
0x00007ffae4e70000 - 0x00007ffae4e78000 	C:\WINDOWS\system32\PSAPI.DLL
0x00007ffadf300000 - 0x00007ffadf309000 	C:\WINDOWS\SYSTEM32\WSOCK32.dll
0x00007ffadf220000 - 0x00007ffadf22a000 	C:\WINDOWS\SYSTEM32\VERSION.dll
0x00007ffae06f0000 - 0x00007ffae0713000 	C:\WINDOWS\SYSTEM32\WINMM.dll
0x00007ffae5740000 - 0x00007ffae57ab000 	C:\WINDOWS\system32\WS2_32.dll
0x00007ffae0690000 - 0x00007ffae06bc000 	C:\WINDOWS\SYSTEM32\WINMMBASE.dll
0x00007ffae27d0000 - 0x00007ffae2813000 	C:\WINDOWS\system32\cfgmgr32.dll
0x00000000666a0000 - 0x00000000666af000 	C:\Program Files\Java\jdk1.8.0_72\jre\bin\verify.dll
0x0000000066670000 - 0x0000000066699000 	C:\Program Files\Java\jdk1.8.0_72\jre\bin\java.dll
0x0000000066650000 - 0x0000000066666000 	C:\Program Files\Java\jdk1.8.0_72\jre\bin\zip.dll
0x00007ffae3660000 - 0x00007ffae4bbc000 	C:\WINDOWS\system32\SHELL32.dll
0x00007ffae2b10000 - 0x00007ffae3155000 	C:\WINDOWS\system32\windows.storage.dll
0x00007ffae3600000 - 0x00007ffae3652000 	C:\WINDOWS\system32\shlwapi.dll
0x00007ffae2450000 - 0x00007ffae245f000 	C:\WINDOWS\system32\kernel.appcore.dll
0x00007ffae2710000 - 0x00007ffae27c5000 	C:\WINDOWS\system32\shcore.dll
0x00007ffae2400000 - 0x00007ffae244b000 	C:\WINDOWS\system32\powrprof.dll
0x00007ffae23e0000 - 0x00007ffae23f4000 	C:\WINDOWS\system32\profapi.dll
0x0000000066630000 - 0x000000006664a000 	C:\Program Files\Java\jdk1.8.0_72\jre\bin\net.dll
0x00007ffae1c80000 - 0x00007ffae1cdc000 	C:\WINDOWS\system32\mswsock.dll
0x0000000065270000 - 0x0000000065281000 	C:\Program Files\Java\jdk1.8.0_72\jre\bin\nio.dll
0x00007ffae0280000 - 0x00007ffae0292000 	C:\Users\yuandl\.gradle\native\19\windows-amd64\native-platform.dll
0x00007ffae1d30000 - 0x00007ffae1d47000 	C:\WINDOWS\SYSTEM32\CRYPTSP.dll
0x00007ffae19c0000 - 0x00007ffae19f4000 	C:\WINDOWS\system32\rsaenh.dll
0x00007ffae2320000 - 0x00007ffae2349000 	C:\WINDOWS\SYSTEM32\bcrypt.dll
0x00007ffae1b10000 - 0x00007ffae1b2f000 	C:\WINDOWS\SYSTEM32\USERENV.dll
0x00007ffae1e50000 - 0x00007ffae1e5b000 	C:\WINDOWS\SYSTEM32\CRYPTBASE.dll
0x00007ffadf5c0000 - 0x00007ffadf5f8000 	C:\WINDOWS\SYSTEM32\IPHLPAPI.DLL
0x00007ffae4bd0000 - 0x00007ffae4bd8000 	C:\WINDOWS\system32\NSI.dll
0x00007ffadf1b0000 - 0x00007ffadf1c6000 	C:\WINDOWS\SYSTEM32\dhcpcsvc6.DLL
0x00007ffadf190000 - 0x00007ffadf1aa000 	C:\WINDOWS\SYSTEM32\dhcpcsvc.DLL
0x0000000065260000 - 0x000000006526d000 	C:\Program Files\Java\jdk1.8.0_72\jre\bin\management.dll

VM Arguments:
jvm_args: -XX:MaxPermSize=512m -Xmx2048m -Dfile.encoding=GBK -Duser.country=CN -Duser.language=zh -Duser.variant 
java_command: org.gradle.launcher.daemon.bootstrap.GradleDaemon 2.14.1
java_class_path (initial): C:\Users\yuandl\.gradle\wrapper\dists\gradle-2.14.1-all\8bnwg5hd3w55iofp58khbp6yv\gradle-2.14.1\lib\gradle-launcher-2.14.1.jar
Launcher Type: SUN_STANDARD

Environment Variables:
JAVA_HOME=C:\Program Files\Java\jdk1.8.0_72
CLASSPATH=E:\kejiang\git\GitHub\AndroidFastDevFrame\\gradle\wrapper\gradle-wrapper.jar
PATH=D:\oracle\product\10.2.0\client_1\bin;D:\oracle\product\10.2.0\db_1\bin;E:\kejiang\Android\sdk\platform-tools;C:\ProgramData\Oracle\Java\javapath;C:\Program Files (x86)\Common Files\NetSarang;C:\Windows\system32;C:\Windows;C:\Windows\System32\Wbem;C:\Windows\System32\WindowsPowerShell\v1.0\;C:\Program Files\Java\jdk1.7.0_60\bin;C:\Program Files\Java\jdk1.7.0_60\jre\bin;D:\Program Files\MySQL\MySQL Server 5.5\bin;E:\Framework\play\play-2.2.6;D:\Software\apache-maven-3.3.1\bin;C:\WINDOWS\system32;C:\WINDOWS;C:\WINDOWS\System32\Wbem;C:\WINDOWS\System32\WindowsPowerShell\v1.0\;C:\Program Files\TortoiseSVN\bin;C:\Program Files\Git\cmd;C:\Program Files\TortoiseGit\bin;C:\Program Files\MySQL\MySQL Utilities 1.6\
USERNAME=yuandl
OS=Windows_NT
PROCESSOR_IDENTIFIER=Intel64 Family 6 Model 60 Stepping 3, GenuineIntel



---------------  S Y S T E M  ---------------

OS: Windows 10.0 , 64 bit Build 10586 (10.0.10586.589)

CPU:total 4 (2 cores per cpu, 2 threads per core) family 6 model 60 stepping 3, cmov, cx8, fxsr, mmx, sse, sse2, sse3, ssse3, sse4.1, sse4.2, popcnt, avx, avx2, aes, clmul, erms, lzcnt, ht, tsc, tscinvbit, bmi1, bmi2

Memory: 4k page, physical 8305276k(1216240k free), swap 8305276k(5348k free)

vm_info: Java HotSpot(TM) 64-Bit Server VM (25.72-b15) for windows-amd64 JRE (1.8.0_72-b15), built on Dec 22 2015 19:16:16 by "java_re" with MS VC++ 10.0 (VS2010)

time: Thu Feb 23 17:39:02 2017
elapsed time: 17 seconds (0d 0h 0m 17s)

