#
# There is insufficient memory for the Java Runtime Environment to continue.
# Native memory allocation (malloc) failed to allocate 1295632 bytes for Chunk::new
# Possible reasons:
#   The system is out of physical RAM or swap space
#   In 32 bit mode, the process size limit was hit
# Possible solutions:
#   Reduce memory load on the system
#   Increase physical memory or swap space
#   Check if swap backing store is full
#   Use 64 bit Java on a 64 bit OS
#   Decrease Java heap size (-Xmx/-Xms)
#   Decrease number of Java threads
#   Decrease Java thread stack sizes (-Xss)
#   Set larger code cache with -XX:ReservedCodeCacheSize=
# This output file may be truncated or incomplete.
#
#  Out of Memory Error (allocation.cpp:390), pid=181684, tid=241220
#
# JRE version: Java(TM) SE Runtime Environment (8.0_72-b15) (build 1.8.0_72-b15)
# Java VM: Java HotSpot(TM) 64-Bit Server VM (25.72-b15 mixed mode windows-amd64 compressed oops)
# Failed to write core dump. Minidumps are not enabled by default on client versions of Windows
#

---------------  T H R E A D  ---------------

Current thread (0x00000000191c1000):  JavaThread "C2 CompilerThread1" daemon [_thread_in_native, id=241220, stack(0x00000000195c0000,0x00000000196c0000)]

Stack: [0x00000000195c0000,0x00000000196c0000]
[error occurred during error reporting (printing stack bounds), id 0xc0000005]

Native frames: (J=compiled Java code, j=interpreted, Vv=VM code, C=native code)


Current CompileTask:
C2:  65572 11317   !   4       org.gradle.api.internal.AbstractClassGenerator::generateUnderLock (1055 bytes)


---------------  P R O C E S S  ---------------

Java Threads: ( => current thread )
  0x000000001ea78800 JavaThread "Task worker Thread 3" [_thread_blocked, id=240212, stack(0x0000000026b40000,0x0000000026c40000)]
  0x000000001ea77800 JavaThread "Task worker Thread 2" [_thread_blocked, id=241068, stack(0x0000000026a40000,0x0000000026b40000)]
  0x000000001ea77000 JavaThread "Task worker" [_thread_blocked, id=241480, stack(0x0000000026940000,0x0000000026a40000)]
  0x000000001ea7b800 JavaThread "Stdin handler" [_thread_blocked, id=239516, stack(0x0000000026840000,0x0000000026940000)]
  0x000000001ea75800 JavaThread "Asynchronous log dispatcher for org.gradle.launcher.daemon.server.DefaultDaemonConnection@75b247f4" [_thread_blocked, id=241080, stack(0x0000000026740000,0x0000000026840000)]
  0x000000001ea7a000 JavaThread "Cancel handler" [_thread_blocked, id=241424, stack(0x0000000025670000,0x0000000025770000)]
  0x000000001ea7a800 JavaThread "Handler for socket connection from /127.0.0.1:53268 to /127.0.0.1:53354" [_thread_in_native, id=241448, stack(0x0000000025570000,0x0000000025670000)]
  0x000000001ea7c000 JavaThread "pool-2-thread-1" [_thread_blocked, id=239464, stack(0x00000000211c0000,0x00000000212c0000)]
  0x000000001ea79000 JavaThread "File lock request listener" [_thread_in_native, id=226528, stack(0x00000000210c0000,0x00000000211c0000)]
  0x000000001a5d0800 JavaThread "Daemon worker" [_thread_in_Java, id=240804, stack(0x000000001b960000,0x000000001ba60000)]
  0x000000001a6e2800 JavaThread "Daemon" [_thread_blocked, id=240792, stack(0x000000001b660000,0x000000001b760000)]
  0x000000001a480000 JavaThread "Incoming local TCP Connector on port 53268" [_thread_in_native, id=241300, stack(0x000000001b360000,0x000000001b460000)]
  0x000000001a9b6000 JavaThread "pool-1-thread-1" [_thread_blocked, id=241248, stack(0x000000001b260000,0x000000001b360000)]
  0x000000001925e800 JavaThread "Service Thread" daemon [_thread_blocked, id=241196, stack(0x00000000197c0000,0x00000000198c0000)]
  0x00000000191eb800 JavaThread "C1 CompilerThread2" daemon [_thread_blocked, id=238988, stack(0x00000000196c0000,0x00000000197c0000)]
=>0x00000000191c1000 JavaThread "C2 CompilerThread1" daemon [_thread_in_native, id=241220, stack(0x00000000195c0000,0x00000000196c0000)]
  0x0000000017bcd000 JavaThread "C2 CompilerThread0" daemon [_thread_in_native, id=241156, stack(0x00000000190c0000,0x00000000191c0000)]
  0x0000000017bcb000 JavaThread "Attach Listener" daemon [_thread_blocked, id=239880, stack(0x0000000018fc0000,0x00000000190c0000)]
  0x0000000017bca800 JavaThread "Signal Dispatcher" daemon [_thread_blocked, id=240992, stack(0x0000000018ec0000,0x0000000018fc0000)]
  0x0000000017b5a800 JavaThread "Finalizer" daemon [_thread_blocked, id=241120, stack(0x0000000018dc0000,0x0000000018ec0000)]
  0x0000000002f40000 JavaThread "Reference Handler" daemon [_thread_blocked, id=225892, stack(0x0000000018cc0000,0x0000000018dc0000)]
  0x0000000002e52800 JavaThread "main" [_thread_blocked, id=241320, stack(0x0000000002cb0000,0x0000000002db0000)]

Other Threads:
  0x0000000017b38000 VMThread [stack: 0x0000000018bc0000,0x0000000018cc0000] [id=241512]
  0x000000001927e800 WatcherThread [stack: 0x00000000198c0000,0x00000000199c0000] [id=238000]

VM state:not at safepoint (normal execution)

VM Mutex/Monitor currently owned by a thread: None

Heap:
 PSYoungGen      total 242688K, used 39962K [0x00000000d5580000, 0x00000000e8c00000, 0x0000000100000000)
  eden space 210944K, 10% used [0x00000000d5580000,0x00000000d6ad2ad8,0x00000000e2380000)
  from space 31744K, 57% used [0x00000000e2380000,0x00000000e35340c8,0x00000000e4280000)
  to   space 31232K, 0% used [0x00000000e6d80000,0x00000000e6d80000,0x00000000e8c00000)
 ParOldGen       total 102912K, used 44698K [0x0000000080000000, 0x0000000086480000, 0x00000000d5580000)
  object space 102912K, 43% used [0x0000000080000000,0x0000000082ba6b08,0x0000000086480000)
 Metaspace       used 67307K, capacity 69312K, committed 69504K, reserved 1110016K
  class space    used 8555K, capacity 8973K, committed 9088K, reserved 1048576K

Card table byte_map: [0x0000000012310000,0x0000000012720000] byte_map_base: 0x0000000011f10000

Marking Bits: (ParMarkBitMap*) 0x000000005c4b0600
 Begin Bits: [0x0000000012dd0000, 0x0000000014dd0000)
 End Bits:   [0x0000000014dd0000, 0x0000000016dd0000)

Polling page: 0x0000000000c80000

CodeCache: size=245760Kb used=34828Kb max_used=34853Kb free=210931Kb
 bounds [0x0000000002f50000, 0x0000000005180000, 0x0000000011f50000]
 total_blobs=10702 nmethods=9950 adapters=661
 compilation: enabled

Compilation events (10 events):
Event: 65.526 Thread 0x0000000017bcd000 11592       4       sun.security.provider.SHA2::lf_sigma1 (21 bytes)
Event: 65.527 Thread 0x0000000017bcd000 nmethod 11592 0x000000000434ce50 code [0x000000000434cf80, 0x000000000434cfd8]
Event: 65.527 Thread 0x0000000017bcd000 11593       4       sun.security.provider.SHA2::lf_sigma0 (20 bytes)
Event: 65.527 Thread 0x00000000191eb800 nmethod 11591 0x00000000049263d0 code [0x0000000004926660, 0x00000000049278c8]
Event: 65.527 Thread 0x0000000017bcd000 nmethod 11593 0x000000000493bcd0 code [0x000000000493be00, 0x000000000493be58]
Event: 65.528 Thread 0x0000000017bcd000 11594       4       sun.security.jca.GetInstance$Instance::toArray (19 bytes)
Event: 65.528 Thread 0x00000000191eb800 11595       3       sun.security.provider.SHA2::implCompress (331 bytes)
Event: 65.528 Thread 0x0000000017bcd000 nmethod 11594 0x0000000004938e90 code [0x0000000004938fe0, 0x00000000049390b8]
Event: 65.529 Thread 0x00000000191eb800 nmethod 11595 0x0000000004924510 code [0x0000000004924760, 0x0000000004925548]
Event: 65.555 Thread 0x0000000017bcd000 11596 %     4       sun.security.provider.SHA2::implCompress @ 12 (331 bytes)

GC Heap History (10 events):
Event: 24.945 GC heap before
{Heap before GC invocations=15 (full 2):
 PSYoungGen      total 190976K, used 56988K [0x00000000d5580000, 0x00000000e3c00000, 0x0000000100000000)
  eden space 169984K, 21% used [0x00000000d5580000,0x00000000d78a8cd8,0x00000000dfb80000)
  from space 20992K, 99% used [0x00000000e1880000,0x00000000e2cfe620,0x00000000e2d00000)
  to   space 29696K, 0% used [0x00000000dfb80000,0x00000000dfb80000,0x00000000e1880000)
 ParOldGen       total 102912K, used 48941K [0x0000000080000000, 0x0000000086480000, 0x00000000d5580000)
  object space 102912K, 47% used [0x0000000080000000,0x0000000082fcb468,0x0000000086480000)
 Metaspace       used 57576K, capacity 59126K, committed 59160K, reserved 1101824K
  class space    used 7431K, capacity 7806K, committed 7808K, reserved 1048576K
Event: 24.980 GC heap after
Heap after GC invocations=15 (full 2):
 PSYoungGen      total 199680K, used 28490K [0x00000000d5580000, 0x00000000e6300000, 0x0000000100000000)
  eden space 169984K, 0% used [0x00000000d5580000,0x00000000d5580000,0x00000000dfb80000)
  from space 29696K, 95% used [0x00000000dfb80000,0x00000000e1752840,0x00000000e1880000)
  to   space 33280K, 0% used [0x00000000e4280000,0x00000000e4280000,0x00000000e6300000)
 ParOldGen       total 102912K, used 50773K [0x0000000080000000, 0x0000000086480000, 0x00000000d5580000)
  object space 102912K, 49% used [0x0000000080000000,0x0000000083195468,0x0000000086480000)
 Metaspace       used 57576K, capacity 59126K, committed 59160K, reserved 1101824K
  class space    used 7431K, capacity 7806K, committed 7808K, reserved 1048576K
}
Event: 24.980 GC heap before
{Heap before GC invocations=16 (full 3):
 PSYoungGen      total 199680K, used 28490K [0x00000000d5580000, 0x00000000e6300000, 0x0000000100000000)
  eden space 169984K, 0% used [0x00000000d5580000,0x00000000d5580000,0x00000000dfb80000)
  from space 29696K, 95% used [0x00000000dfb80000,0x00000000e1752840,0x00000000e1880000)
  to   space 33280K, 0% used [0x00000000e4280000,0x00000000e4280000,0x00000000e6300000)
 ParOldGen       total 102912K, used 50773K [0x0000000080000000, 0x0000000086480000, 0x00000000d5580000)
  object space 102912K, 49% used [0x0000000080000000,0x0000000083195468,0x0000000086480000)
 Metaspace       used 57576K, capacity 59126K, committed 59160K, reserved 1101824K
  class space    used 7431K, capacity 7806K, committed 7808K, reserved 1048576K
Event: 25.274 GC heap after
Heap after GC invocations=16 (full 3):
 PSYoungGen      total 199680K, used 0K [0x00000000d5580000, 0x00000000e6300000, 0x0000000100000000)
  eden space 169984K, 0% used [0x00000000d5580000,0x00000000d5580000,0x00000000dfb80000)
  from space 29696K, 0% used [0x00000000dfb80000,0x00000000dfb80000,0x00000000e1880000)
  to   space 33280K, 0% used [0x00000000e4280000,0x00000000e4280000,0x00000000e6300000)
 ParOldGen       total 102912K, used 70793K [0x0000000080000000, 0x0000000086480000, 0x00000000d5580000)
  object space 102912K, 68% used [0x0000000080000000,0x0000000084522548,0x0000000086480000)
 Metaspace       used 57576K, capacity 59126K, committed 59160K, reserved 1101824K
  class space    used 7431K, capacity 7806K, committed 7808K, reserved 1048576K
}
Event: 30.967 GC heap before
{Heap before GC invocations=17 (full 3):
 PSYoungGen      total 199680K, used 115533K [0x00000000d5580000, 0x00000000e6300000, 0x0000000100000000)
  eden space 169984K, 67% used [0x00000000d5580000,0x00000000dc6534e0,0x00000000dfb80000)
  from space 29696K, 0% used [0x00000000dfb80000,0x00000000dfb80000,0x00000000e1880000)
  to   space 33280K, 0% used [0x00000000e4280000,0x00000000e4280000,0x00000000e6300000)
 ParOldGen       total 102912K, used 70793K [0x0000000080000000, 0x0000000086480000, 0x00000000d5580000)
  object space 102912K, 68% used [0x0000000080000000,0x0000000084522548,0x0000000086480000)
 Metaspace       used 64550K, capacity 66290K, committed 66560K, reserved 1107968K
  class space    used 8218K, capacity 8598K, committed 8704K, reserved 1048576K
Event: 30.990 GC heap after
Heap after GC invocations=17 (full 3):
 PSYoungGen      total 244224K, used 14573K [0x00000000d5580000, 0x00000000e6300000, 0x0000000100000000)
  eden space 210944K, 0% used [0x00000000d5580000,0x00000000d5580000,0x00000000e2380000)
  from space 33280K, 43% used [0x00000000e4280000,0x00000000e50bb568,0x00000000e6300000)
  to   space 31744K, 0% used [0x00000000e2380000,0x00000000e2380000,0x00000000e4280000)
 ParOldGen       total 102912K, used 70801K [0x0000000080000000, 0x0000000086480000, 0x00000000d5580000)
  object space 102912K, 68% used [0x0000000080000000,0x0000000084524548,0x0000000086480000)
 Metaspace       used 64550K, capacity 66290K, committed 66560K, reserved 1107968K
  class space    used 8218K, capacity 8598K, committed 8704K, reserved 1048576K
}
Event: 30.990 GC heap before
{Heap before GC invocations=18 (full 4):
 PSYoungGen      total 244224K, used 14573K [0x00000000d5580000, 0x00000000e6300000, 0x0000000100000000)
  eden space 210944K, 0% used [0x00000000d5580000,0x00000000d5580000,0x00000000e2380000)
  from space 33280K, 43% used [0x00000000e4280000,0x00000000e50bb568,0x00000000e6300000)
  to   space 31744K, 0% used [0x00000000e2380000,0x00000000e2380000,0x00000000e4280000)
 ParOldGen       total 102912K, used 70801K [0x0000000080000000, 0x0000000086480000, 0x00000000d5580000)
  object space 102912K, 68% used [0x0000000080000000,0x0000000084524548,0x0000000086480000)
 Metaspace       used 64550K, capacity 66290K, committed 66560K, reserved 1107968K
  class space    used 8218K, capacity 8598K, committed 8704K, reserved 1048576K
Event: 31.204 GC heap after
Heap after GC invocations=18 (full 4):
 PSYoungGen      total 244224K, used 0K [0x00000000d5580000, 0x00000000e6300000, 0x0000000100000000)
  eden space 210944K, 0% used [0x00000000d5580000,0x00000000d5580000,0x00000000e2380000)
  from space 33280K, 0% used [0x00000000e4280000,0x00000000e4280000,0x00000000e6300000)
  to   space 31744K, 0% used [0x00000000e2380000,0x00000000e2380000,0x00000000e4280000)
 ParOldGen       total 102912K, used 44690K [0x0000000080000000, 0x0000000086480000, 0x00000000d5580000)
  object space 102912K, 43% used [0x0000000080000000,0x0000000082ba4b08,0x0000000086480000)
 Metaspace       used 64550K, capacity 66290K, committed 66560K, reserved 1107968K
  class space    used 8218K, capacity 8598K, committed 8704K, reserved 1048576K
}
Event: 65.163 GC heap before
{Heap before GC invocations=19 (full 4):
 PSYoungGen      total 244224K, used 210944K [0x00000000d5580000, 0x00000000e6300000, 0x0000000100000000)
  eden space 210944K, 100% used [0x00000000d5580000,0x00000000e2380000,0x00000000e2380000)
  from space 33280K, 0% used [0x00000000e4280000,0x00000000e4280000,0x00000000e6300000)
  to   space 31744K, 0% used [0x00000000e2380000,0x00000000e2380000,0x00000000e4280000)
 ParOldGen       total 102912K, used 44690K [0x0000000080000000, 0x0000000086480000, 0x00000000d5580000)
  object space 102912K, 43% used [0x0000000080000000,0x0000000082ba4b08,0x0000000086480000)
 Metaspace       used 65484K, capacity 67428K, committed 67712K, reserved 1107968K
  class space    used 8304K, capacity 8705K, committed 8832K, reserved 1048576K
Event: 65.193 GC heap after
Heap after GC invocations=19 (full 4):
 PSYoungGen      total 242688K, used 18128K [0x00000000d5580000, 0x00000000e8c00000, 0x0000000100000000)
  eden space 210944K, 0% used [0x00000000d5580000,0x00000000d5580000,0x00000000e2380000)
  from space 31744K, 57% used [0x00000000e2380000,0x00000000e35340c8,0x00000000e4280000)
  to   space 31232K, 0% used [0x00000000e6d80000,0x00000000e6d80000,0x00000000e8c00000)
 ParOldGen       total 102912K, used 44698K [0x0000000080000000, 0x0000000086480000, 0x00000000d5580000)
  object space 102912K, 43% used [0x0000000080000000,0x0000000082ba6b08,0x0000000086480000)
 Metaspace       used 65484K, capacity 67428K, committed 67712K, reserved 1107968K
  class space    used 8304K, capacity 8705K, committed 8832K, reserved 1048576K
}

Deoptimization events (10 events):
Event: 65.460 Thread 0x000000001a5d0800 Uncommon trap: reason=unstable_if action=reinterpret pc=0x000000000395dcdc method=java.net.URI$Parser.scan(IILjava/lang/String;Ljava/lang/String;)I @ 23
Event: 65.490 Thread 0x000000001a5d0800 Uncommon trap: reason=null_check action=make_not_entrant pc=0x000000000510e7bc method=java.security.Provider.getService(Ljava/lang/String;Ljava/lang/String;)Ljava/security/Provider$Service; @ 84
Event: 65.490 Thread 0x000000001a5d0800 Uncommon trap: reason=unstable_if action=reinterpret pc=0x00000000050e4a88 method=sun.security.jca.ProviderConfig.getProvider()Ljava/security/Provider; @ 6
Event: 65.510 Thread 0x000000001a5d0800 Uncommon trap: reason=class_check action=maybe_recompile pc=0x000000000510a974 method=java.security.Provider$Service.newInstance(Ljava/lang/Object;)Ljava/lang/Object; @ 19
Event: 65.522 Thread 0x000000001a5d0800 Uncommon trap: reason=class_check action=maybe_recompile pc=0x000000000510a974 method=java.security.Provider$Service.newInstance(Ljava/lang/Object;)Ljava/lang/Object; @ 19
Event: 65.523 Thread 0x000000001a5d0800 Uncommon trap: reason=bimorphic action=maybe_recompile pc=0x00000000048d5468 method=sun.security.provider.DigestBase.implCompressMultiBlock([BII)I @ 8
Event: 65.525 Thread 0x000000001a5d0800 Uncommon trap: reason=bimorphic action=maybe_recompile pc=0x00000000048d5468 method=sun.security.provider.DigestBase.implCompressMultiBlock([BII)I @ 8
Event: 65.526 Thread 0x000000001a5d0800 Uncommon trap: reason=bimorphic action=maybe_recompile pc=0x00000000048d5468 method=sun.security.provider.DigestBase.implCompressMultiBlock([BII)I @ 8
Event: 65.526 Thread 0x000000001a5d0800 Uncommon trap: reason=bimorphic action=maybe_recompile pc=0x00000000048d5468 method=sun.security.provider.DigestBase.implCompressMultiBlock([BII)I @ 8
Event: 65.527 Thread 0x000000001a5d0800 Uncommon trap: reason=null_check action=make_not_entrant pc=0x000000000494c2f8 method=java.lang.ClassLoader.checkCerts(Ljava/lang/String;Ljava/security/CodeSource;)V @ 141

Internal exceptions (10 events):
Event: 65.452 Thread 0x000000001a5d0800 Exception <a 'java/lang/ClassNotFoundException': groovyx/net/http/MethodBeanInfo> (0x00000000d6740308) thrown at [C:\re\workspace\8-2-build-windows-amd64-cygwin\jdk8u72\5732\hotspot\src\share\vm\classfile\systemDictionary.cpp, line 210]
Event: 65.452 Thread 0x000000001a5d0800 Exception <a 'java/lang/ClassNotFoundException': java/lang/EnumBeanInfo> (0x00000000d67472c8) thrown at [C:\re\workspace\8-2-build-windows-amd64-cygwin\jdk8u72\5732\hotspot\src\share\vm\classfile\systemDictionary.cpp, line 210]
Event: 65.452 Thread 0x000000001a5d0800 Exception <a 'java/lang/ClassNotFoundException': java/lang/EnumCustomizer> (0x00000000d674e598) thrown at [C:\re\workspace\8-2-build-windows-amd64-cygwin\jdk8u72\5732\hotspot\src\share\vm\classfile\systemDictionary.cpp, line 210]
Event: 65.452 Thread 0x000000001a5d0800 Exception <a 'java/lang/ClassNotFoundException': groovyx/net/http/MethodCustomizer> (0x00000000d67643e8) thrown at [C:\re\workspace\8-2-build-windows-amd64-cygwin\jdk8u72\5732\hotspot\src\share\vm\classfile\systemDictionary.cpp, line 210]
Event: 65.458 Thread 0x000000001a5d0800 Exception <a 'java/lang/ClassNotFoundException': groovyx/net/http/HTTPBuilder$RequestConfigDelegateBeanInfo> (0x00000000d67dc2d0) thrown at [C:\re\workspace\8-2-build-windows-amd64-cygwin\jdk8u72\5732\hotspot\src\share\vm\classfile\systemDictionary.cpp, li
Event: 65.459 Thread 0x000000001a5d0800 Exception <a 'java/lang/ClassNotFoundException': groovyx/net/http/HTTPBuilder$RequestConfigDelegateCustomizer> (0x00000000d67f16d0) thrown at [C:\re\workspace\8-2-build-windows-amd64-cygwin\jdk8u72\5732\hotspot\src\share\vm\classfile\systemDictionary.cpp, Ø &ƒi]P@
Event: 65.460 Thread 0x000000001a5d0800 Exception <a 'java/lang/ClassNotFoundException': groovyx/net/http/URIBuilderBeanInfo> (0x00000000d6828e18) thrown at [C:\re\workspace\8-2-build-windows-amd64-cygwin\jdk8u72\5732\hotspot\src\share\vm\classfile\systemDictionary.cpp, line 210]
Event: 65.460 Thread 0x000000001a5d0800 Exception <a 'java/lang/ClassNotFoundException': groovyx/net/http/URIBuilderCustomizer> (0x00000000d6839240) thrown at [C:\re\workspace\8-2-build-windows-amd64-cygwin\jdk8u72\5732\hotspot\src\share\vm\classfile\systemDictionary.cpp, line 210]
Event: 65.490 Thread 0x000000001a5d0800 Implicit null exception at 0x000000000510dceb to 0x000000000510e7ad
Event: 65.527 Thread 0x000000001a5d0800 Implicit null exception at 0x000000000494af4c to 0x000000000494c2ed

Events (10 events):
Event: 65.553 loading class sun/security/ec/SunECEntries
Event: 65.553 loading class sun/security/ec/SunECEntries done
Event: 65.554 loading class sun/security/ec/CurveDB
Event: 65.554 loading class sun/security/ec/CurveDB done
Event: 65.557 loading class java/security/spec/ECField
Event: 65.557 loading class java/security/spec/ECField done
Event: 65.557 loading class java/security/spec/ECFieldFp
Event: 65.558 loading class java/security/spec/ECFieldFp done
Event: 65.558 loading class java/security/spec/EllipticCurve
Event: 65.558 loading class java/security/spec/EllipticCurve done


Dynamic libraries:
0x00007ff659a70000 - 0x00007ff659aa7000 	C:\Program Files\Java\jdk1.8.0_72\bin\java.exe
0x00007ffea61a0000 - 0x00007ffea6361000 	C:\WINDOWS\SYSTEM32\ntdll.dll
0x00007ffea6050000 - 0x00007ffea60fd000 	C:\WINDOWS\system32\KERNEL32.DLL
0x00007ffea2930000 - 0x00007ffea2b18000 	C:\WINDOWS\system32\KERNELBASE.dll
0x00007ffea35a0000 - 0x00007ffea3647000 	C:\WINDOWS\system32\ADVAPI32.dll
0x00007ffea6100000 - 0x00007ffea619d000 	C:\WINDOWS\system32\msvcrt.dll
0x00007ffea3980000 - 0x00007ffea39db000 	C:\WINDOWS\system32\sechost.dll
0x00007ffea3fe0000 - 0x00007ffea40fc000 	C:\WINDOWS\system32\RPCRT4.dll
0x00007ffea5ef0000 - 0x00007ffea6046000 	C:\WINDOWS\system32\USER32.dll
0x00007ffea3e50000 - 0x00007ffea3fd6000 	C:\WINDOWS\system32\GDI32.dll
0x00007ffe9b650000 - 0x00007ffe9b8c4000 	C:\WINDOWS\WinSxS\amd64_microsoft.windows.common-controls_6595b64144ccf1df_6.0.10586.672_none_a2d6b3cea53ff843\COMCTL32.dll
0x00007ffea4230000 - 0x00007ffea44ad000 	C:\WINDOWS\system32\combase.dll
0x00007ffea2b20000 - 0x00007ffea2b8a000 	C:\WINDOWS\system32\bcryptPrimitives.dll
0x00007ffea5eb0000 - 0x00007ffea5eeb000 	C:\WINDOWS\system32\IMM32.DLL
0x000000005d190000 - 0x000000005d262000 	C:\Program Files\Java\jdk1.8.0_72\jre\bin\msvcr100.dll
0x000000005bca0000 - 0x000000005c530000 	C:\Program Files\Java\jdk1.8.0_72\jre\bin\server\jvm.dll
0x00007ffea3900000 - 0x00007ffea3908000 	C:\WINDOWS\system32\PSAPI.DLL
0x00007ffe9efd0000 - 0x00007ffe9efda000 	C:\WINDOWS\SYSTEM32\VERSION.dll
0x00007ffea0a10000 - 0x00007ffea0a33000 	C:\WINDOWS\SYSTEM32\WINMM.dll
0x00007ffe9bcf0000 - 0x00007ffe9bcf9000 	C:\WINDOWS\SYSTEM32\WSOCK32.dll
0x00007ffea3910000 - 0x00007ffea397b000 	C:\WINDOWS\system32\WS2_32.dll
0x0000000001090000 - 0x00000000010bc000 	C:\WINDOWS\SYSTEM32\WINMMBASE.dll
0x00007ffea2850000 - 0x00007ffea2893000 	C:\WINDOWS\system32\cfgmgr32.dll
0x000000005d5c0000 - 0x000000005d5cf000 	C:\Program Files\Java\jdk1.8.0_72\jre\bin\verify.dll
0x000000005d590000 - 0x000000005d5b9000 	C:\Program Files\Java\jdk1.8.0_72\jre\bin\java.dll
0x000000005d570000 - 0x000000005d586000 	C:\Program Files\Java\jdk1.8.0_72\jre\bin\zip.dll
0x00007ffea4940000 - 0x00007ffea5e9c000 	C:\WINDOWS\system32\SHELL32.dll
0x00007ffea2dc0000 - 0x00007ffea3405000 	C:\WINDOWS\system32\windows.storage.dll
0x00007ffea48e0000 - 0x00007ffea4932000 	C:\WINDOWS\system32\shlwapi.dll
0x00007ffea2810000 - 0x00007ffea281f000 	C:\WINDOWS\system32\kernel.appcore.dll
0x00007ffea3430000 - 0x00007ffea34e5000 	C:\WINDOWS\system32\shcore.dll
0x00007ffea27c0000 - 0x00007ffea280b000 	C:\WINDOWS\system32\powrprof.dll
0x00007ffea2830000 - 0x00007ffea2844000 	C:\WINDOWS\system32\profapi.dll
0x000000005d550000 - 0x000000005d56a000 	C:\Program Files\Java\jdk1.8.0_72\jre\bin\net.dll
0x00007ffea2060000 - 0x00007ffea20bc000 	C:\WINDOWS\system32\mswsock.dll
0x000000005d530000 - 0x000000005d541000 	C:\Program Files\Java\jdk1.8.0_72\jre\bin\nio.dll
0x00007ffe97260000 - 0x00007ffe97272000 	C:\Users\yuandl\.gradle\native\19\windows-amd64\native-platform.dll
0x00007ffea2110000 - 0x00007ffea2127000 	C:\WINDOWS\SYSTEM32\CRYPTSP.dll
0x00007ffea1da0000 - 0x00007ffea1dd4000 	C:\WINDOWS\system32\rsaenh.dll
0x00007ffea2700000 - 0x00007ffea2729000 	C:\WINDOWS\SYSTEM32\bcrypt.dll
0x00007ffea1ef0000 - 0x00007ffea1f0f000 	C:\WINDOWS\SYSTEM32\USERENV.dll
0x00007ffea2230000 - 0x00007ffea223b000 	C:\WINDOWS\SYSTEM32\CRYPTBASE.dll
0x00007ffe9f6e0000 - 0x00007ffe9f718000 	C:\WINDOWS\SYSTEM32\IPHLPAPI.DLL
0x00007ffea39e0000 - 0x00007ffea39e8000 	C:\WINDOWS\system32\NSI.dll
0x00007ffe9ea60000 - 0x00007ffe9ea76000 	C:\WINDOWS\SYSTEM32\dhcpcsvc6.DLL
0x00007ffe9e9b0000 - 0x00007ffe9e9ca000 	C:\WINDOWS\SYSTEM32\dhcpcsvc.DLL
0x000000005d520000 - 0x000000005d52d000 	C:\Program Files\Java\jdk1.8.0_72\jre\bin\management.dll
0x000000005d160000 - 0x000000005d184000 	C:\Program Files\Java\jdk1.8.0_72\jre\bin\sunec.dll

VM Arguments:
jvm_args: -XX:MaxPermSize=512m -Xmx2048m -Dfile.encoding=GBK -Duser.country=CN -Duser.language=zh -Duser.variant 
java_command: org.gradle.launcher.daemon.bootstrap.GradleDaemon 2.14.1
java_class_path (initial): C:\Users\yuandl\.gradle\wrapper\dists\gradle-2.14.1-all\8bnwg5hd3w55iofp58khbp6yv\gradle-2.14.1\lib\gradle-launcher-2.14.1.jar
Launcher Type: SUN_STANDARD

Environment Variables:
JAVA_HOME=C:\Program Files\Java\jdk1.8.0_72
CLASSPATH=E:\kejiang\git\GitHub\AndroidFastDevFrame\\gradle\wrapper\gradle-wrapper.jar
PATH=D:\oracle\product\10.2.0\client_1\bin;D:\oracle\product\10.2.0\db_1\bin;E:\kejiang\Android\sdk\platform-tools;C:\ProgramData\Oracle\Java\javapath;C:\Program Files (x86)\Common Files\NetSarang;C:\Windows\system32;C:\Windows;C:\Windows\System32\Wbem;C:\Windows\System32\WindowsPowerShell\v1.0\;C:\Program Files\Java\jdk1.7.0_60\bin;C:\Program Files\Java\jdk1.7.0_60\jre\bin;D:\Program Files\MySQL\MySQL Server 5.5\bin;E:\Framework\play\play-2.2.6;D:\Software\apache-maven-3.3.1\bin;C:\WINDOWS\system32;C:\WINDOWS;C:\WINDOWS\System32\Wbem;C:\WINDOWS\System32\WindowsPowerShell\v1.0\;C:\Program Files\TortoiseSVN\bin;C:\Program Files\Git\cmd;C:\Program Files\TortoiseGit\bin;C:\Program Files\MySQL\MySQL Utilities 1.6\
USERNAME=yuandl
OS=Windows_NT
PROCESSOR_IDENTIFIER=Intel64 Family 6 Model 60 Stepping 3, GenuineIntel



---------------  S Y S T E M  ---------------

OS: Windows 10.0 , 64 bit Build 10586 (10.0.10586.589)

CPU:total 4 (2 cores per cpu, 2 threads per core) family 6 model 60 stepping 3, cmov, cx8, fxsr, mmx, sse, sse2, sse3, ssse3, sse4.1, sse4.2, popcnt, avx, avx2, aes, clmul, erms, lzcnt, ht, tsc, tscinvbit, bmi1, bmi2

Memory: 4k page, physical 8305276k(760412k free), swap 8305276k(4628k free)

vm_info: Java HotSpot(TM) 64-Bit Server VM (25.72-b15) for windows-amd64 JRE (1.8.0_72-b15), built on Dec 22 2015 19:16:16 by "java_re" with MS VC++ 10.0 (VS2010)

time: Tue Jan 17 18:27:29 2017
elapsed time: 65 seconds (0d 0h 1m 5s)

