#
# There is insufficient memory for the Java Runtime Environment to continue.
# Native memory allocation (malloc) failed to allocate 32784 bytes for Chunk::new
# Possible reasons:
#   The system is out of physical RAM or swap space
#   In 32 bit mode, the process size limit was hit
# Possible solutions:
#   Reduce memory load on the system
#   Increase physical memory or swap space
#   Check if swap backing store is full
#   Use 64 bit Java on a 64 bit OS
#   Decrease Java heap size (-Xmx/-Xms)
#   Decrease number of Java threads
#   Decrease Java thread stack sizes (-Xss)
#   Set larger code cache with -XX:ReservedCodeCacheSize=
# This output file may be truncated or incomplete.
#
#  Out of Memory Error (allocation.cpp:390), pid=18964, tid=11740
#
# JRE version: Java(TM) SE Runtime Environment (8.0_72-b15) (build 1.8.0_72-b15)
# Java VM: Java HotSpot(TM) 64-Bit Server VM (25.72-b15 mixed mode windows-amd64 compressed oops)
# Failed to write core dump. Minidumps are not enabled by default on client versions of Windows
#

---------------  T H R E A D  ---------------

Current thread (0x0000000017a1d000):  JavaThread "C2 CompilerThread0" daemon [_thread_in_native, id=11740, stack(0x0000000018f40000,0x0000000019040000)]

Stack: [0x0000000018f40000,0x0000000019040000]
[error occurred during error reporting (printing stack bounds), id 0xc0000005]

Native frames: (J=compiled Java code, j=interpreted, Vv=VM code, C=native code)


Current CompileTask:
C2: 734152 11350       4       java.lang.String::split (326 bytes)


---------------  P R O C E S S  ---------------

Java Threads: ( => current thread )
  0x000000001a31f000 JavaThread "Stdin handler" [_thread_blocked, id=20560, stack(0x00000000263a0000,0x00000000264a0000)]
  0x000000001a31b800 JavaThread "Asynchronous log dispatcher for org.gradle.launcher.daemon.server.DefaultDaemonConnection@46c38866" [_thread_blocked, id=16704, stack(0x00000000262a0000,0x00000000263a0000)]
  0x000000001a31e800 JavaThread "Daemon worker Thread 2" [_thread_in_vm, id=2880, stack(0x00000000261a0000,0x00000000262a0000)]
  0x000000001a31c000 JavaThread "Cancel handler" [_thread_blocked, id=17700, stack(0x00000000250d0000,0x00000000251d0000)]
  0x000000001a31d800 JavaThread "Handler for socket connection from /127.0.0.1:59703 to /127.0.0.1:60516" [_thread_in_native, id=20320, stack(0x0000000024fd0000,0x00000000250d0000)]
  0x000000001a322000 JavaThread "Daemon Thread 2" [_thread_blocked, id=21428, stack(0x0000000024ed0000,0x0000000024fd0000)]
  0x000000001b1c8800 JavaThread "pool-2-thread-1" [_thread_blocked, id=19436, stack(0x000000001f770000,0x000000001f870000)]
  0x000000001b1ca800 JavaThread "File lock request listener" [_thread_in_native, id=19380, stack(0x000000001f470000,0x000000001f570000)]
  0x000000001a31d000 JavaThread "Incoming local TCP Connector on port 59703" [_thread_in_native, id=18208, stack(0x000000001b200000,0x000000001b300000)]
  0x000000001a321800 JavaThread "pool-1-thread-1" [_thread_blocked, id=18904, stack(0x000000001a040000,0x000000001a140000)]
  0x00000000190db000 JavaThread "Service Thread" daemon [_thread_blocked, id=16648, stack(0x0000000019640000,0x0000000019740000)]
  0x0000000019049000 JavaThread "C1 CompilerThread2" daemon [_thread_blocked, id=19480, stack(0x0000000019540000,0x0000000019640000)]
  0x0000000019041800 JavaThread "C2 CompilerThread1" daemon [_thread_in_native, id=18576, stack(0x0000000019440000,0x0000000019540000)]
=>0x0000000017a1d000 JavaThread "C2 CompilerThread0" daemon [_thread_in_native, id=11740, stack(0x0000000018f40000,0x0000000019040000)]
  0x0000000017a1b800 JavaThread "Attach Listener" daemon [_thread_blocked, id=20276, stack(0x0000000018e40000,0x0000000018f40000)]
  0x00000000179d1000 JavaThread "Signal Dispatcher" daemon [_thread_blocked, id=19444, stack(0x0000000018d40000,0x0000000018e40000)]
  0x0000000002d9c800 JavaThread "Finalizer" daemon [_thread_blocked, id=17968, stack(0x0000000018c40000,0x0000000018d40000)]
  0x0000000002d92000 JavaThread "Reference Handler" daemon [_thread_blocked, id=19292, stack(0x0000000018b40000,0x0000000018c40000)]
  0x0000000002ca2800 JavaThread "main" [_thread_blocked, id=19132, stack(0x0000000002ba0000,0x0000000002ca0000)]

Other Threads:
  0x0000000017988000 VMThread [stack: 0x0000000018a40000,0x0000000018b40000] [id=19104]
  0x0000000019110800 WatcherThread [stack: 0x0000000019740000,0x0000000019840000] [id=18740]

VM state:not at safepoint (normal execution)

VM Mutex/Monitor currently owned by a thread: None

Heap:
 PSYoungGen      total 304640K, used 33523K [0x00000000d5580000, 0x00000000f2e80000, 0x0000000100000000)
  eden space 278528K, 4% used [0x00000000d5580000,0x00000000d6144a08,0x00000000e6580000)
  from space 26112K, 82% used [0x00000000e6580000,0x00000000e7a783d8,0x00000000e7f00000)
  to   space 28160K, 0% used [0x00000000f1300000,0x00000000f1300000,0x00000000f2e80000)
 ParOldGen       total 144384K, used 46825K [0x0000000080000000, 0x0000000088d00000, 0x00000000d5580000)
  object space 144384K, 32% used [0x0000000080000000,0x0000000082dba468,0x0000000088d00000)
 Metaspace       used 68832K, capacity 70860K, committed 71040K, reserved 1110016K
  class space    used 9080K, capacity 9565K, committed 9600K, reserved 1048576K

Card table byte_map: [0x0000000012160000,0x0000000012570000] byte_map_base: 0x0000000011d60000

Marking Bits: (ParMarkBitMap*) 0x0000000061af0600
 Begin Bits: [0x0000000012c20000, 0x0000000014c20000)
 End Bits:   [0x0000000014c20000, 0x0000000016c20000)

Polling page: 0x0000000000ff0000

CodeCache: size=245760Kb used=32612Kb max_used=33293Kb free=213147Kb
 bounds [0x0000000002da0000, 0x0000000004e50000, 0x0000000011da0000]
 total_blobs=10361 nmethods=9581 adapters=691
 compilation: enabled

Compilation events (10 events):
Event: 733.964 Thread 0x0000000019049000 nmethod 11345 0x000000000341f190 code [0x000000000341f300, 0x000000000341f4e8]
Event: 733.972 Thread 0x0000000019049000 11346       3       java.util.ServiceLoader$1::next (41 bytes)
Event: 733.973 Thread 0x0000000019049000 nmethod 11346 0x0000000003735910 code [0x0000000003735ac0, 0x0000000003735ff8]
Event: 733.975 Thread 0x0000000019049000 11347       3       org.apache.xerces.util.XMLAttributesImpl::setName (14 bytes)
Event: 733.976 Thread 0x0000000019049000 nmethod 11347 0x00000000032c3250 code [0x00000000032c33c0, 0x00000000032c3610]
Event: 733.976 Thread 0x0000000019049000 11348       3       org.gradle.api.internal.artifacts.ivyservice.resolveengine.excludes.MultipleExcludeRulesFilter::mergeExcludeRules (232 bytes)
Event: 733.978 Thread 0x0000000019049000 nmethod 11348 0x000000000471a150 code [0x000000000471a500, 0x000000000471cad8]
Event: 733.978 Thread 0x0000000019049000 11349   !   3       sun.reflect.GeneratedConstructorAccessor6::newInstance (49 bytes)
Event: 733.978 Thread 0x0000000019049000 nmethod 11349 0x000000000345fc90 code [0x000000000345fe60, 0x0000000003460418]
Event: 733.983 Thread 0x0000000017a1d000 11350       4       java.lang.String::split (326 bytes)

GC Heap History (10 events):
Event: 38.419 GC heap before
{Heap before GC invocations=15 (full 2):
 PSYoungGen      total 199680K, used 25327K [0x00000000d5580000, 0x00000000e3a80000, 0x0000000100000000)
  eden space 179712K, 2% used [0x00000000d5580000,0x00000000d5abf740,0x00000000e0500000)
  from space 19968K, 99% used [0x00000000e1f00000,0x00000000e327c6e8,0x00000000e3280000)
  to   space 26624K, 0% used [0x00000000e0500000,0x00000000e0500000,0x00000000e1f00000)
 ParOldGen       total 107520K, used 40427K [0x0000000080000000, 0x0000000086900000, 0x00000000d5580000)
  object space 107520K, 37% used [0x0000000080000000,0x000000008277acd8,0x0000000086900000)
 Metaspace       used 57459K, capacity 59060K, committed 59160K, reserved 1099776K
  class space    used 7611K, capacity 8001K, committed 8064K, reserved 1048576K
Event: 38.456 GC heap after
Heap after GC invocations=15 (full 2):
 PSYoungGen      total 206336K, used 18641K [0x00000000d5580000, 0x00000000e9980000, 0x0000000100000000)
  eden space 179712K, 0% used [0x00000000d5580000,0x00000000d5580000,0x00000000e0500000)
  from space 26624K, 70% used [0x00000000e0500000,0x00000000e17346c8,0x00000000e1f00000)
  to   space 27136K, 0% used [0x00000000e7f00000,0x00000000e7f00000,0x00000000e9980000)
 ParOldGen       total 107520K, used 42131K [0x0000000080000000, 0x0000000086900000, 0x00000000d5580000)
  object space 107520K, 39% used [0x0000000080000000,0x0000000082924cd8,0x0000000086900000)
 Metaspace       used 57459K, capacity 59060K, committed 59160K, reserved 1099776K
  class space    used 7611K, capacity 8001K, committed 8064K, reserved 1048576K
}
Event: 38.457 GC heap before
{Heap before GC invocations=16 (full 3):
 PSYoungGen      total 206336K, used 18641K [0x00000000d5580000, 0x00000000e9980000, 0x0000000100000000)
  eden space 179712K, 0% used [0x00000000d5580000,0x00000000d5580000,0x00000000e0500000)
  from space 26624K, 70% used [0x00000000e0500000,0x00000000e17346c8,0x00000000e1f00000)
  to   space 27136K, 0% used [0x00000000e7f00000,0x00000000e7f00000,0x00000000e9980000)
 ParOldGen       total 107520K, used 42131K [0x0000000080000000, 0x0000000086900000, 0x00000000d5580000)
  object space 107520K, 39% used [0x0000000080000000,0x0000000082924cd8,0x0000000086900000)
 Metaspace       used 57459K, capacity 59060K, committed 59160K, reserved 1099776K
  class space    used 7611K, capacity 8001K, committed 8064K, reserved 1048576K
Event: 38.720 GC heap after
Heap after GC invocations=16 (full 3):
 PSYoungGen      total 206336K, used 0K [0x00000000d5580000, 0x00000000e9980000, 0x0000000100000000)
  eden space 179712K, 0% used [0x00000000d5580000,0x00000000d5580000,0x00000000e0500000)
  from space 26624K, 0% used [0x00000000e0500000,0x00000000e0500000,0x00000000e1f00000)
  to   space 27136K, 0% used [0x00000000e7f00000,0x00000000e7f00000,0x00000000e9980000)
 ParOldGen       total 144384K, used 47366K [0x0000000080000000, 0x0000000088d00000, 0x00000000d5580000)
  object space 144384K, 32% used [0x0000000080000000,0x0000000082e41a28,0x0000000088d00000)
 Metaspace       used 57341K, capacity 58820K, committed 59160K, reserved 1099776K
  class space    used 7580K, capacity 7921K, committed 8064K, reserved 1048576K
}
Event: 47.727 GC heap before
{Heap before GC invocations=17 (full 3):
 PSYoungGen      total 206336K, used 165542K [0x00000000d5580000, 0x00000000e9980000, 0x0000000100000000)
  eden space 179712K, 92% used [0x00000000d5580000,0x00000000df729b18,0x00000000e0500000)
  from space 26624K, 0% used [0x00000000e0500000,0x00000000e0500000,0x00000000e1f00000)
  to   space 27136K, 0% used [0x00000000e7f00000,0x00000000e7f00000,0x00000000e9980000)
 ParOldGen       total 144384K, used 47366K [0x0000000080000000, 0x0000000088d00000, 0x00000000d5580000)
  object space 144384K, 32% used [0x0000000080000000,0x0000000082e41a28,0x0000000088d00000)
 Metaspace       used 65420K, capacity 67244K, committed 67456K, reserved 1107968K
  class space    used 8635K, capacity 9060K, committed 9088K, reserved 1048576K
Event: 47.742 GC heap after
Heap after GC invocations=17 (full 3):
 PSYoungGen      total 305152K, used 13723K [0x00000000d5580000, 0x00000000e9900000, 0x0000000100000000)
  eden space 278528K, 0% used [0x00000000d5580000,0x00000000d5580000,0x00000000e6580000)
  from space 26624K, 51% used [0x00000000e7f00000,0x00000000e8c66c38,0x00000000e9900000)
  to   space 26112K, 0% used [0x00000000e6580000,0x00000000e6580000,0x00000000e7f00000)
 ParOldGen       total 144384K, used 47374K [0x0000000080000000, 0x0000000088d00000, 0x00000000d5580000)
  object space 144384K, 32% used [0x0000000080000000,0x0000000082e43a28,0x0000000088d00000)
 Metaspace       used 65420K, capacity 67244K, committed 67456K, reserved 1107968K
  class space    used 8635K, capacity 9060K, committed 9088K, reserved 1048576K
}
Event: 47.742 GC heap before
{Heap before GC invocations=18 (full 4):
 PSYoungGen      total 305152K, used 13723K [0x00000000d5580000, 0x00000000e9900000, 0x0000000100000000)
  eden space 278528K, 0% used [0x00000000d5580000,0x00000000d5580000,0x00000000e6580000)
  from space 26624K, 51% used [0x00000000e7f00000,0x00000000e8c66c38,0x00000000e9900000)
  to   space 26112K, 0% used [0x00000000e6580000,0x00000000e6580000,0x00000000e7f00000)
 ParOldGen       total 144384K, used 47374K [0x0000000080000000, 0x0000000088d00000, 0x00000000d5580000)
  object space 144384K, 32% used [0x0000000080000000,0x0000000082e43a28,0x0000000088d00000)
 Metaspace       used 65420K, capacity 67244K, committed 67456K, reserved 1107968K
  class space    used 8635K, capacity 9060K, committed 9088K, reserved 1048576K
Event: 47.975 GC heap after
Heap after GC invocations=18 (full 4):
 PSYoungGen      total 305152K, used 0K [0x00000000d5580000, 0x00000000e9900000, 0x0000000100000000)
  eden space 278528K, 0% used [0x00000000d5580000,0x00000000d5580000,0x00000000e6580000)
  from space 26624K, 0% used [0x00000000e7f00000,0x00000000e7f00000,0x00000000e9900000)
  to   space 26112K, 0% used [0x00000000e6580000,0x00000000e6580000,0x00000000e7f00000)
 ParOldGen       total 144384K, used 46817K [0x0000000080000000, 0x0000000088d00000, 0x00000000d5580000)
  object space 144384K, 32% used [0x0000000080000000,0x0000000082db8468,0x0000000088d00000)
 Metaspace       used 65418K, capacity 67238K, committed 67456K, reserved 1107968K
  class space    used 8635K, capacity 9059K, committed 9088K, reserved 1048576K
}
Event: 733.833 GC heap before
{Heap before GC invocations=19 (full 4):
 PSYoungGen      total 305152K, used 278528K [0x00000000d5580000, 0x00000000e9900000, 0x0000000100000000)
  eden space 278528K, 100% used [0x00000000d5580000,0x00000000e6580000,0x00000000e6580000)
  from space 26624K, 0% used [0x00000000e7f00000,0x00000000e7f00000,0x00000000e9900000)
  to   space 26112K, 0% used [0x00000000e6580000,0x00000000e6580000,0x00000000e7f00000)
 ParOldGen       total 144384K, used 46817K [0x0000000080000000, 0x0000000088d00000, 0x00000000d5580000)
  object space 144384K, 32% used [0x0000000080000000,0x0000000082db8468,0x0000000088d00000)
 Metaspace       used 68797K, capacity 70796K, committed 71040K, reserved 1110016K
  class space    used 9079K, capacity 9565K, committed 9600K, reserved 1048576K
Event: 733.892 GC heap after
Heap after GC invocations=19 (full 4):
 PSYoungGen      total 304640K, used 21472K [0x00000000d5580000, 0x00000000f2e80000, 0x0000000100000000)
  eden space 278528K, 0% used [0x00000000d5580000,0x00000000d5580000,0x00000000e6580000)
  from space 26112K, 82% used [0x00000000e6580000,0x00000000e7a783d8,0x00000000e7f00000)
  to   space 28160K, 0% used [0x00000000f1300000,0x00000000f1300000,0x00000000f2e80000)
 ParOldGen       total 144384K, used 46825K [0x0000000080000000, 0x0000000088d00000, 0x00000000d5580000)
  object space 144384K, 32% used [0x0000000080000000,0x0000000082dba468,0x0000000088d00000)
 Metaspace       used 68797K, capacity 70796K, committed 71040K, reserved 1110016K
  class space    used 9079K, capacity 9565K, committed 9600K, reserved 1048576K
}

Deoptimization events (10 events):
Event: 61.974 Thread 0x000000001a31c000 Uncommon trap: reason=unstable_if action=reinterpret pc=0x0000000003b07894 method=java.util.jar.JarFile.getManifestFromReference()Ljava/util/jar/Manifest; @ 39
Event: 62.023 Thread 0x000000001a31c000 Uncommon trap: reason=unstable_if action=reinterpret pc=0x00000000046d5854 method=sun.net.www.protocol.jar.Handler.parseContextSpec(Ljava/net/URL;Ljava/lang/String;)Ljava/lang/String; @ 72
Event: 62.041 Thread 0x000000001a31c000 Uncommon trap: reason=bimorphic action=maybe_recompile pc=0x0000000003e3fe18 method=org.codehaus.groovy.util.SingleKeyHashMap.get(Ljava/lang/Object;)Ljava/lang/Object; @ 43
Event: 62.063 Thread 0x000000001a31c000 Uncommon trap: reason=unstable_if action=reinterpret pc=0x0000000003aeb204 method=org.codehaus.groovy.util.ReferenceManager$2.afterReferenceCreation(Lorg/codehaus/groovy/util/Reference;)V @ 8
Event: 62.073 Thread 0x000000001a31c000 Uncommon trap: reason=unstable_if action=reinterpret pc=0x00000000040d8fe4 method=org.codehaus.groovy.util.ReferenceManager$2.afterReferenceCreation(Lorg/codehaus/groovy/util/Reference;)V @ 8
Event: 67.788 Thread 0x000000001a31c000 Uncommon trap: reason=unstable_if action=reinterpret pc=0x0000000003e35554 method=jdk.internal.org.objectweb.asm.Type.getArgumentsAndReturnSizes(Ljava/lang/String;)I @ 47
Event: 121.531 Thread 0x000000001a321800 Uncommon trap: reason=speculate_class_check action=maybe_recompile pc=0x0000000003df8898 method=java.util.AbstractList.listIterator()Ljava/util/ListIterator; @ 2
Event: 181.462 Thread 0x000000001a321800 Uncommon trap: reason=speculate_class_check action=maybe_recompile pc=0x0000000003df8898 method=java.util.AbstractList.listIterator()Ljava/util/ListIterator; @ 2
Event: 241.467 Thread 0x000000001a321800 Uncommon trap: reason=speculate_class_check action=maybe_recompile pc=0x0000000003df8898 method=java.util.AbstractList.listIterator()Ljava/util/ListIterator; @ 2
Event: 301.458 Thread 0x000000001a321800 Uncommon trap: reason=null_check action=make_not_entrant pc=0x000000000494d398 method=java.io.ObjectStreamClass.getField(Ljava/lang/String;Ljava/lang/Class;)Ljava/io/ObjectStreamField; @ 67

Internal exceptions (10 events):
Event: 67.806 Thread 0x000000001a31c000 Exception <a 'java/lang/ClassNotFoundException': org/apache/http/entity/AbstractHttpEntityBeanInfo> (0x00000000e4826a98) thrown at [C:\re\workspace\8-2-build-windows-amd64-cygwin\jdk8u72\5732\hotspot\src\share\vm\classfile\systemDictionary.cpp, line 210]
Event: 67.806 Thread 0x000000001a31c000 Exception <a 'java/lang/ClassNotFoundException': org/apache/http/entity/AbstractHttpEntityCustomizer> (0x00000000e483afa0) thrown at [C:\re\workspace\8-2-build-windows-amd64-cygwin\jdk8u72\5732\hotspot\src\share\vm\classfile\systemDictionary.cpp, line 210]Eþþ óP@
Event: 67.807 Thread 0x000000001a31c000 Exception <a 'java/lang/ClassNotFoundException': org/apache/http/entity/InputStreamEntityCustomizer> (0x00000000e4858c80) thrown at [C:\re\workspace\8-2-build-windows-amd64-cygwin\jdk8u72\5732\hotspot\src\share\vm\classfile\systemDictionary.cpp, line 210]
Event: 67.810 Thread 0x000000001a31c000 Exception <a 'java/net/SocketTimeoutException': Read timed out> (0x00000000e4879470) thrown at [C:\re\workspace\8-2-build-windows-amd64-cygwin\jdk8u72\5732\hotspot\src\share\vm\prims\jni.cpp, line 735]
Event: 69.234 Thread 0x000000001a31c000 Exception <a 'java/net/SocketTimeoutException': Read timed out> (0x00000000e488fe98) thrown at [C:\re\workspace\8-2-build-windows-amd64-cygwin\jdk8u72\5732\hotspot\src\share\vm\prims\jni.cpp, line 735]
Event: 70.756 Thread 0x000000001a31c000 Exception <a 'java/net/SocketTimeoutException': Read timed out> (0x00000000e48b4f40) thrown at [C:\re\workspace\8-2-build-windows-amd64-cygwin\jdk8u72\5732\hotspot\src\share\vm\prims\jni.cpp, line 735]
Event: 73.189 Thread 0x000000001a31c000 Exception <a 'java/net/SocketTimeoutException': Read timed out> (0x00000000e492ce28) thrown at [C:\re\workspace\8-2-build-windows-amd64-cygwin\jdk8u72\5732\hotspot\src\share\vm\prims\jni.cpp, line 735]
Event: 74.186 Thread 0x000000001a31c000 Exception <a 'java/net/SocketTimeoutException': Read timed out> (0x00000000e499f948) thrown at [C:\re\workspace\8-2-build-windows-amd64-cygwin\jdk8u72\5732\hotspot\src\share\vm\prims\jni.cpp, line 735]
Event: 609.001 Thread 0x000000001b1c8800 Exception <a 'sun/nio/fs/WindowsException'> (0x00000000e4afd5a8) thrown at [C:\re\workspace\8-2-build-windows-amd64-cygwin\jdk8u72\5732\hotspot\src\share\vm\prims\jni.cpp, line 709]
Event: 660.706 Thread 0x000000001b1c8800 Exception <a 'sun/nio/fs/WindowsException'> (0x00000000e4afed88) thrown at [C:\re\workspace\8-2-build-windows-amd64-cygwin\jdk8u72\5732\hotspot\src\share\vm\prims\jni.cpp, line 709]

Events (10 events):
Event: 733.894 loading class sun/security/ssl/SecureKey
Event: 733.895 Executing VM operation: RevokeBias
Event: 733.895 Executing VM operation: RevokeBias done
Event: 733.906 loading class sun/security/ssl/SecureKey done
Event: 733.906 Executing VM operation: RevokeBias
Event: 733.906 Executing VM operation: RevokeBias done
Event: 733.906 Executing VM operation: RevokeBias
Event: 733.906 Executing VM operation: RevokeBias done
Event: 733.906 Executing VM operation: RevokeBias
Event: 733.906 Executing VM operation: RevokeBias done


Dynamic libraries:
0x00007ff6d2ed0000 - 0x00007ff6d2f07000 	C:\Program Files\Java\jdk1.8.0_72\bin\java.exe
0x00007fffcf5c0000 - 0x00007fffcf781000 	C:\WINDOWS\SYSTEM32\ntdll.dll
0x00007fffcd080000 - 0x00007fffcd12d000 	C:\WINDOWS\system32\KERNEL32.DLL
0x00007fffcc720000 - 0x00007fffcc908000 	C:\WINDOWS\system32\KERNELBASE.dll
0x00007fffcd130000 - 0x00007fffcd1d7000 	C:\WINDOWS\system32\ADVAPI32.dll
0x00007fffcec30000 - 0x00007fffceccd000 	C:\WINDOWS\system32\msvcrt.dll
0x00007fffce960000 - 0x00007fffce9bb000 	C:\WINDOWS\system32\sechost.dll
0x00007fffccf60000 - 0x00007fffcd07c000 	C:\WINDOWS\system32\RPCRT4.dll
0x00007fffcccf0000 - 0x00007fffcce46000 	C:\WINDOWS\system32\USER32.dll
0x00007fffcf420000 - 0x00007fffcf5a6000 	C:\WINDOWS\system32\GDI32.dll
0x00007fffc6080000 - 0x00007fffc62f4000 	C:\WINDOWS\WinSxS\amd64_microsoft.windows.common-controls_6595b64144ccf1df_6.0.10586.672_none_a2d6b3cea53ff843\COMCTL32.dll
0x00007fffcc9c0000 - 0x00007fffccc3d000 	C:\WINDOWS\system32\combase.dll
0x00007fffcbe90000 - 0x00007fffcbefa000 	C:\WINDOWS\system32\bcryptPrimitives.dll
0x00007fffcebf0000 - 0x00007fffcec2b000 	C:\WINDOWS\system32\IMM32.DLL
0x0000000061b70000 - 0x0000000061c42000 	C:\Program Files\Java\jdk1.8.0_72\jre\bin\msvcr100.dll
0x00000000612e0000 - 0x0000000061b70000 	C:\Program Files\Java\jdk1.8.0_72\jre\bin\server\jvm.dll
0x00007fffcf410000 - 0x00007fffcf418000 	C:\WINDOWS\system32\PSAPI.DLL
0x00007fffc96d0000 - 0x00007fffc96d9000 	C:\WINDOWS\SYSTEM32\WSOCK32.dll
0x00007fffca0e0000 - 0x00007fffca103000 	C:\WINDOWS\SYSTEM32\WINMM.dll
0x00007fffbfd70000 - 0x00007fffbfd7a000 	C:\WINDOWS\SYSTEM32\VERSION.dll
0x00007fffceb80000 - 0x00007fffcebeb000 	C:\WINDOWS\system32\WS2_32.dll
0x00007fffc9e90000 - 0x00007fffc9ebc000 	C:\WINDOWS\SYSTEM32\WINMMBASE.dll
0x00007fffcc910000 - 0x00007fffcc953000 	C:\WINDOWS\system32\cfgmgr32.dll
0x00000000628a0000 - 0x00000000628af000 	C:\Program Files\Java\jdk1.8.0_72\jre\bin\verify.dll
0x0000000062870000 - 0x0000000062899000 	C:\Program Files\Java\jdk1.8.0_72\jre\bin\java.dll
0x0000000062850000 - 0x0000000062866000 	C:\Program Files\Java\jdk1.8.0_72\jre\bin\zip.dll
0x00007fffcd2b0000 - 0x00007fffce80c000 	C:\WINDOWS\system32\SHELL32.dll
0x00007fffcc0d0000 - 0x00007fffcc715000 	C:\WINDOWS\system32\windows.storage.dll
0x00007fffcee90000 - 0x00007fffceee2000 	C:\WINDOWS\system32\shlwapi.dll
0x00007fffcbc60000 - 0x00007fffcbc6f000 	C:\WINDOWS\system32\kernel.appcore.dll
0x00007fffcbc70000 - 0x00007fffcbd25000 	C:\WINDOWS\system32\shcore.dll
0x00007fffcbbe0000 - 0x00007fffcbc2b000 	C:\WINDOWS\system32\powrprof.dll
0x00007fffcbc40000 - 0x00007fffcbc54000 	C:\WINDOWS\system32\profapi.dll
0x0000000062830000 - 0x000000006284a000 	C:\Program Files\Java\jdk1.8.0_72\jre\bin\net.dll
0x00007fffcb480000 - 0x00007fffcb4dc000 	C:\WINDOWS\system32\mswsock.dll
0x00000000612c0000 - 0x00000000612d1000 	C:\Program Files\Java\jdk1.8.0_72\jre\bin\nio.dll
0x00007fffc01e0000 - 0x00007fffc01f2000 	C:\Users\yuandl\.gradle\native\19\windows-amd64\native-platform.dll
0x00007fffcb530000 - 0x00007fffcb547000 	C:\WINDOWS\SYSTEM32\CRYPTSP.dll
0x00007fffcb1c0000 - 0x00007fffcb1f4000 	C:\WINDOWS\system32\rsaenh.dll
0x00007fffcbb20000 - 0x00007fffcbb49000 	C:\WINDOWS\SYSTEM32\bcrypt.dll
0x00007fffcb310000 - 0x00007fffcb32f000 	C:\WINDOWS\SYSTEM32\USERENV.dll
0x00007fffcb650000 - 0x00007fffcb65b000 	C:\WINDOWS\SYSTEM32\CRYPTBASE.dll
0x00007fffc9430000 - 0x00007fffc9468000 	C:\WINDOWS\SYSTEM32\IPHLPAPI.DLL
0x00007fffcf5b0000 - 0x00007fffcf5b8000 	C:\WINDOWS\system32\NSI.dll
0x00007fffc93f0000 - 0x00007fffc9406000 	C:\WINDOWS\SYSTEM32\dhcpcsvc6.DLL
0x00007fffc9340000 - 0x00007fffc935a000 	C:\WINDOWS\SYSTEM32\dhcpcsvc.DLL
0x00000000612b0000 - 0x00000000612bd000 	C:\Program Files\Java\jdk1.8.0_72\jre\bin\management.dll
0x0000000061280000 - 0x00000000612a4000 	C:\Program Files\Java\jdk1.8.0_72\jre\bin\sunec.dll
0x00007fffca530000 - 0x00007fffca5da000 	C:\WINDOWS\SYSTEM32\DNSAPI.dll
0x00007fffc7e40000 - 0x00007fffc7e4a000 	C:\Windows\System32\rasadhlp.dll
0x00007fffc9480000 - 0x00007fffc94e7000 	C:\WINDOWS\System32\fwpuclnt.dll
0x00007fffc1a70000 - 0x00007fffc1a86000 	C:\WINDOWS\system32\napinsp.dll
0x00007fffc1b00000 - 0x00007fffc1b1a000 	C:\WINDOWS\system32\pnrpnsp.dll
0x00007fffc9b80000 - 0x00007fffc9b98000 	C:\WINDOWS\system32\NLAapi.dll
0x00007fffc3fb0000 - 0x00007fffc3fbd000 	C:\WINDOWS\System32\winrnr.dll

VM Arguments:
jvm_args: -XX:MaxPermSize=512m -Xmx2048m -Dfile.encoding=GBK -Duser.country=CN -Duser.language=zh -Duser.variant 
java_command: org.gradle.launcher.daemon.bootstrap.GradleDaemon 2.14.1
java_class_path (initial): C:\Users\yuandl\.gradle\wrapper\dists\gradle-2.14.1-all\8bnwg5hd3w55iofp58khbp6yv\gradle-2.14.1\lib\gradle-launcher-2.14.1.jar
Launcher Type: SUN_STANDARD

Environment Variables:
JAVA_HOME=C:\Program Files\Java\jdk1.8.0_72
CLASSPATH=E:\kejiang\git\GitHub\AndroidFastDevFrame\\gradle\wrapper\gradle-wrapper.jar
PATH=D:\oracle\product\10.2.0\client_1\bin;D:\oracle\product\10.2.0\db_1\bin;E:\kejiang\Android\sdk\platform-tools;C:\ProgramData\Oracle\Java\javapath;C:\Program Files (x86)\Common Files\NetSarang;C:\Windows\system32;C:\Windows;C:\Windows\System32\Wbem;C:\Windows\System32\WindowsPowerShell\v1.0\;C:\Program Files\Java\jdk1.7.0_60\bin;C:\Program Files\Java\jdk1.7.0_60\jre\bin;D:\Program Files\MySQL\MySQL Server 5.5\bin;E:\Framework\play\play-2.2.6;D:\Software\apache-maven-3.3.1\bin;C:\WINDOWS\system32;C:\WINDOWS;C:\WINDOWS\System32\Wbem;C:\WINDOWS\System32\WindowsPowerShell\v1.0\;C:\Program Files\TortoiseSVN\bin;C:\Program Files\Git\cmd;C:\Program Files\TortoiseGit\bin;C:\Program Files\MySQL\MySQL Utilities 1.6\
USERNAME=yuandl
OS=Windows_NT
PROCESSOR_IDENTIFIER=Intel64 Family 6 Model 60 Stepping 3, GenuineIntel



---------------  S Y S T E M  ---------------

OS: Windows 10.0 , 64 bit Build 10586 (10.0.10586.589)

CPU:total 4 (2 cores per cpu, 2 threads per core) family 6 model 60 stepping 3, cmov, cx8, fxsr, mmx, sse, sse2, sse3, ssse3, sse4.1, sse4.2, popcnt, avx, avx2, aes, clmul, erms, lzcnt, ht, tsc, tscinvbit, bmi1, bmi2

Memory: 4k page, physical 8305276k(1356028k free), swap 8305276k(5592k free)

vm_info: Java HotSpot(TM) 64-Bit Server VM (25.72-b15) for windows-amd64 JRE (1.8.0_72-b15), built on Dec 22 2015 19:16:16 by "java_re" with MS VC++ 10.0 (VS2010)

time: Wed Feb 22 16:52:23 2017
elapsed time: 734 seconds (0d 0h 12m 14s)

