#
# There is insufficient memory for the Java Runtime Environment to continue.
# Native memory allocation (malloc) failed to allocate 32744 bytes for ChunkPool::allocate
# Possible reasons:
#   The system is out of physical RAM or swap space
#   In 32 bit mode, the process size limit was hit
# Possible solutions:
#   Reduce memory load on the system
#   Increase physical memory or swap space
#   Check if swap backing store is full
#   Use 64 bit Java on a 64 bit OS
#   Decrease Java heap size (-Xmx/-Xms)
#   Decrease number of Java threads
#   Decrease Java thread stack sizes (-Xss)
#   Set larger code cache with -XX:ReservedCodeCacheSize=
# This output file may be truncated or incomplete.
#
#  Out of Memory Error (allocation.cpp:273), pid=16108, tid=15768
#
# JRE version: Java(TM) SE Runtime Environment (8.0_72-b15) (build 1.8.0_72-b15)
# Java VM: Java HotSpot(TM) 64-Bit Server VM (25.72-b15 mixed mode windows-amd64 compressed oops)
# Failed to write core dump. Minidumps are not enabled by default on client versions of Windows
#

---------------  T H R E A D  ---------------

Current thread (0x0000000019448000):  JavaThread "C1 CompilerThread2" daemon [_thread_in_native, id=15768, stack(0x0000000019940000,0x0000000019a40000)]

Stack: [0x0000000019940000,0x0000000019a40000]
[error occurred during error reporting (printing stack bounds), id 0xc0000005]

Native frames: (J=compiled Java code, j=interpreted, Vv=VM code, C=native code)


Current CompileTask:
C1:  36124 5342       3      
[error occurred during error reporting (printing current compile task), id 0xe0000001]


---------------  P R O C E S S  ---------------

Java Threads: ( => current thread )
  0x000000001ccc5800 JavaThread "pool-2-thread-1" [_thread_blocked, id=15748, stack(0x000000001fcb0000,0x000000001fdb0000)]
  0x000000001ccc3800 JavaThread "File lock request listener" [_thread_in_native, id=11096, stack(0x000000001e920000,0x000000001ea20000)]
  0x000000001abdd000 JavaThread "Stdin handler" [_thread_blocked, id=15712, stack(0x000000001c020000,0x000000001c120000)]
  0x000000001abdc000 JavaThread "Asynchronous log dispatcher for org.gradle.launcher.daemon.server.DefaultDaemonConnection@51e73f21" [_thread_blocked, id=15688, stack(0x000000001bf20000,0x000000001c020000)]
  0x000000001abfa800 JavaThread "Daemon worker" [_thread_in_Java, id=15904, stack(0x000000001bc20000,0x000000001bd20000)]
  0x000000001a84b000 JavaThread "Cancel handler" [_thread_blocked, id=10048, stack(0x000000001bb20000,0x000000001bc20000)]
  0x000000001a841800 JavaThread "Handler for socket connection from /127.0.0.1:60462 to /127.0.0.1:60463" [_thread_in_native, id=15040, stack(0x000000001ba20000,0x000000001bb20000)]
  0x000000001abc8000 JavaThread "Daemon" [_thread_blocked, id=16284, stack(0x000000001b920000,0x000000001ba20000)]
  0x000000001a9f9800 JavaThread "Incoming local TCP Connector on port 60462" [_thread_in_native, id=15868, stack(0x000000001b620000,0x000000001b720000)]
  0x000000001a8f9000 JavaThread "pool-1-thread-1" [_thread_blocked, id=15832, stack(0x000000001b520000,0x000000001b620000)]
  0x00000000194d5000 JavaThread "Service Thread" daemon [_thread_blocked, id=15772, stack(0x0000000019a40000,0x0000000019b40000)]
=>0x0000000019448000 JavaThread "C1 CompilerThread2" daemon [_thread_in_native, id=15768, stack(0x0000000019940000,0x0000000019a40000)]
  0x0000000019443800 JavaThread "C2 CompilerThread1" daemon [_thread_in_native, id=15784, stack(0x0000000019840000,0x0000000019940000)]
  0x0000000017e3d000 JavaThread "C2 CompilerThread0" daemon [_thread_in_native, id=15828, stack(0x0000000019340000,0x0000000019440000)]
  0x0000000017e3b000 JavaThread "Attach Listener" daemon [_thread_blocked, id=16156, stack(0x0000000019240000,0x0000000019340000)]
  0x0000000017e3a000 JavaThread "Signal Dispatcher" daemon [_thread_blocked, id=15652, stack(0x0000000019140000,0x0000000019240000)]
  0x0000000017dca800 JavaThread "Finalizer" daemon [_thread_blocked, id=13240, stack(0x0000000019040000,0x0000000019140000)]
  0x00000000031b0000 JavaThread "Reference Handler" daemon [_thread_blocked, id=15576, stack(0x0000000018f40000,0x0000000019040000)]
  0x00000000030c2800 JavaThread "main" [_thread_blocked, id=16220, stack(0x0000000002f40000,0x0000000003040000)]

Other Threads:
  0x0000000017da8000 VMThread [stack: 0x0000000018e40000,0x0000000018f40000] [id=10508]
  0x000000001950a800 WatcherThread [stack: 0x0000000019b40000,0x0000000019c40000] [id=15808]

VM state:not at safepoint (normal execution)

VM Mutex/Monitor currently owned by a thread: None

Heap:
 PSYoungGen      total 137728K, used 85222K [0x00000000d5580000, 0x00000000e0b80000, 0x0000000100000000)
  eden space 125440K, 59% used [0x00000000d5580000,0x00000000d9ed17d8,0x00000000dd000000)
  from space 12288K, 82% used [0x00000000dd000000,0x00000000dd9e8128,0x00000000ddc00000)
  to   space 12800K, 0% used [0x00000000dff00000,0x00000000dff00000,0x00000000e0b80000)
 ParOldGen       total 98816K, used 20086K [0x0000000080000000, 0x0000000086080000, 0x00000000d5580000)
  object space 98816K, 20% used [0x0000000080000000,0x000000008139d9d8,0x0000000086080000)
 Metaspace       used 42584K, capacity 43390K, committed 43648K, reserved 1087488K
  class space    used 5719K, capacity 5968K, committed 6016K, reserved 1048576K

Card table byte_map: [0x0000000012580000,0x0000000012990000] byte_map_base: 0x0000000012180000

Marking Bits: (ParMarkBitMap*) 0x0000000065aa0600
 Begin Bits: [0x0000000013040000, 0x0000000015040000)
 End Bits:   [0x0000000015040000, 0x0000000017040000)

Polling page: 0x0000000000f20000

CodeCache: size=245760Kb used=16714Kb max_used=16714Kb free=229045Kb
 bounds [0x00000000031c0000, 0x0000000004230000, 0x00000000121c0000]
 total_blobs=5573 nmethods=4872 adapters=612
 compilation: enabled

Compilation events (10 events):
Event: 35.963 Thread 0x0000000019448000 nmethod 5332 0x0000000004221690 code [0x0000000004221820, 0x0000000004221c10]
Event: 36.011 Thread 0x0000000019448000 5333  s    3       java.io.FileDescriptor::attach (73 bytes)
Event: 36.011 Thread 0x0000000019448000 nmethod 5333 0x0000000004221e10 code [0x0000000004222000, 0x0000000004222c08]
Event: 36.090 Thread 0x0000000019448000 5334       1       com.google.common.collect.MapMakerInternalMap::unset (4 bytes)
Event: 36.090 Thread 0x0000000019448000 nmethod 5334 0x0000000004208f90 code [0x00000000042090e0, 0x00000000042091d0]
Event: 36.102 Thread 0x0000000019448000 5335       1       org.gradle.api.internal.changedetection.state.CacheAccessingFileSnapshotter::access$000 (5 bytes)
Event: 36.102 Thread 0x0000000019448000 nmethod 5335 0x00000000042231d0 code [0x0000000004223320, 0x0000000004223410]
Event: 36.103 Thread 0x0000000019448000 5336       1       org.gradle.api.internal.changedetection.state.CachingFileSnapshotter$FileInfo::getHash (5 bytes)
Event: 36.103 Thread 0x0000000019448000 nmethod 5336 0x0000000004223490 code [0x00000000042235e0, 0x00000000042236f0]
Event: 36.113 Thread 0x0000000019448000 5342       3       sun.nio.cs.UTF_8$Decoder::decodeArrayLoop (691 bytes)

GC Heap History (10 events):
Event: 26.503 GC heap before
{Heap before GC invocations=7 (full 1):
 PSYoungGen      total 67072K, used 67053K [0x00000000d5580000, 0x00000000dc180000, 0x0000000100000000)
  eden space 61952K, 100% used [0x00000000d5580000,0x00000000d9200000,0x00000000d9200000)
  from space 5120K, 99% used [0x00000000d9200000,0x00000000d96fb488,0x00000000d9700000)
  to   space 9728K, 0% used [0x00000000db800000,0x00000000db800000,0x00000000dc180000)
 ParOldGen       total 64000K, used 10160K [0x0000000080000000, 0x0000000083e80000, 0x00000000d5580000)
  object space 64000K, 15% used [0x0000000080000000,0x00000000809ec230,0x0000000083e80000)
 Metaspace       used 28915K, capacity 29424K, committed 29824K, reserved 1075200K
  class space    used 3970K, capacity 4107K, committed 4224K, reserved 1048576K
Event: 26.512 GC heap after
Heap after GC invocations=7 (full 1):
 PSYoungGen      total 95232K, used 7698K [0x00000000d5580000, 0x00000000dc000000, 0x0000000100000000)
  eden space 87040K, 0% used [0x00000000d5580000,0x00000000d5580000,0x00000000daa80000)
  from space 8192K, 93% used [0x00000000db800000,0x00000000dbf84ab8,0x00000000dc000000)
  to   space 9728K, 0% used [0x00000000dad00000,0x00000000dad00000,0x00000000db680000)
 ParOldGen       total 64000K, used 10168K [0x0000000080000000, 0x0000000083e80000, 0x00000000d5580000)
  object space 64000K, 15% used [0x0000000080000000,0x00000000809ee230,0x0000000083e80000)
 Metaspace       used 28915K, capacity 29424K, committed 29824K, reserved 1075200K
  class space    used 3970K, capacity 4107K, committed 4224K, reserved 1048576K
}
Event: 27.228 GC heap before
{Heap before GC invocations=8 (full 1):
 PSYoungGen      total 95232K, used 91915K [0x00000000d5580000, 0x00000000dc000000, 0x0000000100000000)
  eden space 87040K, 96% used [0x00000000d5580000,0x00000000da7be480,0x00000000daa80000)
  from space 8192K, 93% used [0x00000000db800000,0x00000000dbf84ab8,0x00000000dc000000)
  to   space 9728K, 0% used [0x00000000dad00000,0x00000000dad00000,0x00000000db680000)
 ParOldGen       total 64000K, used 10168K [0x0000000080000000, 0x0000000083e80000, 0x00000000d5580000)
  object space 64000K, 15% used [0x0000000080000000,0x00000000809ee230,0x0000000083e80000)
 Metaspace       used 34786K, capacity 35272K, committed 35496K, reserved 1079296K
  class space    used 4705K, capacity 4837K, committed 4864K, reserved 1048576K
Event: 27.243 GC heap after
Heap after GC invocations=8 (full 1):
 PSYoungGen      total 99328K, used 9725K [0x00000000d5580000, 0x00000000de880000, 0x0000000100000000)
  eden space 89600K, 0% used [0x00000000d5580000,0x00000000d5580000,0x00000000dad00000)
  from space 9728K, 99% used [0x00000000dad00000,0x00000000db67f760,0x00000000db680000)
  to   space 12800K, 0% used [0x00000000ddc00000,0x00000000ddc00000,0x00000000de880000)
 ParOldGen       total 64000K, used 13986K [0x0000000080000000, 0x0000000083e80000, 0x00000000d5580000)
  object space 64000K, 21% used [0x0000000080000000,0x0000000080da89f8,0x0000000083e80000)
 Metaspace       used 34786K, capacity 35272K, committed 35496K, reserved 1079296K
  class space    used 4705K, capacity 4837K, committed 4864K, reserved 1048576K
}
Event: 27.243 GC heap before
{Heap before GC invocations=9 (full 2):
 PSYoungGen      total 99328K, used 9725K [0x00000000d5580000, 0x00000000de880000, 0x0000000100000000)
  eden space 89600K, 0% used [0x00000000d5580000,0x00000000d5580000,0x00000000dad00000)
  from space 9728K, 99% used [0x00000000dad00000,0x00000000db67f760,0x00000000db680000)
  to   space 12800K, 0% used [0x00000000ddc00000,0x00000000ddc00000,0x00000000de880000)
 ParOldGen       total 64000K, used 13986K [0x0000000080000000, 0x0000000083e80000, 0x00000000d5580000)
  object space 64000K, 21% used [0x0000000080000000,0x0000000080da89f8,0x0000000083e80000)
 Metaspace       used 34786K, capacity 35272K, committed 35496K, reserved 1079296K
  class space    used 4705K, capacity 4837K, committed 4864K, reserved 1048576K
Event: 27.326 GC heap after
Heap after GC invocations=9 (full 2):
 PSYoungGen      total 99328K, used 0K [0x00000000d5580000, 0x00000000de880000, 0x0000000100000000)
  eden space 89600K, 0% used [0x00000000d5580000,0x00000000d5580000,0x00000000dad00000)
  from space 9728K, 0% used [0x00000000dad00000,0x00000000dad00000,0x00000000db680000)
  to   space 12800K, 0% used [0x00000000ddc00000,0x00000000ddc00000,0x00000000de880000)
 ParOldGen       total 98816K, used 20070K [0x0000000080000000, 0x0000000086080000, 0x00000000d5580000)
  object space 98816K, 20% used [0x0000000080000000,0x00000000813999d8,0x0000000086080000)
 Metaspace       used 34786K, capacity 35272K, committed 35496K, reserved 1079296K
  class space    used 4705K, capacity 4837K, committed 4864K, reserved 1048576K
}
Event: 31.996 GC heap before
{Heap before GC invocations=10 (full 2):
 PSYoungGen      total 99328K, used 89600K [0x00000000d5580000, 0x00000000de880000, 0x0000000100000000)
  eden space 89600K, 100% used [0x00000000d5580000,0x00000000dad00000,0x00000000dad00000)
  from space 9728K, 0% used [0x00000000dad00000,0x00000000dad00000,0x00000000db680000)
  to   space 12800K, 0% used [0x00000000ddc00000,0x00000000ddc00000,0x00000000de880000)
 ParOldGen       total 98816K, used 20070K [0x0000000080000000, 0x0000000086080000, 0x00000000d5580000)
  object space 98816K, 20% used [0x0000000080000000,0x00000000813999d8,0x0000000086080000)
 Metaspace       used 41234K, capacity 41956K, committed 42240K, reserved 1085440K
  class space    used 5580K, capacity 5816K, committed 5888K, reserved 1048576K
Event: 32.002 GC heap after
Heap after GC invocations=10 (full 2):
 PSYoungGen      total 138240K, used 8341K [0x00000000d5580000, 0x00000000df100000, 0x0000000100000000)
  eden space 125440K, 0% used [0x00000000d5580000,0x00000000d5580000,0x00000000dd000000)
  from space 12800K, 65% used [0x00000000ddc00000,0x00000000de4257a0,0x00000000de880000)
  to   space 12288K, 0% used [0x00000000dd000000,0x00000000dd000000,0x00000000ddc00000)
 ParOldGen       total 98816K, used 20078K [0x0000000080000000, 0x0000000086080000, 0x00000000d5580000)
  object space 98816K, 20% used [0x0000000080000000,0x000000008139b9d8,0x0000000086080000)
 Metaspace       used 41234K, capacity 41956K, committed 42240K, reserved 1085440K
  class space    used 5580K, capacity 5816K, committed 5888K, reserved 1048576K
}
Event: 33.240 GC heap before
{Heap before GC invocations=11 (full 2):
 PSYoungGen      total 138240K, used 133781K [0x00000000d5580000, 0x00000000df100000, 0x0000000100000000)
  eden space 125440K, 100% used [0x00000000d5580000,0x00000000dd000000,0x00000000dd000000)
  from space 12800K, 65% used [0x00000000ddc00000,0x00000000de4257a0,0x00000000de880000)
  to   space 12288K, 0% used [0x00000000dd000000,0x00000000dd000000,0x00000000ddc00000)
 ParOldGen       total 98816K, used 20078K [0x0000000080000000, 0x0000000086080000, 0x00000000d5580000)
  object space 98816K, 20% used [0x0000000080000000,0x000000008139b9d8,0x0000000086080000)
 Metaspace       used 41688K, capacity 42442K, committed 42752K, reserved 1085440K
  class space    used 5596K, capacity 5821K, committed 5888K, reserved 1048576K
Event: 33.247 GC heap after
Heap after GC invocations=11 (full 2):
 PSYoungGen      total 137728K, used 10144K [0x00000000d5580000, 0x00000000e0b80000, 0x0000000100000000)
  eden space 125440K, 0% used [0x00000000d5580000,0x00000000d5580000,0x00000000dd000000)
  from space 12288K, 82% used [0x00000000dd000000,0x00000000dd9e8128,0x00000000ddc00000)
  to   space 12800K, 0% used [0x00000000dff00000,0x00000000dff00000,0x00000000e0b80000)
 ParOldGen       total 98816K, used 20086K [0x0000000080000000, 0x0000000086080000, 0x00000000d5580000)
  object space 98816K, 20% used [0x0000000080000000,0x000000008139d9d8,0x0000000086080000)
 Metaspace       used 41688K, capacity 42442K, committed 42752K, reserved 1085440K
  class space    used 5596K, capacity 5821K, committed 5888K, reserved 1048576K
}

Deoptimization events (10 events):
Event: 32.578 Thread 0x000000001abfa800 Uncommon trap: reason=unstable_if action=reinterpret pc=0x0000000003f7ba78 method=java.util.regex.Pattern$BitClass.isSatisfiedBy(I)Z @ 4
Event: 32.907 Thread 0x000000001abfa800 Uncommon trap: reason=class_check action=maybe_recompile pc=0x0000000003ff2e08 method=java.util.regex.Matcher.search(I)Z @ 86
Event: 32.907 Thread 0x000000001abfa800 Uncommon trap: reason=class_check action=maybe_recompile pc=0x0000000003945350 method=java.util.regex.Matcher.search(I)Z @ 86
Event: 32.907 Thread 0x000000001abfa800 Uncommon trap: reason=class_check action=maybe_recompile pc=0x0000000003ff2e08 method=java.util.regex.Matcher.search(I)Z @ 86
Event: 32.907 Thread 0x000000001abfa800 Uncommon trap: reason=class_check action=maybe_recompile pc=0x0000000003945350 method=java.util.regex.Matcher.search(I)Z @ 86
Event: 32.979 Thread 0x000000001abfa800 Uncommon trap: reason=class_check action=maybe_recompile pc=0x0000000003ff2e08 method=java.util.regex.Matcher.search(I)Z @ 86
Event: 32.979 Thread 0x000000001abfa800 Uncommon trap: reason=class_check action=maybe_recompile pc=0x0000000003949b84 method=java.util.regex.Matcher.search(I)Z @ 86
Event: 35.114 Thread 0x000000001abfa800 Uncommon trap: reason=unstable_if action=reinterpret pc=0x00000000041f81e4 method=java.lang.ThreadLocal$ThreadLocalMap.remove(Ljava/lang/ThreadLocal;)V @ 35
Event: 35.815 Thread 0x000000001abfa800 Uncommon trap: reason=unstable_if action=reinterpret pc=0x0000000003695e80 method=java.util.TreeMap.put(Ljava/lang/Object;Ljava/lang/Object;)Ljava/lang/Object; @ 163
Event: 35.914 Thread 0x000000001abfa800 Uncommon trap: reason=unstable_if action=reinterpret pc=0x0000000003b7e5cc method=java.lang.Character.isSurrogate(C)Z @ 3

Internal exceptions (10 events):
Event: 33.012 Thread 0x000000001abfa800 Exception <a 'sun/nio/fs/WindowsException'> (0x00000000dabf3d98) thrown at [C:\re\workspace\8-2-build-windows-amd64-cygwin\jdk8u72\5732\hotspot\src\share\vm\prims\jni.cpp, line 709]
Event: 33.012 Thread 0x000000001abfa800 Exception <a 'sun/nio/fs/WindowsException'> (0x00000000dabf5a78) thrown at [C:\re\workspace\8-2-build-windows-amd64-cygwin\jdk8u72\5732\hotspot\src\share\vm\prims\jni.cpp, line 709]
Event: 33.021 Thread 0x000000001abfa800 Exception <a 'sun/nio/fs/WindowsException'> (0x00000000dabfd098) thrown at [C:\re\workspace\8-2-build-windows-amd64-cygwin\jdk8u72\5732\hotspot\src\share\vm\prims\jni.cpp, line 709]
Event: 33.021 Thread 0x000000001abfa800 Exception <a 'sun/nio/fs/WindowsException'> (0x00000000dabfdb78) thrown at [C:\re\workspace\8-2-build-windows-amd64-cygwin\jdk8u72\5732\hotspot\src\share\vm\prims\jni.cpp, line 709]
Event: 34.351 Thread 0x000000001abfa800 Exception <a 'java/lang/NoSuchMethodError': java.lang.Object.lambda$comparing$77a9974f$1(Ljava/util/function/Function;Ljava/lang/Object;Ljava/lang/Object;)I> (0x00000000d953eb98) thrown at [C:\re\workspace\8-2-build-windows-amd64-cygwin\jdk8u72\5732\hotspo
Event: 34.355 Thread 0x000000001abfa800 Exception <a 'java/lang/NoSuchMethodError': java.lang.Object.lambda$thenComparing$36697e65$1(Ljava/util/Comparator;Ljava/lang/Object;Ljava/lang/Object;)I> (0x00000000d9555bb8) thrown at [C:\re\workspace\8-2-build-windows-amd64-cygwin\jdk8u72\5732\hotspot\s[H€00A@
Event: 34.376 Thread 0x000000001abfa800 Exception <a 'java/lang/NoSuchMethodError': java.lang.Object.lambda$maxBy$1(Ljava/util/Comparator;Ljava/lang/Object;Ljava/lang/Object;)Ljava/lang/Object;> (0x00000000d95dff48) thrown at [C:\re\workspace\8-2-build-windows-amd64-cygwin\jdk8u72\5732\hotspot\s«Ì
Event: 35.760 Thread 0x000000001abfa800 Exception <a 'sun/nio/fs/WindowsException'> (0x00000000d9964f38) thrown at [C:\re\workspace\8-2-build-windows-amd64-cygwin\jdk8u72\5732\hotspot\src\share\vm\prims\jni.cpp, line 709]
Event: 36.108 Thread 0x000000001abfa800 Exception <a 'java/lang/ClassNotFoundException': build_u4sssl6wagz9xxd0fdf6jm9dBeanInfo> (0x00000000d9d9cf38) thrown at [C:\re\workspace\8-2-build-windows-amd64-cygwin\jdk8u72\5732\hotspot\src\share\vm\classfile\systemDictionary.cpp, line 210]
Event: 36.108 Thread 0x000000001abfa800 Exception <a 'java/lang/ClassNotFoundException': build_u4sssl6wagz9xxd0fdf6jm9dCustomizer> (0x00000000d9daf6d8) thrown at [C:\re\workspace\8-2-build-windows-amd64-cygwin\jdk8u72\5732\hotspot\src\share\vm\classfile\systemDictionary.cpp, line 210]

Events (10 events):
Event: 36.108 loading class build_u4sssl6wagz9xxd0fdf6jm9dCustomizer
Event: 36.108 loading class build_u4sssl6wagz9xxd0fdf6jm9dCustomizer done
Event: 36.108 loading class build_u4sssl6wagz9xxd0fdf6jm9dCustomizer
Event: 36.108 loading class build_u4sssl6wagz9xxd0fdf6jm9dCustomizer done
Event: 36.108 loading class build_u4sssl6wagz9xxd0fdf6jm9dCustomizer
Event: 36.108 loading class build_u4sssl6wagz9xxd0fdf6jm9dCustomizer done
Event: 36.111 loading class com/android/build/gradle/LibraryPlugin
Event: 36.111 loading class com/android/build/gradle/LibraryPlugin done
Event: 36.111 loading class com/android/build/gradle/internal/LibraryTaskManager
Event: 36.111 loading class com/android/build/gradle/internal/LibraryTaskManager done


Dynamic libraries:
0x00007ff7e5c60000 - 0x00007ff7e5c97000 	C:\Program Files\Java\jdk1.8.0_72\bin\java.exe
0x00007ffae5dc0000 - 0x00007ffae5f81000 	C:\WINDOWS\SYSTEM32\ntdll.dll
0x00007ffae55c0000 - 0x00007ffae566d000 	C:\WINDOWS\system32\KERNEL32.DLL
0x00007ffae2520000 - 0x00007ffae2708000 	C:\WINDOWS\system32\KERNELBASE.dll
0x00007ffae4cf0000 - 0x00007ffae4d97000 	C:\WINDOWS\system32\ADVAPI32.dll
0x00007ffae5b90000 - 0x00007ffae5c2d000 	C:\WINDOWS\system32\msvcrt.dll
0x00007ffae4da0000 - 0x00007ffae4dfb000 	C:\WINDOWS\system32\sechost.dll
0x00007ffae57b0000 - 0x00007ffae58cc000 	C:\WINDOWS\system32\RPCRT4.dll
0x00007ffae3480000 - 0x00007ffae35d6000 	C:\WINDOWS\system32\USER32.dll
0x00007ffae5c30000 - 0x00007ffae5db6000 	C:\WINDOWS\system32\GDI32.dll
0x00007ffada920000 - 0x00007ffadab94000 	C:\WINDOWS\WinSxS\amd64_microsoft.windows.common-controls_6595b64144ccf1df_6.0.10586.672_none_a2d6b3cea53ff843\COMCTL32.dll
0x00007ffae31c0000 - 0x00007ffae343d000 	C:\WINDOWS\system32\combase.dll
0x00007ffae2820000 - 0x00007ffae288a000 	C:\WINDOWS\system32\bcryptPrimitives.dll
0x00007ffae3440000 - 0x00007ffae347b000 	C:\WINDOWS\system32\IMM32.DLL
0x00000000666b0000 - 0x0000000066782000 	C:\Program Files\Java\jdk1.8.0_72\jre\bin\msvcr100.dll
0x0000000065290000 - 0x0000000065b20000 	C:\Program Files\Java\jdk1.8.0_72\jre\bin\server\jvm.dll
0x00007ffae4e70000 - 0x00007ffae4e78000 	C:\WINDOWS\system32\PSAPI.DLL
0x00007ffadf220000 - 0x00007ffadf22a000 	C:\WINDOWS\SYSTEM32\VERSION.dll
0x00007ffadf300000 - 0x00007ffadf309000 	C:\WINDOWS\SYSTEM32\WSOCK32.dll
0x00007ffae06f0000 - 0x00007ffae0713000 	C:\WINDOWS\SYSTEM32\WINMM.dll
0x00007ffae5740000 - 0x00007ffae57ab000 	C:\WINDOWS\system32\WS2_32.dll
0x00000000013f0000 - 0x000000000141c000 	C:\WINDOWS\SYSTEM32\WINMMBASE.dll
0x00007ffae27d0000 - 0x00007ffae2813000 	C:\WINDOWS\system32\cfgmgr32.dll
0x00000000666a0000 - 0x00000000666af000 	C:\Program Files\Java\jdk1.8.0_72\jre\bin\verify.dll
0x0000000066670000 - 0x0000000066699000 	C:\Program Files\Java\jdk1.8.0_72\jre\bin\java.dll
0x0000000066650000 - 0x0000000066666000 	C:\Program Files\Java\jdk1.8.0_72\jre\bin\zip.dll
0x00007ffae3660000 - 0x00007ffae4bbc000 	C:\WINDOWS\system32\SHELL32.dll
0x00007ffae2b10000 - 0x00007ffae3155000 	C:\WINDOWS\system32\windows.storage.dll
0x00007ffae3600000 - 0x00007ffae3652000 	C:\WINDOWS\system32\shlwapi.dll
0x00007ffae2450000 - 0x00007ffae245f000 	C:\WINDOWS\system32\kernel.appcore.dll
0x00007ffae2710000 - 0x00007ffae27c5000 	C:\WINDOWS\system32\shcore.dll
0x00007ffae2400000 - 0x00007ffae244b000 	C:\WINDOWS\system32\powrprof.dll
0x00007ffae23e0000 - 0x00007ffae23f4000 	C:\WINDOWS\system32\profapi.dll
0x0000000066630000 - 0x000000006664a000 	C:\Program Files\Java\jdk1.8.0_72\jre\bin\net.dll
0x00007ffae1c80000 - 0x00007ffae1cdc000 	C:\WINDOWS\system32\mswsock.dll
0x0000000065270000 - 0x0000000065281000 	C:\Program Files\Java\jdk1.8.0_72\jre\bin\nio.dll
0x00007ffae0280000 - 0x00007ffae0292000 	C:\Users\yuandl\.gradle\native\19\windows-amd64\native-platform.dll
0x00007ffae1d30000 - 0x00007ffae1d47000 	C:\WINDOWS\SYSTEM32\CRYPTSP.dll
0x00007ffae19c0000 - 0x00007ffae19f4000 	C:\WINDOWS\system32\rsaenh.dll
0x00007ffae2320000 - 0x00007ffae2349000 	C:\WINDOWS\SYSTEM32\bcrypt.dll
0x00007ffae1b10000 - 0x00007ffae1b2f000 	C:\WINDOWS\SYSTEM32\USERENV.dll
0x00007ffae1e50000 - 0x00007ffae1e5b000 	C:\WINDOWS\SYSTEM32\CRYPTBASE.dll
0x00007ffadf5c0000 - 0x00007ffadf5f8000 	C:\WINDOWS\SYSTEM32\IPHLPAPI.DLL
0x00007ffae4bd0000 - 0x00007ffae4bd8000 	C:\WINDOWS\system32\NSI.dll
0x00007ffadf1b0000 - 0x00007ffadf1c6000 	C:\WINDOWS\SYSTEM32\dhcpcsvc6.DLL
0x00007ffadf190000 - 0x00007ffadf1aa000 	C:\WINDOWS\SYSTEM32\dhcpcsvc.DLL
0x0000000065260000 - 0x000000006526d000 	C:\Program Files\Java\jdk1.8.0_72\jre\bin\management.dll

VM Arguments:
jvm_args: -XX:MaxPermSize=512m -Xmx2048m -Dfile.encoding=GBK -Duser.country=CN -Duser.language=zh -Duser.variant 
java_command: org.gradle.launcher.daemon.bootstrap.GradleDaemon 2.14.1
java_class_path (initial): C:\Users\yuandl\.gradle\wrapper\dists\gradle-2.14.1-all\8bnwg5hd3w55iofp58khbp6yv\gradle-2.14.1\lib\gradle-launcher-2.14.1.jar
Launcher Type: SUN_STANDARD

Environment Variables:
JAVA_HOME=C:\Program Files\Java\jdk1.8.0_72
CLASSPATH=E:\kejiang\git\GitHub\AndroidFastDevFrame\\gradle\wrapper\gradle-wrapper.jar
PATH=D:\oracle\product\10.2.0\client_1\bin;D:\oracle\product\10.2.0\db_1\bin;E:\kejiang\Android\sdk\platform-tools;C:\ProgramData\Oracle\Java\javapath;C:\Program Files (x86)\Common Files\NetSarang;C:\Windows\system32;C:\Windows;C:\Windows\System32\Wbem;C:\Windows\System32\WindowsPowerShell\v1.0\;C:\Program Files\Java\jdk1.7.0_60\bin;C:\Program Files\Java\jdk1.7.0_60\jre\bin;D:\Program Files\MySQL\MySQL Server 5.5\bin;E:\Framework\play\play-2.2.6;D:\Software\apache-maven-3.3.1\bin;C:\WINDOWS\system32;C:\WINDOWS;C:\WINDOWS\System32\Wbem;C:\WINDOWS\System32\WindowsPowerShell\v1.0\;C:\Program Files\TortoiseSVN\bin;C:\Program Files\Git\cmd;C:\Program Files\TortoiseGit\bin;C:\Program Files\MySQL\MySQL Utilities 1.6\
USERNAME=yuandl
OS=Windows_NT
PROCESSOR_IDENTIFIER=Intel64 Family 6 Model 60 Stepping 3, GenuineIntel



---------------  S Y S T E M  ---------------

OS: Windows 10.0 , 64 bit Build 10586 (10.0.10586.589)

CPU:total 4 (2 cores per cpu, 2 threads per core) family 6 model 60 stepping 3, cmov, cx8, fxsr, mmx, sse, sse2, sse3, ssse3, sse4.1, sse4.2, popcnt, avx, avx2, aes, clmul, erms, lzcnt, ht, tsc, tscinvbit, bmi1, bmi2

Memory: 4k page, physical 8305276k(1201988k free), swap 8305276k(5124k free)

vm_info: Java HotSpot(TM) 64-Bit Server VM (25.72-b15) for windows-amd64 JRE (1.8.0_72-b15), built on Dec 22 2015 19:16:16 by "java_re" with MS VC++ 10.0 (VS2010)

time: Thu Feb 23 17:39:50 2017
elapsed time: 36 seconds (0d 0h 0m 36s)

