#
# There is insufficient memory for the Java Runtime Environment to continue.
# Native memory allocation (malloc) failed to allocate 32744 bytes for ChunkPool::allocate
# Possible reasons:
#   The system is out of physical RAM or swap space
#   In 32 bit mode, the process size limit was hit
# Possible solutions:
#   Reduce memory load on the system
#   Increase physical memory or swap space
#   Check if swap backing store is full
#   Use 64 bit Java on a 64 bit OS
#   Decrease Java heap size (-Xmx/-Xms)
#   Decrease number of Java threads
#   Decrease Java thread stack sizes (-Xss)
#   Set larger code cache with -XX:ReservedCodeCacheSize=
# This output file may be truncated or incomplete.
#
#  Out of Memory Error (allocation.cpp:273), pid=6008, tid=195828
#
# JRE version: Java(TM) SE Runtime Environment (8.0_72-b15) (build 1.8.0_72-b15)
# Java VM: Java HotSpot(TM) 64-Bit Server VM (25.72-b15 mixed mode windows-amd64 compressed oops)
# Failed to write core dump. Minidumps are not enabled by default on client versions of Windows
#

---------------  T H R E A D  ---------------

Current thread (0x0000000018e72000):  JavaThread "C2 CompilerThread1" daemon [_thread_in_native, id=195828, stack(0x0000000019270000,0x0000000019370000)]

Stack: [0x0000000019270000,0x0000000019370000]
[error occurred during error reporting (printing stack bounds), id 0xc0000005]

Native frames: (J=compiled Java code, j=interpreted, Vv=VM code, C=native code)


Current CompileTask:
C2:  79137 11973   !   4       java.util.jar.Attributes::read (410 bytes)


---------------  P R O C E S S  ---------------

Java Threads: ( => current thread )
  0x000000002064e000 JavaThread "Task worker Thread 3" [_thread_blocked, id=198012, stack(0x0000000024d20000,0x0000000024e20000)]
  0x000000001f0a9000 JavaThread "Task worker Thread 2" [_thread_blocked, id=197696, stack(0x0000000024c20000,0x0000000024d20000)]
  0x000000001f0aa000 JavaThread "Task worker" [_thread_blocked, id=198480, stack(0x0000000024b20000,0x0000000024c20000)]
  0x000000001f0ac000 JavaThread "Stdin handler" [_thread_blocked, id=198304, stack(0x0000000024a20000,0x0000000024b20000)]
  0x000000001f0af000 JavaThread "Asynchronous log dispatcher for org.gradle.launcher.daemon.server.DefaultDaemonConnection@641ea253" [_thread_blocked, id=198300, stack(0x0000000024920000,0x0000000024a20000)]
  0x000000001f0ad800 JavaThread "Cancel handler" [_thread_blocked, id=171340, stack(0x0000000024820000,0x0000000024920000)]
  0x000000001f0aa800 JavaThread "Handler for socket connection from /127.0.0.1:58167 to /127.0.0.1:58249" [_thread_in_native, id=197880, stack(0x0000000024720000,0x0000000024820000)]
  0x000000001f0b0000 JavaThread "pool-2-thread-1" [_thread_blocked, id=171252, stack(0x000000001f380000,0x000000001f480000)]
  0x000000001f0ab800 JavaThread "File lock request listener" [_thread_in_native, id=117596, stack(0x000000001e090000,0x000000001e190000)]
  0x000000001a1fb800 JavaThread "Daemon worker" [_thread_in_vm, id=197972, stack(0x000000001b5f0000,0x000000001b6f0000)]
  0x000000001a343800 JavaThread "Daemon" [_thread_blocked, id=198368, stack(0x000000001b2f0000,0x000000001b3f0000)]
  0x000000001a3d5800 JavaThread "Incoming local TCP Connector on port 58167" [_thread_in_native, id=193764, stack(0x000000001af90000,0x000000001b090000)]
  0x0000000019d35000 JavaThread "pool-1-thread-1" [_thread_blocked, id=171780, stack(0x000000001ae90000,0x000000001af90000)]
  0x0000000018f02000 JavaThread "Service Thread" daemon [_thread_blocked, id=62292, stack(0x0000000019470000,0x0000000019570000)]
  0x0000000018e76800 JavaThread "C1 CompilerThread2" daemon [_thread_blocked, id=7448, stack(0x0000000019370000,0x0000000019470000)]
=>0x0000000018e72000 JavaThread "C2 CompilerThread1" daemon [_thread_in_native, id=195828, stack(0x0000000019270000,0x0000000019370000)]
  0x00000000177fd800 JavaThread "C2 CompilerThread0" daemon [_thread_in_native, id=23432, stack(0x0000000018d70000,0x0000000018e70000)]
  0x00000000177fc000 JavaThread "Attach Listener" daemon [_thread_blocked, id=196100, stack(0x0000000018c70000,0x0000000018d70000)]
  0x00000000177fb800 JavaThread "Signal Dispatcher" daemon [_thread_blocked, id=196188, stack(0x0000000018b70000,0x0000000018c70000)]
  0x0000000002b3d000 JavaThread "Finalizer" daemon [_thread_blocked, id=196180, stack(0x0000000018a00000,0x0000000018b00000)]
  0x0000000017769000 JavaThread "Reference Handler" daemon [_thread_blocked, id=192604, stack(0x0000000018900000,0x0000000018a00000)]
  0x0000000002a42800 JavaThread "main" [_thread_blocked, id=8152, stack(0x0000000002920000,0x0000000002a20000)]

Other Threads:
  0x0000000017768000 VMThread [stack: 0x0000000018800000,0x0000000018900000] [id=4128]
  0x0000000018f4f000 WatcherThread [stack: 0x0000000019570000,0x0000000019670000] [id=114940]

VM state:not at safepoint (normal execution)

VM Mutex/Monitor currently owned by a thread: None

Heap:
 PSYoungGen      total 249344K, used 30518K [0x00000000d5580000, 0x00000000eb000000, 0x0000000100000000)
  eden space 220160K, 4% used [0x00000000d5580000,0x00000000d5e4c588,0x00000000e2c80000)
  from space 29184K, 73% used [0x00000000e2c80000,0x00000000e4181568,0x00000000e4900000)
  to   space 30208K, 0% used [0x00000000e9280000,0x00000000e9280000,0x00000000eb000000)
 ParOldGen       total 109056K, used 51023K [0x0000000080000000, 0x0000000086a80000, 0x00000000d5580000)
  object space 109056K, 46% used [0x0000000080000000,0x00000000831d3f30,0x0000000086a80000)
 Metaspace       used 74231K, capacity 76188K, committed 76288K, reserved 1116160K
  class space    used 9494K, capacity 9965K, committed 9984K, reserved 1048576K

Card table byte_map: [0x0000000011f10000,0x0000000012320000] byte_map_base: 0x0000000011b10000

Marking Bits: (ParMarkBitMap*) 0x000000006fc00600
 Begin Bits: [0x00000000129d0000, 0x00000000149d0000)
 End Bits:   [0x00000000149d0000, 0x00000000169d0000)

Polling page: 0x0000000002a20000

CodeCache: size=245760Kb used=35411Kb max_used=35648Kb free=210348Kb
 bounds [0x0000000002b50000, 0x0000000004e50000, 0x0000000011b50000]
 total_blobs=11016 nmethods=10212 adapters=714
 compilation: enabled

Compilation events (10 events):
Event: 78.021 Thread 0x0000000018e76800 11968       3       sun.security.provider.SHA5::lf_delta0 (20 bytes)
Event: 78.022 Thread 0x0000000018e76800 nmethod 11968 0x0000000003f87c90 code [0x0000000003f87e00, 0x0000000003f88090]
Event: 79.080 Thread 0x0000000018e72000 11969       4       sun.reflect.generics.tree.SimpleClassTypeSignature::make (11 bytes)
Event: 79.082 Thread 0x0000000018e72000 nmethod 11969 0x0000000004223610 code [0x0000000004223760, 0x0000000004223838]
Event: 79.086 Thread 0x0000000018e76800 11970       3       groovy.lang.MetaClassImpl::searchInterfacesForMetaProperty (99 bytes)
Event: 79.087 Thread 0x0000000018e76800 nmethod 11970 0x0000000004684750 code [0x0000000004684960, 0x00000000046853c8]
Event: 79.088 Thread 0x0000000018e76800 11971       3       org.codehaus.groovy.reflection.CachedClass::coerceArgument (2 bytes)
Event: 79.089 Thread 0x0000000018e76800 nmethod 11971 0x0000000003f87950 code [0x0000000003f87aa0, 0x0000000003f87bf0]
Event: 79.101 Thread 0x00000000177fd800 11972   !   4       java.security.SecureClassLoader::getProtectionDomain (114 bytes)
Event: 79.117 Thread 0x0000000018e72000 11973   !   4       java.util.jar.Attributes::read (410 bytes)

GC Heap History (10 events):
Event: 19.308 GC heap before
{Heap before GC invocations=15 (full 2):
 PSYoungGen      total 180736K, used 26243K [0x00000000d5580000, 0x00000000e3100000, 0x0000000100000000)
  eden space 160768K, 3% used [0x00000000d5580000,0x00000000d5ba8418,0x00000000df280000)
  from space 19968K, 99% used [0x00000000e0e80000,0x00000000e21f8820,0x00000000e2200000)
  to   space 28672K, 0% used [0x00000000df280000,0x00000000df280000,0x00000000e0e80000)
 ParOldGen       total 109056K, used 47587K [0x0000000080000000, 0x0000000086a80000, 0x00000000d5580000)
  object space 109056K, 43% used [0x0000000080000000,0x0000000082e78df8,0x0000000086a80000)
 Metaspace       used 57437K, capacity 58964K, committed 59136K, reserved 1099776K
  class space    used 7659K, capacity 8083K, committed 8192K, reserved 1048576K
Event: 19.339 GC heap after
Heap after GC invocations=15 (full 2):
 PSYoungGen      total 189440K, used 19139K [0x00000000d5580000, 0x00000000e6580000, 0x0000000100000000)
  eden space 160768K, 0% used [0x00000000d5580000,0x00000000d5580000,0x00000000df280000)
  from space 28672K, 66% used [0x00000000df280000,0x00000000e0530d18,0x00000000e0e80000)
  to   space 29184K, 0% used [0x00000000e4900000,0x00000000e4900000,0x00000000e6580000)
 ParOldGen       total 109056K, used 49243K [0x0000000080000000, 0x0000000086a80000, 0x00000000d5580000)
  object space 109056K, 45% used [0x0000000080000000,0x0000000083016df8,0x0000000086a80000)
 Metaspace       used 57437K, capacity 58964K, committed 59136K, reserved 1099776K
  class space    used 7659K, capacity 8083K, committed 8192K, reserved 1048576K
}
Event: 19.339 GC heap before
{Heap before GC invocations=16 (full 3):
 PSYoungGen      total 189440K, used 19139K [0x00000000d5580000, 0x00000000e6580000, 0x0000000100000000)
  eden space 160768K, 0% used [0x00000000d5580000,0x00000000d5580000,0x00000000df280000)
  from space 28672K, 66% used [0x00000000df280000,0x00000000e0530d18,0x00000000e0e80000)
  to   space 29184K, 0% used [0x00000000e4900000,0x00000000e4900000,0x00000000e6580000)
 ParOldGen       total 109056K, used 49243K [0x0000000080000000, 0x0000000086a80000, 0x00000000d5580000)
  object space 109056K, 45% used [0x0000000080000000,0x0000000083016df8,0x0000000086a80000)
 Metaspace       used 57437K, capacity 58964K, committed 59136K, reserved 1099776K
  class space    used 7659K, capacity 8083K, committed 8192K, reserved 1048576K
Event: 19.640 GC heap after
Heap after GC invocations=16 (full 3):
 PSYoungGen      total 189440K, used 0K [0x00000000d5580000, 0x00000000e6580000, 0x0000000100000000)
  eden space 160768K, 0% used [0x00000000d5580000,0x00000000d5580000,0x00000000df280000)
  from space 28672K, 0% used [0x00000000df280000,0x00000000df280000,0x00000000e0e80000)
  to   space 29184K, 0% used [0x00000000e4900000,0x00000000e4900000,0x00000000e6580000)
 ParOldGen       total 109056K, used 61528K [0x0000000080000000, 0x0000000086a80000, 0x00000000d5580000)
  object space 109056K, 56% used [0x0000000080000000,0x0000000083c16028,0x0000000086a80000)
 Metaspace       used 57437K, capacity 58964K, committed 59136K, reserved 1099776K
  class space    used 7659K, capacity 8083K, committed 8192K, reserved 1048576K
}
Event: 26.033 GC heap before
{Heap before GC invocations=17 (full 3):
 PSYoungGen      total 189440K, used 156870K [0x00000000d5580000, 0x00000000e6580000, 0x0000000100000000)
  eden space 160768K, 97% used [0x00000000d5580000,0x00000000deeb1aa0,0x00000000df280000)
  from space 28672K, 0% used [0x00000000df280000,0x00000000df280000,0x00000000e0e80000)
  to   space 29184K, 0% used [0x00000000e4900000,0x00000000e4900000,0x00000000e6580000)
 ParOldGen       total 109056K, used 61528K [0x0000000080000000, 0x0000000086a80000, 0x00000000d5580000)
  object space 109056K, 56% used [0x0000000080000000,0x0000000083c16028,0x0000000086a80000)
 Metaspace       used 68926K, capacity 70676K, committed 71040K, reserved 1112064K
  class space    used 8839K, capacity 9259K, committed 9344K, reserved 1048576K
Event: 26.046 GC heap after
Heap after GC invocations=17 (full 3):
 PSYoungGen      total 249344K, used 16565K [0x00000000d5580000, 0x00000000e6700000, 0x0000000100000000)
  eden space 220160K, 0% used [0x00000000d5580000,0x00000000d5580000,0x00000000e2c80000)
  from space 29184K, 56% used [0x00000000e4900000,0x00000000e592d648,0x00000000e6580000)
  to   space 29184K, 0% used [0x00000000e2c80000,0x00000000e2c80000,0x00000000e4900000)
 ParOldGen       total 109056K, used 61536K [0x0000000080000000, 0x0000000086a80000, 0x00000000d5580000)
  object space 109056K, 56% used [0x0000000080000000,0x0000000083c18028,0x0000000086a80000)
 Metaspace       used 68926K, capacity 70676K, committed 71040K, reserved 1112064K
  class space    used 8839K, capacity 9259K, committed 9344K, reserved 1048576K
}
Event: 26.046 GC heap before
{Heap before GC invocations=18 (full 4):
 PSYoungGen      total 249344K, used 16565K [0x00000000d5580000, 0x00000000e6700000, 0x0000000100000000)
  eden space 220160K, 0% used [0x00000000d5580000,0x00000000d5580000,0x00000000e2c80000)
  from space 29184K, 56% used [0x00000000e4900000,0x00000000e592d648,0x00000000e6580000)
  to   space 29184K, 0% used [0x00000000e2c80000,0x00000000e2c80000,0x00000000e4900000)
 ParOldGen       total 109056K, used 61536K [0x0000000080000000, 0x0000000086a80000, 0x00000000d5580000)
  object space 109056K, 56% used [0x0000000080000000,0x0000000083c18028,0x0000000086a80000)
 Metaspace       used 68926K, capacity 70676K, committed 71040K, reserved 1112064K
  class space    used 8839K, capacity 9259K, committed 9344K, reserved 1048576K
Event: 26.235 GC heap after
Heap after GC invocations=18 (full 4):
 PSYoungGen      total 249344K, used 0K [0x00000000d5580000, 0x00000000e6700000, 0x0000000100000000)
  eden space 220160K, 0% used [0x00000000d5580000,0x00000000d5580000,0x00000000e2c80000)
  from space 29184K, 0% used [0x00000000e4900000,0x00000000e4900000,0x00000000e6580000)
  to   space 29184K, 0% used [0x00000000e2c80000,0x00000000e2c80000,0x00000000e4900000)
 ParOldGen       total 109056K, used 51015K [0x0000000080000000, 0x0000000086a80000, 0x00000000d5580000)
  object space 109056K, 46% used [0x0000000080000000,0x00000000831d1f30,0x0000000086a80000)
 Metaspace       used 68926K, capacity 70676K, committed 71040K, reserved 1112064K
  class space    used 8839K, capacity 9259K, committed 9344K, reserved 1048576K
}
Event: 76.899 GC heap before
{Heap before GC invocations=19 (full 4):
 PSYoungGen      total 249344K, used 220160K [0x00000000d5580000, 0x00000000e6700000, 0x0000000100000000)
  eden space 220160K, 100% used [0x00000000d5580000,0x00000000e2c80000,0x00000000e2c80000)
  from space 29184K, 0% used [0x00000000e4900000,0x00000000e4900000,0x00000000e6580000)
  to   space 29184K, 0% used [0x00000000e2c80000,0x00000000e2c80000,0x00000000e4900000)
 ParOldGen       total 109056K, used 51015K [0x0000000080000000, 0x0000000086a80000, 0x00000000d5580000)
  object space 109056K, 46% used [0x0000000080000000,0x00000000831d1f30,0x0000000086a80000)
 Metaspace       used 73675K, capacity 75656K, committed 75776K, reserved 1116160K
  class space    used 9415K, capacity 9893K, committed 9984K, reserved 1048576K
Event: 76.926 GC heap after
Heap after GC invocations=19 (full 4):
 PSYoungGen      total 249344K, used 21509K [0x00000000d5580000, 0x00000000eb000000, 0x0000000100000000)
  eden space 220160K, 0% used [0x00000000d5580000,0x00000000d5580000,0x00000000e2c80000)
  from space 29184K, 73% used [0x00000000e2c80000,0x00000000e4181568,0x00000000e4900000)
  to   space 30208K, 0% used [0x00000000e9280000,0x00000000e9280000,0x00000000eb000000)
 ParOldGen       total 109056K, used 51023K [0x0000000080000000, 0x0000000086a80000, 0x00000000d5580000)
  object space 109056K, 46% used [0x0000000080000000,0x00000000831d3f30,0x0000000086a80000)
 Metaspace       used 73675K, capacity 75656K, committed 75776K, reserved 1116160K
  class space    used 9415K, capacity 9893K, committed 9984K, reserved 1048576K
}

Deoptimization events (10 events):
Event: 74.575 Thread 0x000000001a1fb800 Uncommon trap: reason=unstable_if action=reinterpret pc=0x00000000038e1470 method=java.util.jar.JarFile.maybeInstantiateVerifier()V @ 75
Event: 74.582 Thread 0x000000001a1fb800 Uncommon trap: reason=null_check action=make_not_entrant pc=0x00000000040cae6c method=java.net.URL.getURLStreamHandler(Ljava/lang/String;)Ljava/net/URLStreamHandler; @ 7
Event: 74.585 Thread 0x000000001a1fb800 Uncommon trap: reason=class_check action=maybe_recompile pc=0x00000000031f4524 method=java.util.jar.JarFile.getJarEntry(Ljava/lang/String;)Ljava/util/jar/JarEntry; @ 2
Event: 74.586 Thread 0x000000001a1fb800 Uncommon trap: reason=class_check action=maybe_recompile pc=0x00000000031f4524 method=java.util.jar.JarFile.getJarEntry(Ljava/lang/String;)Ljava/util/jar/JarEntry; @ 2
Event: 74.586 Thread 0x000000001a1fb800 Uncommon trap: reason=class_check action=maybe_recompile pc=0x00000000031f4524 method=java.util.jar.JarFile.getJarEntry(Ljava/lang/String;)Ljava/util/jar/JarEntry; @ 2
Event: 74.683 Thread 0x000000001a1fb800 Uncommon trap: reason=bimorphic action=maybe_recompile pc=0x0000000003949dec method=java.util.Properties$LineReader.readLine()I @ 410
Event: 74.854 Thread 0x000000001a1fb800 Uncommon trap: reason=class_check action=maybe_recompile pc=0x00000000031f4524 method=java.util.jar.JarFile.getJarEntry(Ljava/lang/String;)Ljava/util/jar/JarEntry; @ 2
Event: 74.917 Thread 0x000000001a1fb800 Uncommon trap: reason=unstable_if action=reinterpret pc=0x0000000004e28f8c method=java.util.Arrays.equals([B[B)Z @ 12
Event: 77.696 Thread 0x000000001a1fb800 Uncommon trap: reason=unstable_if action=reinterpret pc=0x0000000003615a38 method=org.codehaus.groovy.util.ReferenceManager$2.afterReferenceCreation(Lorg/codehaus/groovy/util/Reference;)V @ 8
Event: 77.717 Thread 0x000000001a1fb800 Uncommon trap: reason=array_check action=maybe_recompile pc=0x0000000004598e2c method=java.util.ComparableTimSort.binarySort([Ljava/lang/Object;III)V @ 183

Internal exceptions (10 events):
Event: 77.698 Thread 0x000000001a1fb800 Exception <a 'java/lang/ClassNotFoundException': org/apache/http/message/BasicHttpResponseBeanInfo> (0x00000000d57592b8) thrown at [C:\re\workspace\8-2-build-windows-amd64-cygwin\jdk8u72\5732\hotspot\src\share\vm\classfile\systemDictionary.cpp, line 210]
Event: 77.700 Thread 0x000000001a1fb800 Exception <a 'java/lang/ClassNotFoundException': org/apache/http/message/AbstractHttpMessageBeanInfo> (0x00000000d576cab8) thrown at [C:\re\workspace\8-2-build-windows-amd64-cygwin\jdk8u72\5732\hotspot\src\share\vm\classfile\systemDictionary.cpp, line 210]uè8Ë⁄lS@
Event: 77.701 Thread 0x000000001a1fb800 Exception <a 'java/lang/ClassNotFoundException': org/apache/http/message/AbstractHttpMessageCustomizer> (0x00000000d5780760) thrown at [C:\re\workspace\8-2-build-windows-amd64-cygwin\jdk8u72\5732\hotspot\src\share\vm\classfile\systemDictionary.cpp, line 21?ö(ÔlS@
Event: 77.702 Thread 0x000000001a1fb800 Exception <a 'java/lang/ClassNotFoundException': org/apache/http/message/BasicHttpResponseCustomizer> (0x00000000d579f550) thrown at [C:\re\workspace\8-2-build-windows-amd64-cygwin\jdk8u72\5732\hotspot\src\share\vm\classfile\systemDictionary.cpp, line 210]_8ô>mS@
Event: 77.707 Thread 0x000000001a1fb800 Exception <a 'java/lang/ClassNotFoundException': org/apache/http/message/BasicStatusLineBeanInfo> (0x00000000d57d6990) thrown at [C:\re\workspace\8-2-build-windows-amd64-cygwin\jdk8u72\5732\hotspot\src\share\vm\classfile\systemDictionary.cpp, line 210]
Event: 77.707 Thread 0x000000001a1fb800 Exception <a 'java/lang/ClassNotFoundException': org/apache/http/message/BasicStatusLineCustomizer> (0x00000000d57e9398) thrown at [C:\re\workspace\8-2-build-windows-amd64-cygwin\jdk8u72\5732\hotspot\src\share\vm\classfile\systemDictionary.cpp, line 210]
Event: 79.079 Thread 0x000000001a1fb800 Exception <a 'java/lang/ClassNotFoundException': groovyx/net/http/ContentTypeBeanInfo> (0x00000000d5905160) thrown at [C:\re\workspace\8-2-build-windows-amd64-cygwin\jdk8u72\5732\hotspot\src\share\vm\classfile\systemDictionary.cpp, line 210]
Event: 79.080 Thread 0x000000001a1fb800 Exception <a 'java/lang/ClassNotFoundException': groovyx/net/http/ContentTypeCustomizer> (0x00000000d5914840) thrown at [C:\re\workspace\8-2-build-windows-amd64-cygwin\jdk8u72\5732\hotspot\src\share\vm\classfile\systemDictionary.cpp, line 210]
Event: 79.085 Thread 0x000000001a1fb800 Exception <a 'java/lang/ClassNotFoundException': com/jfrog/bintray/gradle/UtilsBeanInfo> (0x00000000d5ac1e78) thrown at [C:\re\workspace\8-2-build-windows-amd64-cygwin\jdk8u72\5732\hotspot\src\share\vm\classfile\systemDictionary.cpp, line 210]
Event: 79.085 Thread 0x000000001a1fb800 Exception <a 'java/lang/ClassNotFoundException': com/jfrog/bintray/gradle/UtilsCustomizer> (0x00000000d5ad2bd8) thrown at [C:\re\workspace\8-2-build-windows-amd64-cygwin\jdk8u72\5732\hotspot\src\share\vm\classfile\systemDictionary.cpp, line 210]

Events (10 events):
Event: 79.119 loading class net/sf/ezmorph/MorphUtils
Event: 79.119 loading class net/sf/ezmorph/MorphUtils done
Event: 79.120 loading class java/math/BigDecimal$1
Event: 79.120 loading class java/math/BigDecimal$1 done
Event: 79.120 loading class java/math/MathContext
Event: 79.120 loading class java/math/MathContext done
Event: 79.120 loading class net/sf/ezmorph/primitive/BooleanMorpher
Event: 79.120 loading class net/sf/ezmorph/primitive/BooleanMorpher done
Event: 79.121 loading class net/sf/ezmorph/primitive/AbstractPrimitiveMorpher
Event: 79.121 loading class net/sf/ezmorph/primitive/AbstractPrimitiveMorpher done


Dynamic libraries:
0x00007ff625de0000 - 0x00007ff625e17000 	C:\Program Files\Java\jdk1.8.0_72\bin\java.exe
0x00007fffd7480000 - 0x00007fffd7641000 	C:\WINDOWS\SYSTEM32\ntdll.dll
0x00007fffd71b0000 - 0x00007fffd725d000 	C:\WINDOWS\system32\KERNEL32.DLL
0x00007fffd3d50000 - 0x00007fffd3f38000 	C:\WINDOWS\system32\KERNELBASE.dll
0x00007fffd6770000 - 0x00007fffd6817000 	C:\WINDOWS\system32\ADVAPI32.dll
0x00007fffd7380000 - 0x00007fffd741d000 	C:\WINDOWS\system32\msvcrt.dll
0x00007fffd63d0000 - 0x00007fffd642b000 	C:\WINDOWS\system32\sechost.dll
0x00007fffd7260000 - 0x00007fffd737c000 	C:\WINDOWS\system32\RPCRT4.dll
0x00007fffd6ef0000 - 0x00007fffd7046000 	C:\WINDOWS\system32\USER32.dll
0x00007fffd4c30000 - 0x00007fffd4db6000 	C:\WINDOWS\system32\GDI32.dll
0x00007fffcd100000 - 0x00007fffcd374000 	C:\WINDOWS\WinSxS\amd64_microsoft.windows.common-controls_6595b64144ccf1df_6.0.10586.672_none_a2d6b3cea53ff843\COMCTL32.dll
0x00007fffd4880000 - 0x00007fffd4afd000 	C:\WINDOWS\system32\combase.dll
0x00007fffd4780000 - 0x00007fffd47ea000 	C:\WINDOWS\system32\bcryptPrimitives.dll
0x00007fffd6500000 - 0x00007fffd653b000 	C:\WINDOWS\system32\IMM32.DLL
0x00000000708e0000 - 0x00000000709b2000 	C:\Program Files\Java\jdk1.8.0_72\jre\bin\msvcr100.dll
0x000000006f3f0000 - 0x000000006fc80000 	C:\Program Files\Java\jdk1.8.0_72\jre\bin\server\jvm.dll
0x00007fffd71a0000 - 0x00007fffd71a8000 	C:\WINDOWS\system32\PSAPI.DLL
0x00007fffd20c0000 - 0x00007fffd20e3000 	C:\WINDOWS\SYSTEM32\WINMM.dll
0x00007fffc7b70000 - 0x00007fffc7b7a000 	C:\WINDOWS\SYSTEM32\VERSION.dll
0x00007fffc90f0000 - 0x00007fffc90f9000 	C:\WINDOWS\SYSTEM32\WSOCK32.dll
0x00000000028f0000 - 0x000000000291c000 	C:\WINDOWS\SYSTEM32\WINMMBASE.dll
0x00007fffd6540000 - 0x00007fffd65ab000 	C:\WINDOWS\system32\WS2_32.dll
0x00007fffd3b30000 - 0x00007fffd3b73000 	C:\WINDOWS\system32\cfgmgr32.dll
0x0000000070d10000 - 0x0000000070d1f000 	C:\Program Files\Java\jdk1.8.0_72\jre\bin\verify.dll
0x0000000070ce0000 - 0x0000000070d09000 	C:\Program Files\Java\jdk1.8.0_72\jre\bin\java.dll
0x0000000070cc0000 - 0x0000000070cd6000 	C:\Program Files\Java\jdk1.8.0_72\jre\bin\zip.dll
0x00007fffd4e70000 - 0x00007fffd63cc000 	C:\WINDOWS\system32\SHELL32.dll
0x00007fffd4080000 - 0x00007fffd46c5000 	C:\WINDOWS\system32\windows.storage.dll
0x00007fffd6430000 - 0x00007fffd6482000 	C:\WINDOWS\system32\shlwapi.dll
0x00007fffd3aa0000 - 0x00007fffd3aaf000 	C:\WINDOWS\system32\kernel.appcore.dll
0x00007fffd3f40000 - 0x00007fffd3ff5000 	C:\WINDOWS\system32\shcore.dll
0x00007fffd3ad0000 - 0x00007fffd3b1b000 	C:\WINDOWS\system32\powrprof.dll
0x00007fffd3ab0000 - 0x00007fffd3ac4000 	C:\WINDOWS\system32\profapi.dll
0x0000000070ca0000 - 0x0000000070cba000 	C:\Program Files\Java\jdk1.8.0_72\jre\bin\net.dll
0x00007fffd3340000 - 0x00007fffd339c000 	C:\WINDOWS\system32\mswsock.dll
0x0000000070c80000 - 0x0000000070c91000 	C:\Program Files\Java\jdk1.8.0_72\jre\bin\nio.dll
0x00007fffcf280000 - 0x00007fffcf292000 	C:\Users\yuandl\.gradle\native\19\windows-amd64\native-platform.dll
0x00007fffd33f0000 - 0x00007fffd3407000 	C:\WINDOWS\SYSTEM32\CRYPTSP.dll
0x00007fffd3080000 - 0x00007fffd30b4000 	C:\WINDOWS\system32\rsaenh.dll
0x00007fffd39e0000 - 0x00007fffd3a09000 	C:\WINDOWS\SYSTEM32\bcrypt.dll
0x00007fffd31d0000 - 0x00007fffd31ef000 	C:\WINDOWS\SYSTEM32\USERENV.dll
0x00007fffd3510000 - 0x00007fffd351b000 	C:\WINDOWS\SYSTEM32\CRYPTBASE.dll
0x00007fffd0620000 - 0x00007fffd0658000 	C:\WINDOWS\SYSTEM32\IPHLPAPI.DLL
0x00007fffd64f0000 - 0x00007fffd64f8000 	C:\WINDOWS\system32\NSI.dll
0x00007fffd0220000 - 0x00007fffd0236000 	C:\WINDOWS\SYSTEM32\dhcpcsvc6.DLL
0x00007fffd0200000 - 0x00007fffd021a000 	C:\WINDOWS\SYSTEM32\dhcpcsvc.DLL
0x0000000070c70000 - 0x0000000070c7d000 	C:\Program Files\Java\jdk1.8.0_72\jre\bin\management.dll
0x00000000708b0000 - 0x00000000708d4000 	C:\Program Files\Java\jdk1.8.0_72\jre\bin\sunec.dll
0x00007fffd23f0000 - 0x00007fffd249a000 	C:\WINDOWS\SYSTEM32\DNSAPI.dll
0x00007fffcbc60000 - 0x00007fffcbc6a000 	C:\Windows\System32\rasadhlp.dll
0x00007fffcf980000 - 0x00007fffcf9e7000 	C:\WINDOWS\System32\fwpuclnt.dll
0x00007fffc98a0000 - 0x00007fffc98b6000 	C:\WINDOWS\system32\napinsp.dll
0x00007fffc98c0000 - 0x00007fffc98da000 	C:\WINDOWS\system32\pnrpnsp.dll
0x00007fffd1bb0000 - 0x00007fffd1bc8000 	C:\WINDOWS\system32\NLAapi.dll
0x00007fffcbb40000 - 0x00007fffcbb4d000 	C:\WINDOWS\System32\winrnr.dll

VM Arguments:
jvm_args: -XX:MaxPermSize=512m -Xmx2048m -Dfile.encoding=GBK -Duser.country=CN -Duser.language=zh -Duser.variant 
java_command: org.gradle.launcher.daemon.bootstrap.GradleDaemon 2.14.1
java_class_path (initial): C:\Users\yuandl\.gradle\wrapper\dists\gradle-2.14.1-all\8bnwg5hd3w55iofp58khbp6yv\gradle-2.14.1\lib\gradle-launcher-2.14.1.jar
Launcher Type: SUN_STANDARD

Environment Variables:
JAVA_HOME=C:\Program Files\Java\jdk1.8.0_72
CLASSPATH=E:\kejiang\git\GitHub\AndroidFastDevFrame\\gradle\wrapper\gradle-wrapper.jar
PATH=D:\oracle\product\10.2.0\client_1\bin;D:\oracle\product\10.2.0\db_1\bin;E:\kejiang\Android\sdk\platform-tools;C:\ProgramData\Oracle\Java\javapath;C:\Program Files (x86)\Common Files\NetSarang;C:\Windows\system32;C:\Windows;C:\Windows\System32\Wbem;C:\Windows\System32\WindowsPowerShell\v1.0\;C:\Program Files\Java\jdk1.7.0_60\bin;C:\Program Files\Java\jdk1.7.0_60\jre\bin;D:\Program Files\MySQL\MySQL Server 5.5\bin;E:\Framework\play\play-2.2.6;D:\Software\apache-maven-3.3.1\bin;C:\WINDOWS\system32;C:\WINDOWS;C:\WINDOWS\System32\Wbem;C:\WINDOWS\System32\WindowsPowerShell\v1.0\;C:\Program Files\TortoiseSVN\bin;C:\Program Files\Git\cmd;C:\Program Files\TortoiseGit\bin;C:\Program Files\MySQL\MySQL Utilities 1.6\
USERNAME=yuandl
OS=Windows_NT
PROCESSOR_IDENTIFIER=Intel64 Family 6 Model 60 Stepping 3, GenuineIntel



---------------  S Y S T E M  ---------------

OS: Windows 10.0 , 64 bit Build 10586 (10.0.10586.589)

CPU:total 4 (2 cores per cpu, 2 threads per core) family 6 model 60 stepping 3, cmov, cx8, fxsr, mmx, sse, sse2, sse3, ssse3, sse4.1, sse4.2, popcnt, avx, avx2, aes, clmul, erms, lzcnt, ht, tsc, tscinvbit, bmi1, bmi2

Memory: 4k page, physical 8305276k(873212k free), swap 8305276k(1908k free)

vm_info: Java HotSpot(TM) 64-Bit Server VM (25.72-b15) for windows-amd64 JRE (1.8.0_72-b15), built on Dec 22 2015 19:16:16 by "java_re" with MS VC++ 10.0 (VS2010)

time: Tue Jan 10 15:31:30 2017
elapsed time: 79 seconds (0d 0h 1m 19s)

