#
# There is insufficient memory for the Java Runtime Environment to continue.
# Native memory allocation (malloc) failed to allocate 32744 bytes for ChunkPool::allocate
# Possible reasons:
#   The system is out of physical RAM or swap space
#   In 32 bit mode, the process size limit was hit
# Possible solutions:
#   Reduce memory load on the system
#   Increase physical memory or swap space
#   Check if swap backing store is full
#   Use 64 bit Java on a 64 bit OS
#   Decrease Java heap size (-Xmx/-Xms)
#   Decrease number of Java threads
#   Decrease Java thread stack sizes (-Xss)
#   Set larger code cache with -XX:ReservedCodeCacheSize=
# This output file may be truncated or incomplete.
#
#  Out of Memory Error (allocation.cpp:273), pid=32228, tid=31964
#
# JRE version: Java(TM) SE Runtime Environment (8.0_72-b15) (build 1.8.0_72-b15)
# Java VM: Java HotSpot(TM) 64-Bit Server VM (25.72-b15 mixed mode windows-amd64 compressed oops)
# Failed to write core dump. Minidumps are not enabled by default on client versions of Windows
#

---------------  T H R E A D  ---------------

Current thread (0x000000001791e800):  JavaThread "C2 CompilerThread0" daemon [_thread_in_native, id=31964, stack(0x0000000019220000,0x0000000019320000)]

Stack: [0x0000000019220000,0x0000000019320000]
[error occurred during error reporting (printing stack bounds), id 0xc0000005]

Native frames: (J=compiled Java code, j=interpreted, Vv=VM code, C=native code)


Current CompileTask:
C2: 335116 12413   !   4       java.io.ObjectOutputStream::writeObject0 (619 bytes)


---------------  P R O C E S S  ---------------

Java Threads: ( => current thread )
  0x000000001d452800 JavaThread "Stdin handler" [_thread_blocked, id=14704, stack(0x0000000025440000,0x0000000025540000)]
  0x000000001d455800 JavaThread "Asynchronous log dispatcher for org.gradle.launcher.daemon.server.DefaultDaemonConnection@51014a31" [_thread_blocked, id=35748, stack(0x0000000025340000,0x0000000025440000)]
  0x000000001d458800 JavaThread "Daemon worker Thread 2" [_thread_in_native, id=35440, stack(0x0000000025240000,0x0000000025340000)]
  0x000000001d455000 JavaThread "Cancel handler" [_thread_blocked, id=25652, stack(0x0000000025140000,0x0000000025240000)]
  0x000000001b019800 JavaThread "Handler for socket connection from /127.0.0.1:54296 to /127.0.0.1:58350" [_thread_in_native, id=19720, stack(0x0000000025040000,0x0000000025140000)]
  0x000000001b018800 JavaThread "Daemon Thread 2" [_thread_blocked, id=35208, stack(0x0000000024f40000,0x0000000025040000)]
  0x000000001b01e000 JavaThread "pool-2-thread-1" [_thread_blocked, id=30876, stack(0x0000000020af0000,0x0000000020bf0000)]
  0x000000001b01b800 JavaThread "File lock request listener" [_thread_in_native, id=35792, stack(0x000000001f550000,0x000000001f650000)]
  0x000000001a317000 JavaThread "Incoming local TCP Connector on port 54296" [_thread_in_native, id=35728, stack(0x000000001b0e0000,0x000000001b1e0000)]
  0x000000001a3bc000 JavaThread "pool-1-thread-1" [_thread_blocked, id=35732, stack(0x0000000019f20000,0x000000001a020000)]
  0x0000000018eb5000 JavaThread "Service Thread" daemon [_thread_blocked, id=34980, stack(0x0000000019520000,0x0000000019620000)]
  0x0000000018e2a800 JavaThread "C1 CompilerThread2" daemon [_thread_blocked, id=32880, stack(0x0000000019420000,0x0000000019520000)]
  0x0000000018e23000 JavaThread "C2 CompilerThread1" daemon [_thread_blocked, id=35560, stack(0x0000000019320000,0x0000000019420000)]
=>0x000000001791e800 JavaThread "C2 CompilerThread0" daemon [_thread_in_native, id=31964, stack(0x0000000019220000,0x0000000019320000)]
  0x000000001791d000 JavaThread "Attach Listener" daemon [_thread_blocked, id=35488, stack(0x0000000018d20000,0x0000000018e20000)]
  0x000000001791a800 JavaThread "Signal Dispatcher" daemon [_thread_blocked, id=33232, stack(0x0000000018c20000,0x0000000018d20000)]
  0x00000000178aa800 JavaThread "Finalizer" daemon [_thread_blocked, id=35572, stack(0x0000000018b20000,0x0000000018c20000)]
  0x0000000002c90000 JavaThread "Reference Handler" daemon [_thread_blocked, id=33228, stack(0x0000000018a20000,0x0000000018b20000)]
  0x0000000002ba2800 JavaThread "main" [_thread_blocked, id=33560, stack(0x0000000002aa0000,0x0000000002ba0000)]

Other Threads:
  0x0000000017888000 VMThread [stack: 0x0000000018920000,0x0000000018a20000] [id=31136]
  0x0000000018f09800 WatcherThread [stack: 0x0000000019620000,0x0000000019720000] [id=34784]

VM state:not at safepoint (normal execution)

VM Mutex/Monitor currently owned by a thread: None

Heap:
 PSYoungGen      total 289792K, used 43938K [0x00000000d5580000, 0x00000000eeb80000, 0x0000000100000000)
  eden space 258560K, 7% used [0x00000000d5580000,0x00000000d67d33a8,0x00000000e5200000)
  from space 31232K, 80% used [0x00000000e5200000,0x00000000e6a955a0,0x00000000e7080000)
  to   space 33280K, 0% used [0x00000000ecb00000,0x00000000ecb00000,0x00000000eeb80000)
 ParOldGen       total 165888K, used 51815K [0x0000000080000000, 0x000000008a200000, 0x00000000d5580000)
  object space 165888K, 31% used [0x0000000080000000,0x0000000083299d10,0x000000008a200000)
 Metaspace       used 74963K, capacity 77066K, committed 77184K, reserved 1116160K
  class space    used 9583K, capacity 10058K, committed 10112K, reserved 1048576K

Card table byte_map: [0x0000000012060000,0x0000000012470000] byte_map_base: 0x0000000011c60000

Marking Bits: (ParMarkBitMap*) 0x00000000641b0600
 Begin Bits: [0x0000000012b20000, 0x0000000014b20000)
 End Bits:   [0x0000000014b20000, 0x0000000016b20000)

Polling page: 0x0000000000ed0000

CodeCache: size=245760Kb used=35356Kb max_used=36046Kb free=210403Kb
 bounds [0x0000000002ca0000, 0x0000000005020000, 0x0000000011ca0000]
 total_blobs=11218 nmethods=10410 adapters=719
 compilation: enabled

Compilation events (10 events):
Event: 334.907 Thread 0x0000000018e2a800 12449       1       java.io.ExpiringCache$Entry::val (5 bytes)
Event: 334.907 Thread 0x0000000018e2a800 nmethod 12449 0x00000000034ee090 code [0x00000000034ee1e0, 0x00000000034ee2f0]
Event: 334.908 Thread 0x0000000018e2a800 12450       3       org.gradle.internal.service.DefaultServiceRegistry$OwnServices::getAll (55 bytes)
Event: 334.909 Thread 0x0000000018e2a800 nmethod 12450 0x0000000003ad0c90 code [0x0000000003ad0e40, 0x0000000003ad1498]
Event: 334.909 Thread 0x0000000018e23000 12451       4       org.gradle.api.internal.artifacts.ivyservice.ivyresolve.BaseModuleComponentRepository::getId (10 bytes)
Event: 334.910 Thread 0x0000000018e23000 nmethod 12451 0x00000000035ee850 code [0x00000000035ee980, 0x00000000035ee9f8]
Event: 334.910 Thread 0x0000000018e2a800 12452       3       org.gradle.api.internal.project.AbstractProject::getGroup (111 bytes)
Event: 334.911 Thread 0x0000000018e2a800 nmethod 12452 0x00000000034ea050 code [0x00000000034ea2c0, 0x00000000034eb5d8]
Event: 334.912 Thread 0x0000000018e23000 12453       4       org.gradle.api.internal.artifacts.ivyservice.resolveengine.graph.DependencyGraphBuilder$ResolveState::getModule (47 bytes)
Event: 334.939 Thread 0x0000000018e23000 nmethod 12453 0x00000000031a79d0 code [0x00000000031a7c00, 0x00000000031a8d00]

GC Heap History (10 events):
Event: 23.323 GC heap before
{Heap before GC invocations=15 (full 2):
 PSYoungGen      total 206336K, used 43841K [0x00000000d5580000, 0x00000000e4c00000, 0x0000000100000000)
  eden space 185856K, 12% used [0x00000000d5580000,0x00000000d6c51e40,0x00000000e0b00000)
  from space 20480K, 99% used [0x00000000e2600000,0x00000000e39fe608,0x00000000e3a00000)
  to   space 27648K, 0% used [0x00000000e0b00000,0x00000000e0b00000,0x00000000e2600000)
 ParOldGen       total 101376K, used 45001K [0x0000000080000000, 0x0000000086300000, 0x00000000d5580000)
  object space 101376K, 44% used [0x0000000080000000,0x0000000082bf2710,0x0000000086300000)
 Metaspace       used 57441K, capacity 59096K, committed 59160K, reserved 1099776K
  class space    used 7659K, capacity 8036K, committed 8064K, reserved 1048576K
Event: 23.356 GC heap after
Heap after GC invocations=15 (full 2):
 PSYoungGen      total 213504K, used 25964K [0x00000000d5580000, 0x00000000e9280000, 0x0000000100000000)
  eden space 185856K, 0% used [0x00000000d5580000,0x00000000d5580000,0x00000000e0b00000)
  from space 27648K, 93% used [0x00000000e0b00000,0x00000000e245b1d8,0x00000000e2600000)
  to   space 31232K, 0% used [0x00000000e7400000,0x00000000e7400000,0x00000000e9280000)
 ParOldGen       total 101376K, used 47045K [0x0000000080000000, 0x0000000086300000, 0x00000000d5580000)
  object space 101376K, 46% used [0x0000000080000000,0x0000000082df1720,0x0000000086300000)
 Metaspace       used 57441K, capacity 59096K, committed 59160K, reserved 1099776K
  class space    used 7659K, capacity 8036K, committed 8064K, reserved 1048576K
}
Event: 23.356 GC heap before
{Heap before GC invocations=16 (full 3):
 PSYoungGen      total 213504K, used 25964K [0x00000000d5580000, 0x00000000e9280000, 0x0000000100000000)
  eden space 185856K, 0% used [0x00000000d5580000,0x00000000d5580000,0x00000000e0b00000)
  from space 27648K, 93% used [0x00000000e0b00000,0x00000000e245b1d8,0x00000000e2600000)
  to   space 31232K, 0% used [0x00000000e7400000,0x00000000e7400000,0x00000000e9280000)
 ParOldGen       total 101376K, used 47045K [0x0000000080000000, 0x0000000086300000, 0x00000000d5580000)
  object space 101376K, 46% used [0x0000000080000000,0x0000000082df1720,0x0000000086300000)
 Metaspace       used 57441K, capacity 59096K, committed 59160K, reserved 1099776K
  class space    used 7659K, capacity 8036K, committed 8064K, reserved 1048576K
Event: 23.668 GC heap after
Heap after GC invocations=16 (full 3):
 PSYoungGen      total 213504K, used 0K [0x00000000d5580000, 0x00000000e9280000, 0x0000000100000000)
  eden space 185856K, 0% used [0x00000000d5580000,0x00000000d5580000,0x00000000e0b00000)
  from space 27648K, 0% used [0x00000000e0b00000,0x00000000e0b00000,0x00000000e2600000)
  to   space 31232K, 0% used [0x00000000e7400000,0x00000000e7400000,0x00000000e9280000)
 ParOldGen       total 165888K, used 61460K [0x0000000080000000, 0x000000008a200000, 0x00000000d5580000)
  object space 165888K, 37% used [0x0000000080000000,0x0000000083c053f8,0x000000008a200000)
 Metaspace       used 57441K, capacity 59096K, committed 59160K, reserved 1099776K
  class space    used 7659K, capacity 8036K, committed 8064K, reserved 1048576K
}
Event: 32.470 GC heap before
{Heap before GC invocations=17 (full 3):
 PSYoungGen      total 213504K, used 161120K [0x00000000d5580000, 0x00000000e9280000, 0x0000000100000000)
  eden space 185856K, 86% used [0x00000000d5580000,0x00000000df2d8158,0x00000000e0b00000)
  from space 27648K, 0% used [0x00000000e0b00000,0x00000000e0b00000,0x00000000e2600000)
  to   space 31232K, 0% used [0x00000000e7400000,0x00000000e7400000,0x00000000e9280000)
 ParOldGen       total 165888K, used 61460K [0x0000000080000000, 0x000000008a200000, 0x00000000d5580000)
  object space 165888K, 37% used [0x0000000080000000,0x0000000083c053f8,0x000000008a200000)
 Metaspace       used 69300K, capacity 71024K, committed 71296K, reserved 1112064K
  class space    used 8874K, capacity 9306K, committed 9344K, reserved 1048576K
Event: 32.494 GC heap after
Heap after GC invocations=17 (full 3):
 PSYoungGen      total 286208K, used 18763K [0x00000000d5580000, 0x00000000e8f00000, 0x0000000100000000)
  eden space 258560K, 0% used [0x00000000d5580000,0x00000000d5580000,0x00000000e5200000)
  from space 27648K, 67% used [0x00000000e7400000,0x00000000e8652d00,0x00000000e8f00000)
  to   space 31232K, 0% used [0x00000000e5200000,0x00000000e5200000,0x00000000e7080000)
 ParOldGen       total 165888K, used 61476K [0x0000000080000000, 0x000000008a200000, 0x00000000d5580000)
  object space 165888K, 37% used [0x0000000080000000,0x0000000083c093f8,0x000000008a200000)
 Metaspace       used 69300K, capacity 71024K, committed 71296K, reserved 1112064K
  class space    used 8874K, capacity 9306K, committed 9344K, reserved 1048576K
}
Event: 32.494 GC heap before
{Heap before GC invocations=18 (full 4):
 PSYoungGen      total 286208K, used 18763K [0x00000000d5580000, 0x00000000e8f00000, 0x0000000100000000)
  eden space 258560K, 0% used [0x00000000d5580000,0x00000000d5580000,0x00000000e5200000)
  from space 27648K, 67% used [0x00000000e7400000,0x00000000e8652d00,0x00000000e8f00000)
  to   space 31232K, 0% used [0x00000000e5200000,0x00000000e5200000,0x00000000e7080000)
 ParOldGen       total 165888K, used 61476K [0x0000000080000000, 0x000000008a200000, 0x00000000d5580000)
  object space 165888K, 37% used [0x0000000080000000,0x0000000083c093f8,0x000000008a200000)
 Metaspace       used 69300K, capacity 71024K, committed 71296K, reserved 1112064K
  class space    used 8874K, capacity 9306K, committed 9344K, reserved 1048576K
Event: 32.748 GC heap after
Heap after GC invocations=18 (full 4):
 PSYoungGen      total 286208K, used 0K [0x00000000d5580000, 0x00000000e8f00000, 0x0000000100000000)
  eden space 258560K, 0% used [0x00000000d5580000,0x00000000d5580000,0x00000000e5200000)
  from space 27648K, 0% used [0x00000000e7400000,0x00000000e7400000,0x00000000e8f00000)
  to   space 31232K, 0% used [0x00000000e5200000,0x00000000e5200000,0x00000000e7080000)
 ParOldGen       total 165888K, used 51807K [0x0000000080000000, 0x000000008a200000, 0x00000000d5580000)
  object space 165888K, 31% used [0x0000000080000000,0x0000000083297d10,0x000000008a200000)
 Metaspace       used 69300K, capacity 71024K, committed 71296K, reserved 1112064K
  class space    used 8874K, capacity 9306K, committed 9344K, reserved 1048576K
}
Event: 59.571 GC heap before
{Heap before GC invocations=19 (full 4):
 PSYoungGen      total 286208K, used 258560K [0x00000000d5580000, 0x00000000e8f00000, 0x0000000100000000)
  eden space 258560K, 100% used [0x00000000d5580000,0x00000000e5200000,0x00000000e5200000)
  from space 27648K, 0% used [0x00000000e7400000,0x00000000e7400000,0x00000000e8f00000)
  to   space 31232K, 0% used [0x00000000e5200000,0x00000000e5200000,0x00000000e7080000)
 ParOldGen       total 165888K, used 51807K [0x0000000080000000, 0x000000008a200000, 0x00000000d5580000)
  object space 165888K, 31% used [0x0000000080000000,0x0000000083297d10,0x000000008a200000)
 Metaspace       used 74728K, capacity 76692K, committed 76928K, reserved 1116160K
  class space    used 9560K, capacity 10001K, committed 10112K, reserved 1048576K
Event: 59.597 GC heap after
Heap after GC invocations=19 (full 4):
 PSYoungGen      total 289792K, used 25173K [0x00000000d5580000, 0x00000000eeb80000, 0x0000000100000000)
  eden space 258560K, 0% used [0x00000000d5580000,0x00000000d5580000,0x00000000e5200000)
  from space 31232K, 80% used [0x00000000e5200000,0x00000000e6a955a0,0x00000000e7080000)
  to   space 33280K, 0% used [0x00000000ecb00000,0x00000000ecb00000,0x00000000eeb80000)
 ParOldGen       total 165888K, used 51815K [0x0000000080000000, 0x000000008a200000, 0x00000000d5580000)
  object space 165888K, 31% used [0x0000000080000000,0x0000000083299d10,0x000000008a200000)
 Metaspace       used 74728K, capacity 76692K, committed 76928K, reserved 1116160K
  class space    used 9560K, capacity 10001K, committed 10112K, reserved 1048576K
}

Deoptimization events (10 events):
Event: 59.628 Thread 0x000000001a508000 Uncommon trap: reason=class_check action=maybe_recompile pc=0x0000000003b436dc method=java.io.ObjectOutputStream$BlockDataOutputStream.drain()V @ 36
Event: 59.628 Thread 0x000000001a508000 Uncommon trap: reason=class_check action=maybe_recompile pc=0x0000000003b436dc method=java.io.ObjectOutputStream$BlockDataOutputStream.drain()V @ 36
Event: 59.628 Thread 0x000000001a508000 Uncommon trap: reason=class_check action=maybe_recompile pc=0x0000000003b436dc method=java.io.ObjectOutputStream$BlockDataOutputStream.drain()V @ 36
Event: 59.668 Thread 0x000000001d458800 Uncommon trap: reason=unstable_if action=reinterpret pc=0x00000000042360e0 method=com.esotericsoftware.kryo.io.Input.require(I)I @ 117
Event: 61.038 Thread 0x000000001a3bc000 Uncommon trap: reason=speculate_class_check action=maybe_recompile pc=0x0000000003164ed4 method=java.util.AbstractList.listIterator()Ljava/util/ListIterator; @ 2
Event: 121.018 Thread 0x000000001a3bc000 Uncommon trap: reason=unstable_if action=reinterpret pc=0x00000000048a97bc method=java.io.ExpiringCache.entryFor(Ljava/lang/String;)Ljava/io/ExpiringCache$Entry; @ 39
Event: 121.018 Thread 0x000000001a3bc000 Uncommon trap: reason=unstable_if action=reinterpret pc=0x000000000399be38 method=java.io.ExpiringCache.entryFor(Ljava/lang/String;)Ljava/io/ExpiringCache$Entry; @ 39
Event: 121.024 Thread 0x000000001a3bc000 Uncommon trap: reason=speculate_class_check action=maybe_recompile pc=0x0000000003164ed4 method=java.util.AbstractList.listIterator()Ljava/util/ListIterator; @ 2
Event: 181.041 Thread 0x000000001a3bc000 Uncommon trap: reason=speculate_class_check action=maybe_recompile pc=0x0000000003164ed4 method=java.util.AbstractList.listIterator()Ljava/util/ListIterator; @ 2
Event: 241.037 Thread 0x000000001a3bc000 Uncommon trap: reason=speculate_class_check action=maybe_recompile pc=0x0000000003164ed4 method=java.util.AbstractList.listIterator()Ljava/util/ListIterator; @ 2

Internal exceptions (10 events):
Event: 59.553 Thread 0x000000001a64a800 Exception <a 'java/lang/reflect/InvocationTargetException'> (0x00000000e518c538) thrown at [C:\re\workspace\8-2-build-windows-amd64-cygwin\jdk8u72\5732\hotspot\src\share\vm\runtime\reflection.cpp, line 1092]
Event: 59.553 Thread 0x000000001a64a800 Exception <a 'java/lang/reflect/InvocationTargetException'> (0x00000000e518cd00) thrown at [C:\re\workspace\8-2-build-windows-amd64-cygwin\jdk8u72\5732\hotspot\src\share\vm\runtime\reflection.cpp, line 1092]
Event: 59.628 Thread 0x000000001a508000 Exception <a 'java/lang/NoSuchMethodError': <clinit>> (0x00000000d5bfe6d0) thrown at [C:\re\workspace\8-2-build-windows-amd64-cygwin\jdk8u72\5732\hotspot\src\share\vm\prims\jni.cpp, line 1591]
Event: 59.630 Thread 0x000000001a508000 Exception <a 'java/lang/NoSuchMethodError': <clinit>> (0x00000000d5c1e858) thrown at [C:\re\workspace\8-2-build-windows-amd64-cygwin\jdk8u72\5732\hotspot\src\share\vm\prims\jni.cpp, line 1591]
Event: 59.631 Thread 0x000000001a508000 Exception <a 'java/lang/NoSuchMethodError': <clinit>> (0x00000000d5c25870) thrown at [C:\re\workspace\8-2-build-windows-amd64-cygwin\jdk8u72\5732\hotspot\src\share\vm\prims\jni.cpp, line 1591]
Event: 59.633 Thread 0x000000001a508000 Exception <a 'java/lang/NoSuchMethodError': <clinit>> (0x00000000d5c45e18) thrown at [C:\re\workspace\8-2-build-windows-amd64-cygwin\jdk8u72\5732\hotspot\src\share\vm\prims\jni.cpp, line 1591]
Event: 59.633 Thread 0x000000001a508000 Exception <a 'java/lang/NoSuchMethodError': <clinit>> (0x00000000d5ee2f10) thrown at [C:\re\workspace\8-2-build-windows-amd64-cygwin\jdk8u72\5732\hotspot\src\share\vm\prims\jni.cpp, line 1591]
Event: 59.634 Thread 0x000000001a508000 Exception <a 'java/lang/NoSuchMethodError': <clinit>> (0x00000000d5ef4920) thrown at [C:\re\workspace\8-2-build-windows-amd64-cygwin\jdk8u72\5732\hotspot\src\share\vm\prims\jni.cpp, line 1591]
Event: 59.639 Thread 0x000000001a508000 Exception <a 'java/lang/NoSuchMethodError': <clinit>> (0x00000000d5f2e9f8) thrown at [C:\re\workspace\8-2-build-windows-amd64-cygwin\jdk8u72\5732\hotspot\src\share\vm\prims\jni.cpp, line 1591]
Event: 59.639 Thread 0x000000001a508000 Exception <a 'java/lang/NoSuchMethodError': <clinit>> (0x00000000d5f31e60) thrown at [C:\re\workspace\8-2-build-windows-amd64-cygwin\jdk8u72\5732\hotspot\src\share\vm\prims\jni.cpp, line 1591]

Events (10 events):
Event: 334.581 Thread 0x000000001b018800 Thread added: 0x000000001b018800
Event: 334.582 Thread 0x000000001b019800 Thread added: 0x000000001b019800
Event: 334.582 Executing VM operation: RevokeBias
Event: 334.582 Executing VM operation: RevokeBias done
Event: 334.761 Thread 0x000000001d455000 Thread added: 0x000000001d455000
Event: 334.772 Thread 0x000000001d458800 Thread added: 0x000000001d458800
Event: 334.834 Thread 0x000000001d455800 Thread added: 0x000000001d455800
Event: 334.834 Thread 0x000000001d452800 Thread added: 0x000000001d452800
Event: 334.906 Executing VM operation: RevokeBias
Event: 334.907 Executing VM operation: RevokeBias done


Dynamic libraries:
0x00007ff784620000 - 0x00007ff784657000 	C:\Program Files\Java\jdk1.8.0_72\bin\java.exe
0x00007ffdefb30000 - 0x00007ffdefcf1000 	C:\WINDOWS\SYSTEM32\ntdll.dll
0x00007ffdef9e0000 - 0x00007ffdefa8d000 	C:\WINDOWS\system32\KERNEL32.DLL
0x00007ffdec4b0000 - 0x00007ffdec698000 	C:\WINDOWS\system32\KERNELBASE.dll
0x00007ffded7a0000 - 0x00007ffded847000 	C:\WINDOWS\system32\ADVAPI32.dll
0x00007ffdedc80000 - 0x00007ffdedd1d000 	C:\WINDOWS\system32\msvcrt.dll
0x00007ffdef4b0000 - 0x00007ffdef50b000 	C:\WINDOWS\system32\sechost.dll
0x00007ffdecfe0000 - 0x00007ffded0fc000 	C:\WINDOWS\system32\RPCRT4.dll
0x00007ffdef510000 - 0x00007ffdef666000 	C:\WINDOWS\system32\USER32.dll
0x00007ffdef670000 - 0x00007ffdef7f6000 	C:\WINDOWS\system32\GDI32.dll
0x00007ffde4910000 - 0x00007ffde4b84000 	C:\WINDOWS\WinSxS\amd64_microsoft.windows.common-controls_6595b64144ccf1df_6.0.10586.672_none_a2d6b3cea53ff843\COMCTL32.dll
0x00007ffded110000 - 0x00007ffded38d000 	C:\WINDOWS\system32\combase.dll
0x00007ffdece00000 - 0x00007ffdece6a000 	C:\WINDOWS\system32\bcryptPrimitives.dll
0x00007ffdefaf0000 - 0x00007ffdefb2b000 	C:\WINDOWS\system32\IMM32.DLL
0x0000000064e90000 - 0x0000000064f62000 	C:\Program Files\Java\jdk1.8.0_72\jre\bin\msvcr100.dll
0x00000000639a0000 - 0x0000000064230000 	C:\Program Files\Java\jdk1.8.0_72\jre\bin\server\jvm.dll
0x00007ffded390000 - 0x00007ffded398000 	C:\WINDOWS\system32\PSAPI.DLL
0x00007ffddfe70000 - 0x00007ffddfe7a000 	C:\WINDOWS\SYSTEM32\VERSION.dll
0x00007ffdea370000 - 0x00007ffdea393000 	C:\WINDOWS\SYSTEM32\WINMM.dll
0x00007ffddbb10000 - 0x00007ffddbb19000 	C:\WINDOWS\SYSTEM32\WSOCK32.dll
0x00007ffdedd20000 - 0x00007ffdedd8b000 	C:\WINDOWS\system32\WS2_32.dll
0x0000000000e90000 - 0x0000000000ebc000 	C:\WINDOWS\SYSTEM32\WINMMBASE.dll
0x00007ffdec460000 - 0x00007ffdec4a3000 	C:\WINDOWS\system32\cfgmgr32.dll
0x00000000652c0000 - 0x00000000652cf000 	C:\Program Files\Java\jdk1.8.0_72\jre\bin\verify.dll
0x0000000065290000 - 0x00000000652b9000 	C:\Program Files\Java\jdk1.8.0_72\jre\bin\java.dll
0x0000000065270000 - 0x0000000065286000 	C:\Program Files\Java\jdk1.8.0_72\jre\bin\zip.dll
0x00007ffdedf50000 - 0x00007ffdef4ac000 	C:\WINDOWS\system32\SHELL32.dll
0x00007ffdec700000 - 0x00007ffdecd45000 	C:\WINDOWS\system32\windows.storage.dll
0x00007ffdedd90000 - 0x00007ffdedde2000 	C:\WINDOWS\system32\shlwapi.dll
0x00007ffdec170000 - 0x00007ffdec17f000 	C:\WINDOWS\system32\kernel.appcore.dll
0x00007ffdece70000 - 0x00007ffdecf25000 	C:\WINDOWS\system32\shcore.dll
0x00007ffdec190000 - 0x00007ffdec1db000 	C:\WINDOWS\system32\powrprof.dll
0x00007ffdec150000 - 0x00007ffdec164000 	C:\WINDOWS\system32\profapi.dll
0x0000000065250000 - 0x000000006526a000 	C:\Program Files\Java\jdk1.8.0_72\jre\bin\net.dll
0x00007ffdeb9f0000 - 0x00007ffdeba4c000 	C:\WINDOWS\system32\mswsock.dll
0x0000000065230000 - 0x0000000065241000 	C:\Program Files\Java\jdk1.8.0_72\jre\bin\nio.dll
0x00007ffde0910000 - 0x00007ffde0922000 	C:\Users\yuandl\.gradle\native\19\windows-amd64\native-platform.dll
0x00007ffdebaa0000 - 0x00007ffdebab7000 	C:\WINDOWS\SYSTEM32\CRYPTSP.dll
0x00007ffdeb730000 - 0x00007ffdeb764000 	C:\WINDOWS\system32\rsaenh.dll
0x00007ffdec090000 - 0x00007ffdec0b9000 	C:\WINDOWS\SYSTEM32\bcrypt.dll
0x00007ffdeb880000 - 0x00007ffdeb89f000 	C:\WINDOWS\SYSTEM32\USERENV.dll
0x00007ffdebbc0000 - 0x00007ffdebbcb000 	C:\WINDOWS\SYSTEM32\CRYPTBASE.dll
0x00007ffde9610000 - 0x00007ffde9648000 	C:\WINDOWS\SYSTEM32\IPHLPAPI.DLL
0x00007ffdef950000 - 0x00007ffdef958000 	C:\WINDOWS\system32\NSI.dll
0x00007ffde9350000 - 0x00007ffde9366000 	C:\WINDOWS\SYSTEM32\dhcpcsvc6.DLL
0x00007ffde9240000 - 0x00007ffde925a000 	C:\WINDOWS\SYSTEM32\dhcpcsvc.DLL
0x0000000065220000 - 0x000000006522d000 	C:\Program Files\Java\jdk1.8.0_72\jre\bin\management.dll
0x0000000064e60000 - 0x0000000064e84000 	C:\Program Files\Java\jdk1.8.0_72\jre\bin\sunec.dll
0x00007ffdeaaa0000 - 0x00007ffdeab4a000 	C:\WINDOWS\SYSTEM32\DNSAPI.dll
0x00007ffde8260000 - 0x00007ffde826a000 	C:\Windows\System32\rasadhlp.dll
0x00007ffde9650000 - 0x00007ffde96b7000 	C:\WINDOWS\System32\fwpuclnt.dll
0x00007ffde18f0000 - 0x00007ffde1906000 	C:\WINDOWS\system32\napinsp.dll
0x00007ffde1c20000 - 0x00007ffde1c3a000 	C:\WINDOWS\system32\pnrpnsp.dll
0x00007ffdea0d0000 - 0x00007ffdea0e8000 	C:\WINDOWS\system32\NLAapi.dll
0x00007ffde1e40000 - 0x00007ffde1e4d000 	C:\WINDOWS\System32\winrnr.dll

VM Arguments:
jvm_args: -XX:MaxPermSize=512m -Xmx2048m -Dfile.encoding=GBK -Duser.country=CN -Duser.language=zh -Duser.variant 
java_command: org.gradle.launcher.daemon.bootstrap.GradleDaemon 2.14.1
java_class_path (initial): C:\Users\yuandl\.gradle\wrapper\dists\gradle-2.14.1-all\8bnwg5hd3w55iofp58khbp6yv\gradle-2.14.1\lib\gradle-launcher-2.14.1.jar
Launcher Type: SUN_STANDARD

Environment Variables:
JAVA_HOME=C:\Program Files\Java\jdk1.8.0_72
CLASSPATH=E:\kejiang\git\GitHub\AndroidFastDevFrame\\gradle\wrapper\gradle-wrapper.jar
PATH=D:\oracle\product\10.2.0\client_1\bin;D:\oracle\product\10.2.0\db_1\bin;E:\kejiang\Android\sdk\platform-tools;C:\ProgramData\Oracle\Java\javapath;C:\Program Files (x86)\Common Files\NetSarang;C:\Windows\system32;C:\Windows;C:\Windows\System32\Wbem;C:\Windows\System32\WindowsPowerShell\v1.0\;C:\Program Files\Java\jdk1.7.0_60\bin;C:\Program Files\Java\jdk1.7.0_60\jre\bin;D:\Program Files\MySQL\MySQL Server 5.5\bin;E:\Framework\play\play-2.2.6;D:\Software\apache-maven-3.3.1\bin;C:\WINDOWS\system32;C:\WINDOWS;C:\WINDOWS\System32\Wbem;C:\WINDOWS\System32\WindowsPowerShell\v1.0\;C:\Program Files\TortoiseSVN\bin;C:\Program Files\Git\cmd;C:\Program Files\TortoiseGit\bin;C:\Program Files\MySQL\MySQL Utilities 1.6\
USERNAME=yuandl
OS=Windows_NT
PROCESSOR_IDENTIFIER=Intel64 Family 6 Model 60 Stepping 3, GenuineIntel



---------------  S Y S T E M  ---------------

OS: Windows 10.0 , 64 bit Build 10586 (10.0.10586.589)

CPU:total 4 (2 cores per cpu, 2 threads per core) family 6 model 60 stepping 3, cmov, cx8, fxsr, mmx, sse, sse2, sse3, ssse3, sse4.1, sse4.2, popcnt, avx, avx2, aes, clmul, erms, lzcnt, ht, tsc, tscinvbit, bmi1, bmi2

Memory: 4k page, physical 8305276k(936732k free), swap 8305276k(5140k free)

vm_info: Java HotSpot(TM) 64-Bit Server VM (25.72-b15) for windows-amd64 JRE (1.8.0_72-b15), built on Dec 22 2015 19:16:16 by "java_re" with MS VC++ 10.0 (VS2010)

time: Wed Feb 08 15:12:03 2017
elapsed time: 335 seconds (0d 0h 5m 35s)

