#
# There is insufficient memory for the Java Runtime Environment to continue.
# Native memory allocation (malloc) failed to allocate 32744 bytes for ChunkPool::allocate
# Possible reasons:
#   The system is out of physical RAM or swap space
#   In 32 bit mode, the process size limit was hit
# Possible solutions:
#   Reduce memory load on the system
#   Increase physical memory or swap space
#   Check if swap backing store is full
#   Use 64 bit Java on a 64 bit OS
#   Decrease Java heap size (-Xmx/-Xms)
#   Decrease number of Java threads
#   Decrease Java thread stack sizes (-Xss)
#   Set larger code cache with -XX:ReservedCodeCacheSize=
# This output file may be truncated or incomplete.
#
#  Out of Memory Error (allocation.cpp:273), pid=15644, tid=14572
#
# JRE version: Java(TM) SE Runtime Environment (8.0_72-b15) (build 1.8.0_72-b15)
# Java VM: Java HotSpot(TM) 64-Bit Server VM (25.72-b15 mixed mode windows-amd64 compressed oops)
# Failed to write core dump. Minidumps are not enabled by default on client versions of Windows
#

---------------  T H R E A D  ---------------

Current thread (0x000000001935a000):  JavaThread "C1 CompilerThread2" daemon [_thread_in_native, id=14572, stack(0x0000000019b50000,0x0000000019c50000)]

Stack: [0x0000000019b50000,0x0000000019c50000]
[error occurred during error reporting (printing stack bounds), id 0xc0000005]

Native frames: (J=compiled Java code, j=interpreted, Vv=VM code, C=native code)


Current CompileTask:
C1:  38314 1148       3       com.sun.jna.Pointer::setValue (904 bytes)


---------------  P R O C E S S  ---------------

Java Threads: ( => current thread )
  0x000000001a967800 JavaThread "pool-1-thread-1" [_thread_blocked, id=15196, stack(0x000000001bf60000,0x000000001c060000)]
  0x000000001a966800 JavaThread "forward input" [_thread_blocked, id=14700, stack(0x000000001be60000,0x000000001bf60000)]
  0x000000001a490000 JavaThread "DisconnectableInputStream source reader" daemon [_thread_in_native, id=16172, stack(0x000000001bd60000,0x000000001be60000)]
  0x00000000193d6000 JavaThread "Service Thread" daemon [_thread_blocked, id=15600, stack(0x0000000019c50000,0x0000000019d50000)]
=>0x000000001935a000 JavaThread "C1 CompilerThread2" daemon [_thread_in_native, id=14572, stack(0x0000000019b50000,0x0000000019c50000)]
  0x0000000017ffc000 JavaThread "C2 CompilerThread1" daemon [_thread_blocked, id=16300, stack(0x0000000019a50000,0x0000000019b50000)]
  0x0000000017ff9000 JavaThread "C2 CompilerThread0" daemon [_thread_blocked, id=15492, stack(0x0000000019950000,0x0000000019a50000)]
  0x0000000017fad800 JavaThread "Attach Listener" daemon [_thread_blocked, id=12904, stack(0x0000000019850000,0x0000000019950000)]
  0x0000000017f97800 JavaThread "Signal Dispatcher" daemon [_thread_blocked, id=16084, stack(0x0000000019750000,0x0000000019850000)]
  0x0000000017f8a000 JavaThread "Finalizer" daemon [_thread_blocked, id=16168, stack(0x00000000191f0000,0x00000000192f0000)]
  0x0000000003421000 JavaThread "Reference Handler" daemon [_thread_blocked, id=16244, stack(0x00000000190f0000,0x00000000191f0000)]
  0x0000000003331000 JavaThread "main" [_thread_in_native, id=14580, stack(0x0000000003230000,0x0000000003330000)]

Other Threads:
  0x0000000017f67000 VMThread [stack: 0x0000000018ff0000,0x00000000190f0000] [id=15664]
  0x000000001941b000 WatcherThread [stack: 0x0000000019d50000,0x0000000019e50000] [id=15604]

VM state:not at safepoint (normal execution)

VM Mutex/Monitor currently owned by a thread: None

Heap:
 PSYoungGen      total 38400K, used 34976K [0x00000000d5c00000, 0x00000000d8680000, 0x0000000100000000)
  eden space 33280K, 89% used [0x00000000d5c00000,0x00000000d792a428,0x00000000d7c80000)
  from space 5120K, 99% used [0x00000000d7c80000,0x00000000d817dde8,0x00000000d8180000)
  to   space 5120K, 0% used [0x00000000d8180000,0x00000000d8180000,0x00000000d8680000)
 ParOldGen       total 87552K, used 332K [0x0000000081400000, 0x0000000086980000, 0x00000000d5c00000)
  object space 87552K, 0% used [0x0000000081400000,0x0000000081453180,0x0000000086980000)
 Metaspace       used 13028K, capacity 13420K, committed 13696K, reserved 1060864K
  class space    used 1705K, capacity 1854K, committed 1920K, reserved 1048576K

Card table byte_map: [0x00000000127f0000,0x0000000012bf0000] byte_map_base: 0x00000000123e6000

Marking Bits: (ParMarkBitMap*) 0x0000000065aa0600
 Begin Bits: [0x00000000132a0000, 0x0000000015250000)
 End Bits:   [0x0000000015250000, 0x0000000017200000)

Polling page: 0x0000000001610000

CodeCache: size=245760Kb used=4077Kb max_used=4077Kb free=241682Kb
 bounds [0x0000000003430000, 0x0000000003830000, 0x0000000012430000]
 total_blobs=1514 nmethods=1147 adapters=280
 compilation: enabled

Compilation events (10 events):
Event: 38.048 Thread 0x000000001935a000 nmethod 1143 0x000000000382bbd0 code [0x000000000382bd60, 0x000000000382c078]
Event: 38.048 Thread 0x000000001935a000 1144       3       java.lang.ClassLoader::getClassLoader (11 bytes)
Event: 38.048 Thread 0x000000001935a000 nmethod 1144 0x000000000382c1d0 code [0x000000000382c320, 0x000000000382c550]
Event: 38.083 Thread 0x000000001935a000 1145       1       java.util.concurrent.locks.AbstractOwnableSynchronizer::getExclusiveOwnerThread (5 bytes)
Event: 38.083 Thread 0x000000001935a000 nmethod 1145 0x000000000382c610 code [0x000000000382c760, 0x000000000382c870]
Event: 38.167 Thread 0x000000001935a000 1146       1       java.lang.AbstractStringBuilder::length (5 bytes)
Event: 38.167 Thread 0x000000001935a000 nmethod 1146 0x000000000382c8d0 code [0x000000000382ca20, 0x000000000382cb30]
Event: 38.298 Thread 0x000000001935a000 1147       3       java.nio.charset.CoderResult::isUnderflow (13 bytes)
Event: 38.298 Thread 0x000000001935a000 nmethod 1147 0x000000000382cb90 code [0x000000000382cce0, 0x000000000382ce90]
Event: 38.298 Thread 0x000000001935a000 1148       3       com.sun.jna.Pointer::setValue (904 bytes)

GC Heap History (2 events):
Event: 1.198 GC heap before
{Heap before GC invocations=1 (full 0):
 PSYoungGen      total 38400K, used 33280K [0x00000000d5c00000, 0x00000000d8680000, 0x0000000100000000)
  eden space 33280K, 100% used [0x00000000d5c00000,0x00000000d7c80000,0x00000000d7c80000)
  from space 5120K, 0% used [0x00000000d8180000,0x00000000d8180000,0x00000000d8680000)
  to   space 5120K, 0% used [0x00000000d7c80000,0x00000000d7c80000,0x00000000d8180000)
 ParOldGen       total 87552K, used 0K [0x0000000081400000, 0x0000000086980000, 0x00000000d5c00000)
  object space 87552K, 0% used [0x0000000081400000,0x0000000081400000,0x0000000086980000)
 Metaspace       used 8756K, capacity 9030K, committed 9216K, reserved 1056768K
  class space    used 1151K, capacity 1218K, committed 1280K, reserved 1048576K
Event: 1.203 GC heap after
Heap after GC invocations=1 (full 0):
 PSYoungGen      total 38400K, used 5111K [0x00000000d5c00000, 0x00000000d8680000, 0x0000000100000000)
  eden space 33280K, 0% used [0x00000000d5c00000,0x00000000d5c00000,0x00000000d7c80000)
  from space 5120K, 99% used [0x00000000d7c80000,0x00000000d817dde8,0x00000000d8180000)
  to   space 5120K, 0% used [0x00000000d8180000,0x00000000d8180000,0x00000000d8680000)
 ParOldGen       total 87552K, used 332K [0x0000000081400000, 0x0000000086980000, 0x00000000d5c00000)
  object space 87552K, 0% used [0x0000000081400000,0x0000000081453180,0x0000000086980000)
 Metaspace       used 8756K, capacity 9030K, committed 9216K, reserved 1056768K
  class space    used 1151K, capacity 1218K, committed 1280K, reserved 1048576K
}

Deoptimization events (4 events):
Event: 0.644 Thread 0x0000000003331000 Uncommon trap: reason=unstable_if action=reinterpret pc=0x00000000035af750 method=java.lang.String.startsWith(Ljava/lang/String;I)Z @ 25
Event: 0.893 Thread 0x0000000003331000 Uncommon trap: reason=unstable_if action=reinterpret pc=0x00000000036557c4 method=java.util.HashMap.getNode(ILjava/lang/Object;)Ljava/util/HashMap$Node; @ 129
Event: 0.893 Thread 0x0000000003331000 Uncommon trap: reason=unstable_if action=reinterpret pc=0x0000000003640634 method=java.util.HashMap.getNode(ILjava/lang/Object;)Ljava/util/HashMap$Node; @ 129
Event: 1.113 Thread 0x0000000003331000 Uncommon trap: reason=predicate action=maybe_recompile pc=0x000000000367d9dc method=sun.net.www.ParseUtil.encodePath(Ljava/lang/String;Z)Ljava/lang/String; @ 36

Internal exceptions (10 events):
Event: 3.463 Thread 0x0000000003331000 Exception <a 'java/lang/NoSuchMethodError': <clinit>> (0x00000000d7704e80) thrown at [C:\re\workspace\8-2-build-windows-amd64-cygwin\jdk8u72\5732\hotspot\src\share\vm\prims\jni.cpp, line 1591]
Event: 3.464 Thread 0x0000000003331000 Exception <a 'java/lang/NoSuchMethodError': <clinit>> (0x00000000d77077e8) thrown at [C:\re\workspace\8-2-build-windows-amd64-cygwin\jdk8u72\5732\hotspot\src\share\vm\prims\jni.cpp, line 1591]
Event: 3.464 Thread 0x0000000003331000 Exception <a 'java/lang/NoSuchMethodError': <clinit>> (0x00000000d770edd0) thrown at [C:\re\workspace\8-2-build-windows-amd64-cygwin\jdk8u72\5732\hotspot\src\share\vm\prims\jni.cpp, line 1591]
Event: 3.470 Thread 0x0000000003331000 Exception <a 'java/lang/NoSuchMethodError': <clinit>> (0x00000000d775a158) thrown at [C:\re\workspace\8-2-build-windows-amd64-cygwin\jdk8u72\5732\hotspot\src\share\vm\prims\jni.cpp, line 1591]
Event: 3.473 Thread 0x0000000003331000 Exception <a 'java/lang/NoSuchMethodError': <clinit>> (0x00000000d77673a8) thrown at [C:\re\workspace\8-2-build-windows-amd64-cygwin\jdk8u72\5732\hotspot\src\share\vm\prims\jni.cpp, line 1591]
Event: 3.474 Thread 0x0000000003331000 Exception <a 'java/lang/NoSuchMethodError': <clinit>> (0x00000000d776f528) thrown at [C:\re\workspace\8-2-build-windows-amd64-cygwin\jdk8u72\5732\hotspot\src\share\vm\prims\jni.cpp, line 1591]
Event: 3.475 Thread 0x0000000003331000 Exception <a 'java/lang/NoSuchMethodError': <clinit>> (0x00000000d7778f20) thrown at [C:\re\workspace\8-2-build-windows-amd64-cygwin\jdk8u72\5732\hotspot\src\share\vm\prims\jni.cpp, line 1591]
Event: 3.478 Thread 0x0000000003331000 Exception <a 'java/lang/NoSuchMethodError': <clinit>> (0x00000000d7794648) thrown at [C:\re\workspace\8-2-build-windows-amd64-cygwin\jdk8u72\5732\hotspot\src\share\vm\prims\jni.cpp, line 1591]
Event: 3.535 Thread 0x0000000003331000 Exception <a 'java/lang/NoSuchMethodError': <clinit>> (0x00000000d77ae180) thrown at [C:\re\workspace\8-2-build-windows-amd64-cygwin\jdk8u72\5732\hotspot\src\share\vm\prims\jni.cpp, line 1591]
Event: 3.536 Thread 0x0000000003331000 Exception <a 'java/lang/NoSuchMethodError': <clinit>> (0x00000000d77b7e90) thrown at [C:\re\workspace\8-2-build-windows-amd64-cygwin\jdk8u72\5732\hotspot\src\share\vm\prims\jni.cpp, line 1591]

Events (10 events):
Event: 5.336 loading class java/lang/Class$4
Event: 5.336 loading class java/lang/Class$4 done
Event: 5.336 loading class org/gradle/internal/serialize/Message
Event: 5.336 loading class org/gradle/internal/serialize/Message done
Event: 5.337 loading class org/gradle/internal/serialize/Message$ExceptionReplacingObjectInputStream
Event: 5.337 loading class org/gradle/internal/serialize/Message$ExceptionReplacingObjectInputStream done
Event: 5.337 Executing VM operation: Deoptimize
Event: 5.337 Executing VM operation: Deoptimize done
Event: 5.337 loading class org/gradle/internal/serialize/Message$ExceptionReplacingObjectOutputStream
Event: 5.337 loading class org/gradle/internal/serialize/Message$ExceptionReplacingObjectOutputStream done


Dynamic libraries:
0x00007ff7e5c60000 - 0x00007ff7e5c97000 	C:\Program Files\Java\jdk1.8.0_72\bin\java.exe
0x00007ffae5dc0000 - 0x00007ffae5f81000 	C:\WINDOWS\SYSTEM32\ntdll.dll
0x00007ffae55c0000 - 0x00007ffae566d000 	C:\WINDOWS\system32\KERNEL32.DLL
0x00007ffae2520000 - 0x00007ffae2708000 	C:\WINDOWS\system32\KERNELBASE.dll
0x00007ffae4cf0000 - 0x00007ffae4d97000 	C:\WINDOWS\system32\ADVAPI32.dll
0x00007ffae5b90000 - 0x00007ffae5c2d000 	C:\WINDOWS\system32\msvcrt.dll
0x00007ffae4da0000 - 0x00007ffae4dfb000 	C:\WINDOWS\system32\sechost.dll
0x00007ffae57b0000 - 0x00007ffae58cc000 	C:\WINDOWS\system32\RPCRT4.dll
0x00007ffae3480000 - 0x00007ffae35d6000 	C:\WINDOWS\system32\USER32.dll
0x00007ffae5c30000 - 0x00007ffae5db6000 	C:\WINDOWS\system32\GDI32.dll
0x00007ffada920000 - 0x00007ffadab94000 	C:\WINDOWS\WinSxS\amd64_microsoft.windows.common-controls_6595b64144ccf1df_6.0.10586.672_none_a2d6b3cea53ff843\COMCTL32.dll
0x00007ffae31c0000 - 0x00007ffae343d000 	C:\WINDOWS\system32\combase.dll
0x00007ffae2820000 - 0x00007ffae288a000 	C:\WINDOWS\system32\bcryptPrimitives.dll
0x00007ffae3440000 - 0x00007ffae347b000 	C:\WINDOWS\system32\IMM32.DLL
0x00000000666b0000 - 0x0000000066782000 	C:\Program Files\Java\jdk1.8.0_72\jre\bin\msvcr100.dll
0x0000000065290000 - 0x0000000065b20000 	C:\Program Files\Java\jdk1.8.0_72\jre\bin\server\jvm.dll
0x00007ffae4e70000 - 0x00007ffae4e78000 	C:\WINDOWS\system32\PSAPI.DLL
0x00007ffadf220000 - 0x00007ffadf22a000 	C:\WINDOWS\SYSTEM32\VERSION.dll
0x00007ffadf300000 - 0x00007ffadf309000 	C:\WINDOWS\SYSTEM32\WSOCK32.dll
0x00007ffae06f0000 - 0x00007ffae0713000 	C:\WINDOWS\SYSTEM32\WINMM.dll
0x00007ffae5740000 - 0x00007ffae57ab000 	C:\WINDOWS\system32\WS2_32.dll
0x00007ffae0690000 - 0x00007ffae06bc000 	C:\WINDOWS\SYSTEM32\WINMMBASE.dll
0x00007ffae27d0000 - 0x00007ffae2813000 	C:\WINDOWS\system32\cfgmgr32.dll
0x00000000666a0000 - 0x00000000666af000 	C:\Program Files\Java\jdk1.8.0_72\jre\bin\verify.dll
0x0000000066670000 - 0x0000000066699000 	C:\Program Files\Java\jdk1.8.0_72\jre\bin\java.dll
0x0000000066650000 - 0x0000000066666000 	C:\Program Files\Java\jdk1.8.0_72\jre\bin\zip.dll
0x00007ffae3660000 - 0x00007ffae4bbc000 	C:\WINDOWS\system32\SHELL32.dll
0x00007ffae2b10000 - 0x00007ffae3155000 	C:\WINDOWS\system32\windows.storage.dll
0x00007ffae3600000 - 0x00007ffae3652000 	C:\WINDOWS\system32\shlwapi.dll
0x00007ffae2450000 - 0x00007ffae245f000 	C:\WINDOWS\system32\kernel.appcore.dll
0x00007ffae2710000 - 0x00007ffae27c5000 	C:\WINDOWS\system32\shcore.dll
0x00007ffae2400000 - 0x00007ffae244b000 	C:\WINDOWS\system32\powrprof.dll
0x00007ffae23e0000 - 0x00007ffae23f4000 	C:\WINDOWS\system32\profapi.dll
0x0000000066630000 - 0x000000006664a000 	C:\Program Files\Java\jdk1.8.0_72\jre\bin\net.dll
0x00007ffae1c80000 - 0x00007ffae1cdc000 	C:\WINDOWS\system32\mswsock.dll
0x0000000065270000 - 0x0000000065281000 	C:\Program Files\Java\jdk1.8.0_72\jre\bin\nio.dll
0x00007ffae0280000 - 0x00007ffae0292000 	C:\Users\yuandl\.gradle\native\19\windows-amd64\native-platform.dll
0x0000000180000000 - 0x0000000180037000 	C:\Users\yuandl\.gradle\native\jna\win32-amd64\jnidispatch.dll
0x00007ffae1d30000 - 0x00007ffae1d47000 	C:\WINDOWS\SYSTEM32\CRYPTSP.dll
0x00007ffae19c0000 - 0x00007ffae19f4000 	C:\WINDOWS\system32\rsaenh.dll
0x00007ffae2320000 - 0x00007ffae2349000 	C:\WINDOWS\SYSTEM32\bcrypt.dll
0x00007ffae1b10000 - 0x00007ffae1b2f000 	C:\WINDOWS\SYSTEM32\USERENV.dll
0x00007ffae1e50000 - 0x00007ffae1e5b000 	C:\WINDOWS\SYSTEM32\CRYPTBASE.dll
0x00007ffadf5c0000 - 0x00007ffadf5f8000 	C:\WINDOWS\SYSTEM32\IPHLPAPI.DLL
0x00007ffae4bd0000 - 0x00007ffae4bd8000 	C:\WINDOWS\system32\NSI.dll
0x00007ffadf1b0000 - 0x00007ffadf1c6000 	C:\WINDOWS\SYSTEM32\dhcpcsvc6.DLL
0x00007ffadf190000 - 0x00007ffadf1aa000 	C:\WINDOWS\SYSTEM32\dhcpcsvc.DLL
0x0000000065260000 - 0x000000006526d000 	C:\Program Files\Java\jdk1.8.0_72\jre\bin\management.dll

VM Arguments:
jvm_args: -Dorg.gradle.appname=gradlew 
java_command: org.gradle.wrapper.GradleWrapperMain install
java_class_path (initial): E:\kejiang\git\GitHub\AndroidFastDevFrame\\gradle\wrapper\gradle-wrapper.jar
Launcher Type: SUN_STANDARD

Environment Variables:
JAVA_HOME=C:\Program Files\Java\jdk1.8.0_72
CLASSPATH=E:\kejiang\git\GitHub\AndroidFastDevFrame\\gradle\wrapper\gradle-wrapper.jar
PATH=D:\oracle\product\10.2.0\client_1\bin;D:\oracle\product\10.2.0\db_1\bin;E:\kejiang\Android\sdk\platform-tools;C:\ProgramData\Oracle\Java\javapath;C:\Program Files (x86)\Common Files\NetSarang;C:\Windows\system32;C:\Windows;C:\Windows\System32\Wbem;C:\Windows\System32\WindowsPowerShell\v1.0\;C:\Program Files\Java\jdk1.7.0_60\bin;C:\Program Files\Java\jdk1.7.0_60\jre\bin;D:\Program Files\MySQL\MySQL Server 5.5\bin;E:\Framework\play\play-2.2.6;D:\Software\apache-maven-3.3.1\bin;C:\WINDOWS\system32;C:\WINDOWS;C:\WINDOWS\System32\Wbem;C:\WINDOWS\System32\WindowsPowerShell\v1.0\;C:\Program Files\TortoiseSVN\bin;C:\Program Files\Git\cmd;C:\Program Files\TortoiseGit\bin;C:\Program Files\MySQL\MySQL Utilities 1.6\
USERNAME=yuandl
OS=Windows_NT
PROCESSOR_IDENTIFIER=Intel64 Family 6 Model 60 Stepping 3, GenuineIntel



---------------  S Y S T E M  ---------------

OS: Windows 10.0 , 64 bit Build 10586 (10.0.10586.589)

CPU:total 4 (2 cores per cpu, 2 threads per core) family 6 model 60 stepping 3, cmov, cx8, fxsr, mmx, sse, sse2, sse3, ssse3, sse4.1, sse4.2, popcnt, avx, avx2, aes, clmul, erms, lzcnt, ht, tsc, tscinvbit, bmi1, bmi2

Memory: 4k page, physical 8305276k(1201912k free), swap 8305276k(4096k free)

vm_info: Java HotSpot(TM) 64-Bit Server VM (25.72-b15) for windows-amd64 JRE (1.8.0_72-b15), built on Dec 22 2015 19:16:16 by "java_re" with MS VC++ 10.0 (VS2010)

time: Thu Feb 23 17:39:50 2017
elapsed time: 38 seconds (0d 0h 0m 38s)

