#
# There is insufficient memory for the Java Runtime Environment to continue.
# Native memory allocation (malloc) failed to allocate 1178096 bytes for Chunk::new
# Possible reasons:
#   The system is out of physical RAM or swap space
#   In 32 bit mode, the process size limit was hit
# Possible solutions:
#   Reduce memory load on the system
#   Increase physical memory or swap space
#   Check if swap backing store is full
#   Use 64 bit Java on a 64 bit OS
#   Decrease Java heap size (-Xmx/-Xms)
#   Decrease number of Java threads
#   Decrease Java thread stack sizes (-Xss)
#   Set larger code cache with -XX:ReservedCodeCacheSize=
# This output file may be truncated or incomplete.
#
#  Out of Memory Error (allocation.cpp:390), pid=31188, tid=31332
#
# JRE version: Java(TM) SE Runtime Environment (8.0_72-b15) (build 1.8.0_72-b15)
# Java VM: Java HotSpot(TM) 64-Bit Server VM (25.72-b15 mixed mode windows-amd64 compressed oops)
# Failed to write core dump. Minidumps are not enabled by default on client versions of Windows
#

---------------  T H R E A D  ---------------

Current thread (0x00000000195a2800):  JavaThread "C2 CompilerThread1" daemon [_thread_in_native, id=31332, stack(0x0000000019aa0000,0x0000000019ba0000)]

Stack: [0x0000000019aa0000,0x0000000019ba0000]
[error occurred during error reporting (printing stack bounds), id 0xc0000005]

Native frames: (J=compiled Java code, j=interpreted, Vv=VM code, C=native code)


Current CompileTask:
C2:  46724 9156 % !   4       org.apache.xerces.impl.XMLDocumentFragmentScannerImpl$FragmentContentDispatcher::dispatch @ 0 (1126 bytes)


---------------  P R O C E S S  ---------------

Java Threads: ( => current thread )
  0x000000001ad9d000 JavaThread "Stdin handler" [_thread_blocked, id=26588, stack(0x0000000024310000,0x0000000024410000)]
  0x000000001ada0800 JavaThread "Asynchronous log dispatcher for org.gradle.launcher.daemon.server.DefaultDaemonConnection@1f5185ec" [_thread_blocked, id=26888, stack(0x0000000024210000,0x0000000024310000)]
  0x000000001ad9a800 JavaThread "Cancel handler" [_thread_blocked, id=27140, stack(0x0000000024110000,0x0000000024210000)]
  0x000000001ad9d800 JavaThread "Handler for socket connection from /127.0.0.1:56320 to /127.0.0.1:56369" [_thread_in_native, id=31212, stack(0x0000000024010000,0x0000000024110000)]
  0x000000001ada0000 JavaThread "pool-2-thread-1" [_thread_blocked, id=31720, stack(0x000000001dbc0000,0x000000001dcc0000)]
  0x000000001ad9b800 JavaThread "File lock request listener" [_thread_in_native, id=31672, stack(0x000000001dac0000,0x000000001dbc0000)]
  0x000000001ab6a000 JavaThread "Daemon worker" [_thread_in_Java, id=31640, stack(0x000000001c040000,0x000000001c140000)]
  0x000000001ab46800 JavaThread "Daemon" [_thread_blocked, id=31628, stack(0x000000001bb40000,0x000000001bc40000)]
  0x00000000197e2000 JavaThread "Incoming local TCP Connector on port 56320" [_thread_in_native, id=31624, stack(0x000000001b7e0000,0x000000001b8e0000)]
  0x000000001a30a800 JavaThread "pool-1-thread-1" [_thread_blocked, id=31620, stack(0x000000001a6c0000,0x000000001a7c0000)]
  0x0000000019603000 JavaThread "Service Thread" daemon [_thread_blocked, id=31340, stack(0x0000000019ca0000,0x0000000019da0000)]
  0x00000000195aa000 JavaThread "C1 CompilerThread2" daemon [_thread_blocked, id=31336, stack(0x0000000019ba0000,0x0000000019ca0000)]
=>0x00000000195a2800 JavaThread "C2 CompilerThread1" daemon [_thread_in_native, id=31332, stack(0x0000000019aa0000,0x0000000019ba0000)]
  0x00000000180ae800 JavaThread "C2 CompilerThread0" daemon [_thread_in_native, id=31328, stack(0x00000000199a0000,0x0000000019aa0000)]
  0x00000000180ab800 JavaThread "Attach Listener" daemon [_thread_blocked, id=31324, stack(0x00000000194a0000,0x00000000195a0000)]
  0x000000001805e800 JavaThread "Signal Dispatcher" daemon [_thread_blocked, id=31320, stack(0x00000000193a0000,0x00000000194a0000)]
  0x000000001803a800 JavaThread "Finalizer" daemon [_thread_blocked, id=31316, stack(0x00000000192a0000,0x00000000193a0000)]
  0x0000000003420000 JavaThread "Reference Handler" daemon [_thread_blocked, id=31312, stack(0x00000000191a0000,0x00000000192a0000)]
  0x0000000002ede000 JavaThread "main" [_thread_blocked, id=31288, stack(0x0000000002ee0000,0x0000000002fe0000)]

Other Threads:
  0x0000000018018000 VMThread [stack: 0x00000000190a0000,0x00000000191a0000] [id=31308]
  0x000000001964f800 WatcherThread [stack: 0x0000000019da0000,0x0000000019ea0000] [id=31344]

VM state:not at safepoint (normal execution)

VM Mutex/Monitor currently owned by a thread: None

Heap:
 PSYoungGen      total 243200K, used 44338K [0x00000000d5580000, 0x00000000e5a80000, 0x0000000100000000)
  eden space 220672K, 20% used [0x00000000d5580000,0x00000000d80cc948,0x00000000e2d00000)
  from space 22528K, 0% used [0x00000000e4380000,0x00000000e4380000,0x00000000e5980000)
  to   space 23040K, 0% used [0x00000000e2d00000,0x00000000e2d00000,0x00000000e4380000)
 ParOldGen       total 98304K, used 47047K [0x0000000080000000, 0x0000000086000000, 0x00000000d5580000)
  object space 98304K, 47% used [0x0000000080000000,0x0000000082df1dd8,0x0000000086000000)
 Metaspace       used 55753K, capacity 58282K, committed 58536K, reserved 1099776K
  class space    used 7729K, capacity 8245K, committed 8360K, reserved 1048576K

Card table byte_map: [0x00000000127f0000,0x0000000012c00000] byte_map_base: 0x00000000123f0000

Marking Bits: (ParMarkBitMap*) 0x0000000067e60600
 Begin Bits: [0x00000000132b0000, 0x00000000152b0000)
 End Bits:   [0x00000000152b0000, 0x00000000172b0000)

Polling page: 0x00000000016b0000

CodeCache: size=245760Kb used=27460Kb max_used=28228Kb free=218300Kb
 bounds [0x0000000003430000, 0x0000000004ff0000, 0x0000000012430000]
 total_blobs=8589 nmethods=7872 adapters=627
 compilation: enabled

Compilation events (10 events):
Event: 46.604 Thread 0x00000000195aa000 nmethod 9170 0x0000000003fbccd0 code [0x0000000003fbce40, 0x0000000003fbd090]
Event: 46.605 Thread 0x00000000195aa000 9171       3       org.gradle.api.internal.artifacts.ivyservice.ivyresolve.parser.PomDomParser::getAllChilds (68 bytes)
Event: 46.605 Thread 0x00000000195aa000 nmethod 9171 0x0000000003e32f50 code [0x0000000003e33140, 0x0000000003e33ad8]
Event: 46.607 Thread 0x00000000180ae800 9172       4       org.apache.xerces.util.SymbolTable::rehash (127 bytes)
Event: 46.613 Thread 0x00000000180ae800 nmethod 9172 0x000000000364e150 code [0x000000000364e2a0, 0x000000000364e698]
Event: 46.613 Thread 0x00000000180ae800 9173       4       org.apache.xerces.parsers.XML11Configuration::addRecognizedParamsAndSetDefaults (165 bytes)
Event: 46.615 Thread 0x00000000195aa000 9174       3       org.apache.xerces.impl.XMLDocumentFragmentScannerImpl::scanXMLDeclOrTextDecl (150 bytes)
Event: 46.616 Thread 0x00000000195aa000 nmethod 9174 0x00000000048021d0 code [0x00000000048023c0, 0x0000000004802c88]
Event: 46.635 Thread 0x00000000195aa000 9176       3       org.gradle.api.internal.artifacts.ivyservice.ivyresolve.parser.IvyXmlModuleDescriptorParser$AbstractParser::replaceConfigurationWildcards (29 bytes)
Event: 46.635 Thread 0x00000000195aa000 nmethod 9176 0x000000000360ae10 code [0x000000000360afe0, 0x000000000360b718]

GC Heap History (10 events):
Event: 35.330 GC heap before
{Heap before GC invocations=15 (full 2):
 PSYoungGen      total 142336K, used 135466K [0x00000000d5580000, 0x00000000df900000, 0x0000000100000000)
  eden space 129536K, 100% used [0x00000000d5580000,0x00000000dd400000,0x00000000dd400000)
  from space 12800K, 46% used [0x00000000de000000,0x00000000de5cab40,0x00000000dec80000)
  to   space 12288K, 0% used [0x00000000dd400000,0x00000000dd400000,0x00000000de000000)
 ParOldGen       total 98304K, used 25899K [0x0000000080000000, 0x0000000086000000, 0x00000000d5580000)
  object space 98304K, 26% used [0x0000000080000000,0x000000008194ad28,0x0000000086000000)
 Metaspace       used 49252K, capacity 50742K, committed 50984K, reserved 1093632K
  class space    used 6711K, capacity 7090K, committed 7208K, reserved 1048576K
Event: 35.342 GC heap after
Heap after GC invocations=15 (full 2):
 PSYoungGen      total 141824K, used 11818K [0x00000000d5580000, 0x00000000e1700000, 0x0000000100000000)
  eden space 129536K, 0% used [0x00000000d5580000,0x00000000d5580000,0x00000000dd400000)
  from space 12288K, 96% used [0x00000000dd400000,0x00000000ddf8a870,0x00000000de000000)
  to   space 13824K, 0% used [0x00000000e0980000,0x00000000e0980000,0x00000000e1700000)
 ParOldGen       total 98304K, used 27908K [0x0000000080000000, 0x0000000086000000, 0x00000000d5580000)
  object space 98304K, 28% used [0x0000000080000000,0x0000000081b41140,0x0000000086000000)
 Metaspace       used 49252K, capacity 50742K, committed 50984K, reserved 1093632K
  class space    used 6711K, capacity 7090K, committed 7208K, reserved 1048576K
}
Event: 40.280 GC heap before
{Heap before GC invocations=16 (full 2):
 PSYoungGen      total 141824K, used 141354K [0x00000000d5580000, 0x00000000e1700000, 0x0000000100000000)
  eden space 129536K, 100% used [0x00000000d5580000,0x00000000dd400000,0x00000000dd400000)
  from space 12288K, 96% used [0x00000000dd400000,0x00000000ddf8a870,0x00000000de000000)
  to   space 13824K, 0% used [0x00000000e0980000,0x00000000e0980000,0x00000000e1700000)
 ParOldGen       total 98304K, used 27908K [0x0000000080000000, 0x0000000086000000, 0x00000000d5580000)
  object space 98304K, 28% used [0x0000000080000000,0x0000000081b41140,0x0000000086000000)
 Metaspace       used 51731K, capacity 53512K, committed 53544K, reserved 1095680K
  class space    used 7026K, capacity 7444K, committed 7464K, reserved 1048576K
Event: 40.305 GC heap after
Heap after GC invocations=16 (full 2):
 PSYoungGen      total 181248K, used 12977K [0x00000000d5580000, 0x00000000e1680000, 0x0000000100000000)
  eden space 167936K, 0% used [0x00000000d5580000,0x00000000d5580000,0x00000000df980000)
  from space 13312K, 97% used [0x00000000e0980000,0x00000000e162c4c8,0x00000000e1680000)
  to   space 14848K, 0% used [0x00000000df980000,0x00000000df980000,0x00000000e0800000)
 ParOldGen       total 98304K, used 35983K [0x0000000080000000, 0x0000000086000000, 0x00000000d5580000)
  object space 98304K, 36% used [0x0000000080000000,0x0000000082323f60,0x0000000086000000)
 Metaspace       used 51731K, capacity 53512K, committed 53544K, reserved 1095680K
  class space    used 7026K, capacity 7444K, committed 7464K, reserved 1048576K
}
Event: 42.514 GC heap before
{Heap before GC invocations=17 (full 2):
 PSYoungGen      total 181248K, used 180913K [0x00000000d5580000, 0x00000000e1680000, 0x0000000100000000)
  eden space 167936K, 100% used [0x00000000d5580000,0x00000000df980000,0x00000000df980000)
  from space 13312K, 97% used [0x00000000e0980000,0x00000000e162c4c8,0x00000000e1680000)
  to   space 14848K, 0% used [0x00000000df980000,0x00000000df980000,0x00000000e0800000)
 ParOldGen       total 98304K, used 35983K [0x0000000080000000, 0x0000000086000000, 0x00000000d5580000)
  object space 98304K, 36% used [0x0000000080000000,0x0000000082323f60,0x0000000086000000)
 Metaspace       used 55029K, capacity 57244K, committed 57384K, reserved 1097728K
  class space    used 7638K, capacity 8132K, committed 8232K, reserved 1048576K
Event: 42.542 GC heap after
Heap after GC invocations=17 (full 2):
 PSYoungGen      total 182784K, used 14848K [0x00000000d5580000, 0x00000000e5980000, 0x0000000100000000)
  eden space 167936K, 0% used [0x00000000d5580000,0x00000000d5580000,0x00000000df980000)
  from space 14848K, 100% used [0x00000000df980000,0x00000000e0800000,0x00000000e0800000)
  to   space 22528K, 0% used [0x00000000e4380000,0x00000000e4380000,0x00000000e5980000)
 ParOldGen       total 98304K, used 51998K [0x0000000080000000, 0x0000000086000000, 0x00000000d5580000)
  object space 98304K, 52% used [0x0000000080000000,0x00000000832c7b30,0x0000000086000000)
 Metaspace       used 55029K, capacity 57244K, committed 57384K, reserved 1097728K
  class space    used 7638K, capacity 8132K, committed 8232K, reserved 1048576K
}
Event: 42.724 GC heap before
{Heap before GC invocations=18 (full 2):
 PSYoungGen      total 182784K, used 26178K [0x00000000d5580000, 0x00000000e5980000, 0x0000000100000000)
  eden space 167936K, 6% used [0x00000000d5580000,0x00000000d6090800,0x00000000df980000)
  from space 14848K, 100% used [0x00000000df980000,0x00000000e0800000,0x00000000e0800000)
  to   space 22528K, 0% used [0x00000000e4380000,0x00000000e4380000,0x00000000e5980000)
 ParOldGen       total 98304K, used 51998K [0x0000000080000000, 0x0000000086000000, 0x00000000d5580000)
  object space 98304K, 52% used [0x0000000080000000,0x00000000832c7b30,0x0000000086000000)
 Metaspace       used 55517K, capacity 58016K, committed 58152K, reserved 1099776K
  class space    used 7702K, capacity 8218K, committed 8232K, reserved 1048576K
Event: 42.743 GC heap after
Heap after GC invocations=18 (full 2):
 PSYoungGen      total 243200K, used 1229K [0x00000000d5580000, 0x00000000e5a80000, 0x0000000100000000)
  eden space 220672K, 0% used [0x00000000d5580000,0x00000000d5580000,0x00000000e2d00000)
  from space 22528K, 5% used [0x00000000e4380000,0x00000000e44b3518,0x00000000e5980000)
  to   space 23040K, 0% used [0x00000000e2d00000,0x00000000e2d00000,0x00000000e4380000)
 ParOldGen       total 98304K, used 66410K [0x0000000080000000, 0x0000000086000000, 0x00000000d5580000)
  object space 98304K, 67% used [0x0000000080000000,0x00000000840da818,0x0000000086000000)
 Metaspace       used 55517K, capacity 58016K, committed 58152K, reserved 1099776K
  class space    used 7702K, capacity 8218K, committed 8232K, reserved 1048576K
}
Event: 42.743 GC heap before
{Heap before GC invocations=19 (full 3):
 PSYoungGen      total 243200K, used 1229K [0x00000000d5580000, 0x00000000e5a80000, 0x0000000100000000)
  eden space 220672K, 0% used [0x00000000d5580000,0x00000000d5580000,0x00000000e2d00000)
  from space 22528K, 5% used [0x00000000e4380000,0x00000000e44b3518,0x00000000e5980000)
  to   space 23040K, 0% used [0x00000000e2d00000,0x00000000e2d00000,0x00000000e4380000)
 ParOldGen       total 98304K, used 66410K [0x0000000080000000, 0x0000000086000000, 0x00000000d5580000)
  object space 98304K, 67% used [0x0000000080000000,0x00000000840da818,0x0000000086000000)
 Metaspace       used 55517K, capacity 58016K, committed 58152K, reserved 1099776K
  class space    used 7702K, capacity 8218K, committed 8232K, reserved 1048576K
Event: 43.032 GC heap after
Heap after GC invocations=19 (full 3):
 PSYoungGen      total 243200K, used 0K [0x00000000d5580000, 0x00000000e5a80000, 0x0000000100000000)
  eden space 220672K, 0% used [0x00000000d5580000,0x00000000d5580000,0x00000000e2d00000)
  from space 22528K, 0% used [0x00000000e4380000,0x00000000e4380000,0x00000000e5980000)
  to   space 23040K, 0% used [0x00000000e2d00000,0x00000000e2d00000,0x00000000e4380000)
 ParOldGen       total 98304K, used 47047K [0x0000000080000000, 0x0000000086000000, 0x00000000d5580000)
  object space 98304K, 47% used [0x0000000080000000,0x0000000082df1dd8,0x0000000086000000)
 Metaspace       used 55517K, capacity 58016K, committed 58152K, reserved 1099776K
  class space    used 7702K, capacity 8218K, committed 8232K, reserved 1048576K
}

Deoptimization events (10 events):
Event: 43.073 Thread 0x000000001ab46800 Uncommon trap: reason=unstable_if action=reinterpret pc=0x0000000003f4eb0c method=java.util.HashMap$HashIterator.<init>(Ljava/util/HashMap;)V @ 45
Event: 46.133 Thread 0x00000000197e2000 Uncommon trap: reason=class_check action=maybe_recompile pc=0x0000000004724918 method=sun.nio.ch.IOUtil.readIntoNativeBuffer(Ljava/io/FileDescriptor;Ljava/nio/ByteBuffer;JLsun/nio/ch/NativeDispatcher;)I @ 114
Event: 46.137 Thread 0x000000001ad9d800 Uncommon trap: reason=class_check action=maybe_recompile pc=0x00000000047248c8 method=sun.nio.ch.IOUtil.read(Ljava/io/FileDescriptor;Ljava/nio/ByteBuffer;JLsun/nio/ch/NativeDispatcher;)I @ 1
Event: 46.137 Thread 0x000000001ad9d800 Uncommon trap: reason=class_check action=maybe_recompile pc=0x000000000490e954 method=java.lang.reflect.Array.newInstance(Ljava/lang/Class;I)Ljava/lang/Object; @ 2
Event: 46.139 Thread 0x000000001ad9d800 Uncommon trap: reason=array_check action=maybe_recompile pc=0x0000000004b51050 method=java.util.TimSort.binarySort([Ljava/lang/Object;IIILjava/util/Comparator;)V @ 193
Event: 46.153 Thread 0x000000001ad9d800 Uncommon trap: reason=class_check action=maybe_recompile pc=0x00000000047248c8 method=sun.nio.ch.IOUtil.read(Ljava/io/FileDescriptor;Ljava/nio/ByteBuffer;JLsun/nio/ch/NativeDispatcher;)I @ 1
Event: 46.175 Thread 0x000000001ab46800 Uncommon trap: reason=class_check action=maybe_recompile pc=0x000000000490e954 method=java.lang.reflect.Array.newInstance(Ljava/lang/Class;I)Ljava/lang/Object; @ 2
Event: 46.175 Thread 0x000000001ab46800 Uncommon trap: reason=class_check action=maybe_recompile pc=0x000000000490e954 method=java.lang.reflect.Array.newInstance(Ljava/lang/Class;I)Ljava/lang/Object; @ 2
Event: 46.175 Thread 0x000000001ab46800 Uncommon trap: reason=class_check action=maybe_recompile pc=0x000000000490e954 method=java.lang.reflect.Array.newInstance(Ljava/lang/Class;I)Ljava/lang/Object; @ 2
Event: 46.370 Thread 0x000000001ab6a000 Uncommon trap: reason=unstable_if action=reinterpret pc=0x0000000003ba6b18 method=java.lang.Integer.compare(II)I @ 2

Internal exceptions (10 events):
Event: 43.053 Thread 0x000000001ab46800 Exception <a 'java/lang/NoSuchMethodError': <clinit>> (0x00000000d5959630) thrown at [C:\re\workspace\8-2-build-windows-amd64-cygwin\jdk8u72\5732\hotspot\src\share\vm\prims\jni.cpp, line 1591]
Event: 43.053 Thread 0x000000001ab46800 Exception <a 'java/lang/NoSuchMethodError': <clinit>> (0x00000000d59631a8) thrown at [C:\re\workspace\8-2-build-windows-amd64-cygwin\jdk8u72\5732\hotspot\src\share\vm\prims\jni.cpp, line 1591]
Event: 43.056 Thread 0x000000001ab46800 Exception <a 'java/lang/NoSuchMethodError': <clinit>> (0x00000000d5971970) thrown at [C:\re\workspace\8-2-build-windows-amd64-cygwin\jdk8u72\5732\hotspot\src\share\vm\prims\jni.cpp, line 1591]
Event: 43.058 Thread 0x000000001ab46800 Exception <a 'java/lang/NoSuchMethodError': <clinit>> (0x00000000d5990b10) thrown at [C:\re\workspace\8-2-build-windows-amd64-cygwin\jdk8u72\5732\hotspot\src\share\vm\prims\jni.cpp, line 1591]
Event: 43.059 Thread 0x000000001ab46800 Exception <a 'java/lang/NoSuchMethodError': <clinit>> (0x00000000d599cb20) thrown at [C:\re\workspace\8-2-build-windows-amd64-cygwin\jdk8u72\5732\hotspot\src\share\vm\prims\jni.cpp, line 1591]
Event: 43.071 Thread 0x000000001a69c800 Exception <a 'java/lang/NoSuchMethodError': <clinit>> (0x00000000d5b23570) thrown at [C:\re\workspace\8-2-build-windows-amd64-cygwin\jdk8u72\5732\hotspot\src\share\vm\prims\jni.cpp, line 1591]
Event: 46.139 Thread 0x000000001ad9d800 Exception <a 'java/lang/NoSuchMethodError': <clinit>> (0x00000000d5d92e38) thrown at [C:\re\workspace\8-2-build-windows-amd64-cygwin\jdk8u72\5732\hotspot\src\share\vm\prims\jni.cpp, line 1591]
Event: 46.152 Thread 0x000000001ad9d800 Exception <a 'java/lang/NoSuchMethodError': <clinit>> (0x00000000d5db33b8) thrown at [C:\re\workspace\8-2-build-windows-amd64-cygwin\jdk8u72\5732\hotspot\src\share\vm\prims\jni.cpp, line 1591]
Event: 46.345 Thread 0x000000001ab6a000 Exception <a 'java/lang/ClassNotFoundException': asLocalRepo446_9wpegjk84gwvenniuolt6jxzzBeanInfo> (0x00000000d6070620) thrown at [C:\re\workspace\8-2-build-windows-amd64-cygwin\jdk8u72\5732\hotspot\src\share\vm\classfile\systemDictionary.cpp, line 210]
Event: 46.345 Thread 0x000000001ab6a000 Exception <a 'java/lang/ClassNotFoundException': asLocalRepo446_9wpegjk84gwvenniuolt6jxzzCustomizer> (0x00000000d607a1b8) thrown at [C:\re\workspace\8-2-build-windows-amd64-cygwin\jdk8u72\5732\hotspot\src\share\vm\classfile\systemDictionary.cpp, line 210]

Events (10 events):
Event: 46.420 Thread 0x00000000195aa000 flushing nmethod 0x0000000004bcf2d0
Event: 46.420 Thread 0x00000000195aa000 flushing nmethod 0x0000000004c17990
Event: 46.421 Thread 0x00000000195aa000 flushing nmethod 0x0000000004c609d0
Event: 46.421 Thread 0x00000000195aa000 flushing nmethod 0x0000000004cb0210
Event: 46.421 Thread 0x00000000195aa000 flushing nmethod 0x0000000004cbced0
Event: 46.422 Thread 0x00000000195aa000 flushing nmethod 0x0000000004d61c90
Event: 46.541 Thread 0x000000001ab6a000 DEOPT PACKING pc=0x0000000003e07f7b sp=0x000000001c139c00
Event: 46.541 Thread 0x000000001ab6a000 DEOPT UNPACKING pc=0x000000000347787f sp=0x000000001c139a98 mode 0
Event: 46.610 Thread 0x000000001ab6a000 DEOPT PACKING pc=0x0000000003f8db5c sp=0x000000001c139ea0
Event: 46.610 Thread 0x000000001ab6a000 DEOPT UNPACKING pc=0x000000000347787f sp=0x000000001c139bb0 mode 0


Dynamic libraries:
0x00007ff6ddf80000 - 0x00007ff6ddfb7000 	C:\Program Files\Java\jdk1.8.0_72\bin\java.exe
0x00007ffae3480000 - 0x00007ffae3641000 	C:\WINDOWS\SYSTEM32\ntdll.dll
0x00007ffae0fb0000 - 0x00007ffae105d000 	C:\WINDOWS\system32\KERNEL32.DLL
0x00007ffadfba0000 - 0x00007ffadfd88000 	C:\WINDOWS\system32\KERNELBASE.dll
0x00007ffae1060000 - 0x00007ffae1107000 	C:\WINDOWS\system32\ADVAPI32.dll
0x00007ffae3170000 - 0x00007ffae320d000 	C:\WINDOWS\system32\msvcrt.dll
0x00007ffae30b0000 - 0x00007ffae310b000 	C:\WINDOWS\system32\sechost.dll
0x00007ffae3360000 - 0x00007ffae347c000 	C:\WINDOWS\system32\RPCRT4.dll
0x00007ffae1150000 - 0x00007ffae12a6000 	C:\WINDOWS\system32\USER32.dll
0x00007ffae12b0000 - 0x00007ffae1436000 	C:\WINDOWS\system32\GDI32.dll
0x00007ffad8f60000 - 0x00007ffad91d4000 	C:\WINDOWS\WinSxS\amd64_microsoft.windows.common-controls_6595b64144ccf1df_6.0.10586.672_none_a2d6b3cea53ff843\COMCTL32.dll
0x00007ffae0880000 - 0x00007ffae0afd000 	C:\WINDOWS\system32\combase.dll
0x00007ffadfb30000 - 0x00007ffadfb9a000 	C:\WINDOWS\system32\bcryptPrimitives.dll
0x00007ffae1110000 - 0x00007ffae114b000 	C:\WINDOWS\system32\IMM32.DLL
0x0000000068b50000 - 0x0000000068c22000 	C:\Program Files\Java\jdk1.8.0_72\jre\bin\msvcr100.dll
0x0000000067650000 - 0x0000000067ee0000 	C:\Program Files\Java\jdk1.8.0_72\jre\bin\server\jvm.dll
0x00007ffae0b00000 - 0x00007ffae0b08000 	C:\WINDOWS\system32\PSAPI.DLL
0x00007ffade170000 - 0x00007ffade193000 	C:\WINDOWS\SYSTEM32\WINMM.dll
0x00007ffaddb00000 - 0x00007ffaddb09000 	C:\WINDOWS\SYSTEM32\WSOCK32.dll
0x00007ffad3b50000 - 0x00007ffad3b5a000 	C:\WINDOWS\SYSTEM32\VERSION.dll
0x00007ffae0c00000 - 0x00007ffae0c6b000 	C:\WINDOWS\system32\WS2_32.dll
0x00007ffade110000 - 0x00007ffade13c000 	C:\WINDOWS\SYSTEM32\WINMMBASE.dll
0x00007ffadfe50000 - 0x00007ffadfe93000 	C:\WINDOWS\system32\cfgmgr32.dll
0x0000000068ea0000 - 0x0000000068eaf000 	C:\Program Files\Java\jdk1.8.0_72\jre\bin\verify.dll
0x0000000068e70000 - 0x0000000068e99000 	C:\Program Files\Java\jdk1.8.0_72\jre\bin\java.dll
0x0000000068e50000 - 0x0000000068e66000 	C:\Program Files\Java\jdk1.8.0_72\jre\bin\zip.dll
0x00007ffae1880000 - 0x00007ffae2ddc000 	C:\WINDOWS\system32\SHELL32.dll
0x00007ffadfea0000 - 0x00007ffae04e5000 	C:\WINDOWS\system32\windows.storage.dll
0x00007ffae3110000 - 0x00007ffae3162000 	C:\WINDOWS\system32\shlwapi.dll
0x00007ffadfb10000 - 0x00007ffadfb1f000 	C:\WINDOWS\system32\kernel.appcore.dll
0x00007ffadfd90000 - 0x00007ffadfe45000 	C:\WINDOWS\system32\shcore.dll
0x00007ffadfaa0000 - 0x00007ffadfaeb000 	C:\WINDOWS\system32\powrprof.dll
0x00007ffadfaf0000 - 0x00007ffadfb04000 	C:\WINDOWS\system32\profapi.dll
0x0000000068e30000 - 0x0000000068e4a000 	C:\Program Files\Java\jdk1.8.0_72\jre\bin\net.dll
0x00007ffadf340000 - 0x00007ffadf39c000 	C:\WINDOWS\system32\mswsock.dll
0x0000000068e10000 - 0x0000000068e21000 	C:\Program Files\Java\jdk1.8.0_72\jre\bin\nio.dll
0x00007ffad4050000 - 0x00007ffad4062000 	C:\Users\yuandl\.gradle\native\19\windows-amd64\native-platform.dll
0x00007ffadf3f0000 - 0x00007ffadf407000 	C:\WINDOWS\SYSTEM32\CRYPTSP.dll
0x00007ffadf080000 - 0x00007ffadf0b4000 	C:\WINDOWS\system32\rsaenh.dll
0x00007ffadf9e0000 - 0x00007ffadfa09000 	C:\WINDOWS\SYSTEM32\bcrypt.dll
0x00007ffadf1d0000 - 0x00007ffadf1ef000 	C:\WINDOWS\SYSTEM32\USERENV.dll
0x00007ffadf510000 - 0x00007ffadf51b000 	C:\WINDOWS\SYSTEM32\CRYPTBASE.dll
0x00007ffadcef0000 - 0x00007ffadcf28000 	C:\WINDOWS\SYSTEM32\IPHLPAPI.DLL
0x00007ffae1870000 - 0x00007ffae1878000 	C:\WINDOWS\system32\NSI.dll
0x00007ffadcb20000 - 0x00007ffadcb36000 	C:\WINDOWS\SYSTEM32\dhcpcsvc6.DLL
0x00007ffadcb00000 - 0x00007ffadcb1a000 	C:\WINDOWS\SYSTEM32\dhcpcsvc.DLL
0x0000000068e00000 - 0x0000000068e0d000 	C:\Program Files\Java\jdk1.8.0_72\jre\bin\management.dll

VM Arguments:
jvm_args: -XX:MaxPermSize=512m -Xmx2048m -Dfile.encoding=GBK -Duser.country=CN -Duser.language=zh -Duser.variant 
java_command: org.gradle.launcher.daemon.bootstrap.GradleDaemon 2.14.1
java_class_path (initial): C:\Users\yuandl\.gradle\wrapper\dists\gradle-2.14.1-all\8bnwg5hd3w55iofp58khbp6yv\gradle-2.14.1\lib\gradle-launcher-2.14.1.jar
Launcher Type: SUN_STANDARD

Environment Variables:
JAVA_HOME=C:\Program Files\Java\jdk1.8.0_72
CLASSPATH=.;C:\Program Files\Java\jdk1.8.0_72\lib\dt.jar;C:\Program Files\Java\jdk1.8.0_72\lib\tools.jar;
PATH=D:\oracle\product\10.2.0\client_1\bin;D:\oracle\product\10.2.0\db_1\bin;E:\kejiang\Android\sdk\platform-tools;C:\ProgramData\Oracle\Java\javapath;C:\Program Files (x86)\Common Files\NetSarang;C:\Windows\system32;C:\Windows;C:\Windows\System32\Wbem;C:\Windows\System32\WindowsPowerShell\v1.0\;C:\Program Files\Java\jdk1.7.0_60\bin;C:\Program Files\Java\jdk1.7.0_60\jre\bin;D:\Program Files\MySQL\MySQL Server 5.5\bin;E:\Framework\play\play-2.2.6;D:\Software\apache-maven-3.3.1\bin;C:\WINDOWS\system32;C:\WINDOWS;C:\WINDOWS\System32\Wbem;C:\WINDOWS\System32\WindowsPowerShell\v1.0\;C:\Program Files\TortoiseSVN\bin;C:\Program Files\Git\cmd;C:\Program Files\TortoiseGit\bin;C:\Program Files\MySQL\MySQL Utilities 1.6\
USERNAME=yuandl
OS=Windows_NT
PROCESSOR_IDENTIFIER=Intel64 Family 6 Model 60 Stepping 3, GenuineIntel



---------------  S Y S T E M  ---------------

OS: Windows 10.0 , 64 bit Build 10586 (10.0.10586.589)

CPU:total 4 (2 cores per cpu, 2 threads per core) family 6 model 60 stepping 3, cmov, cx8, fxsr, mmx, sse, sse2, sse3, ssse3, sse4.1, sse4.2, popcnt, avx, avx2, aes, clmul, erms, lzcnt, ht, tsc, tscinvbit, bmi1, bmi2

Memory: 4k page, physical 8305276k(722396k free), swap 8305276k(5940k free)

vm_info: Java HotSpot(TM) 64-Bit Server VM (25.72-b15) for windows-amd64 JRE (1.8.0_72-b15), built on Dec 22 2015 19:16:16 by "java_re" with MS VC++ 10.0 (VS2010)

time: Mon Mar 27 15:24:30 2017
elapsed time: 46 seconds (0d 0h 0m 46s)

