#
# There is insufficient memory for the Java Runtime Environment to continue.
# Native memory allocation (malloc) failed to allocate 472336 bytes for Chunk::new
# Possible reasons:
#   The system is out of physical RAM or swap space
#   In 32 bit mode, the process size limit was hit
# Possible solutions:
#   Reduce memory load on the system
#   Increase physical memory or swap space
#   Check if swap backing store is full
#   Use 64 bit Java on a 64 bit OS
#   Decrease Java heap size (-Xmx/-Xms)
#   Decrease number of Java threads
#   Decrease Java thread stack sizes (-Xss)
#   Set larger code cache with -XX:ReservedCodeCacheSize=
# This output file may be truncated or incomplete.
#
#  Out of Memory Error (allocation.cpp:390), pid=195012, tid=197652
#
# JRE version: Java(TM) SE Runtime Environment (8.0_72-b15) (build 1.8.0_72-b15)
# Java VM: Java HotSpot(TM) 64-Bit Server VM (25.72-b15 mixed mode windows-amd64 compressed oops)
# Failed to write core dump. Minidumps are not enabled by default on client versions of Windows
#

---------------  T H R E A D  ---------------

Current thread (0x0000000018c67800):  JavaThread "C2 CompilerThread1" daemon [_thread_in_native, id=197652, stack(0x0000000019010000,0x0000000019110000)]

Stack: [0x0000000019010000,0x0000000019110000]
[error occurred during error reporting (printing stack bounds), id 0xc0000005]

Native frames: (J=compiled Java code, j=interpreted, Vv=VM code, C=native code)


Current CompileTask:
C2:   3482 1239   !   4       java.lang.ClassLoader::loadClass (122 bytes)


---------------  P R O C E S S  ---------------

Java Threads: ( => current thread )
  0x000000001a21c800 JavaThread "Stdin handler" [_thread_blocked, id=197920, stack(0x000000001b7a0000,0x000000001b8a0000)]
  0x000000001a207000 JavaThread "Asynchronous log dispatcher for org.gradle.launcher.daemon.server.DefaultDaemonConnection@f1ceab5" [_thread_blocked, id=197924, stack(0x000000001b6a0000,0x000000001b7a0000)]
  0x000000001a199800 JavaThread "Daemon worker" [_thread_in_native, id=197888, stack(0x000000001b3a0000,0x000000001b4a0000)]
  0x000000001a1a0800 JavaThread "Cancel handler" [_thread_blocked, id=197824, stack(0x000000001b2a0000,0x000000001b3a0000)]
  0x000000001a187000 JavaThread "Handler for socket connection from /127.0.0.1:57951 to /127.0.0.1:57952" [_thread_in_native, id=197808, stack(0x000000001b1a0000,0x000000001b2a0000)]
  0x000000001a186800 JavaThread "Daemon" [_thread_blocked, id=197756, stack(0x000000001b0a0000,0x000000001b1a0000)]
  0x000000001a0a0800 JavaThread "Incoming local TCP Connector on port 57951" [_thread_in_native, id=198508, stack(0x000000001ada0000,0x000000001aea0000)]
  0x000000001a168800 JavaThread "pool-1-thread-1" [_thread_blocked, id=198288, stack(0x000000001aca0000,0x000000001ada0000)]
  0x0000000018c75000 JavaThread "Service Thread" daemon [_thread_blocked, id=197660, stack(0x0000000019210000,0x0000000019310000)]
  0x0000000018c6e800 JavaThread "C1 CompilerThread2" daemon [_thread_blocked, id=197656, stack(0x0000000019110000,0x0000000019210000)]
=>0x0000000018c67800 JavaThread "C2 CompilerThread1" daemon [_thread_in_native, id=197652, stack(0x0000000019010000,0x0000000019110000)]
  0x00000000175fd000 JavaThread "C2 CompilerThread0" daemon [_thread_blocked, id=197648, stack(0x0000000018b10000,0x0000000018c10000)]
  0x00000000175fb000 JavaThread "Attach Listener" daemon [_thread_blocked, id=197644, stack(0x0000000018a10000,0x0000000018b10000)]
  0x00000000175fa000 JavaThread "Signal Dispatcher" daemon [_thread_blocked, id=197640, stack(0x0000000018910000,0x0000000018a10000)]
  0x000000001758a800 JavaThread "Finalizer" daemon [_thread_blocked, id=197636, stack(0x0000000018810000,0x0000000018910000)]
  0x0000000002970000 JavaThread "Reference Handler" daemon [_thread_blocked, id=195048, stack(0x0000000018710000,0x0000000018810000)]
  0x0000000002882800 JavaThread "main" [_thread_blocked, id=195444, stack(0x0000000002780000,0x0000000002880000)]

Other Threads:
  0x0000000017568000 VMThread [stack: 0x0000000018610000,0x0000000018710000] [id=197132]
  0x0000000018cf8800 WatcherThread [stack: 0x0000000019310000,0x0000000019410000] [id=197664]

VM state:not at safepoint (normal execution)

VM Mutex/Monitor currently owned by a thread: None

Heap:
 PSYoungGen      total 71680K, used 9442K [0x00000000d5580000, 0x00000000da080000, 0x0000000100000000)
  eden space 66560K, 6% used [0x00000000d5580000,0x00000000d59bce00,0x00000000d9680000)
  from space 5120K, 99% used [0x00000000d9b80000,0x00000000da07bc28,0x00000000da080000)
  to   space 5120K, 0% used [0x00000000d9680000,0x00000000d9680000,0x00000000d9b80000)
 ParOldGen       total 87552K, used 1127K [0x0000000080000000, 0x0000000085580000, 0x00000000d5580000)
  object space 87552K, 1% used [0x0000000080000000,0x0000000080119ea0,0x0000000085580000)
 Metaspace       used 13057K, capacity 13404K, committed 13440K, reserved 1060864K
  class space    used 1774K, capacity 1884K, committed 1920K, reserved 1048576K

Card table byte_map: [0x0000000011d40000,0x0000000012150000] byte_map_base: 0x0000000011940000

Marking Bits: (ParMarkBitMap*) 0x000000006fc00600
 Begin Bits: [0x0000000012800000, 0x0000000014800000)
 End Bits:   [0x0000000014800000, 0x0000000016800000)

Polling page: 0x0000000000a20000

CodeCache: size=245760Kb used=4394Kb max_used=4405Kb free=241365Kb
 bounds [0x0000000002980000, 0x0000000002dd0000, 0x0000000011980000]
 total_blobs=1600 nmethods=1239 adapters=274
 compilation: enabled

Compilation events (10 events):
Event: 3.369 Thread 0x0000000018c6e800 nmethod 1234 0x0000000002dc9a10 code [0x0000000002dc9b80, 0x0000000002dc9ea8]
Event: 3.369 Thread 0x0000000018c6e800 1235       3       org.objectweb.asm.Item::a (354 bytes)
Event: 3.370 Thread 0x0000000018c6e800 nmethod 1235 0x0000000002dc9f90 code [0x0000000002dca1c0, 0x0000000002dcae88]
Event: 3.370 Thread 0x0000000018c6e800 1236       3       org.objectweb.asm.ByteVector::putShort (52 bytes)
Event: 3.370 Thread 0x0000000018c6e800 nmethod 1236 0x0000000002dcb250 code [0x0000000002dcb3c0, 0x0000000002dcb608]
Event: 3.370 Thread 0x0000000018c6e800 1237       3       org.objectweb.asm.ClassWriter::newUTF8 (70 bytes)
Event: 3.370 Thread 0x0000000018c6e800 nmethod 1237 0x0000000002dcb790 code [0x0000000002dcb960, 0x0000000002dcbdb8]
Event: 3.379 Thread 0x0000000018c6e800 1238       3       java.net.URI::match (56 bytes)
Event: 3.380 Thread 0x0000000018c6e800 nmethod 1238 0x0000000002dcbfd0 code [0x0000000002dcc140, 0x0000000002dcc450]
Event: 3.423 Thread 0x0000000018c67800 1239   !   4       java.lang.ClassLoader::loadClass (122 bytes)

GC Heap History (4 events):
Event: 0.777 GC heap before
{Heap before GC invocations=1 (full 0):
 PSYoungGen      total 38400K, used 33280K [0x00000000d5580000, 0x00000000d8000000, 0x0000000100000000)
  eden space 33280K, 100% used [0x00000000d5580000,0x00000000d7600000,0x00000000d7600000)
  from space 5120K, 0% used [0x00000000d7b00000,0x00000000d7b00000,0x00000000d8000000)
  to   space 5120K, 0% used [0x00000000d7600000,0x00000000d7600000,0x00000000d7b00000)
 ParOldGen       total 87552K, used 0K [0x0000000080000000, 0x0000000085580000, 0x00000000d5580000)
  object space 87552K, 0% used [0x0000000080000000,0x0000000080000000,0x0000000085580000)
 Metaspace       used 6239K, capacity 6438K, committed 6528K, reserved 1056768K
  class space    used 801K, capacity 866K, committed 896K, reserved 1048576K
Event: 0.799 GC heap after
Heap after GC invocations=1 (full 0):
 PSYoungGen      total 38400K, used 4389K [0x00000000d5580000, 0x00000000da080000, 0x0000000100000000)
  eden space 33280K, 0% used [0x00000000d5580000,0x00000000d5580000,0x00000000d7600000)
  from space 5120K, 85% used [0x00000000d7600000,0x00000000d7a49728,0x00000000d7b00000)
  to   space 5120K, 0% used [0x00000000d9b80000,0x00000000d9b80000,0x00000000da080000)
 ParOldGen       total 87552K, used 8K [0x0000000080000000, 0x0000000085580000, 0x00000000d5580000)
  object space 87552K, 0% used [0x0000000080000000,0x0000000080002000,0x0000000085580000)
 Metaspace       used 6239K, capacity 6438K, committed 6528K, reserved 1056768K
  class space    used 801K, capacity 866K, committed 896K, reserved 1048576K
}
Event: 3.265 GC heap before
{Heap before GC invocations=2 (full 0):
 PSYoungGen      total 38400K, used 37669K [0x00000000d5580000, 0x00000000da080000, 0x0000000100000000)
  eden space 33280K, 100% used [0x00000000d5580000,0x00000000d7600000,0x00000000d7600000)
  from space 5120K, 85% used [0x00000000d7600000,0x00000000d7a49728,0x00000000d7b00000)
  to   space 5120K, 0% used [0x00000000d9b80000,0x00000000d9b80000,0x00000000da080000)
 ParOldGen       total 87552K, used 8K [0x0000000080000000, 0x0000000085580000, 0x00000000d5580000)
  object space 87552K, 0% used [0x0000000080000000,0x0000000080002000,0x0000000085580000)
 Metaspace       used 12524K, capacity 12892K, committed 13184K, reserved 1060864K
  class space    used 1700K, capacity 1820K, committed 1920K, reserved 1048576K
Event: 3.276 GC heap after
Heap after GC invocations=2 (full 0):
 PSYoungGen      total 71680K, used 5103K [0x00000000d5580000, 0x00000000da080000, 0x0000000100000000)
  eden space 66560K, 0% used [0x00000000d5580000,0x00000000d5580000,0x00000000d9680000)
  from space 5120K, 99% used [0x00000000d9b80000,0x00000000da07bc28,0x00000000da080000)
  to   space 5120K, 0% used [0x00000000d9680000,0x00000000d9680000,0x00000000d9b80000)
 ParOldGen       total 87552K, used 1127K [0x0000000080000000, 0x0000000085580000, 0x00000000d5580000)
  object space 87552K, 1% used [0x0000000080000000,0x0000000080119ea0,0x0000000085580000)
 Metaspace       used 12524K, capacity 12892K, committed 13184K, reserved 1060864K
  class space    used 1700K, capacity 1820K, committed 1920K, reserved 1048576K
}

Deoptimization events (10 events):
Event: 0.930 Thread 0x0000000002882800 Uncommon trap: reason=bimorphic action=maybe_recompile pc=0x0000000002bd59b0 method=java.util.HashMap.putVal(ILjava/lang/Object;Ljava/lang/Object;ZZ)Ljava/lang/Object; @ 203
Event: 1.011 Thread 0x0000000002882800 Uncommon trap: reason=unstable_if action=reinterpret pc=0x0000000002c31bf0 method=java.io.WinNTFileSystem.normalize(Ljava/lang/String;)Ljava/lang/String; @ 128
Event: 1.011 Thread 0x0000000002882800 Uncommon trap: reason=unstable_if action=reinterpret pc=0x0000000002c3b644 method=java.io.WinNTFileSystem.normalize(Ljava/lang/String;II)Ljava/lang/String; @ 90
Event: 1.021 Thread 0x0000000002882800 Uncommon trap: reason=unstable_if action=reinterpret pc=0x0000000002c642fc method=java.lang.String.substring(I)Ljava/lang/String; @ 35
Event: 2.483 Thread 0x000000001a0a0800 Uncommon trap: reason=bimorphic action=maybe_recompile pc=0x0000000002bd5974 method=java.util.HashMap.putVal(ILjava/lang/Object;Ljava/lang/Object;ZZ)Ljava/lang/Object; @ 91
Event: 2.485 Thread 0x000000001a0a0800 Uncommon trap: reason=bimorphic action=maybe_recompile pc=0x0000000002bd87cc method=java.util.HashMap.putVal(ILjava/lang/Object;Ljava/lang/Object;ZZ)Ljava/lang/Object; @ 91
Event: 2.724 Thread 0x000000001a199800 Uncommon trap: reason=bimorphic action=maybe_recompile pc=0x0000000002d6dd2c method=java.util.HashMap.putVal(ILjava/lang/Object;Ljava/lang/Object;ZZ)Ljava/lang/Object; @ 253
Event: 2.724 Thread 0x000000001a199800 Uncommon trap: reason=bimorphic action=maybe_recompile pc=0x0000000002d6dd2c method=java.util.HashMap.putVal(ILjava/lang/Object;Ljava/lang/Object;ZZ)Ljava/lang/Object; @ 253
Event: 2.724 Thread 0x000000001a199800 Uncommon trap: reason=bimorphic action=maybe_recompile pc=0x0000000002d65574 method=java.util.HashMap.putVal(ILjava/lang/Object;Ljava/lang/Object;ZZ)Ljava/lang/Object; @ 253
Event: 3.379 Thread 0x000000001a199800 Uncommon trap: reason=unstable_if action=reinterpret pc=0x0000000002ad0fc8 method=java.net.URI.match(CJJ)Z @ 19

Internal exceptions (10 events):
Event: 2.637 Thread 0x000000001a199800 Exception <a 'java/lang/NoSuchMethodError': <clinit>> (0x00000000d69f4b58) thrown at [C:\re\workspace\8-2-build-windows-amd64-cygwin\jdk8u72\5732\hotspot\src\share\vm\prims\jni.cpp, line 1591]
Event: 2.757 Thread 0x000000001a199800 Exception <a 'java/lang/ArrayIndexOutOfBoundsException'> (0x00000000d6b8f858) thrown at [C:\re\workspace\8-2-build-windows-amd64-cygwin\jdk8u72\5732\hotspot\src\share\vm\runtime\sharedRuntime.cpp, line 605]
Event: 2.799 Thread 0x000000001a199800 Exception <a 'java/lang/ArrayIndexOutOfBoundsException'> (0x00000000d6c5d078) thrown at [C:\re\workspace\8-2-build-windows-amd64-cygwin\jdk8u72\5732\hotspot\src\share\vm\runtime\sharedRuntime.cpp, line 605]
Event: 2.799 Thread 0x000000001a199800 Exception <a 'java/lang/ArrayIndexOutOfBoundsException'> (0x00000000d6c5e550) thrown at [C:\re\workspace\8-2-build-windows-amd64-cygwin\jdk8u72\5732\hotspot\src\share\vm\runtime\sharedRuntime.cpp, line 605]
Event: 2.800 Thread 0x000000001a199800 Exception <a 'java/lang/ArrayIndexOutOfBoundsException'> (0x00000000d6c7a1d0) thrown at [C:\re\workspace\8-2-build-windows-amd64-cygwin\jdk8u72\5732\hotspot\src\share\vm\runtime\sharedRuntime.cpp, line 605]
Event: 2.811 Thread 0x000000001a199800 Exception <a 'java/lang/ArrayIndexOutOfBoundsException'> (0x00000000d6e46078) thrown at [C:\re\workspace\8-2-build-windows-amd64-cygwin\jdk8u72\5732\hotspot\src\share\vm\runtime\sharedRuntime.cpp, line 605]
Event: 2.811 Thread 0x000000001a199800 Exception <a 'java/lang/ArrayIndexOutOfBoundsException'> (0x00000000d6e48ff0) thrown at [C:\re\workspace\8-2-build-windows-amd64-cygwin\jdk8u72\5732\hotspot\src\share\vm\runtime\sharedRuntime.cpp, line 605]
Event: 2.812 Thread 0x000000001a199800 Exception <a 'java/lang/ArrayIndexOutOfBoundsException'> (0x00000000d6e5e710) thrown at [C:\re\workspace\8-2-build-windows-amd64-cygwin\jdk8u72\5732\hotspot\src\share\vm\runtime\sharedRuntime.cpp, line 605]
Event: 2.834 Thread 0x000000001a199800 Exception <a 'java/lang/ArrayIndexOutOfBoundsException'> (0x00000000d70cfc70) thrown at [C:\re\workspace\8-2-build-windows-amd64-cygwin\jdk8u72\5732\hotspot\src\share\vm\runtime\sharedRuntime.cpp, line 605]
Event: 2.842 Thread 0x000000001a199800 Exception <a 'java/lang/ArrayIndexOutOfBoundsException'> (0x00000000d7280568) thrown at [C:\re\workspace\8-2-build-windows-amd64-cygwin\jdk8u72\5732\hotspot\src\share\vm\runtime\sharedRuntime.cpp, line 605]

Events (10 events):
Event: 3.422 loading class org/gradle/api/internal/changedetection/state/CachingFileSnapshotter$FileInfoSerializer done
Event: 3.422 loading class org/gradle/internal/serialize/HashValueSerializer
Event: 3.422 loading class org/gradle/internal/serialize/HashValueSerializer done
Event: 3.434 loading class org/gradle/cache/internal/MapBackedInMemoryStore$CacheImpl
Event: 3.434 loading class org/gradle/cache/internal/MapBackedInMemoryStore$CacheImpl done
Event: 3.434 loading class org/gradle/api/internal/initialization/loadercache/HashClassPathSnapshotter
Event: 3.434 loading class org/gradle/api/internal/initialization/loadercache/HashClassPathSnapshotter done
Event: 3.435 loading class org/gradle/api/internal/initialization/loadercache/ClassPathSnapshot
Event: 3.435 loading class org/gradle/api/internal/initialization/loadercache/ClassPathSnapshot done
Event: 3.435 loading class java/security/NoSuchAlgorithmException


Dynamic libraries:
0x00007ff625de0000 - 0x00007ff625e17000 	C:\Program Files\Java\jdk1.8.0_72\bin\java.exe
0x00007fffd7480000 - 0x00007fffd7641000 	C:\WINDOWS\SYSTEM32\ntdll.dll
0x00007fffd71b0000 - 0x00007fffd725d000 	C:\WINDOWS\system32\KERNEL32.DLL
0x00007fffd3d50000 - 0x00007fffd3f38000 	C:\WINDOWS\system32\KERNELBASE.dll
0x00007fffd6770000 - 0x00007fffd6817000 	C:\WINDOWS\system32\ADVAPI32.dll
0x00007fffd7380000 - 0x00007fffd741d000 	C:\WINDOWS\system32\msvcrt.dll
0x00007fffd63d0000 - 0x00007fffd642b000 	C:\WINDOWS\system32\sechost.dll
0x00007fffd7260000 - 0x00007fffd737c000 	C:\WINDOWS\system32\RPCRT4.dll
0x00007fffd6ef0000 - 0x00007fffd7046000 	C:\WINDOWS\system32\USER32.dll
0x00007fffd4c30000 - 0x00007fffd4db6000 	C:\WINDOWS\system32\GDI32.dll
0x00007fffcd100000 - 0x00007fffcd374000 	C:\WINDOWS\WinSxS\amd64_microsoft.windows.common-controls_6595b64144ccf1df_6.0.10586.672_none_a2d6b3cea53ff843\COMCTL32.dll
0x00007fffd4880000 - 0x00007fffd4afd000 	C:\WINDOWS\system32\combase.dll
0x00007fffd4780000 - 0x00007fffd47ea000 	C:\WINDOWS\system32\bcryptPrimitives.dll
0x00007fffd6500000 - 0x00007fffd653b000 	C:\WINDOWS\system32\IMM32.DLL
0x00000000708e0000 - 0x00000000709b2000 	C:\Program Files\Java\jdk1.8.0_72\jre\bin\msvcr100.dll
0x000000006f3f0000 - 0x000000006fc80000 	C:\Program Files\Java\jdk1.8.0_72\jre\bin\server\jvm.dll
0x00007fffd71a0000 - 0x00007fffd71a8000 	C:\WINDOWS\system32\PSAPI.DLL
0x00007fffc90f0000 - 0x00007fffc90f9000 	C:\WINDOWS\SYSTEM32\WSOCK32.dll
0x00007fffd20c0000 - 0x00007fffd20e3000 	C:\WINDOWS\SYSTEM32\WINMM.dll
0x00007fffc7b70000 - 0x00007fffc7b7a000 	C:\WINDOWS\SYSTEM32\VERSION.dll
0x00007fffd2060000 - 0x00007fffd208c000 	C:\WINDOWS\SYSTEM32\WINMMBASE.dll
0x00007fffd3b30000 - 0x00007fffd3b73000 	C:\WINDOWS\system32\cfgmgr32.dll
0x00007fffd6540000 - 0x00007fffd65ab000 	C:\WINDOWS\system32\WS2_32.dll
0x0000000070d10000 - 0x0000000070d1f000 	C:\Program Files\Java\jdk1.8.0_72\jre\bin\verify.dll
0x0000000070ce0000 - 0x0000000070d09000 	C:\Program Files\Java\jdk1.8.0_72\jre\bin\java.dll
0x0000000070cc0000 - 0x0000000070cd6000 	C:\Program Files\Java\jdk1.8.0_72\jre\bin\zip.dll
0x00007fffd4e70000 - 0x00007fffd63cc000 	C:\WINDOWS\system32\SHELL32.dll
0x00007fffd4080000 - 0x00007fffd46c5000 	C:\WINDOWS\system32\windows.storage.dll
0x00007fffd6430000 - 0x00007fffd6482000 	C:\WINDOWS\system32\shlwapi.dll
0x00007fffd3aa0000 - 0x00007fffd3aaf000 	C:\WINDOWS\system32\kernel.appcore.dll
0x00007fffd3f40000 - 0x00007fffd3ff5000 	C:\WINDOWS\system32\shcore.dll
0x00007fffd3ad0000 - 0x00007fffd3b1b000 	C:\WINDOWS\system32\powrprof.dll
0x00007fffd3ab0000 - 0x00007fffd3ac4000 	C:\WINDOWS\system32\profapi.dll
0x0000000070ca0000 - 0x0000000070cba000 	C:\Program Files\Java\jdk1.8.0_72\jre\bin\net.dll
0x00007fffd3340000 - 0x00007fffd339c000 	C:\WINDOWS\system32\mswsock.dll
0x0000000070c80000 - 0x0000000070c91000 	C:\Program Files\Java\jdk1.8.0_72\jre\bin\nio.dll
0x00007fffcf280000 - 0x00007fffcf292000 	C:\Users\yuandl\.gradle\native\19\windows-amd64\native-platform.dll
0x00007fffd33f0000 - 0x00007fffd3407000 	C:\WINDOWS\SYSTEM32\CRYPTSP.dll
0x00007fffd3080000 - 0x00007fffd30b4000 	C:\WINDOWS\system32\rsaenh.dll
0x00007fffd39e0000 - 0x00007fffd3a09000 	C:\WINDOWS\SYSTEM32\bcrypt.dll
0x00007fffd31d0000 - 0x00007fffd31ef000 	C:\WINDOWS\SYSTEM32\USERENV.dll
0x00007fffd3510000 - 0x00007fffd351b000 	C:\WINDOWS\SYSTEM32\CRYPTBASE.dll
0x00007fffd0620000 - 0x00007fffd0658000 	C:\WINDOWS\SYSTEM32\IPHLPAPI.DLL
0x00007fffd64f0000 - 0x00007fffd64f8000 	C:\WINDOWS\system32\NSI.dll
0x00007fffd0220000 - 0x00007fffd0236000 	C:\WINDOWS\SYSTEM32\dhcpcsvc6.DLL
0x00007fffd0200000 - 0x00007fffd021a000 	C:\WINDOWS\SYSTEM32\dhcpcsvc.DLL
0x0000000070c70000 - 0x0000000070c7d000 	C:\Program Files\Java\jdk1.8.0_72\jre\bin\management.dll

VM Arguments:
jvm_args: -XX:MaxPermSize=512m -Xmx2048m -Dfile.encoding=GBK -Duser.country=CN -Duser.language=zh -Duser.variant 
java_command: org.gradle.launcher.daemon.bootstrap.GradleDaemon 2.14.1
java_class_path (initial): C:\Users\yuandl\.gradle\wrapper\dists\gradle-2.14.1-all\8bnwg5hd3w55iofp58khbp6yv\gradle-2.14.1\lib\gradle-launcher-2.14.1.jar
Launcher Type: SUN_STANDARD

Environment Variables:
JAVA_HOME=C:\Program Files\Java\jdk1.8.0_72
CLASSPATH=E:\kejiang\git\GitHub\AndroidFastDevFrame\\gradle\wrapper\gradle-wrapper.jar
PATH=D:\oracle\product\10.2.0\client_1\bin;D:\oracle\product\10.2.0\db_1\bin;E:\kejiang\Android\sdk\platform-tools;C:\ProgramData\Oracle\Java\javapath;C:\Program Files (x86)\Common Files\NetSarang;C:\Windows\system32;C:\Windows;C:\Windows\System32\Wbem;C:\Windows\System32\WindowsPowerShell\v1.0\;C:\Program Files\Java\jdk1.7.0_60\bin;C:\Program Files\Java\jdk1.7.0_60\jre\bin;D:\Program Files\MySQL\MySQL Server 5.5\bin;E:\Framework\play\play-2.2.6;D:\Software\apache-maven-3.3.1\bin;C:\WINDOWS\system32;C:\WINDOWS;C:\WINDOWS\System32\Wbem;C:\WINDOWS\System32\WindowsPowerShell\v1.0\;C:\Program Files\TortoiseSVN\bin;C:\Program Files\Git\cmd;C:\Program Files\TortoiseGit\bin;C:\Program Files\MySQL\MySQL Utilities 1.6\
USERNAME=yuandl
OS=Windows_NT
PROCESSOR_IDENTIFIER=Intel64 Family 6 Model 60 Stepping 3, GenuineIntel



---------------  S Y S T E M  ---------------

OS: Windows 10.0 , 64 bit Build 10586 (10.0.10586.589)

CPU:total 4 (2 cores per cpu, 2 threads per core) family 6 model 60 stepping 3, cmov, cx8, fxsr, mmx, sse, sse2, sse3, ssse3, sse4.1, sse4.2, popcnt, avx, avx2, aes, clmul, erms, lzcnt, ht, tsc, tscinvbit, bmi1, bmi2

Memory: 4k page, physical 8305276k(860680k free), swap 8305276k(764k free)

vm_info: Java HotSpot(TM) 64-Bit Server VM (25.72-b15) for windows-amd64 JRE (1.8.0_72-b15), built on Dec 22 2015 19:16:16 by "java_re" with MS VC++ 10.0 (VS2010)

time: Tue Jan 10 15:28:32 2017
elapsed time: 3 seconds (0d 0h 0m 3s)

