#
# There is insufficient memory for the Java Runtime Environment to continue.
# Native memory allocation (malloc) failed to allocate 1563056 bytes for Chunk::new
# Possible reasons:
#   The system is out of physical RAM or swap space
#   In 32 bit mode, the process size limit was hit
# Possible solutions:
#   Reduce memory load on the system
#   Increase physical memory or swap space
#   Check if swap backing store is full
#   Use 64 bit Java on a 64 bit OS
#   Decrease Java heap size (-Xmx/-Xms)
#   Decrease number of Java threads
#   Decrease Java thread stack sizes (-Xss)
#   Set larger code cache with -XX:ReservedCodeCacheSize=
# This output file may be truncated or incomplete.
#
#  Out of Memory Error (allocation.cpp:390), pid=41132, tid=240724
#
# JRE version: Java(TM) SE Runtime Environment (8.0_72-b15) (build 1.8.0_72-b15)
# Java VM: Java HotSpot(TM) 64-Bit Server VM (25.72-b15 mixed mode windows-amd64 compressed oops)
# Failed to write core dump. Minidumps are not enabled by default on client versions of Windows
#

---------------  T H R E A D  ---------------

Current thread (0x000000001788e000):  JavaThread "C2 CompilerThread0" daemon [_thread_in_native, id=240724, stack(0x0000000019190000,0x0000000019290000)]

Stack: [0x0000000019190000,0x0000000019290000]
[error occurred during error reporting (printing stack bounds), id 0xc0000005]

Native frames: (J=compiled Java code, j=interpreted, Vv=VM code, C=native code)


Current CompileTask:
C2:  34873 11699   !   4       java.nio.file.FileTreeWalker::next (144 bytes)


---------------  P R O C E S S  ---------------

Java Threads: ( => current thread )
  0x000000001ca9e800 JavaThread "Task worker Thread 3" [_thread_in_native, id=41752, stack(0x0000000024620000,0x0000000024720000)]
  0x000000001ca9b800 JavaThread "Task worker Thread 2" [_thread_blocked, id=239396, stack(0x0000000020cf0000,0x0000000020df0000)]
  0x000000001ca9a000 JavaThread "Task worker" [_thread_blocked, id=240664, stack(0x000000001f790000,0x000000001f890000)]
  0x000000001caa0800 JavaThread "pool-2-thread-1" [_thread_blocked, id=241640, stack(0x000000001f690000,0x000000001f790000)]
  0x000000001ca9d000 JavaThread "File lock request listener" [_thread_in_native, id=241584, stack(0x000000001bf70000,0x000000001c070000)]
  0x000000001a45b800 JavaThread "Stdin handler" [_thread_blocked, id=231296, stack(0x000000001ba70000,0x000000001bb70000)]
  0x000000001a45a800 JavaThread "Asynchronous log dispatcher for org.gradle.launcher.daemon.server.DefaultDaemonConnection@1d8064eb" [_thread_blocked, id=237160, stack(0x000000001b970000,0x000000001ba70000)]
  0x000000001a502000 JavaThread "Daemon worker" [_thread_blocked, id=43460, stack(0x000000001b670000,0x000000001b770000)]
  0x000000001a495000 JavaThread "Cancel handler" [_thread_blocked, id=89648, stack(0x000000001b570000,0x000000001b670000)]
  0x000000001a47a800 JavaThread "Handler for socket connection from /127.0.0.1:53200 to /127.0.0.1:53201" [_thread_in_native, id=81788, stack(0x000000001b470000,0x000000001b570000)]
  0x000000001a4f4800 JavaThread "Daemon" [_thread_blocked, id=240504, stack(0x000000001b370000,0x000000001b470000)]
  0x000000001a211000 JavaThread "Incoming local TCP Connector on port 53200" [_thread_in_native, id=141744, stack(0x000000001b070000,0x000000001b170000)]
  0x000000001a1a3800 JavaThread "pool-1-thread-1" [_thread_blocked, id=41788, stack(0x000000001af70000,0x000000001b070000)]
  0x0000000018e26000 JavaThread "Service Thread" daemon [_thread_blocked, id=240616, stack(0x0000000019490000,0x0000000019590000)]
  0x0000000018d9f000 JavaThread "C1 CompilerThread2" daemon [_thread_blocked, id=41504, stack(0x0000000019390000,0x0000000019490000)]
  0x0000000018d96000 JavaThread "C2 CompilerThread1" daemon [_thread_blocked, id=41732, stack(0x0000000019290000,0x0000000019390000)]
=>0x000000001788e000 JavaThread "C2 CompilerThread0" daemon [_thread_in_native, id=240724, stack(0x0000000019190000,0x0000000019290000)]
  0x000000001788c000 JavaThread "Attach Listener" daemon [_thread_blocked, id=41028, stack(0x0000000018c90000,0x0000000018d90000)]
  0x000000001788b000 JavaThread "Signal Dispatcher" daemon [_thread_blocked, id=35084, stack(0x0000000018b90000,0x0000000018c90000)]
  0x0000000002c0c000 JavaThread "Finalizer" daemon [_thread_blocked, id=35076, stack(0x0000000018a90000,0x0000000018b90000)]
  0x0000000002c00000 JavaThread "Reference Handler" daemon [_thread_blocked, id=41908, stack(0x0000000018990000,0x0000000018a90000)]
  0x0000000002b12800 JavaThread "main" [_thread_blocked, id=42320, stack(0x0000000002a10000,0x0000000002b10000)]

Other Threads:
  0x00000000177f8000 VMThread [stack: 0x0000000018890000,0x0000000018990000] [id=41288]
  0x0000000018e4f800 WatcherThread [stack: 0x0000000019590000,0x0000000019690000] [id=41488]

VM state:not at safepoint (normal execution)

VM Mutex/Monitor currently owned by a thread: None

Heap:
 PSYoungGen      total 207360K, used 49892K [0x00000000d5580000, 0x00000000e8580000, 0x0000000100000000)
  eden space 176640K, 21% used [0x00000000d5580000,0x00000000d7accd58,0x00000000e0200000)
  from space 30720K, 38% used [0x00000000e0200000,0x00000000e0d6c4b0,0x00000000e2000000)
  to   space 29696K, 0% used [0x00000000e6880000,0x00000000e6880000,0x00000000e8580000)
 ParOldGen       total 111616K, used 52838K [0x0000000080000000, 0x0000000086d00000, 0x00000000d5580000)
  object space 111616K, 47% used [0x0000000080000000,0x0000000083399aa8,0x0000000086d00000)
 Metaspace       used 63850K, capacity 65530K, committed 65792K, reserved 1105920K
  class space    used 8291K, capacity 8682K, committed 8704K, reserved 1048576K

Card table byte_map: [0x0000000011fd0000,0x00000000123e0000] byte_map_base: 0x0000000011bd0000

Marking Bits: (ParMarkBitMap*) 0x000000005c4b0600
 Begin Bits: [0x0000000012a90000, 0x0000000014a90000)
 End Bits:   [0x0000000014a90000, 0x0000000016a90000)

Polling page: 0x0000000000e70000

CodeCache: size=245760Kb used=36749Kb max_used=36762Kb free=209010Kb
 bounds [0x0000000002c10000, 0x0000000005020000, 0x0000000011c10000]
 total_blobs=10907 nmethods=10146 adapters=671
 compilation: enabled

Compilation events (10 events):
Event: 34.810 Thread 0x0000000018d9f000 nmethod 11694 0x000000000500b490 code [0x000000000500b5e0, 0x000000000500b790]
Event: 34.810 Thread 0x0000000018d9f000 11695       3       java.io.ObjectInputStream::readStreamHeader (60 bytes)
Event: 34.812 Thread 0x0000000018d9f000 nmethod 11695 0x0000000005015150 code [0x0000000005015420, 0x0000000005016838]
Event: 34.812 Thread 0x0000000018d9f000 11697       3       org.gradle.api.internal.project.taskfactory.AnnotationProcessingTaskFactory$Validator$1::call (17 bytes)
Event: 34.812 Thread 0x0000000018d9f000 nmethod 11697 0x000000000500e5d0 code [0x000000000500e740, 0x000000000500e9b8]
Event: 34.812 Thread 0x0000000018d9f000 11698       1       org.gradle.api.internal.file.collections.FileTreeAdapter::getTree (5 bytes)
Event: 34.812 Thread 0x0000000018d9f000 nmethod 11698 0x000000000500b1d0 code [0x000000000500b320, 0x000000000500b430]
Event: 34.825 Thread 0x000000001788e000 11699   !   4       java.nio.file.FileTreeWalker::next (144 bytes)
Event: 34.826 Thread 0x0000000018d96000 11700       4       sun.nio.fs.WindowsNativeDispatcher::asNativeBuffer (84 bytes)
Event: 34.837 Thread 0x0000000018d96000 nmethod 11700 0x000000000501a810 code [0x000000000501a9a0, 0x000000000501af48]

GC Heap History (10 events):
Event: 19.176 GC heap before
{Heap before GC invocations=14 (full 2):
 PSYoungGen      total 141824K, used 141804K [0x00000000d5580000, 0x00000000e0e00000, 0x0000000100000000)
  eden space 127488K, 100% used [0x00000000d5580000,0x00000000dd200000,0x00000000dd200000)
  from space 14336K, 99% used [0x00000000dd200000,0x00000000ddffb300,0x00000000de000000)
  to   space 17920K, 0% used [0x00000000dfc80000,0x00000000dfc80000,0x00000000e0e00000)
 ParOldGen       total 111616K, used 24030K [0x0000000080000000, 0x0000000086d00000, 0x00000000d5580000)
  object space 111616K, 21% used [0x0000000080000000,0x0000000081777830,0x0000000086d00000)
 Metaspace       used 53534K, capacity 54912K, committed 55168K, reserved 1097728K
  class space    used 7145K, capacity 7471K, committed 7552K, reserved 1048576K
Event: 19.203 GC heap after
Heap after GC invocations=14 (full 2):
 PSYoungGen      total 166400K, used 17912K [0x00000000d5580000, 0x00000000e1800000, 0x0000000100000000)
  eden space 148480K, 0% used [0x00000000d5580000,0x00000000d5580000,0x00000000de680000)
  from space 17920K, 99% used [0x00000000dfc80000,0x00000000e0dfe230,0x00000000e0e00000)
  to   space 22528K, 0% used [0x00000000de680000,0x00000000de680000,0x00000000dfc80000)
 ParOldGen       total 111616K, used 31643K [0x0000000080000000, 0x0000000086d00000, 0x00000000d5580000)
  object space 111616K, 28% used [0x0000000080000000,0x0000000081ee6fe8,0x0000000086d00000)
 Metaspace       used 53534K, capacity 54912K, committed 55168K, reserved 1097728K
  class space    used 7145K, capacity 7471K, committed 7552K, reserved 1048576K
}
Event: 23.534 GC heap before
{Heap before GC invocations=15 (full 2):
 PSYoungGen      total 166400K, used 166392K [0x00000000d5580000, 0x00000000e1800000, 0x0000000100000000)
  eden space 148480K, 100% used [0x00000000d5580000,0x00000000de680000,0x00000000de680000)
  from space 17920K, 99% used [0x00000000dfc80000,0x00000000e0dfe230,0x00000000e0e00000)
  to   space 22528K, 0% used [0x00000000de680000,0x00000000de680000,0x00000000dfc80000)
 ParOldGen       total 111616K, used 31643K [0x0000000080000000, 0x0000000086d00000, 0x00000000d5580000)
  object space 111616K, 28% used [0x0000000080000000,0x0000000081ee6fe8,0x0000000086d00000)
 Metaspace       used 57067K, capacity 58758K, committed 59008K, reserved 1099776K
  class space    used 7572K, capacity 7958K, committed 8064K, reserved 1048576K
Event: 23.564 GC heap after
Heap after GC invocations=15 (full 2):
 PSYoungGen      total 171008K, used 22506K [0x00000000d5580000, 0x00000000e3d00000, 0x0000000100000000)
  eden space 148480K, 0% used [0x00000000d5580000,0x00000000d5580000,0x00000000de680000)
  from space 22528K, 99% used [0x00000000de680000,0x00000000dfc7a800,0x00000000dfc80000)
  to   space 29696K, 0% used [0x00000000e2000000,0x00000000e2000000,0x00000000e3d00000)
 ParOldGen       total 111616K, used 42587K [0x0000000080000000, 0x0000000086d00000, 0x00000000d5580000)
  object space 111616K, 38% used [0x0000000080000000,0x0000000082996ce0,0x0000000086d00000)
 Metaspace       used 57067K, capacity 58758K, committed 59008K, reserved 1099776K
  class space    used 7572K, capacity 7958K, committed 8064K, reserved 1048576K
}
Event: 23.635 GC heap before
{Heap before GC invocations=16 (full 2):
 PSYoungGen      total 171008K, used 25724K [0x00000000d5580000, 0x00000000e3d00000, 0x0000000100000000)
  eden space 148480K, 2% used [0x00000000d5580000,0x00000000d58a4ad8,0x00000000de680000)
  from space 22528K, 99% used [0x00000000de680000,0x00000000dfc7a800,0x00000000dfc80000)
  to   space 29696K, 0% used [0x00000000e2000000,0x00000000e2000000,0x00000000e3d00000)
 ParOldGen       total 111616K, used 42587K [0x0000000080000000, 0x0000000086d00000, 0x00000000d5580000)
  object space 111616K, 38% used [0x0000000080000000,0x0000000082996ce0,0x0000000086d00000)
 Metaspace       used 57339K, capacity 59078K, committed 59160K, reserved 1099776K
  class space    used 7626K, capacity 8022K, committed 8064K, reserved 1048576K
Event: 23.655 GC heap after
Heap after GC invocations=16 (full 2):
 PSYoungGen      total 206336K, used 20304K [0x00000000d5580000, 0x00000000e6480000, 0x0000000100000000)
  eden space 176640K, 0% used [0x00000000d5580000,0x00000000d5580000,0x00000000e0200000)
  from space 29696K, 68% used [0x00000000e2000000,0x00000000e33d4020,0x00000000e3d00000)
  to   space 30720K, 0% used [0x00000000e0200000,0x00000000e0200000,0x00000000e2000000)
 ParOldGen       total 111616K, used 45169K [0x0000000080000000, 0x0000000086d00000, 0x00000000d5580000)
  object space 111616K, 40% used [0x0000000080000000,0x0000000082c1c638,0x0000000086d00000)
 Metaspace       used 57339K, capacity 59078K, committed 59160K, reserved 1099776K
  class space    used 7626K, capacity 8022K, committed 8064K, reserved 1048576K
}
Event: 23.655 GC heap before
{Heap before GC invocations=17 (full 3):
 PSYoungGen      total 206336K, used 20304K [0x00000000d5580000, 0x00000000e6480000, 0x0000000100000000)
  eden space 176640K, 0% used [0x00000000d5580000,0x00000000d5580000,0x00000000e0200000)
  from space 29696K, 68% used [0x00000000e2000000,0x00000000e33d4020,0x00000000e3d00000)
  to   space 30720K, 0% used [0x00000000e0200000,0x00000000e0200000,0x00000000e2000000)
 ParOldGen       total 111616K, used 45169K [0x0000000080000000, 0x0000000086d00000, 0x00000000d5580000)
  object space 111616K, 40% used [0x0000000080000000,0x0000000082c1c638,0x0000000086d00000)
 Metaspace       used 57339K, capacity 59078K, committed 59160K, reserved 1099776K
  class space    used 7626K, capacity 8022K, committed 8064K, reserved 1048576K
Event: 23.909 GC heap after
Heap after GC invocations=17 (full 3):
 PSYoungGen      total 206336K, used 0K [0x00000000d5580000, 0x00000000e6480000, 0x0000000100000000)
  eden space 176640K, 0% used [0x00000000d5580000,0x00000000d5580000,0x00000000e0200000)
  from space 29696K, 0% used [0x00000000e2000000,0x00000000e2000000,0x00000000e3d00000)
  to   space 30720K, 0% used [0x00000000e0200000,0x00000000e0200000,0x00000000e2000000)
 ParOldGen       total 111616K, used 52822K [0x0000000080000000, 0x0000000086d00000, 0x00000000d5580000)
  object space 111616K, 47% used [0x0000000080000000,0x0000000083395aa8,0x0000000086d00000)
 Metaspace       used 57214K, capacity 58864K, committed 59160K, reserved 1099776K
  class space    used 7593K, capacity 7973K, committed 8064K, reserved 1048576K
}
Event: 32.143 GC heap before
{Heap before GC invocations=18 (full 3):
 PSYoungGen      total 206336K, used 176640K [0x00000000d5580000, 0x00000000e6480000, 0x0000000100000000)
  eden space 176640K, 100% used [0x00000000d5580000,0x00000000e0200000,0x00000000e0200000)
  from space 29696K, 0% used [0x00000000e2000000,0x00000000e2000000,0x00000000e3d00000)
  to   space 30720K, 0% used [0x00000000e0200000,0x00000000e0200000,0x00000000e2000000)
 ParOldGen       total 111616K, used 52822K [0x0000000080000000, 0x0000000086d00000, 0x00000000d5580000)
  object space 111616K, 47% used [0x0000000080000000,0x0000000083395aa8,0x0000000086d00000)
 Metaspace       used 63755K, capacity 65434K, committed 65536K, reserved 1105920K
  class space    used 8283K, capacity 8650K, committed 8704K, reserved 1048576K
Event: 32.175 GC heap after
Heap after GC invocations=18 (full 3):
 PSYoungGen      total 207360K, used 11697K [0x00000000d5580000, 0x00000000e8580000, 0x0000000100000000)
  eden space 176640K, 0% used [0x00000000d5580000,0x00000000d5580000,0x00000000e0200000)
  from space 30720K, 38% used [0x00000000e0200000,0x00000000e0d6c4b0,0x00000000e2000000)
  to   space 29696K, 0% used [0x00000000e6880000,0x00000000e6880000,0x00000000e8580000)
 ParOldGen       total 111616K, used 52838K [0x0000000080000000, 0x0000000086d00000, 0x00000000d5580000)
  object space 111616K, 47% used [0x0000000080000000,0x0000000083399aa8,0x0000000086d00000)
 Metaspace       used 63755K, capacity 65434K, committed 65536K, reserved 1105920K
  class space    used 8283K, capacity 8650K, committed 8704K, reserved 1048576K
}

Deoptimization events (10 events):
Event: 29.878 Thread 0x000000001ca9e800 Uncommon trap: reason=class_check action=maybe_recompile pc=0x0000000004ed2218 method=com.sun.tools.javac.code.Types$ImplementationCache.implementationInternal(Lcom/sun/tools/javac/code/Symbol$MethodSymbol;Lcom/sun/tools/javac/code/Symbol$TypeSymbol;ZLcom/
Event: 29.978 Thread 0x000000001ca9e800 Uncommon trap: reason=speculate_class_check action=maybe_recompile pc=0x0000000004a46e14 method=com.sun.tools.javac.code.Type.hasTag(Lcom/sun/tools/javac/code/TypeTag;)Z @ 2
Event: 30.255 Thread 0x000000001ca9e800 Uncommon trap: reason=unstable_if action=reinterpret pc=0x000000000499d050 method=com.sun.tools.javac.util.BaseFileManager.getKind(Ljava/lang/String;)Ljavax/tools/JavaFileObject$Kind; @ 10
Event: 30.260 Thread 0x000000001ca9e800 Uncommon trap: reason=unstable_if action=reinterpret pc=0x0000000002f6ded8 method=org.gradle.internal.logging.text.AbstractLineChoppingStyledTextOutput.doAppend(Ljava/lang/String;)V @ 98
Event: 30.260 Thread 0x000000001a45a800 Uncommon trap: reason=unstable_if action=reinterpret pc=0x00000000035b0884 method=com.esotericsoftware.kryo.io.Output.writeString(Ljava/lang/CharSequence;)V @ 83
Event: 30.369 Thread 0x000000001ca9e800 Uncommon trap: reason=class_check action=maybe_recompile pc=0x0000000002ddf53c method=java.util.regex.Pattern$BnM.match(Ljava/util/regex/Matcher;ILjava/lang/CharSequence;)Z @ 111
Event: 30.738 Thread 0x000000001ca9e800 Uncommon trap: reason=class_check action=maybe_recompile pc=0x0000000002ddf53c method=java.util.regex.Pattern$BnM.match(Ljava/util/regex/Matcher;ILjava/lang/CharSequence;)Z @ 111
Event: 30.820 Thread 0x000000001ca9e800 Uncommon trap: reason=class_check action=maybe_recompile pc=0x0000000002ddf53c method=java.util.regex.Pattern$BnM.match(Ljava/util/regex/Matcher;ILjava/lang/CharSequence;)Z @ 111
Event: 30.859 Thread 0x000000001ca9e800 Uncommon trap: reason=class_check action=maybe_recompile pc=0x0000000002ddf53c method=java.util.regex.Pattern$BnM.match(Ljava/util/regex/Matcher;ILjava/lang/CharSequence;)Z @ 111
Event: 34.410 Thread 0x000000001ca9e800 Uncommon trap: reason=unstable_if action=reinterpret pc=0x0000000003d48f9c method=java.math.MutableBigInteger.divideMagnitude(Ljava/math/MutableBigInteger;Ljava/math/MutableBigInteger;Z)Ljava/math/MutableBigInteger; @ 346

Internal exceptions (10 events):
Event: 20.149 Thread 0x000000001a502000 Exception <a 'java/lang/ClassNotFoundException': org/gradle/api/internal/tasks/RealizableTaskCollectionCustomizer> (0x00000000da9d9b50) thrown at [C:\re\workspace\8-2-build-windows-amd64-cygwin\jdk8u72\5732\hotspot\src\share\vm\classfile\systemDictionary.c)u²&4@
Event: 20.149 Thread 0x000000001a502000 Implicit null exception at 0x000000000461c92f to 0x000000000461cc91
Event: 20.153 Thread 0x000000001a502000 Exception <a 'java/lang/ClassNotFoundException': java/util/TreeSetBeanInfo> (0x00000000daa5ab50) thrown at [C:\re\workspace\8-2-build-windows-amd64-cygwin\jdk8u72\5732\hotspot\src\share\vm\classfile\systemDictionary.cpp, line 210]
Event: 20.153 Thread 0x000000001a502000 Exception <a 'java/lang/ClassNotFoundException': java/util/AbstractSetBeanInfo> (0x00000000daa609a0) thrown at [C:\re\workspace\8-2-build-windows-amd64-cygwin\jdk8u72\5732\hotspot\src\share\vm\classfile\systemDictionary.cpp, line 210]
Event: 20.153 Thread 0x000000001a502000 Exception <a 'java/lang/ClassNotFoundException': java/util/AbstractSetCustomizer> (0x00000000daa66980) thrown at [C:\re\workspace\8-2-build-windows-amd64-cygwin\jdk8u72\5732\hotspot\src\share\vm\classfile\systemDictionary.cpp, line 210]
Event: 20.154 Thread 0x000000001a502000 Exception <a 'java/lang/ClassNotFoundException': java/util/TreeSetCustomizer> (0x00000000daa71dc8) thrown at [C:\re\workspace\8-2-build-windows-amd64-cygwin\jdk8u72\5732\hotspot\src\share\vm\classfile\systemDictionary.cpp, line 210]
Event: 20.257 Thread 0x000000001ca9a000 Implicit null exception at 0x0000000002d790be to 0x0000000002d79329
Event: 20.258 Thread 0x000000001ca9a000 Implicit null exception at 0x0000000003c98678 to 0x0000000003c98ac9
Event: 20.258 Thread 0x000000001ca9a000 Implicit null exception at 0x00000000030bb3fd to 0x00000000030bb625
Event: 21.550 Thread 0x000000001ca9f800 Implicit null exception at 0x00000000038a7908 to 0x00000000038a7a99

Events (10 events):
Event: 34.412 loading class org/gradle/api/internal/tasks/compile/incremental/jar/JarSnapshot
Event: 34.412 loading class org/gradle/api/internal/tasks/compile/incremental/jar/JarSnapshot done
Event: 34.413 loading class org/gradle/api/internal/tasks/compile/incremental/jar/DefaultJarSnapshotCache$2
Event: 34.413 loading class org/gradle/api/internal/tasks/compile/incremental/jar/DefaultJarSnapshotCache$2 done
Event: 34.459 loading class org/gradle/api/internal/tasks/compile/incremental/jar/JarSnapshotData
Event: 34.459 loading class org/gradle/api/internal/tasks/compile/incremental/jar/JarSnapshotData done
Event: 34.559 loading class org/gradle/api/internal/tasks/compile/incremental/jar/JarClasspathSnapshotData
Event: 34.559 loading class org/gradle/api/internal/tasks/compile/incremental/jar/JarClasspathSnapshotData done
Event: 34.559 loading class org/gradle/api/internal/tasks/compile/incremental/jar/JarClasspathSnapshot
Event: 34.559 loading class org/gradle/api/internal/tasks/compile/incremental/jar/JarClasspathSnapshot done


Dynamic libraries:
0x00007ff659a70000 - 0x00007ff659aa7000 	C:\Program Files\Java\jdk1.8.0_72\bin\java.exe
0x00007ffea61a0000 - 0x00007ffea6361000 	C:\WINDOWS\SYSTEM32\ntdll.dll
0x00007ffea6050000 - 0x00007ffea60fd000 	C:\WINDOWS\system32\KERNEL32.DLL
0x00007ffea2930000 - 0x00007ffea2b18000 	C:\WINDOWS\system32\KERNELBASE.dll
0x00007ffea35a0000 - 0x00007ffea3647000 	C:\WINDOWS\system32\ADVAPI32.dll
0x00007ffea6100000 - 0x00007ffea619d000 	C:\WINDOWS\system32\msvcrt.dll
0x00007ffea3980000 - 0x00007ffea39db000 	C:\WINDOWS\system32\sechost.dll
0x00007ffea3fe0000 - 0x00007ffea40fc000 	C:\WINDOWS\system32\RPCRT4.dll
0x00007ffea5ef0000 - 0x00007ffea6046000 	C:\WINDOWS\system32\USER32.dll
0x00007ffea3e50000 - 0x00007ffea3fd6000 	C:\WINDOWS\system32\GDI32.dll
0x00007ffe9b650000 - 0x00007ffe9b8c4000 	C:\WINDOWS\WinSxS\amd64_microsoft.windows.common-controls_6595b64144ccf1df_6.0.10586.672_none_a2d6b3cea53ff843\COMCTL32.dll
0x00007ffea4230000 - 0x00007ffea44ad000 	C:\WINDOWS\system32\combase.dll
0x00007ffea2b20000 - 0x00007ffea2b8a000 	C:\WINDOWS\system32\bcryptPrimitives.dll
0x00007ffea5eb0000 - 0x00007ffea5eeb000 	C:\WINDOWS\system32\IMM32.DLL
0x000000005d190000 - 0x000000005d262000 	C:\Program Files\Java\jdk1.8.0_72\jre\bin\msvcr100.dll
0x000000005bca0000 - 0x000000005c530000 	C:\Program Files\Java\jdk1.8.0_72\jre\bin\server\jvm.dll
0x00007ffea3900000 - 0x00007ffea3908000 	C:\WINDOWS\system32\PSAPI.DLL
0x00007ffe9efd0000 - 0x00007ffe9efda000 	C:\WINDOWS\SYSTEM32\VERSION.dll
0x00007ffea0a10000 - 0x00007ffea0a33000 	C:\WINDOWS\SYSTEM32\WINMM.dll
0x00007ffe9bcf0000 - 0x00007ffe9bcf9000 	C:\WINDOWS\SYSTEM32\WSOCK32.dll
0x00007ffea3910000 - 0x00007ffea397b000 	C:\WINDOWS\system32\WS2_32.dll
0x0000000002950000 - 0x000000000297c000 	C:\WINDOWS\SYSTEM32\WINMMBASE.dll
0x00007ffea2850000 - 0x00007ffea2893000 	C:\WINDOWS\system32\cfgmgr32.dll
0x000000005d5c0000 - 0x000000005d5cf000 	C:\Program Files\Java\jdk1.8.0_72\jre\bin\verify.dll
0x000000005d590000 - 0x000000005d5b9000 	C:\Program Files\Java\jdk1.8.0_72\jre\bin\java.dll
0x000000005d570000 - 0x000000005d586000 	C:\Program Files\Java\jdk1.8.0_72\jre\bin\zip.dll
0x00007ffea4940000 - 0x00007ffea5e9c000 	C:\WINDOWS\system32\SHELL32.dll
0x00007ffea2dc0000 - 0x00007ffea3405000 	C:\WINDOWS\system32\windows.storage.dll
0x00007ffea48e0000 - 0x00007ffea4932000 	C:\WINDOWS\system32\shlwapi.dll
0x00007ffea2810000 - 0x00007ffea281f000 	C:\WINDOWS\system32\kernel.appcore.dll
0x00007ffea3430000 - 0x00007ffea34e5000 	C:\WINDOWS\system32\shcore.dll
0x00007ffea27c0000 - 0x00007ffea280b000 	C:\WINDOWS\system32\powrprof.dll
0x00007ffea2830000 - 0x00007ffea2844000 	C:\WINDOWS\system32\profapi.dll
0x000000005d550000 - 0x000000005d56a000 	C:\Program Files\Java\jdk1.8.0_72\jre\bin\net.dll
0x00007ffea2060000 - 0x00007ffea20bc000 	C:\WINDOWS\system32\mswsock.dll
0x000000005d530000 - 0x000000005d541000 	C:\Program Files\Java\jdk1.8.0_72\jre\bin\nio.dll
0x00007ffe97260000 - 0x00007ffe97272000 	C:\Users\yuandl\.gradle\native\19\windows-amd64\native-platform.dll
0x00007ffea2110000 - 0x00007ffea2127000 	C:\WINDOWS\SYSTEM32\CRYPTSP.dll
0x00007ffea1da0000 - 0x00007ffea1dd4000 	C:\WINDOWS\system32\rsaenh.dll
0x00007ffea2700000 - 0x00007ffea2729000 	C:\WINDOWS\SYSTEM32\bcrypt.dll
0x00007ffea1ef0000 - 0x00007ffea1f0f000 	C:\WINDOWS\SYSTEM32\USERENV.dll
0x00007ffea2230000 - 0x00007ffea223b000 	C:\WINDOWS\SYSTEM32\CRYPTBASE.dll
0x00007ffe9f6e0000 - 0x00007ffe9f718000 	C:\WINDOWS\SYSTEM32\IPHLPAPI.DLL
0x00007ffea39e0000 - 0x00007ffea39e8000 	C:\WINDOWS\system32\NSI.dll
0x00007ffe9ea60000 - 0x00007ffe9ea76000 	C:\WINDOWS\SYSTEM32\dhcpcsvc6.DLL
0x00007ffe9e9b0000 - 0x00007ffe9e9ca000 	C:\WINDOWS\SYSTEM32\dhcpcsvc.DLL
0x000000005d520000 - 0x000000005d52d000 	C:\Program Files\Java\jdk1.8.0_72\jre\bin\management.dll

VM Arguments:
jvm_args: -XX:MaxPermSize=512m -Xmx2048m -Dfile.encoding=GBK -Duser.country=CN -Duser.language=zh -Duser.variant 
java_command: org.gradle.launcher.daemon.bootstrap.GradleDaemon 2.14.1
java_class_path (initial): C:\Users\yuandl\.gradle\wrapper\dists\gradle-2.14.1-all\8bnwg5hd3w55iofp58khbp6yv\gradle-2.14.1\lib\gradle-launcher-2.14.1.jar
Launcher Type: SUN_STANDARD

Environment Variables:
JAVA_HOME=C:\Program Files\Java\jdk1.8.0_72
CLASSPATH=E:\kejiang\git\GitHub\AndroidFastDevFrame\\gradle\wrapper\gradle-wrapper.jar
PATH=D:\oracle\product\10.2.0\client_1\bin;D:\oracle\product\10.2.0\db_1\bin;E:\kejiang\Android\sdk\platform-tools;C:\ProgramData\Oracle\Java\javapath;C:\Program Files (x86)\Common Files\NetSarang;C:\Windows\system32;C:\Windows;C:\Windows\System32\Wbem;C:\Windows\System32\WindowsPowerShell\v1.0\;C:\Program Files\Java\jdk1.7.0_60\bin;C:\Program Files\Java\jdk1.7.0_60\jre\bin;D:\Program Files\MySQL\MySQL Server 5.5\bin;E:\Framework\play\play-2.2.6;D:\Software\apache-maven-3.3.1\bin;C:\WINDOWS\system32;C:\WINDOWS;C:\WINDOWS\System32\Wbem;C:\WINDOWS\System32\WindowsPowerShell\v1.0\;C:\Program Files\TortoiseSVN\bin;C:\Program Files\Git\cmd;C:\Program Files\TortoiseGit\bin;C:\Program Files\MySQL\MySQL Utilities 1.6\
USERNAME=yuandl
OS=Windows_NT
PROCESSOR_IDENTIFIER=Intel64 Family 6 Model 60 Stepping 3, GenuineIntel



---------------  S Y S T E M  ---------------

OS: Windows 10.0 , 64 bit Build 10586 (10.0.10586.589)

CPU:total 4 (2 cores per cpu, 2 threads per core) family 6 model 60 stepping 3, cmov, cx8, fxsr, mmx, sse, sse2, sse3, ssse3, sse4.1, sse4.2, popcnt, avx, avx2, aes, clmul, erms, lzcnt, ht, tsc, tscinvbit, bmi1, bmi2

Memory: 4k page, physical 8305276k(817364k free), swap 8305276k(5632k free)

vm_info: Java HotSpot(TM) 64-Bit Server VM (25.72-b15) for windows-amd64 JRE (1.8.0_72-b15), built on Dec 22 2015 19:16:16 by "java_re" with MS VC++ 10.0 (VS2010)

time: Tue Jan 17 18:26:06 2017
elapsed time: 34 seconds (0d 0h 0m 34s)

