#
# There is insufficient memory for the Java Runtime Environment to continue.
# Native memory allocation (malloc) failed to allocate 2039696 bytes for Chunk::new
# Possible reasons:
#   The system is out of physical RAM or swap space
#   In 32 bit mode, the process size limit was hit
# Possible solutions:
#   Reduce memory load on the system
#   Increase physical memory or swap space
#   Check if swap backing store is full
#   Use 64 bit Java on a 64 bit OS
#   Decrease Java heap size (-Xmx/-Xms)
#   Decrease number of Java threads
#   Decrease Java thread stack sizes (-Xss)
#   Set larger code cache with -XX:ReservedCodeCacheSize=
# This output file may be truncated or incomplete.
#
#  Out of Memory Error (allocation.cpp:390), pid=26360, tid=27584
#
# JRE version: Java(TM) SE Runtime Environment (8.0_72-b15) (build 1.8.0_72-b15)
# Java VM: Java HotSpot(TM) 64-Bit Server VM (25.72-b15 mixed mode windows-amd64 compressed oops)
# Failed to write core dump. Minidumps are not enabled by default on client versions of Windows
#

---------------  T H R E A D  ---------------

Current thread (0x0000000018fa1000):  JavaThread "C2 CompilerThread0" daemon [_thread_in_native, id=27584, stack(0x00000000194a0000,0x00000000195a0000)]

Stack: [0x00000000194a0000,0x00000000195a0000]
[error occurred during error reporting (printing stack bounds), id 0xc0000005]

Native frames: (J=compiled Java code, j=interpreted, Vv=VM code, C=native code)


Current CompileTask:
C2:   3312 1620   !   4       java.net.URLClassLoader$1::run (63 bytes)


---------------  P R O C E S S  ---------------

Java Threads: ( => current thread )
  0x000000001a92d000 JavaThread "Stdin handler" [_thread_blocked, id=26544, stack(0x000000001bcd0000,0x000000001bdd0000)]
  0x000000001a92b800 JavaThread "Asynchronous log dispatcher for org.gradle.launcher.daemon.server.DefaultDaemonConnection@40b69ee5" [_thread_blocked, id=26948, stack(0x000000001bbd0000,0x000000001bcd0000)]
  0x000000001aa27000 JavaThread "Daemon worker" [_thread_in_native, id=12808, stack(0x000000001b8d0000,0x000000001b9d0000)]
  0x000000001a958800 JavaThread "Cancel handler" [_thread_blocked, id=22328, stack(0x000000001b7d0000,0x000000001b8d0000)]
  0x000000001aa2b800 JavaThread "Handler for socket connection from /127.0.0.1:59212 to /127.0.0.1:59213" [_thread_in_native, id=17552, stack(0x000000001b6d0000,0x000000001b7d0000)]
  0x000000001aa2a800 JavaThread "Daemon" [_thread_blocked, id=22196, stack(0x000000001b5d0000,0x000000001b6d0000)]
  0x000000001a9cb000 JavaThread "Incoming local TCP Connector on port 59212" [_thread_in_native, id=26776, stack(0x000000001b270000,0x000000001b370000)]
  0x000000001a8e7000 JavaThread "pool-1-thread-1" [_thread_blocked, id=27484, stack(0x000000001b170000,0x000000001b270000)]
  0x000000001903e000 JavaThread "Service Thread" daemon [_thread_blocked, id=27644, stack(0x00000000197a0000,0x00000000198a0000)]
  0x0000000018fa8000 JavaThread "C1 CompilerThread2" daemon [_thread_blocked, id=26680, stack(0x00000000196a0000,0x00000000197a0000)]
  0x0000000018fa4000 JavaThread "C2 CompilerThread1" daemon [_thread_in_native, id=26840, stack(0x00000000195a0000,0x00000000196a0000)]
=>0x0000000018fa1000 JavaThread "C2 CompilerThread0" daemon [_thread_in_native, id=27584, stack(0x00000000194a0000,0x00000000195a0000)]
  0x0000000017b9e000 JavaThread "Attach Listener" daemon [_thread_blocked, id=26220, stack(0x00000000193a0000,0x00000000194a0000)]
  0x0000000017b9b800 JavaThread "Signal Dispatcher" daemon [_thread_blocked, id=27548, stack(0x0000000018ea0000,0x0000000018fa0000)]
  0x0000000017b2a800 JavaThread "Finalizer" daemon [_thread_blocked, id=26868, stack(0x0000000018da0000,0x0000000018ea0000)]
  0x0000000002f10000 JavaThread "Reference Handler" daemon [_thread_blocked, id=26844, stack(0x0000000018ca0000,0x0000000018da0000)]
  0x0000000002e22800 JavaThread "main" [_thread_blocked, id=25800, stack(0x00000000028f0000,0x00000000029f0000)]

Other Threads:
  0x0000000017b08000 VMThread [stack: 0x0000000018ba0000,0x0000000018ca0000] [id=17344]
  0x000000001908f800 WatcherThread [stack: 0x00000000198a0000,0x00000000199a0000] [id=27596]

VM state:not at safepoint (normal execution)

VM Mutex/Monitor currently owned by a thread: None

Heap:
 PSYoungGen      total 38400K, used 36678K [0x00000000d5580000, 0x00000000d8000000, 0x0000000100000000)
  eden space 33280K, 94% used [0x00000000d5580000,0x00000000d74597b0,0x00000000d7600000)
  from space 5120K, 99% used [0x00000000d7b00000,0x00000000d7ff80d8,0x00000000d8000000)
  to   space 5120K, 0% used [0x00000000d7600000,0x00000000d7600000,0x00000000d7b00000)
 ParOldGen       total 87552K, used 1129K [0x0000000080000000, 0x0000000085580000, 0x00000000d5580000)
  object space 87552K, 1% used [0x0000000080000000,0x000000008011a468,0x0000000085580000)
 Metaspace       used 18578K, capacity 18940K, committed 19072K, reserved 1064960K
  class space    used 2507K, capacity 2620K, committed 2688K, reserved 1048576K

Card table byte_map: [0x00000000122e0000,0x00000000126f0000] byte_map_base: 0x0000000011ee0000

Marking Bits: (ParMarkBitMap*) 0x0000000061af0600
 Begin Bits: [0x0000000012da0000, 0x0000000014da0000)
 End Bits:   [0x0000000014da0000, 0x0000000016da0000)

Polling page: 0x0000000001140000

CodeCache: size=245760Kb used=5544Kb max_used=5544Kb free=240215Kb
 bounds [0x0000000002f20000, 0x0000000003490000, 0x0000000011f20000]
 total_blobs=2025 nmethods=1641 adapters=296
 compilation: enabled

Compilation events (10 events):
Event: 3.302 Thread 0x0000000018fa8000 1639       3       java.util.HashMap::remove (26 bytes)
Event: 3.302 Thread 0x0000000018fa8000 nmethod 1639 0x000000000348c050 code [0x000000000348c1e0, 0x000000000348c5f8]
Event: 3.304 Thread 0x0000000018fa8000 1641       3       sun.security.provider.MD5::FF (33 bytes)
Event: 3.305 Thread 0x0000000018fa8000 nmethod 1641 0x000000000348c750 code [0x000000000348c8a0, 0x000000000348ca10]
Event: 3.305 Thread 0x0000000018fa8000 1642       3       sun.security.provider.MD5::GG (33 bytes)
Event: 3.305 Thread 0x0000000018fa8000 nmethod 1642 0x000000000348ca90 code [0x000000000348cbe0, 0x000000000348cd50]
Event: 3.305 Thread 0x0000000018fa8000 1643       3       sun.security.provider.MD5::HH (29 bytes)
Event: 3.305 Thread 0x0000000018fa8000 nmethod 1643 0x000000000348cdd0 code [0x000000000348cf20, 0x000000000348d090]
Event: 3.305 Thread 0x0000000018fa8000 1644       3       sun.security.provider.MD5::II (31 bytes)
Event: 3.305 Thread 0x0000000018fa8000 nmethod 1644 0x000000000348d110 code [0x000000000348d260, 0x000000000348d3d0]

GC Heap History (4 events):
Event: 0.523 GC heap before
{Heap before GC invocations=1 (full 0):
 PSYoungGen      total 38400K, used 33280K [0x00000000d5580000, 0x00000000d8000000, 0x0000000100000000)
  eden space 33280K, 100% used [0x00000000d5580000,0x00000000d7600000,0x00000000d7600000)
  from space 5120K, 0% used [0x00000000d7b00000,0x00000000d7b00000,0x00000000d8000000)
  to   space 5120K, 0% used [0x00000000d7600000,0x00000000d7600000,0x00000000d7b00000)
 ParOldGen       total 87552K, used 0K [0x0000000080000000, 0x0000000085580000, 0x00000000d5580000)
  object space 87552K, 0% used [0x0000000080000000,0x0000000080000000,0x0000000085580000)
 Metaspace       used 6241K, capacity 6442K, committed 6528K, reserved 1056768K
  class space    used 801K, capacity 866K, committed 896K, reserved 1048576K
Event: 0.527 GC heap after
Heap after GC invocations=1 (full 0):
 PSYoungGen      total 38400K, used 4373K [0x00000000d5580000, 0x00000000d8000000, 0x0000000100000000)
  eden space 33280K, 0% used [0x00000000d5580000,0x00000000d5580000,0x00000000d7600000)
  from space 5120K, 85% used [0x00000000d7600000,0x00000000d7a456f8,0x00000000d7b00000)
  to   space 5120K, 0% used [0x00000000d7b00000,0x00000000d7b00000,0x00000000d8000000)
 ParOldGen       total 87552K, used 8K [0x0000000080000000, 0x0000000085580000, 0x00000000d5580000)
  object space 87552K, 0% used [0x0000000080000000,0x0000000080002000,0x0000000085580000)
 Metaspace       used 6241K, capacity 6442K, committed 6528K, reserved 1056768K
  class space    used 801K, capacity 866K, committed 896K, reserved 1048576K
}
Event: 1.699 GC heap before
{Heap before GC invocations=2 (full 0):
 PSYoungGen      total 38400K, used 37648K [0x00000000d5580000, 0x00000000d8000000, 0x0000000100000000)
  eden space 33280K, 99% used [0x00000000d5580000,0x00000000d75fea58,0x00000000d7600000)
  from space 5120K, 85% used [0x00000000d7600000,0x00000000d7a456f8,0x00000000d7b00000)
  to   space 5120K, 0% used [0x00000000d7b00000,0x00000000d7b00000,0x00000000d8000000)
 ParOldGen       total 87552K, used 8K [0x0000000080000000, 0x0000000085580000, 0x00000000d5580000)
  object space 87552K, 0% used [0x0000000080000000,0x0000000080002000,0x0000000085580000)
 Metaspace       used 12502K, capacity 12892K, committed 13184K, reserved 1060864K
  class space    used 1691K, capacity 1820K, committed 1920K, reserved 1048576K
Event: 1.707 GC heap after
Heap after GC invocations=2 (full 0):
 PSYoungGen      total 38400K, used 5088K [0x00000000d5580000, 0x00000000d8000000, 0x0000000100000000)
  eden space 33280K, 0% used [0x00000000d5580000,0x00000000d5580000,0x00000000d7600000)
  from space 5120K, 99% used [0x00000000d7b00000,0x00000000d7ff80d8,0x00000000d8000000)
  to   space 5120K, 0% used [0x00000000d7600000,0x00000000d7600000,0x00000000d7b00000)
 ParOldGen       total 87552K, used 1129K [0x0000000080000000, 0x0000000085580000, 0x00000000d5580000)
  object space 87552K, 1% used [0x0000000080000000,0x000000008011a468,0x0000000085580000)
 Metaspace       used 12502K, capacity 12892K, committed 13184K, reserved 1060864K
  class space    used 1691K, capacity 1820K, committed 1920K, reserved 1048576K
}

Deoptimization events (10 events):
Event: 1.964 Thread 0x000000001aa27000 Uncommon trap: reason=class_check action=maybe_recompile pc=0x000000000336cfb4 method=java.io.BufferedInputStream.read([BII)I @ 101
Event: 1.964 Thread 0x000000001aa27000 Uncommon trap: reason=class_check action=maybe_recompile pc=0x000000000336cfb4 method=java.io.BufferedInputStream.read([BII)I @ 101
Event: 2.951 Thread 0x000000001aa27000 Uncommon trap: reason=class_check action=maybe_recompile pc=0x0000000003152aa0 method=java.util.regex.Matcher.match(II)Z @ 86
Event: 2.952 Thread 0x000000001aa27000 Uncommon trap: reason=class_check action=maybe_recompile pc=0x0000000003152aa0 method=java.util.regex.Matcher.match(II)Z @ 86
Event: 3.014 Thread 0x000000001aa27000 Uncommon trap: reason=class_check action=maybe_recompile pc=0x00000000034253b4 method=org.gradle.internal.service.DefaultServiceRegistry$SingletonService.getService(Lorg/gradle/internal/service/DefaultServiceRegistry$LookupContext;Lorg/gradle/internal/serv
Event: 3.014 Thread 0x000000001aa27000 Uncommon trap: reason=class_check action=maybe_recompile pc=0x00000000034253b4 method=org.gradle.internal.service.DefaultServiceRegistry$SingletonService.getService(Lorg/gradle/internal/service/DefaultServiceRegistry$LookupContext;Lorg/gradle/internal/serv¯ÃÕâ@
Event: 3.014 Thread 0x000000001aa27000 Uncommon trap: reason=class_check action=maybe_recompile pc=0x00000000034253b4 method=org.gradle.internal.service.DefaultServiceRegistry$SingletonService.getService(Lorg/gradle/internal/service/DefaultServiceRegistry$LookupContext;Lorg/gradle/internal/servÑq»—ê@
Event: 3.014 Thread 0x000000001aa27000 Uncommon trap: reason=class_check action=maybe_recompile pc=0x00000000034253b4 method=org.gradle.internal.service.DefaultServiceRegistry$SingletonService.getService(Lorg/gradle/internal/service/DefaultServiceRegistry$LookupContext;Lorg/gradle/internal/servUŸUØxà	@
Event: 3.235 Thread 0x000000001aa27000 Uncommon trap: reason=unstable_if action=reinterpret pc=0x00000000031badec method=java.lang.AbstractStringBuilder.append(Ljava/lang/String;)Ljava/lang/AbstractStringBuilder; @ 1
Event: 3.235 Thread 0x000000001aa27000 Uncommon trap: reason=unstable_if action=reinterpret pc=0x0000000003146e58 method=java.lang.AbstractStringBuilder.append(Ljava/lang/String;)Ljava/lang/AbstractStringBuilder; @ 1

Internal exceptions (10 events):
Event: 2.662 Thread 0x000000001aa27000 Exception <a 'java/lang/ClassNotFoundException': java/lang/ObjectBeanInfo> (0x00000000d6349c88) thrown at [C:\re\workspace\8-2-build-windows-amd64-cygwin\jdk8u72\5732\hotspot\src\share\vm\classfile\systemDictionary.cpp, line 210]
Event: 2.662 Thread 0x000000001aa27000 Exception <a 'java/lang/ClassNotFoundException': java/lang/ObjectCustomizer> (0x00000000d634ed58) thrown at [C:\re\workspace\8-2-build-windows-amd64-cygwin\jdk8u72\5732\hotspot\src\share\vm\classfile\systemDictionary.cpp, line 210]
Event: 2.671 Thread 0x000000001aa27000 Exception <a 'java/lang/ClassNotFoundException': groovy/lang/MetaClassImplCustomizer> (0x00000000d6361748) thrown at [C:\re\workspace\8-2-build-windows-amd64-cygwin\jdk8u72\5732\hotspot\src\share\vm\classfile\systemDictionary.cpp, line 210]
Event: 2.674 Thread 0x000000001aa27000 Exception <a 'java/lang/ClassNotFoundException': groovy/lang/ExpandoMetaClassCustomizer> (0x00000000d6395588) thrown at [C:\re\workspace\8-2-build-windows-amd64-cygwin\jdk8u72\5732\hotspot\src\share\vm\classfile\systemDictionary.cpp, line 210]
Event: 2.685 Thread 0x000000001aa27000 Exception <a 'java/lang/ClassNotFoundException': org/gradle/api/internal/plugins/DefaultExtraPropertiesExtensionBeanInfo> (0x00000000d6415b18) thrown at [C:\re\workspace\8-2-build-windows-amd64-cygwin\jdk8u72\5732\hotspot\src\share\vm\classfile\systemDictiâQæ”©{@
Event: 2.685 Thread 0x000000001aa27000 Exception <a 'java/lang/ClassNotFoundException': groovy/lang/GroovyObjectSupportBeanInfo> (0x00000000d6421950) thrown at [C:\re\workspace\8-2-build-windows-amd64-cygwin\jdk8u72\5732\hotspot\src\share\vm\classfile\systemDictionary.cpp, line 210]
Event: 2.686 Thread 0x000000001aa27000 Exception <a 'java/lang/ClassNotFoundException': groovy/lang/GroovyObjectSupportCustomizer> (0x00000000d642db10) thrown at [C:\re\workspace\8-2-build-windows-amd64-cygwin\jdk8u72\5732\hotspot\src\share\vm\classfile\systemDictionary.cpp, line 210]
Event: 2.686 Thread 0x000000001aa27000 Exception <a 'java/lang/ClassNotFoundException': org/gradle/api/internal/plugins/DefaultExtraPropertiesExtensionCustomizer> (0x00000000d6443f50) thrown at [C:\re\workspace\8-2-build-windows-amd64-cygwin\jdk8u72\5732\hotspot\src\share\vm\classfile\systemDicÂ³üÅpà	@
Event: 3.235 Thread 0x000000001aa27000 Implicit null exception at 0x00000000031baa96 to 0x00000000031badd5
Event: 3.235 Thread 0x000000001aa27000 Implicit null exception at 0x0000000003146b16 to 0x0000000003146e41

Events (10 events):
Event: 3.308 loading class com/google/common/collect/HashMultiset
Event: 3.308 loading class com/google/common/collect/HashMultiset done
Event: 3.308 loading class com/google/common/collect/AbstractMapBasedMultiset
Event: 3.308 loading class com/google/common/collect/AbstractMapBasedMultiset done
Event: 3.309 loading class com/google/common/collect/AbstractMultiset
Event: 3.309 loading class com/google/common/collect/AbstractMultiset done
Event: 3.310 loading class com/google/common/collect/Multisets
Event: 3.310 loading class com/google/common/collect/Multisets done
Event: 3.311 loading class com/google/common/collect/SortedMultiset
Event: 3.311 loading class com/google/common/collect/SortedMultiset done


Dynamic libraries:
0x00007ff71d980000 - 0x00007ff71d9b7000 	C:\Program Files\Java\jdk1.8.0_72\bin\java.exe
0x00007fffcf5c0000 - 0x00007fffcf781000 	C:\WINDOWS\SYSTEM32\ntdll.dll
0x00007fffcd080000 - 0x00007fffcd12d000 	C:\WINDOWS\system32\KERNEL32.DLL
0x00007fffcc720000 - 0x00007fffcc908000 	C:\WINDOWS\system32\KERNELBASE.dll
0x00007fffcd130000 - 0x00007fffcd1d7000 	C:\WINDOWS\system32\ADVAPI32.dll
0x00007fffcec30000 - 0x00007fffceccd000 	C:\WINDOWS\system32\msvcrt.dll
0x00007fffce960000 - 0x00007fffce9bb000 	C:\WINDOWS\system32\sechost.dll
0x00007fffccf60000 - 0x00007fffcd07c000 	C:\WINDOWS\system32\RPCRT4.dll
0x00007fffcccf0000 - 0x00007fffcce46000 	C:\WINDOWS\system32\USER32.dll
0x00007fffcf420000 - 0x00007fffcf5a6000 	C:\WINDOWS\system32\GDI32.dll
0x00007fffc6080000 - 0x00007fffc62f4000 	C:\WINDOWS\WinSxS\amd64_microsoft.windows.common-controls_6595b64144ccf1df_6.0.10586.672_none_a2d6b3cea53ff843\COMCTL32.dll
0x00007fffcc9c0000 - 0x00007fffccc3d000 	C:\WINDOWS\system32\combase.dll
0x00007fffcbe90000 - 0x00007fffcbefa000 	C:\WINDOWS\system32\bcryptPrimitives.dll
0x00007fffcebf0000 - 0x00007fffcec2b000 	C:\WINDOWS\system32\IMM32.DLL
0x0000000061b70000 - 0x0000000061c42000 	C:\Program Files\Java\jdk1.8.0_72\jre\bin\msvcr100.dll
0x00000000612e0000 - 0x0000000061b70000 	C:\Program Files\Java\jdk1.8.0_72\jre\bin\server\jvm.dll
0x00007fffcf410000 - 0x00007fffcf418000 	C:\WINDOWS\system32\PSAPI.DLL
0x00007fffc96d0000 - 0x00007fffc96d9000 	C:\WINDOWS\SYSTEM32\WSOCK32.dll
0x00007fffbfd70000 - 0x00007fffbfd7a000 	C:\WINDOWS\SYSTEM32\VERSION.dll
0x00007fffca0e0000 - 0x00007fffca103000 	C:\WINDOWS\SYSTEM32\WINMM.dll
0x00007fffceb80000 - 0x00007fffcebeb000 	C:\WINDOWS\system32\WS2_32.dll
0x00007fffc9e90000 - 0x00007fffc9ebc000 	C:\WINDOWS\SYSTEM32\WINMMBASE.dll
0x00007fffcc910000 - 0x00007fffcc953000 	C:\WINDOWS\system32\cfgmgr32.dll
0x00000000628a0000 - 0x00000000628af000 	C:\Program Files\Java\jdk1.8.0_72\jre\bin\verify.dll
0x0000000062870000 - 0x0000000062899000 	C:\Program Files\Java\jdk1.8.0_72\jre\bin\java.dll
0x0000000062850000 - 0x0000000062866000 	C:\Program Files\Java\jdk1.8.0_72\jre\bin\zip.dll
0x00007fffcd2b0000 - 0x00007fffce80c000 	C:\WINDOWS\system32\SHELL32.dll
0x00007fffcc0d0000 - 0x00007fffcc715000 	C:\WINDOWS\system32\windows.storage.dll
0x00007fffcee90000 - 0x00007fffceee2000 	C:\WINDOWS\system32\shlwapi.dll
0x00007fffcbc60000 - 0x00007fffcbc6f000 	C:\WINDOWS\system32\kernel.appcore.dll
0x00007fffcbc70000 - 0x00007fffcbd25000 	C:\WINDOWS\system32\shcore.dll
0x00007fffcbbe0000 - 0x00007fffcbc2b000 	C:\WINDOWS\system32\powrprof.dll
0x00007fffcbc40000 - 0x00007fffcbc54000 	C:\WINDOWS\system32\profapi.dll
0x0000000062830000 - 0x000000006284a000 	C:\Program Files\Java\jdk1.8.0_72\jre\bin\net.dll
0x00007fffcb480000 - 0x00007fffcb4dc000 	C:\WINDOWS\system32\mswsock.dll
0x00000000612c0000 - 0x00000000612d1000 	C:\Program Files\Java\jdk1.8.0_72\jre\bin\nio.dll
0x00007fffc01c0000 - 0x00007fffc01d2000 	C:\Users\yuandl\.gradle\native\19\windows-amd64\native-platform.dll
0x00007fffcb530000 - 0x00007fffcb547000 	C:\WINDOWS\SYSTEM32\CRYPTSP.dll
0x00007fffcb1c0000 - 0x00007fffcb1f4000 	C:\WINDOWS\system32\rsaenh.dll
0x00007fffcbb20000 - 0x00007fffcbb49000 	C:\WINDOWS\SYSTEM32\bcrypt.dll
0x00007fffcb310000 - 0x00007fffcb32f000 	C:\WINDOWS\SYSTEM32\USERENV.dll
0x00007fffcb650000 - 0x00007fffcb65b000 	C:\WINDOWS\SYSTEM32\CRYPTBASE.dll
0x00007fffc9430000 - 0x00007fffc9468000 	C:\WINDOWS\SYSTEM32\IPHLPAPI.DLL
0x00007fffcf5b0000 - 0x00007fffcf5b8000 	C:\WINDOWS\system32\NSI.dll
0x00007fffc93f0000 - 0x00007fffc9406000 	C:\WINDOWS\SYSTEM32\dhcpcsvc6.DLL
0x00007fffc9340000 - 0x00007fffc935a000 	C:\WINDOWS\SYSTEM32\dhcpcsvc.DLL
0x00000000612b0000 - 0x00000000612bd000 	C:\Program Files\Java\jdk1.8.0_72\jre\bin\management.dll

VM Arguments:
jvm_args: -XX:MaxPermSize=512m -Xmx2048m -Dfile.encoding=GBK -Duser.country=CN -Duser.language=zh -Duser.variant 
java_command: org.gradle.launcher.daemon.bootstrap.GradleDaemon 2.14.1
java_class_path (initial): C:\Users\yuandl\.gradle\wrapper\dists\gradle-2.14.1-all\8bnwg5hd3w55iofp58khbp6yv\gradle-2.14.1\lib\gradle-launcher-2.14.1.jar
Launcher Type: SUN_STANDARD

Environment Variables:
JAVA_HOME=C:\Program Files\Java\jdk1.8.0_72
CLASSPATH=E:\kejiang\git\GitHub\AndroidFastDevFrame\\gradle\wrapper\gradle-wrapper.jar
PATH=D:\oracle\product\10.2.0\client_1\bin;D:\oracle\product\10.2.0\db_1\bin;E:\kejiang\Android\sdk\platform-tools;C:\ProgramData\Oracle\Java\javapath;C:\Program Files (x86)\Common Files\NetSarang;C:\Windows\system32;C:\Windows;C:\Windows\System32\Wbem;C:\Windows\System32\WindowsPowerShell\v1.0\;C:\Program Files\Java\jdk1.7.0_60\bin;C:\Program Files\Java\jdk1.7.0_60\jre\bin;D:\Program Files\MySQL\MySQL Server 5.5\bin;E:\Framework\play\play-2.2.6;D:\Software\apache-maven-3.3.1\bin;C:\WINDOWS\system32;C:\WINDOWS;C:\WINDOWS\System32\Wbem;C:\WINDOWS\System32\WindowsPowerShell\v1.0\;C:\Program Files\TortoiseSVN\bin;C:\Program Files\Git\cmd;C:\Program Files\TortoiseGit\bin;C:\Program Files\MySQL\MySQL Utilities 1.6\
USERNAME=yuandl
OS=Windows_NT
PROCESSOR_IDENTIFIER=Intel64 Family 6 Model 60 Stepping 3, GenuineIntel



---------------  S Y S T E M  ---------------

OS: Windows 10.0 , 64 bit Build 10586 (10.0.10586.589)

CPU:total 4 (2 cores per cpu, 2 threads per core) family 6 model 60 stepping 3, cmov, cx8, fxsr, mmx, sse, sse2, sse3, ssse3, sse4.1, sse4.2, popcnt, avx, avx2, aes, clmul, erms, lzcnt, ht, tsc, tscinvbit, bmi1, bmi2

Memory: 4k page, physical 8305276k(1476244k free), swap 8305276k(6816k free)

vm_info: Java HotSpot(TM) 64-Bit Server VM (25.72-b15) for windows-amd64 JRE (1.8.0_72-b15), built on Dec 22 2015 19:16:16 by "java_re" with MS VC++ 10.0 (VS2010)

time: Wed Feb 22 16:32:32 2017
elapsed time: 3 seconds (0d 0h 0m 3s)

