#
# There is insufficient memory for the Java Runtime Environment to continue.
# Native memory allocation (malloc) failed to allocate 287376 bytes for Chunk::new
# Possible reasons:
#   The system is out of physical RAM or swap space
#   In 32 bit mode, the process size limit was hit
# Possible solutions:
#   Reduce memory load on the system
#   Increase physical memory or swap space
#   Check if swap backing store is full
#   Use 64 bit Java on a 64 bit OS
#   Decrease Java heap size (-Xmx/-Xms)
#   Decrease number of Java threads
#   Decrease Java thread stack sizes (-Xss)
#   Set larger code cache with -XX:ReservedCodeCacheSize=
# This output file may be truncated or incomplete.
#
#  Out of Memory Error (allocation.cpp:390), pid=24692, tid=24640
#
# JRE version: Java(TM) SE Runtime Environment (8.0_72-b15) (build 1.8.0_72-b15)
# Java VM: Java HotSpot(TM) 64-Bit Server VM (25.72-b15 mixed mode windows-amd64 compressed oops)
# Failed to write core dump. Minidumps are not enabled by default on client versions of Windows
#

---------------  T H R E A D  ---------------

Current thread (0x0000000017e5b000):  JavaThread "C2 CompilerThread0" daemon [_thread_in_native, id=24640, stack(0x0000000019370000,0x0000000019470000)]

Stack: [0x0000000019370000,0x0000000019470000]
[error occurred during error reporting (printing stack bounds), id 0xc0000005]

Native frames: (J=compiled Java code, j=interpreted, Vv=VM code, C=native code)


Current CompileTask:
C2:   2132 1379       4       com.sun.tools.javac.file.JavacFileManager::inferBinaryName (53 bytes)


---------------  P R O C E S S  ---------------

Java Threads: ( => current thread )
  0x00000000194f8000 JavaThread "Service Thread" daemon [_thread_blocked, id=27364, stack(0x0000000019a70000,0x0000000019b70000)]
  0x0000000019482000 JavaThread "C1 CompilerThread2" daemon [_thread_blocked, id=27280, stack(0x0000000019970000,0x0000000019a70000)]
  0x0000000019471000 JavaThread "C2 CompilerThread1" daemon [_thread_in_native, id=24300, stack(0x0000000019870000,0x0000000019970000)]
=>0x0000000017e5b000 JavaThread "C2 CompilerThread0" daemon [_thread_in_native, id=24640, stack(0x0000000019370000,0x0000000019470000)]
  0x0000000017e59000 JavaThread "Attach Listener" daemon [_thread_blocked, id=24948, stack(0x0000000019270000,0x0000000019370000)]
  0x0000000017e0e800 JavaThread "Signal Dispatcher" daemon [_thread_blocked, id=24888, stack(0x0000000019170000,0x0000000019270000)]
  0x0000000017dea800 JavaThread "Finalizer" daemon [_thread_blocked, id=24884, stack(0x0000000019070000,0x0000000019170000)]
  0x0000000003280000 JavaThread "Reference Handler" daemon [_thread_blocked, id=24868, stack(0x0000000018f70000,0x0000000019070000)]
  0x0000000003191000 JavaThread "main" [_thread_in_Java, id=24704, stack(0x0000000003090000,0x0000000003190000)]

Other Threads:
  0x0000000017dc8000 VMThread [stack: 0x0000000018e70000,0x0000000018f70000] [id=24860]
  0x0000000019548000 WatcherThread [stack: 0x0000000019b70000,0x0000000019c70000] [id=24076]

VM state:not at safepoint (normal execution)

VM Mutex/Monitor currently owned by a thread: None

Heap:
 PSYoungGen      total 17920K, used 10187K [0x00000000d5c00000, 0x00000000d7680000, 0x0000000100000000)
  eden space 13312K, 42% used [0x00000000d5c00000,0x00000000d6178f38,0x00000000d6900000)
  from space 4608K, 99% used [0x00000000d6900000,0x00000000d6d7a018,0x00000000d6d80000)
  to   space 6144K, 0% used [0x00000000d7080000,0x00000000d7080000,0x00000000d7680000)
 ParOldGen       total 14336K, used 11837K [0x0000000081400000, 0x0000000082200000, 0x00000000d5c00000)
  object space 14336K, 82% used [0x0000000081400000,0x0000000081f8f6c0,0x0000000082200000)
 Metaspace       used 9207K, capacity 9344K, committed 9600K, reserved 1058816K
  class space    used 1045K, capacity 1076K, committed 1152K, reserved 1048576K

Card table byte_map: [0x0000000012650000,0x0000000012a50000] byte_map_base: 0x0000000012246000

Marking Bits: (ParMarkBitMap*) 0x000000006bc00600
 Begin Bits: [0x0000000013100000, 0x00000000150b0000)
 End Bits:   [0x00000000150b0000, 0x0000000017060000)

Polling page: 0x00000000013f0000

CodeCache: size=245760Kb used=5912Kb max_used=5912Kb free=239847Kb
 bounds [0x0000000003290000, 0x0000000003860000, 0x0000000012290000]
 total_blobs=1693 nmethods=1388 adapters=215
 compilation: enabled

Compilation events (10 events):
Event: 2.126 Thread 0x0000000019482000 nmethod 1390 0x0000000003849750 code [0x00000000038498a0, 0x00000000038499b0]
Event: 2.127 Thread 0x0000000019482000 1391       3       com.sun.tools.javac.code.Symbol::baseSymbol (2 bytes)
Event: 2.127 Thread 0x0000000019482000 nmethod 1391 0x000000000384ed50 code [0x000000000384eea0, 0x000000000384eff0]
Event: 2.127 Thread 0x0000000019482000 1392       3       com.sun.tools.javac.comp.Resolve$ResolveError::access (29 bytes)
Event: 2.127 Thread 0x0000000019482000 nmethod 1392 0x0000000003854b90 code [0x0000000003854d20, 0x00000000038550f8]
Event: 2.127 Thread 0x0000000019482000 1393       3       com.sun.tools.javac.comp.Resolve$6::getArgumentTypes (3 bytes)
Event: 2.127 Thread 0x0000000019482000 nmethod 1393 0x000000000384e9d0 code [0x000000000384eb20, 0x000000000384ec70]
Event: 2.127 Thread 0x0000000019482000 1394       3       com.sun.tools.javac.comp.Resolve$6::resolveDiagnosticNeeded (13 bytes)
Event: 2.128 Thread 0x0000000019482000 nmethod 1394 0x00000000038546d0 code [0x0000000003854840, 0x0000000003854aa8]
Event: 2.128 Thread 0x0000000019482000 1395       3       com.sun.tools.javac.comp.Resolve$SymbolNotFoundError::getDiagnostic (517 bytes)

GC Heap History (10 events):
Event: 1.408 GC heap before
{Heap before GC invocations=10 (full 0):
 PSYoungGen      total 7168K, used 6217K [0x00000000d5c00000, 0x00000000d6a00000, 0x0000000100000000)
  eden space 5632K, 83% used [0x00000000d5c00000,0x00000000d6096080,0x00000000d6180000)
  from space 1536K, 99% used [0x00000000d6180000,0x00000000d62fc410,0x00000000d6300000)
  to   space 2560K, 0% used [0x00000000d6780000,0x00000000d6780000,0x00000000d6a00000)
 ParOldGen       total 5632K, used 3087K [0x0000000081400000, 0x0000000081980000, 0x00000000d5c00000)
  object space 5632K, 54% used [0x0000000081400000,0x0000000081703e80,0x0000000081980000)
 Metaspace       used 8382K, capacity 8672K, committed 8832K, reserved 1056768K
  class space    used 992K, capacity 1044K, committed 1152K, reserved 1048576K
Event: 1.412 GC heap after
Heap after GC invocations=10 (full 0):
 PSYoungGen      total 11776K, used 2248K [0x00000000d5c00000, 0x00000000d6a00000, 0x0000000100000000)
  eden space 9216K, 0% used [0x00000000d5c00000,0x00000000d5c00000,0x00000000d6500000)
  from space 2560K, 87% used [0x00000000d6780000,0x00000000d69b2110,0x00000000d6a00000)
  to   space 2560K, 0% used [0x00000000d6500000,0x00000000d6500000,0x00000000d6780000)
 ParOldGen       total 5632K, used 3911K [0x0000000081400000, 0x0000000081980000, 0x00000000d5c00000)
  object space 5632K, 69% used [0x0000000081400000,0x00000000817d1c78,0x0000000081980000)
 Metaspace       used 8382K, capacity 8672K, committed 8832K, reserved 1056768K
  class space    used 992K, capacity 1044K, committed 1152K, reserved 1048576K
}
Event: 1.513 GC heap before
{Heap before GC invocations=11 (full 0):
 PSYoungGen      total 11776K, used 11464K [0x00000000d5c00000, 0x00000000d6a00000, 0x0000000100000000)
  eden space 9216K, 100% used [0x00000000d5c00000,0x00000000d6500000,0x00000000d6500000)
  from space 2560K, 87% used [0x00000000d6780000,0x00000000d69b2110,0x00000000d6a00000)
  to   space 2560K, 0% used [0x00000000d6500000,0x00000000d6500000,0x00000000d6780000)
 ParOldGen       total 5632K, used 3911K [0x0000000081400000, 0x0000000081980000, 0x00000000d5c00000)
  object space 5632K, 69% used [0x0000000081400000,0x00000000817d1c78,0x0000000081980000)
 Metaspace       used 8404K, capacity 8736K, committed 9088K, reserved 1056768K
  class space    used 993K, capacity 1044K, committed 1152K, reserved 1048576K
Event: 1.522 GC heap after
Heap after GC invocations=11 (full 0):
 PSYoungGen      total 11776K, used 2538K [0x00000000d5c00000, 0x00000000d7380000, 0x0000000100000000)
  eden space 9216K, 0% used [0x00000000d5c00000,0x00000000d5c00000,0x00000000d6500000)
  from space 2560K, 99% used [0x00000000d6500000,0x00000000d677a860,0x00000000d6780000)
  to   space 4608K, 0% used [0x00000000d6f00000,0x00000000d6f00000,0x00000000d7380000)
 ParOldGen       total 9216K, used 8447K [0x0000000081400000, 0x0000000081d00000, 0x00000000d5c00000)
  object space 9216K, 91% used [0x0000000081400000,0x0000000081c3fd28,0x0000000081d00000)
 Metaspace       used 8404K, capacity 8736K, committed 9088K, reserved 1056768K
  class space    used 993K, capacity 1044K, committed 1152K, reserved 1048576K
}
Event: 1.522 GC heap before
{Heap before GC invocations=12 (full 1):
 PSYoungGen      total 11776K, used 2538K [0x00000000d5c00000, 0x00000000d7380000, 0x0000000100000000)
  eden space 9216K, 0% used [0x00000000d5c00000,0x00000000d5c00000,0x00000000d6500000)
  from space 2560K, 99% used [0x00000000d6500000,0x00000000d677a860,0x00000000d6780000)
  to   space 4608K, 0% used [0x00000000d6f00000,0x00000000d6f00000,0x00000000d7380000)
 ParOldGen       total 9216K, used 8447K [0x0000000081400000, 0x0000000081d00000, 0x00000000d5c00000)
  object space 9216K, 91% used [0x0000000081400000,0x0000000081c3fd28,0x0000000081d00000)
 Metaspace       used 8404K, capacity 8736K, committed 9088K, reserved 1056768K
  class space    used 993K, capacity 1044K, committed 1152K, reserved 1048576K
Event: 1.601 GC heap after
Heap after GC invocations=12 (full 1):
 PSYoungGen      total 11776K, used 1512K [0x00000000d5c00000, 0x00000000d7380000, 0x0000000100000000)
  eden space 9216K, 0% used [0x00000000d5c00000,0x00000000d5c00000,0x00000000d6500000)
  from space 2560K, 59% used [0x00000000d6500000,0x00000000d667a110,0x00000000d6780000)
  to   space 4608K, 0% used [0x00000000d6f00000,0x00000000d6f00000,0x00000000d7380000)
 ParOldGen       total 14336K, used 9205K [0x0000000081400000, 0x0000000082200000, 0x00000000d5c00000)
  object space 14336K, 64% used [0x0000000081400000,0x0000000081cfd4e8,0x0000000082200000)
 Metaspace       used 8404K, capacity 8736K, committed 9088K, reserved 1056768K
  class space    used 993K, capacity 1044K, committed 1152K, reserved 1048576K
}
Event: 1.709 GC heap before
{Heap before GC invocations=13 (full 1):
 PSYoungGen      total 11776K, used 10728K [0x00000000d5c00000, 0x00000000d7380000, 0x0000000100000000)
  eden space 9216K, 100% used [0x00000000d5c00000,0x00000000d6500000,0x00000000d6500000)
  from space 2560K, 59% used [0x00000000d6500000,0x00000000d667a110,0x00000000d6780000)
  to   space 4608K, 0% used [0x00000000d6f00000,0x00000000d6f00000,0x00000000d7380000)
 ParOldGen       total 14336K, used 9205K [0x0000000081400000, 0x0000000082200000, 0x00000000d5c00000)
  object space 14336K, 64% used [0x0000000081400000,0x0000000081cfd4e8,0x0000000082200000)
 Metaspace       used 8642K, capacity 8928K, committed 9088K, reserved 1056768K
  class space    used 1009K, capacity 1044K, committed 1152K, reserved 1048576K
Event: 1.717 GC heap after
Heap after GC invocations=13 (full 1):
 PSYoungGen      total 14848K, used 2692K [0x00000000d5c00000, 0x00000000d7200000, 0x0000000100000000)
  eden space 11776K, 0% used [0x00000000d5c00000,0x00000000d5c00000,0x00000000d6780000)
  from space 3072K, 87% used [0x00000000d6f00000,0x00000000d71a10e8,0x00000000d7200000)
  to   space 4608K, 0% used [0x00000000d6900000,0x00000000d6900000,0x00000000d6d80000)
 ParOldGen       total 14336K, used 10747K [0x0000000081400000, 0x0000000082200000, 0x00000000d5c00000)
  object space 14336K, 74% used [0x0000000081400000,0x0000000081e7ec88,0x0000000082200000)
 Metaspace       used 8642K, capacity 8928K, committed 9088K, reserved 1056768K
  class space    used 1009K, capacity 1044K, committed 1152K, reserved 1048576K
}
Event: 2.053 GC heap before
{Heap before GC invocations=14 (full 1):
 PSYoungGen      total 14848K, used 14468K [0x00000000d5c00000, 0x00000000d7200000, 0x0000000100000000)
  eden space 11776K, 100% used [0x00000000d5c00000,0x00000000d6780000,0x00000000d6780000)
  from space 3072K, 87% used [0x00000000d6f00000,0x00000000d71a10e8,0x00000000d7200000)
  to   space 4608K, 0% used [0x00000000d6900000,0x00000000d6900000,0x00000000d6d80000)
 ParOldGen       total 14336K, used 10747K [0x0000000081400000, 0x0000000082200000, 0x00000000d5c00000)
  object space 14336K, 74% used [0x0000000081400000,0x0000000081e7ec88,0x0000000082200000)
 Metaspace       used 9144K, capacity 9280K, committed 9600K, reserved 1058816K
  class space    used 1042K, capacity 1076K, committed 1152K, reserved 1048576K
Event: 2.062 GC heap after
Heap after GC invocations=14 (full 1):
 PSYoungGen      total 17920K, used 4584K [0x00000000d5c00000, 0x00000000d7680000, 0x0000000100000000)
  eden space 13312K, 0% used [0x00000000d5c00000,0x00000000d5c00000,0x00000000d6900000)
  from space 4608K, 99% used [0x00000000d6900000,0x00000000d6d7a018,0x00000000d6d80000)
  to   space 6144K, 0% used [0x00000000d7080000,0x00000000d7080000,0x00000000d7680000)
 ParOldGen       total 14336K, used 11837K [0x0000000081400000, 0x0000000082200000, 0x00000000d5c00000)
  object space 14336K, 82% used [0x0000000081400000,0x0000000081f8f6c0,0x0000000082200000)
 Metaspace       used 9144K, capacity 9280K, committed 9600K, reserved 1058816K
  class space    used 1042K, capacity 1076K, committed 1152K, reserved 1048576K
}

Deoptimization events (10 events):
Event: 1.035 Thread 0x0000000003191000 Uncommon trap: reason=unstable_if action=reinterpret pc=0x00000000034833ec method=sun.text.UCompactIntArray.setElementAt(II)V @ 25
Event: 1.157 Thread 0x0000000003191000 Uncommon trap: reason=unstable_if action=reinterpret pc=0x00000000033f7b40 method=java.lang.CharacterData.of(I)Ljava/lang/CharacterData; @ 4
Event: 1.230 Thread 0x0000000003191000 Uncommon trap: reason=unstable_if action=reinterpret pc=0x00000000034b0b8c method=com.sun.tools.javac.util.ArrayUtils.ensureCapacity([CI)[C @ 3
Event: 1.239 Thread 0x0000000003191000 Uncommon trap: reason=unstable_if action=reinterpret pc=0x000000000350f044 method=com.sun.tools.javac.util.Name$Table.equals([BI[BII)Z @ 22
Event: 1.251 Thread 0x0000000003191000 Uncommon trap: reason=unstable_if action=reinterpret pc=0x00000000034d4d70 method=com.sun.tools.javac.util.Name$Table.equals([BI[BII)Z @ 22
Event: 1.268 Thread 0x0000000003191000 Uncommon trap: reason=unstable_if action=reinterpret pc=0x000000000355c3ac method=com.sun.tools.javac.parser.UnicodeReader.scanChar()V @ 37
Event: 1.279 Thread 0x0000000003191000 Uncommon trap: reason=unstable_if action=reinterpret pc=0x00000000034b2508 method=com.sun.tools.javac.parser.UnicodeReader.scanChar()V @ 37
Event: 1.280 Thread 0x0000000003191000 Uncommon trap: reason=unstable_if action=reinterpret pc=0x000000000357a054 method=com.sun.tools.javac.parser.UnicodeReader.scanChar()V @ 37
Event: 1.755 Thread 0x0000000003191000 Uncommon trap: reason=unstable_if action=reinterpret pc=0x00000000036d8c18 method=com.sun.tools.javac.util.ArrayUtils.ensureCapacity([BI)[B @ 3
Event: 2.027 Thread 0x0000000003191000 Uncommon trap: reason=unloaded action=reinterpret pc=0x00000000037824f8 method=com.sun.tools.javac.jvm.ClassReader.readPool(I)Ljava/lang/Object; @ 436

Internal exceptions (10 events):
Event: 0.027 Thread 0x0000000003191000 Exception <a 'java/lang/NoSuchMethodError': Method sun.misc.Unsafe.defineClass(Ljava/lang/String;[BII)Ljava/lang/Class; name or signature does not match> (0x00000000d5c07cd8) thrown at [C:\re\workspace\8-2-build-windows-amd64-cygwin\jdk8u72\5732\hotspot\srà)M¥Î{›?
Event: 0.027 Thread 0x0000000003191000 Exception <a 'java/lang/NoSuchMethodError': Method sun.misc.Unsafe.prefetchRead(Ljava/lang/Object;J)V name or signature does not match> (0x00000000d5c07fc0) thrown at [C:\re\workspace\8-2-build-windows-amd64-cygwin\jdk8u72\5732\hotspot\src\share\vm\prims\jè#,ÓSbÊ?
Event: 0.206 Thread 0x0000000003191000 Exception <a 'java/security/PrivilegedActionException'> (0x00000000d5d3c588) thrown at [C:\re\workspace\8-2-build-windows-amd64-cygwin\jdk8u72\5732\hotspot\src\share\vm\prims\jvm.cpp, line 1386]
Event: 0.206 Thread 0x0000000003191000 Exception <a 'java/security/PrivilegedActionException'> (0x00000000d5d3c980) thrown at [C:\re\workspace\8-2-build-windows-amd64-cygwin\jdk8u72\5732\hotspot\src\share\vm\prims\jvm.cpp, line 1386]
Event: 0.207 Thread 0x0000000003191000 Exception <a 'java/security/PrivilegedActionException'> (0x00000000d5d409b0) thrown at [C:\re\workspace\8-2-build-windows-amd64-cygwin\jdk8u72\5732\hotspot\src\share\vm\prims\jvm.cpp, line 1386]
Event: 0.207 Thread 0x0000000003191000 Exception <a 'java/security/PrivilegedActionException'> (0x00000000d5d40da8) thrown at [C:\re\workspace\8-2-build-windows-amd64-cygwin\jdk8u72\5732\hotspot\src\share\vm\prims\jvm.cpp, line 1386]
Event: 0.211 Thread 0x0000000003191000 Exception <a 'java/security/PrivilegedActionException'> (0x00000000d5d76538) thrown at [C:\re\workspace\8-2-build-windows-amd64-cygwin\jdk8u72\5732\hotspot\src\share\vm\prims\jvm.cpp, line 1386]
Event: 0.211 Thread 0x0000000003191000 Exception <a 'java/security/PrivilegedActionException'> (0x00000000d5d76930) thrown at [C:\re\workspace\8-2-build-windows-amd64-cygwin\jdk8u72\5732\hotspot\src\share\vm\prims\jvm.cpp, line 1386]
Event: 1.455 Thread 0x0000000003191000 Exception <a 'java/io/FileNotFoundException'> (0x00000000d61cb420) thrown at [C:\re\workspace\8-2-build-windows-amd64-cygwin\jdk8u72\5732\hotspot\src\share\vm\prims\jni.cpp, line 709]
Event: 1.496 Thread 0x0000000003191000 Exception <a 'java/io/FileNotFoundException'> (0x00000000d61ff338) thrown at [C:\re\workspace\8-2-build-windows-amd64-cygwin\jdk8u72\5732\hotspot\src\share\vm\prims\jni.cpp, line 709]

Events (10 events):
Event: 1.981 loading class com/sun/tools/javac/comp/MemberEnter$4 done
Event: 2.027 Thread 0x0000000003191000 Uncommon trap: trap_request=0x0000030b fr.pc=0x00000000037824f8
Event: 2.027 Thread 0x0000000003191000 DEOPT PACKING pc=0x00000000037824f8 sp=0x000000000318d870
Event: 2.027 Thread 0x0000000003191000 DEOPT UNPACKING pc=0x00000000032d582a sp=0x000000000318d888 mode 2
Event: 2.053 Executing VM operation: ParallelGCFailedAllocation
Event: 2.062 Executing VM operation: ParallelGCFailedAllocation done
Event: 2.068 loading class com/sun/tools/javac/code/Types$Subst
Event: 2.068 loading class com/sun/tools/javac/code/Types$Subst done
Event: 2.130 loading class com/sun/tools/javac/comp/Check$7
Event: 2.130 loading class com/sun/tools/javac/comp/Check$7 done


Dynamic libraries:
0x00007ff6c49c0000 - 0x00007ff6c49c7000 	C:\Program Files\Java\jdk1.8.0_72\bin\javadoc.exe
0x00007ffa2ad70000 - 0x00007ffa2af31000 	C:\WINDOWS\SYSTEM32\ntdll.dll
0x00007ffa29080000 - 0x00007ffa2912d000 	C:\WINDOWS\system32\KERNEL32.DLL
0x00007ffa27a70000 - 0x00007ffa27c58000 	C:\WINDOWS\system32\KERNELBASE.dll
0x000000006b310000 - 0x000000006b3e2000 	C:\Program Files\Java\jdk1.8.0_72\bin\MSVCR100.dll
0x000000006c8b0000 - 0x000000006c8df000 	C:\Program Files\Java\jdk1.8.0_72\bin\jli.dll
0x00007ffa28ea0000 - 0x00007ffa28f47000 	C:\WINDOWS\system32\ADVAPI32.dll
0x00007ffa28ae0000 - 0x00007ffa28b7d000 	C:\WINDOWS\system32\msvcrt.dll
0x00007ffa292e0000 - 0x00007ffa2933b000 	C:\WINDOWS\system32\sechost.dll
0x00007ffa28f60000 - 0x00007ffa2907c000 	C:\WINDOWS\system32\RPCRT4.dll
0x00007ffa286f0000 - 0x00007ffa28846000 	C:\WINDOWS\system32\USER32.dll
0x00007ffa29680000 - 0x00007ffa29806000 	C:\WINDOWS\system32\GDI32.dll
0x00007ffa22af0000 - 0x00007ffa22d64000 	C:\WINDOWS\WinSxS\amd64_microsoft.windows.common-controls_6595b64144ccf1df_6.0.10586.494_none_a2d8b04ea53e3145\COMCTL32.dll
0x00007ffa28b90000 - 0x00007ffa28e0d000 	C:\WINDOWS\system32\combase.dll
0x00007ffa27c60000 - 0x00007ffa27cca000 	C:\WINDOWS\system32\bcryptPrimitives.dll
0x00007ffa28960000 - 0x00007ffa2899b000 	C:\WINDOWS\system32\IMM32.DLL
0x000000006c8e0000 - 0x000000006c9b2000 	C:\Program Files\Java\jdk1.8.0_72\jre\bin\msvcr100.dll
0x000000006b3f0000 - 0x000000006bc80000 	C:\Program Files\Java\jdk1.8.0_72\jre\bin\server\jvm.dll
0x00007ffa29670000 - 0x00007ffa29678000 	C:\WINDOWS\system32\PSAPI.DLL
0x00007ffa1c270000 - 0x00007ffa1c279000 	C:\WINDOWS\SYSTEM32\WSOCK32.dll
0x00007ffa25580000 - 0x00007ffa255a3000 	C:\WINDOWS\SYSTEM32\WINMM.dll
0x00007ffa1aee0000 - 0x00007ffa1aeea000 	C:\WINDOWS\SYSTEM32\VERSION.dll
0x00007ffa28e30000 - 0x00007ffa28e9b000 	C:\WINDOWS\system32\WS2_32.dll
0x00007ffa24fc0000 - 0x00007ffa24fec000 	C:\WINDOWS\SYSTEM32\WINMMBASE.dll
0x00007ffa27fd0000 - 0x00007ffa28013000 	C:\WINDOWS\system32\cfgmgr32.dll
0x000000006cd10000 - 0x000000006cd1f000 	C:\Program Files\Java\jdk1.8.0_72\jre\bin\verify.dll
0x000000006cce0000 - 0x000000006cd09000 	C:\Program Files\Java\jdk1.8.0_72\jre\bin\java.dll
0x000000006ccc0000 - 0x000000006ccd6000 	C:\Program Files\Java\jdk1.8.0_72\jre\bin\zip.dll
0x00007ffa29810000 - 0x00007ffa2ad6c000 	C:\WINDOWS\system32\SHELL32.dll
0x00007ffa27420000 - 0x00007ffa27a65000 	C:\WINDOWS\system32\windows.storage.dll
0x00007ffa29610000 - 0x00007ffa29662000 	C:\WINDOWS\system32\shlwapi.dll
0x00007ffa27400000 - 0x00007ffa2740f000 	C:\WINDOWS\system32\kernel.appcore.dll
0x00007ffa28020000 - 0x00007ffa280d5000 	C:\WINDOWS\system32\shcore.dll
0x00007ffa27390000 - 0x00007ffa273db000 	C:\WINDOWS\system32\powrprof.dll
0x00007ffa273e0000 - 0x00007ffa273f4000 	C:\WINDOWS\system32\profapi.dll

VM Arguments:
jvm_args: -Denv.class.path=E:\kejiang\git\GitHub\AndroidFastDevFrame\\gradle\wrapper\gradle-wrapper.jar -Dapplication.home=C:\Program Files\Java\jdk1.8.0_72 -Xms8m 
java_command: com.sun.tools.javadoc.Main @E:\kejiang\git\GitHub\AndroidFastDevFrame\fastdev\build\tmp\javadoc\javadoc.options
java_class_path (initial): C:\Program Files\Java\jdk1.8.0_72/lib/tools.jar;C:\Program Files\Java\jdk1.8.0_72/classes
Launcher Type: SUN_STANDARD

Environment Variables:
JAVA_HOME=C:\Program Files\Java\jdk1.8.0_72
CLASSPATH=E:\kejiang\git\GitHub\AndroidFastDevFrame\\gradle\wrapper\gradle-wrapper.jar
PATH=E:\kejiang\Android\sdk\platform-tools;C:\ProgramData\Oracle\Java\javapath;C:\Program Files (x86)\Common Files\NetSarang;C:\Windows\system32;C:\Windows;C:\Windows\System32\Wbem;C:\Windows\System32\WindowsPowerShell\v1.0\;C:\Program Files\Java\jdk1.7.0_60\bin;C:\Program Files\Java\jdk1.7.0_60\jre\bin;D:\Program Files\MySQL\MySQL Server 5.5\bin;E:\Framework\play\play-2.2.6;D:\Software\apache-maven-3.3.1\bin;C:\WINDOWS\system32;C:\WINDOWS;C:\WINDOWS\System32\Wbem;C:\WINDOWS\System32\WindowsPowerShell\v1.0\;C:\Program Files\TortoiseSVN\bin;C:\Program Files\Git\cmd;C:\Program Files\TortoiseGit\bin;C:\Program Files\MySQL\MySQL Utilities 1.6\
USERNAME=yuandl
OS=Windows_NT
PROCESSOR_IDENTIFIER=Intel64 Family 6 Model 60 Stepping 3, GenuineIntel



---------------  S Y S T E M  ---------------

OS: Windows 10.0 , 64 bit Build 10586 (10.0.10586.0)

CPU:total 4 (2 cores per cpu, 2 threads per core) family 6 model 60 stepping 3, cmov, cx8, fxsr, mmx, sse, sse2, sse3, ssse3, sse4.1, sse4.2, popcnt, avx, avx2, aes, clmul, erms, lzcnt, ht, tsc, tscinvbit, bmi1, bmi2

Memory: 4k page, physical 8305276k(1074736k free), swap 8305276k(5204k free)

vm_info: Java HotSpot(TM) 64-Bit Server VM (25.72-b15) for windows-amd64 JRE (1.8.0_72-b15), built on Dec 22 2015 19:16:16 by "java_re" with MS VC++ 10.0 (VS2010)

time: Tue Dec 06 11:30:37 2016
elapsed time: 2 seconds (0d 0h 0m 2s)

