#
# There is insufficient memory for the Java Runtime Environment to continue.
# Native memory allocation (malloc) failed to allocate 32784 bytes for Chunk::new
# Possible reasons:
#   The system is out of physical RAM or swap space
#   In 32 bit mode, the process size limit was hit
# Possible solutions:
#   Reduce memory load on the system
#   Increase physical memory or swap space
#   Check if swap backing store is full
#   Use 64 bit Java on a 64 bit OS
#   Decrease Java heap size (-Xmx/-Xms)
#   Decrease number of Java threads
#   Decrease Java thread stack sizes (-Xss)
#   Set larger code cache with -XX:ReservedCodeCacheSize=
# This output file may be truncated or incomplete.
#
#  Out of Memory Error (allocation.cpp:390), pid=75312, tid=0x0000000000012478
#
# JRE version: OpenJDK Runtime Environment (8.0_76-b03) (build 1.8.0_76-release-b03)
# Java VM: OpenJDK 64-Bit Server VM (25.76-b03 mixed mode windows-amd64 compressed oops)
# Failed to write core dump. Minidumps are not enabled by default on client versions of Windows
#

---------------  T H R E A D  ---------------

Current thread (0x0000000015bbb000):  JavaThread "C2 CompilerThread1" daemon [_thread_in_native, id=74872, stack(0x0000000017220000,0x0000000017320000)]

Stack: [0x0000000017220000,0x0000000017320000]
[error occurred during error reporting (printing stack bounds), id 0xc0000005]

Native frames: (J=compiled Java code, j=interpreted, Vv=VM code, C=native code)


Current CompileTask:
C2:   2148 1338       4       com.android.dx.ssa.SsaBasicBlock::forEachInsn (37 bytes)


---------------  P R O C E S S  ---------------

Java Threads: ( => current thread )
  0x00000000175cb000 JavaThread "pool-1-thread-4" [_thread_in_Java, id=75228, stack(0x0000000017e20000,0x0000000017f20000)]
  0x00000000175db000 JavaThread "pool-1-thread-3" [_thread_blocked, id=75004, stack(0x0000000017d20000,0x0000000017e20000)]
  0x00000000175c1800 JavaThread "pool-1-thread-2" [_thread_in_Java, id=75512, stack(0x0000000017c20000,0x0000000017d20000)]
  0x00000000175af000 JavaThread "pool-2-thread-1" [_thread_blocked, id=75732, stack(0x0000000017b20000,0x0000000017c20000)]
  0x00000000175ac800 JavaThread "pool-1-thread-1" [_thread_in_Java, id=74620, stack(0x0000000017a20000,0x0000000017b20000)]
  0x00000000173af000 JavaThread "Service Thread" daemon [_thread_blocked, id=75060, stack(0x0000000017820000,0x0000000017920000)]
  0x0000000017372800 JavaThread "C1 CompilerThread2" daemon [_thread_in_native, id=73048, stack(0x0000000017720000,0x0000000017820000)]
=>0x0000000015bbb000 JavaThread "C2 CompilerThread1" daemon [_thread_in_native, id=74872, stack(0x0000000017220000,0x0000000017320000)]
  0x0000000015b6c000 JavaThread "C2 CompilerThread0" daemon [_thread_in_native, id=74852, stack(0x0000000017120000,0x0000000017220000)]
  0x0000000015b6b000 JavaThread "Attach Listener" daemon [_thread_blocked, id=75684, stack(0x0000000017020000,0x0000000017120000)]
  0x0000000015bb9800 JavaThread "Signal Dispatcher" daemon [_thread_blocked, id=75308, stack(0x0000000016f20000,0x0000000017020000)]
  0x0000000015b48800 JavaThread "Finalizer" daemon [_thread_blocked, id=75484, stack(0x0000000016dc0000,0x0000000016ec0000)]
  0x0000000015b27000 JavaThread "Reference Handler" daemon [_thread_blocked, id=74560, stack(0x0000000016cc0000,0x0000000016dc0000)]
  0x0000000003391000 JavaThread "main" [_thread_blocked, id=60512, stack(0x0000000002ed0000,0x0000000002fd0000)]

Other Threads:
  0x0000000015b24800 VMThread [stack: 0x0000000016bc0000,0x0000000016cc0000] [id=3792]
  0x00000000173b0000 WatcherThread [stack: 0x0000000017920000,0x0000000017a20000] [id=75000]

VM state:not at safepoint (normal execution)

VM Mutex/Monitor currently owned by a thread: None

Heap:
 PSYoungGen      total 38400K, used 15882K [0x00000000eab00000, 0x00000000ed580000, 0x0000000100000000)
  eden space 33280K, 32% used [0x00000000eab00000,0x00000000eb584968,0x00000000ecb80000)
  from space 5120K, 99% used [0x00000000ecb80000,0x00000000ed07e1e8,0x00000000ed080000)
  to   space 5120K, 0% used [0x00000000ed080000,0x00000000ed080000,0x00000000ed580000)
 ParOldGen       total 87552K, used 1601K [0x00000000c0000000, 0x00000000c5580000, 0x00000000eab00000)
  object space 87552K, 1% used [0x00000000c0000000,0x00000000c0190568,0x00000000c5580000)
 Metaspace       used 5822K, capacity 7024K, committed 7296K, reserved 1056768K
  class space    used 561K, capacity 616K, committed 640K, reserved 1048576K

Card table byte_map: [0x0000000012850000,0x0000000012a60000] byte_map_base: 0x0000000012250000

Marking Bits: (ParMarkBitMap*) 0x0000000060749d00
 Begin Bits: [0x0000000012fc0000, 0x0000000013fc0000)
 End Bits:   [0x0000000013fc0000, 0x0000000014fc0000)

Polling page: 0x0000000001760000

CodeCache: size=245760Kb used=5894Kb max_used=5894Kb free=239865Kb
 bounds [0x0000000003490000, 0x0000000003a60000, 0x0000000012490000]
 total_blobs=1626 nmethods=1362 adapters=178
 compilation: enabled

Compilation events (10 events):
Event: 2.142 Thread 0x0000000017372800 1361       3       com.android.dx.ssa.SCCP::replaceBranches (142 bytes)
Event: 2.143 Thread 0x0000000017372800 nmethod 1361 0x0000000003a4ec90 code [0x0000000003a4eee0, 0x0000000003a4fea8]
Event: 2.143 Thread 0x0000000017372800 1362       3       com.android.dx.ssa.SsaConverter::convertToSsaMethod (41 bytes)
Event: 2.144 Thread 0x0000000017372800 nmethod 1362 0x0000000003a50610 code [0x0000000003a50860, 0x0000000003a51408]
Event: 2.144 Thread 0x0000000017372800 1363       3       com.android.dx.ssa.SsaMethod::newFromRopMethod (18 bytes)
Event: 2.144 Thread 0x0000000017372800 nmethod 1363 0x0000000003a51a10 code [0x0000000003a51b80, 0x0000000003a51d98]
Event: 2.144 Thread 0x0000000017372800 1364       3       com.android.dx.ssa.back.FirstFitLocalCombiningAllocator::analyzeInstructions (16 bytes)
Event: 2.144 Thread 0x0000000017372800 nmethod 1364 0x0000000003a51e90 code [0x0000000003a52000, 0x0000000003a52348]
Event: 2.145 Thread 0x0000000017372800 1365       3       com.android.dx.dex.cf.AttributeTranslator::getAnnotations0 (62 bytes)
Event: 2.146 Thread 0x0000000017372800 nmethod 1365 0x0000000003a52490 code [0x0000000003a526a0, 0x0000000003a533d8]

GC Heap History (2 events):
Event: 1.832 GC heap before
{Heap before GC invocations=1 (full 0):
 PSYoungGen      total 38400K, used 33280K [0x00000000eab00000, 0x00000000ed580000, 0x0000000100000000)
  eden space 33280K, 100% used [0x00000000eab00000,0x00000000ecb80000,0x00000000ecb80000)
  from space 5120K, 0% used [0x00000000ed080000,0x00000000ed080000,0x00000000ed580000)
  to   space 5120K, 0% used [0x00000000ecb80000,0x00000000ecb80000,0x00000000ed080000)
 ParOldGen       total 87552K, used 0K [0x00000000c0000000, 0x00000000c5580000, 0x00000000eab00000)
  object space 87552K, 0% used [0x00000000c0000000,0x00000000c0000000,0x00000000c5580000)
 Metaspace       used 5766K, capacity 6960K, committed 7040K, reserved 1056768K
  class space    used 561K, capacity 616K, committed 640K, reserved 1048576K
Event: 1.847 GC heap after
Heap after GC invocations=1 (full 0):
 PSYoungGen      total 38400K, used 5112K [0x00000000eab00000, 0x00000000ed580000, 0x0000000100000000)
  eden space 33280K, 0% used [0x00000000eab00000,0x00000000eab00000,0x00000000ecb80000)
  from space 5120K, 99% used [0x00000000ecb80000,0x00000000ed07e1e8,0x00000000ed080000)
  to   space 5120K, 0% used [0x00000000ed080000,0x00000000ed080000,0x00000000ed580000)
 ParOldGen       total 87552K, used 1601K [0x00000000c0000000, 0x00000000c5580000, 0x00000000eab00000)
  object space 87552K, 1% used [0x00000000c0000000,0x00000000c0190568,0x00000000c5580000)
 Metaspace       used 5766K, capacity 6960K, committed 7040K, reserved 1056768K
  class space    used 561K, capacity 616K, committed 640K, reserved 1048576K
}

Deoptimization events (10 events):
Event: 1.865 Thread 0x00000000175cb000 Uncommon trap: reason=bimorphic action=maybe_recompile pc=0x00000000036dd29c method=java.util.HashMap.getNode(ILjava/lang/Object;)Ljava/util/HashMap$Node; @ 126
Event: 1.901 Thread 0x00000000175c1800 Uncommon trap: reason=unstable_if action=reinterpret pc=0x000000000371a8fc method=com.android.dx.rop.code.RegisterSpec.equals(ILcom/android/dx/rop/type/TypeBearer;Lcom/android/dx/rop/code/LocalItem;)Z @ 42
Event: 1.931 Thread 0x00000000175ac800 Uncommon trap: reason=unstable_if action=reinterpret pc=0x000000000376e194 method=com.android.dx.rop.code.LocalItem.hashCode()I @ 25
Event: 1.931 Thread 0x00000000175ac800 Uncommon trap: reason=unstable_if action=reinterpret pc=0x00000000037642f0 method=com.android.dx.rop.code.LocalItem.hashCode()I @ 25
Event: 1.931 Thread 0x00000000175ac800 Uncommon trap: reason=unstable_if action=reinterpret pc=0x0000000003774788 method=com.android.dx.rop.code.LocalItem.hashCode()I @ 25
Event: 1.931 Thread 0x00000000175ac800 Uncommon trap: reason=unstable_if action=reinterpret pc=0x00000000036fcd0c method=com.android.dx.rop.code.LocalItem.hashCode()I @ 25
Event: 2.125 Thread 0x00000000175ac800 Uncommon trap: reason=null_check action=make_not_entrant pc=0x00000000037df9cc method=com.android.dx.ssa.SsaRenamer.getLocalForNewReg(I)Lcom/android/dx/rop/code/LocalItem; @ 19
Event: 2.125 Thread 0x00000000175ac800 Uncommon trap: reason=null_check action=make_not_entrant pc=0x00000000037ba3f8 method=com.android.dx.ssa.SsaRenamer.getLocalForNewReg(I)Lcom/android/dx/rop/code/LocalItem; @ 19
Event: 2.140 Thread 0x00000000175db000 Uncommon trap: reason=bimorphic action=maybe_recompile pc=0x0000000003a219d0 method=com.android.dx.ssa.LiteralOpUpgrader.tryReplacingWithConstant(Lcom/android/dx/ssa/NormalSsaInsn;)Z @ 52
Event: 2.141 Thread 0x00000000175db000 Uncommon trap: reason=bimorphic action=maybe_recompile pc=0x0000000003a219d0 method=com.android.dx.ssa.LiteralOpUpgrader.tryReplacingWithConstant(Lcom/android/dx/ssa/NormalSsaInsn;)Z @ 52

Internal exceptions (5 events):
Event: 0.056 Thread 0x0000000003391000 Exception <a 'java/lang/NoSuchMethodError': Method sun.misc.Unsafe.defineClass(Ljava/lang/String;[BII)Ljava/lang/Class; name or signature does not match> (0x00000000eab07cc0) thrown at [C:\src\android\AOSP-openjdk\external\jetbrains\jdk\hotspot\src\share\v| …B”¨?
Event: 0.056 Thread 0x0000000003391000 Exception <a 'java/lang/NoSuchMethodError': Method sun.misc.Unsafe.prefetchRead(Ljava/lang/Object;J)V name or signature does not match> (0x00000000eab07fa8) thrown at [C:\src\android\AOSP-openjdk\external\jetbrains\jdk\hotspot\src\share\vm\prims\jni.cpp, l‚}¥oDÈ?
Event: 0.790 Thread 0x00000000175db000 Implicit null exception at 0x000000000371c022 to 0x000000000371c11a
Event: 2.125 Thread 0x00000000175ac800 Implicit null exception at 0x00000000037de137 to 0x00000000037df985
Event: 2.125 Thread 0x00000000175ac800 Implicit null exception at 0x00000000037b8e83 to 0x00000000037ba3c5

Events (10 events):
Event: 2.125 Thread 0x00000000175ac800 DEOPT PACKING pc=0x00000000037ba3f8 sp=0x0000000017b1e8c0
Event: 2.125 Thread 0x00000000175ac800 DEOPT UNPACKING pc=0x00000000034d556a sp=0x0000000017b1e728 mode 2
Event: 2.135 Thread 0x00000000175cb000 DEOPT PACKING pc=0x000000000378cfd3 sp=0x0000000017f1ead0
Event: 2.135 Thread 0x00000000175cb000 DEOPT UNPACKING pc=0x00000000034d75bf sp=0x0000000017f1e898 mode 0
Event: 2.140 Thread 0x00000000175db000 Uncommon trap: trap_request=0xffffffc6 fr.pc=0x0000000003a219d0
Event: 2.140 Thread 0x00000000175db000 DEOPT PACKING pc=0x0000000003a219d0 sp=0x0000000017e1e740
Event: 2.140 Thread 0x00000000175db000 DEOPT UNPACKING pc=0x00000000034d556a sp=0x0000000017e1e648 mode 2
Event: 2.141 Thread 0x00000000175db000 Uncommon trap: trap_request=0xffffffc6 fr.pc=0x0000000003a219d0
Event: 2.141 Thread 0x00000000175db000 DEOPT PACKING pc=0x0000000003a219d0 sp=0x0000000017e1e740
Event: 2.141 Thread 0x00000000175db000 DEOPT UNPACKING pc=0x00000000034d556a sp=0x0000000017e1e648 mode 2


Dynamic libraries:
0x00007ff60fa20000 - 0x00007ff60fa51000 	E:\kejiang\Android\Android Studio\jre\bin\java.exe
0x00007ff819fc0000 - 0x00007ff81a181000 	C:\WINDOWS\SYSTEM32\ntdll.dll
0x00007ff819bf0000 - 0x00007ff819c9d000 	C:\WINDOWS\system32\KERNEL32.DLL
0x00007ff816700000 - 0x00007ff8168e8000 	C:\WINDOWS\system32\KERNELBASE.dll
0x00007ff819ae0000 - 0x00007ff819b87000 	C:\WINDOWS\system32\ADVAPI32.dll
0x00007ff8176b0000 - 0x00007ff81774d000 	C:\WINDOWS\system32\msvcrt.dll
0x00007ff819b90000 - 0x00007ff819beb000 	C:\WINDOWS\system32\sechost.dll
0x00007ff8173c0000 - 0x00007ff8174dc000 	C:\WINDOWS\system32\RPCRT4.dll
0x00007ff817550000 - 0x00007ff8176a6000 	C:\WINDOWS\system32\USER32.dll
0x00007ff819320000 - 0x00007ff8194a6000 	C:\WINDOWS\system32\GDI32.dll
0x00007ff810930000 - 0x00007ff810ba4000 	C:\WINDOWS\WinSxS\amd64_microsoft.windows.common-controls_6595b64144ccf1df_6.0.10586.672_none_a2d6b3cea53ff843\COMCTL32.dll
0x00007ff819ca0000 - 0x00007ff819f1d000 	C:\WINDOWS\system32\combase.dll
0x00007ff816690000 - 0x00007ff8166fa000 	C:\WINDOWS\system32\bcryptPrimitives.dll
0x00007ff819f20000 - 0x00007ff819f5b000 	C:\WINDOWS\system32\IMM32.DLL
0x0000000060cd0000 - 0x0000000060da2000 	E:\kejiang\Android\Android Studio\jre\jre\bin\msvcr100.dll
0x000000005ff90000 - 0x00000000607c4000 	E:\kejiang\Android\Android Studio\jre\jre\bin\server\jvm.dll
0x00007ff817760000 - 0x00007ff817768000 	C:\WINDOWS\system32\PSAPI.DLL
0x00007ff80b3b0000 - 0x00007ff80b3b9000 	C:\WINDOWS\SYSTEM32\WSOCK32.dll
0x00007ff818e90000 - 0x00007ff818efb000 	C:\WINDOWS\system32\WS2_32.dll
0x00007ff8148c0000 - 0x00007ff8148e3000 	C:\WINDOWS\SYSTEM32\WINMM.dll
0x00007ff80a770000 - 0x00007ff80a77a000 	C:\WINDOWS\SYSTEM32\VERSION.dll
0x00007ff814580000 - 0x00007ff8145ac000 	C:\WINDOWS\SYSTEM32\WINMMBASE.dll
0x00007ff8170b0000 - 0x00007ff8170f3000 	C:\WINDOWS\system32\cfgmgr32.dll
0x00007ff80f120000 - 0x00007ff80f12f000 	E:\kejiang\Android\Android Studio\jre\jre\bin\verify.dll
0x00007ff80b890000 - 0x00007ff80b8b9000 	E:\kejiang\Android\Android Studio\jre\jre\bin\java.dll
0x00007ff80bbf0000 - 0x00007ff80bc06000 	E:\kejiang\Android\Android Studio\jre\jre\bin\zip.dll
0x00007ff817920000 - 0x00007ff818e7c000 	C:\WINDOWS\system32\SHELL32.dll
0x00007ff8169a0000 - 0x00007ff816fe5000 	C:\WINDOWS\system32\windows.storage.dll
0x00007ff818f00000 - 0x00007ff818f52000 	C:\WINDOWS\system32\shlwapi.dll
0x00007ff816600000 - 0x00007ff81660f000 	C:\WINDOWS\system32\kernel.appcore.dll
0x00007ff816ff0000 - 0x00007ff8170a5000 	C:\WINDOWS\system32\shcore.dll
0x00007ff816620000 - 0x00007ff81666b000 	C:\WINDOWS\system32\powrprof.dll
0x00007ff8165e0000 - 0x00007ff8165f4000 	C:\WINDOWS\system32\profapi.dll

VM Arguments:
jvm_args: -Djava.awt.headless=true -Xmx1024M -Dfile.encoding=GBK -Duser.country=CN -Duser.language=zh -Duser.variant 
java_command: com.android.dx.command.Main --dex --num-threads=4 --output C:\Users\yuandl\.android\build-cache\dcf819d9984ddbc3e7cc31e024b3773ef350ecfa\com.android.support-support-core-ui-25.0.1_ecee07aa259064ac44bc87a219ef60c8a9b62d4c.jar E:\kejiang\git\GitHub\AndroidFastDevFrame\app\build\intermediates\exploded-aar\com.android.support\support-core-ui\25.0.1\jars\classes.jar
java_class_path (initial): E:\kejiang\Android\sdk\build-tools\23.0.0\lib\dx.jar
Launcher Type: SUN_STANDARD

Environment Variables:
JAVA_HOME=C:\Program Files\Java\jdk1.8.0_72
CLASSPATH=.;C:\Program Files\Java\jdk1.8.0_72\lib\dt.jar;C:\Program Files\Java\jdk1.8.0_72\lib\tools.jar;
PATH=D:\oracle\product\10.2.0\client_1\bin;D:\oracle\product\10.2.0\db_1\bin;E:\kejiang\Android\sdk\platform-tools;C:\ProgramData\Oracle\Java\javapath;C:\Program Files (x86)\Common Files\NetSarang;C:\Windows\system32;C:\Windows;C:\Windows\System32\Wbem;C:\Windows\System32\WindowsPowerShell\v1.0\;C:\Program Files\Java\jdk1.7.0_60\bin;C:\Program Files\Java\jdk1.7.0_60\jre\bin;D:\Program Files\MySQL\MySQL Server 5.5\bin;E:\Framework\play\play-2.2.6;D:\Software\apache-maven-3.3.1\bin;C:\WINDOWS\system32;C:\WINDOWS;C:\WINDOWS\System32\Wbem;C:\WINDOWS\System32\WindowsPowerShell\v1.0\;C:\Program Files\TortoiseSVN\bin;C:\Program Files\Git\cmd;C:\Program Files\TortoiseGit\bin;C:\Program Files\MySQL\MySQL Utilities 1.6\
USERNAME=yuandl
OS=Windows_NT
PROCESSOR_IDENTIFIER=Intel64 Family 6 Model 60 Stepping 3, GenuineIntel



---------------  S Y S T E M  ---------------

OS: Windows 10.0 , 64 bit Build 10586 (10.0.10586.589)

CPU:total 4 (2 cores per cpu, 2 threads per core) family 6 model 60 stepping 3, cmov, cx8, fxsr, mmx, sse, sse2, sse3, ssse3, sse4.1, sse4.2, popcnt, avx, avx2, aes, clmul, erms, lzcnt, ht, tsc, tscinvbit, bmi1, bmi2

Memory: 4k page, physical 8305276k(1371620k free), swap 8305276k(5248k free)

vm_info: OpenJDK 64-Bit Server VM (25.76-b03) for windows-amd64 JRE (1.8.0_76-release-b03), built on Jun 29 2016 19:09:20 by "ralucas" with MS VC++ 10.0 (VS2010)

time: Wed Dec 28 19:57:15 2016
elapsed time: 2 seconds (0d 0h 0m 2s)

