#
# There is insufficient memory for the Java Runtime Environment to continue.
# Native memory allocation (malloc) failed to allocate 32744 bytes for ChunkPool::allocate
# Possible reasons:
#   The system is out of physical RAM or swap space
#   In 32 bit mode, the process size limit was hit
# Possible solutions:
#   Reduce memory load on the system
#   Increase physical memory or swap space
#   Check if swap backing store is full
#   Use 64 bit Java on a 64 bit OS
#   Decrease Java heap size (-Xmx/-Xms)
#   Decrease number of Java threads
#   Decrease Java thread stack sizes (-Xss)
#   Set larger code cache with -XX:ReservedCodeCacheSize=
# This output file may be truncated or incomplete.
#
#  Out of Memory Error (allocation.cpp:273), pid=67720, tid=0x000000000001118c
#
# JRE version: OpenJDK Runtime Environment (8.0_76-b03) (build 1.8.0_76-release-b03)
# Java VM: OpenJDK 64-Bit Server VM (25.76-b03 mixed mode windows-amd64 compressed oops)
# Failed to write core dump. Minidumps are not enabled by default on client versions of Windows
#

---------------  T H R E A D  ---------------

Current thread (0x00000000167f5800):  JavaThread "C1 CompilerThread2" daemon [_thread_in_native, id=70028, stack(0x0000000016ba0000,0x0000000016ca0000)]

Stack: [0x0000000016ba0000,0x0000000016ca0000]
[error occurred during error reporting (printing stack bounds), id 0xc0000005]

Native frames: (J=compiled Java code, j=interpreted, Vv=VM code, C=native code)


Current CompileTask:
C1:    889  441   !   3       com.android.dx.cf.code.BytecodeArray::parseInstruction (2764 bytes)


---------------  P R O C E S S  ---------------

Java Threads: ( => current thread )
  0x0000000016a16800 JavaThread "pool-2-thread-4" [_thread_in_Java, id=64004, stack(0x00000000172a0000,0x00000000173a0000)]
  0x0000000016a15800 JavaThread "pool-2-thread-3" [_thread_in_Java, id=70104, stack(0x00000000171a0000,0x00000000172a0000)]
  0x0000000016a14800 JavaThread "pool-2-thread-2" [_thread_in_Java, id=55692, stack(0x00000000170a0000,0x00000000171a0000)]
  0x000000001690a000 JavaThread "pool-3-thread-1" [_thread_blocked, id=64092, stack(0x0000000016fa0000,0x00000000170a0000)]
  0x0000000016909800 JavaThread "pool-2-thread-1" [_thread_in_vm, id=68080, stack(0x0000000016ea0000,0x0000000016fa0000)]
  0x00000000167fd000 JavaThread "Service Thread" daemon [_thread_blocked, id=68152, stack(0x0000000016ca0000,0x0000000016da0000)]
=>0x00000000167f5800 JavaThread "C1 CompilerThread2" daemon [_thread_in_native, id=70028, stack(0x0000000016ba0000,0x0000000016ca0000)]
  0x000000000297b800 JavaThread "C2 CompilerThread1" daemon [_thread_blocked, id=69756, stack(0x00000000166a0000,0x00000000167a0000)]
  0x00000000150ad800 JavaThread "C2 CompilerThread0" daemon [_thread_blocked, id=69740, stack(0x00000000165a0000,0x00000000166a0000)]
  0x00000000150ac800 JavaThread "Attach Listener" daemon [_thread_blocked, id=69860, stack(0x00000000164a0000,0x00000000165a0000)]
  0x0000000015061000 JavaThread "Signal Dispatcher" daemon [_thread_blocked, id=67960, stack(0x00000000163a0000,0x00000000164a0000)]
  0x0000000015038800 JavaThread "Finalizer" daemon [_thread_blocked, id=69648, stack(0x00000000162a0000,0x00000000163a0000)]
  0x000000000296f000 JavaThread "Reference Handler" daemon [_thread_blocked, id=45048, stack(0x00000000161a0000,0x00000000162a0000)]
  0x0000000002881000 JavaThread "main" [_thread_blocked, id=69296, stack(0x0000000002780000,0x0000000002880000)]

Other Threads:
  0x0000000015015800 VMThread [stack: 0x00000000160a0000,0x00000000161a0000] [id=66808]
  0x00000000167fe800 WatcherThread [stack: 0x0000000016da0000,0x0000000016ea0000] [id=69940]

VM state:not at safepoint (normal execution)

VM Mutex/Monitor currently owned by a thread: None

Heap:
 PSYoungGen      total 38400K, used 10664K [0x00000000eab00000, 0x00000000ed580000, 0x0000000100000000)
  eden space 33280K, 32% used [0x00000000eab00000,0x00000000eb56a230,0x00000000ecb80000)
  from space 5120K, 0% used [0x00000000ed080000,0x00000000ed080000,0x00000000ed580000)
  to   space 5120K, 0% used [0x00000000ecb80000,0x00000000ecb80000,0x00000000ed080000)
 ParOldGen       total 87552K, used 0K [0x00000000c0000000, 0x00000000c5580000, 0x00000000eab00000)
  object space 87552K, 0% used [0x00000000c0000000,0x00000000c0000000,0x00000000c5580000)
 Metaspace       used 5200K, capacity 6448K, committed 6528K, reserved 1056768K
  class space    used 549K, capacity 616K, committed 640K, reserved 1048576K

Card table byte_map: [0x0000000011d40000,0x0000000011f50000] byte_map_base: 0x0000000011740000

Marking Bits: (ParMarkBitMap*) 0x0000000060749d00
 Begin Bits: [0x00000000124b0000, 0x00000000134b0000)
 End Bits:   [0x00000000134b0000, 0x00000000144b0000)

Polling page: 0x00000000007e0000

CodeCache: size=245760Kb used=2043Kb max_used=2054Kb free=243716Kb
 bounds [0x0000000002980000, 0x0000000002bf0000, 0x0000000011980000]
 total_blobs=702 nmethods=439 adapters=177
 compilation: enabled

Compilation events (10 events):
Event: 0.881 Thread 0x00000000167f5800 nmethod 435 0x0000000002b7dcd0 code [0x0000000002b7de40, 0x0000000002b7e1c8]
Event: 0.881 Thread 0x00000000167f5800  437       3       com.android.dx.cf.iface.StdAttributeList::findFirst (44 bytes)
Event: 0.881 Thread 0x00000000167f5800 nmethod 437 0x0000000002b7e310 code [0x0000000002b7e4c0, 0x0000000002b7ec38]
Event: 0.881 Thread 0x00000000167f5800  439       3       com.android.dx.util.Bits::get (25 bytes)
Event: 0.882 Thread 0x00000000167f5800 nmethod 439 0x0000000002b7eed0 code [0x0000000002b7f040, 0x0000000002b7f210]
Event: 0.882 Thread 0x00000000167f5800  438       3       java.lang.Integer::numberOfTrailingZeros (79 bytes)
Event: 0.882 Thread 0x00000000167f5800 nmethod 438 0x0000000002b7f310 code [0x0000000002b7f480, 0x0000000002b7f730]
Event: 0.882 Thread 0x00000000167f5800  441   !   3       com.android.dx.cf.code.BytecodeArray::parseInstruction (2764 bytes)
Event: 0.883 Thread 0x00000000150ad800  448   !   4       com.android.dx.util.FixedSizeList::get0 (47 bytes)
Event: 0.884 Thread 0x00000000150ad800 nmethod 448 0x0000000002b82450 code [0x0000000002b82580, 0x0000000002b82638]

GC Heap History (0 events):
No events

Deoptimization events (0 events):
No events

Internal exceptions (2 events):
Event: 0.072 Thread 0x0000000002881000 Exception <a 'java/lang/NoSuchMethodError': Method sun.misc.Unsafe.defineClass(Ljava/lang/String;[BII)Ljava/lang/Class; name or signature does not match> (0x00000000eab07cc0) thrown at [C:\src\android\AOSP-openjdk\external\jetbrains\jdk\hotspot\src\share\v#ÄGQ®W²?
Event: 0.072 Thread 0x0000000002881000 Exception <a 'java/lang/NoSuchMethodError': Method sun.misc.Unsafe.prefetchRead(Ljava/lang/Object;J)V name or signature does not match> (0x00000000eab07fa8) thrown at [C:\src\android\AOSP-openjdk\external\jetbrains\jdk\hotspot\src\share\vm\prims\jni.cpp, l

Events (10 events):
Event: 0.832 loading class com/android/dx/dex/code/RopToDop
Event: 0.832 loading class com/android/dx/dex/code/RopToDop done
Event: 0.835 loading class com/android/dx/dex/code/StdCatchBuilder
Event: 0.835 loading class com/android/dx/dex/code/StdCatchBuilder done
Event: 0.836 loading class com/android/dx/dex/code/DalvCode
Event: 0.836 loading class com/android/dx/dex/code/DalvCode done
Event: 0.836 loading class java/io/PrintWriter
Event: 0.836 loading class java/io/PrintWriter done
Event: 0.837 loading class com/android/dx/dex/file/DebugInfoItem
Event: 0.837 loading class com/android/dx/dex/file/DebugInfoItem done


Dynamic libraries:
0x00007ff60fa20000 - 0x00007ff60fa51000 	E:\kejiang\Android\Android Studio\jre\bin\java.exe
0x00007ff819fc0000 - 0x00007ff81a181000 	C:\WINDOWS\SYSTEM32\ntdll.dll
0x00007ff819bf0000 - 0x00007ff819c9d000 	C:\WINDOWS\system32\KERNEL32.DLL
0x00007ff816700000 - 0x00007ff8168e8000 	C:\WINDOWS\system32\KERNELBASE.dll
0x00007ff819ae0000 - 0x00007ff819b87000 	C:\WINDOWS\system32\ADVAPI32.dll
0x00007ff8176b0000 - 0x00007ff81774d000 	C:\WINDOWS\system32\msvcrt.dll
0x00007ff819b90000 - 0x00007ff819beb000 	C:\WINDOWS\system32\sechost.dll
0x00007ff8173c0000 - 0x00007ff8174dc000 	C:\WINDOWS\system32\RPCRT4.dll
0x00007ff817550000 - 0x00007ff8176a6000 	C:\WINDOWS\system32\USER32.dll
0x00007ff819320000 - 0x00007ff8194a6000 	C:\WINDOWS\system32\GDI32.dll
0x00007ff810930000 - 0x00007ff810ba4000 	C:\WINDOWS\WinSxS\amd64_microsoft.windows.common-controls_6595b64144ccf1df_6.0.10586.672_none_a2d6b3cea53ff843\COMCTL32.dll
0x00007ff819ca0000 - 0x00007ff819f1d000 	C:\WINDOWS\system32\combase.dll
0x00007ff816690000 - 0x00007ff8166fa000 	C:\WINDOWS\system32\bcryptPrimitives.dll
0x00007ff819f20000 - 0x00007ff819f5b000 	C:\WINDOWS\system32\IMM32.DLL
0x0000000060cd0000 - 0x0000000060da2000 	E:\kejiang\Android\Android Studio\jre\jre\bin\msvcr100.dll
0x000000005ff90000 - 0x00000000607c4000 	E:\kejiang\Android\Android Studio\jre\jre\bin\server\jvm.dll
0x00007ff817760000 - 0x00007ff817768000 	C:\WINDOWS\system32\PSAPI.DLL
0x00007ff80b3b0000 - 0x00007ff80b3b9000 	C:\WINDOWS\SYSTEM32\WSOCK32.dll
0x00007ff818e90000 - 0x00007ff818efb000 	C:\WINDOWS\system32\WS2_32.dll
0x00007ff8148c0000 - 0x00007ff8148e3000 	C:\WINDOWS\SYSTEM32\WINMM.dll
0x00007ff80a770000 - 0x00007ff80a77a000 	C:\WINDOWS\SYSTEM32\VERSION.dll
0x00007ff814580000 - 0x00007ff8145ac000 	C:\WINDOWS\SYSTEM32\WINMMBASE.dll
0x00007ff8170b0000 - 0x00007ff8170f3000 	C:\WINDOWS\system32\cfgmgr32.dll
0x00007ff80b8b0000 - 0x00007ff80b8bf000 	E:\kejiang\Android\Android Studio\jre\jre\bin\verify.dll
0x00007ff80b880000 - 0x00007ff80b8a9000 	E:\kejiang\Android\Android Studio\jre\jre\bin\java.dll
0x00007ff80b810000 - 0x00007ff80b826000 	E:\kejiang\Android\Android Studio\jre\jre\bin\zip.dll
0x00007ff817920000 - 0x00007ff818e7c000 	C:\WINDOWS\system32\SHELL32.dll
0x00007ff8169a0000 - 0x00007ff816fe5000 	C:\WINDOWS\system32\windows.storage.dll
0x00007ff818f00000 - 0x00007ff818f52000 	C:\WINDOWS\system32\shlwapi.dll
0x00007ff816600000 - 0x00007ff81660f000 	C:\WINDOWS\system32\kernel.appcore.dll
0x00007ff816ff0000 - 0x00007ff8170a5000 	C:\WINDOWS\system32\shcore.dll
0x00007ff816620000 - 0x00007ff81666b000 	C:\WINDOWS\system32\powrprof.dll
0x00007ff8165e0000 - 0x00007ff8165f4000 	C:\WINDOWS\system32\profapi.dll

VM Arguments:
jvm_args: -Djava.awt.headless=true -Xmx1024M -Dfile.encoding=GBK -Duser.country=CN -Duser.language=zh -Duser.variant 
java_command: com.android.dx.command.Main --dex --verbose --force-jumbo --num-threads=4 --multi-dex --output E:\kejiang\git\GitHub\AndroidFastDevFrame\app\build\intermediates\transforms\dex\debug\folders\1000\8\pullview_6be379930ef8960eda4779b476feea2a0d8f9e30 E:\kejiang\git\GitHub\AndroidFastDevFrame\app\build\intermediates\exploded-aar\cn.bluemobi.dylan\fastdev\0.5.8\jars\libs\pullview.jar
java_class_path (initial): E:\kejiang\Android\sdk\build-tools\23.0.0\lib\dx.jar
Launcher Type: SUN_STANDARD

Environment Variables:
JAVA_HOME=C:\Program Files\Java\jdk1.8.0_72
CLASSPATH=.;C:\Program Files\Java\jdk1.8.0_72\lib\dt.jar;C:\Program Files\Java\jdk1.8.0_72\lib\tools.jar;
PATH=D:\oracle\product\10.2.0\client_1\bin;D:\oracle\product\10.2.0\db_1\bin;E:\kejiang\Android\sdk\platform-tools;C:\ProgramData\Oracle\Java\javapath;C:\Program Files (x86)\Common Files\NetSarang;C:\Windows\system32;C:\Windows;C:\Windows\System32\Wbem;C:\Windows\System32\WindowsPowerShell\v1.0\;C:\Program Files\Java\jdk1.7.0_60\bin;C:\Program Files\Java\jdk1.7.0_60\jre\bin;D:\Program Files\MySQL\MySQL Server 5.5\bin;E:\Framework\play\play-2.2.6;D:\Software\apache-maven-3.3.1\bin;C:\WINDOWS\system32;C:\WINDOWS;C:\WINDOWS\System32\Wbem;C:\WINDOWS\System32\WindowsPowerShell\v1.0\;C:\Program Files\TortoiseSVN\bin;C:\Program Files\Git\cmd;C:\Program Files\TortoiseGit\bin;C:\Program Files\MySQL\MySQL Utilities 1.6\
USERNAME=yuandl
OS=Windows_NT
PROCESSOR_IDENTIFIER=Intel64 Family 6 Model 60 Stepping 3, GenuineIntel



---------------  S Y S T E M  ---------------

OS: Windows 10.0 , 64 bit Build 10586 (10.0.10586.589)

CPU:total 4 (2 cores per cpu, 2 threads per core) family 6 model 60 stepping 3, cmov, cx8, fxsr, mmx, sse, sse2, sse3, ssse3, sse4.1, sse4.2, popcnt, avx, avx2, aes, clmul, erms, lzcnt, ht, tsc, tscinvbit, bmi1, bmi2

Memory: 4k page, physical 8305276k(1296752k free), swap 8305276k(3084k free)

vm_info: OpenJDK 64-Bit Server VM (25.76-b03) for windows-amd64 JRE (1.8.0_76-release-b03), built on Jun 29 2016 19:09:20 by "ralucas" with MS VC++ 10.0 (VS2010)

time: Wed Dec 28 18:49:00 2016
elapsed time: 0 seconds (0d 0h 0m 0s)

