#
# There is insufficient memory for the Java Runtime Environment to continue.
# Native memory allocation (malloc) failed to allocate 32744 bytes for ChunkPool::allocate
# Possible reasons:
#   The system is out of physical RAM or swap space
#   In 32 bit mode, the process size limit was hit
# Possible solutions:
#   Reduce memory load on the system
#   Increase physical memory or swap space
#   Check if swap backing store is full
#   Use 64 bit Java on a 64 bit OS
#   Decrease Java heap size (-Xmx/-Xms)
#   Decrease number of Java threads
#   Decrease Java thread stack sizes (-Xss)
#   Set larger code cache with -XX:ReservedCodeCacheSize=
# This output file may be truncated or incomplete.
#
#  Out of Memory Error (allocation.cpp:273), pid=28044, tid=0x0000000000006274
#
# JRE version: OpenJDK Runtime Environment (8.0_76-b03) (build 1.8.0_76-release-b03)
# Java VM: OpenJDK 64-Bit Server VM (25.76-b03 mixed mode windows-amd64 compressed oops)
# Failed to write core dump. Minidumps are not enabled by default on client versions of Windows
#

---------------  T H R E A D  ---------------

Current thread (0x000000000346b800):  JavaThread "C2 CompilerThread1" daemon [_thread_in_native, id=25204, stack(0x00000000171a0000,0x00000000172a0000)]

Stack: [0x00000000171a0000,0x00000000172a0000]
[error occurred during error reporting (printing stack bounds), id 0xc0000005]

Native frames: (J=compiled Java code, j=interpreted, Vv=VM code, C=native code)


Current CompileTask:
C2:   3296 1096       4       com.android.dx.rop.code.Rops::ropFor (771 bytes)


---------------  P R O C E S S  ---------------

Java Threads: ( => current thread )
  0x000000001756d800 JavaThread "pool-2-thread-4" [_thread_in_vm_trans, id=29012, stack(0x0000000017da0000,0x0000000017ea0000)]
  0x000000001756a800 JavaThread "pool-2-thread-3" [_thread_blocked, id=29056, stack(0x0000000017ca0000,0x0000000017da0000)]
  0x000000001756a000 JavaThread "pool-2-thread-2" [_thread_blocked, id=28960, stack(0x0000000017ba0000,0x0000000017ca0000)]
  0x0000000017567000 JavaThread "pool-3-thread-1" [_thread_blocked, id=29232, stack(0x0000000017aa0000,0x0000000017ba0000)]
  0x0000000017561000 JavaThread "pool-2-thread-1" [_thread_blocked, id=29148, stack(0x00000000179a0000,0x0000000017aa0000)]
  0x0000000017305800 JavaThread "Service Thread" daemon [_thread_blocked, id=26588, stack(0x00000000177a0000,0x00000000178a0000)]
  0x0000000017301800 JavaThread "C1 CompilerThread2" daemon [_thread_blocked, id=26268, stack(0x00000000176a0000,0x00000000177a0000)]
=>0x000000000346b800 JavaThread "C2 CompilerThread1" daemon [_thread_in_native, id=25204, stack(0x00000000171a0000,0x00000000172a0000)]
  0x0000000015b9e000 JavaThread "C2 CompilerThread0" daemon [_thread_in_native, id=26124, stack(0x00000000170a0000,0x00000000171a0000)]
  0x0000000015b9c800 JavaThread "Attach Listener" daemon [_thread_blocked, id=25980, stack(0x0000000016fa0000,0x00000000170a0000)]
  0x0000000015b50800 JavaThread "Signal Dispatcher" daemon [_thread_blocked, id=25824, stack(0x0000000016ea0000,0x0000000016fa0000)]
  0x0000000015b28800 JavaThread "Finalizer" daemon [_thread_blocked, id=28728, stack(0x0000000016da0000,0x0000000016ea0000)]
  0x000000000345f000 JavaThread "Reference Handler" daemon [_thread_blocked, id=28980, stack(0x0000000016ca0000,0x0000000016da0000)]
  0x0000000003371000 JavaThread "main" [_thread_blocked, id=28212, stack(0x0000000003270000,0x0000000003370000)]

Other Threads:
  0x0000000015b05800 VMThread [stack: 0x0000000016ba0000,0x0000000016ca0000] [id=23724]
  0x0000000017307000 WatcherThread [stack: 0x00000000178a0000,0x00000000179a0000] [id=23580]

VM state:not at safepoint (normal execution)

VM Mutex/Monitor currently owned by a thread: None

Heap:
 PSYoungGen      total 38400K, used 17786K [0x00000000eab00000, 0x00000000ef600000, 0x0000000100000000)
  eden space 33280K, 38% used [0x00000000eab00000,0x00000000eb75f1c8,0x00000000ecb80000)
  from space 5120K, 99% used [0x00000000ecb80000,0x00000000ed07f928,0x00000000ed080000)
  to   space 5120K, 0% used [0x00000000ef100000,0x00000000ef100000,0x00000000ef600000)
 ParOldGen       total 87552K, used 5161K [0x00000000c0000000, 0x00000000c5580000, 0x00000000eab00000)
  object space 87552K, 5% used [0x00000000c0000000,0x00000000c050a4f8,0x00000000c5580000)
 Metaspace       used 5688K, capacity 6896K, committed 7040K, reserved 1056768K
  class space    used 556K, capacity 616K, committed 640K, reserved 1048576K

Card table byte_map: [0x0000000012830000,0x0000000012a40000] byte_map_base: 0x0000000012230000

Marking Bits: (ParMarkBitMap*) 0x0000000062709d00
 Begin Bits: [0x0000000012fa0000, 0x0000000013fa0000)
 End Bits:   [0x0000000013fa0000, 0x0000000014fa0000)

Polling page: 0x0000000001400000

CodeCache: size=245760Kb used=4788Kb max_used=4788Kb free=240972Kb
 bounds [0x0000000003470000, 0x0000000003930000, 0x0000000012470000]
 total_blobs=1431 nmethods=1168 adapters=177
 compilation: enabled

Compilation events (10 events):
Event: 3.048 Thread 0x0000000017301800 1170       3       com.android.dx.ssa.SCCP::run (298 bytes)
Event: 3.050 Thread 0x0000000017301800 nmethod 1170 0x00000000039196d0 code [0x0000000003919ac0, 0x000000000391bb88]
Event: 3.050 Thread 0x0000000017301800 1171       3       java.lang.Thread::interrupted (8 bytes)
Event: 3.050 Thread 0x0000000017301800 nmethod 1171 0x000000000391cbd0 code [0x000000000391cd40, 0x000000000391cec8]
Event: 3.222 Thread 0x0000000017301800 1173       3       com.android.dx.cf.code.Merger::mergeType (142 bytes)
Event: 3.226 Thread 0x0000000017301800 nmethod 1173 0x000000000391cf90 code [0x000000000391d240, 0x000000000391e6c8]
Event: 3.226 Thread 0x0000000017301800 1175       3       com.android.dx.ssa.PhiInsn::predBlocksForReg (73 bytes)
Event: 3.229 Thread 0x0000000017301800 nmethod 1175 0x000000000391edd0 code [0x000000000391f040, 0x0000000003920098]
Event: 3.229 Thread 0x0000000017301800 1174       3       com.android.dx.rop.type.Type::isArray (19 bytes)
Event: 3.229 Thread 0x0000000017301800 nmethod 1174 0x0000000003920c50 code [0x0000000003920de0, 0x0000000003921188]

GC Heap History (2 events):
Event: 2.757 GC heap before
{Heap before GC invocations=1 (full 0):
 PSYoungGen      total 38400K, used 33280K [0x00000000eab00000, 0x00000000ed580000, 0x0000000100000000)
  eden space 33280K, 100% used [0x00000000eab00000,0x00000000ecb80000,0x00000000ecb80000)
  from space 5120K, 0% used [0x00000000ed080000,0x00000000ed080000,0x00000000ed580000)
  to   space 5120K, 0% used [0x00000000ecb80000,0x00000000ecb80000,0x00000000ed080000)
 ParOldGen       total 87552K, used 0K [0x00000000c0000000, 0x00000000c5580000, 0x00000000eab00000)
  object space 87552K, 0% used [0x00000000c0000000,0x00000000c0000000,0x00000000c5580000)
 Metaspace       used 5642K, capacity 6896K, committed 7040K, reserved 1056768K
  class space    used 555K, capacity 616K, committed 640K, reserved 1048576K
Event: 2.948 GC heap after
Heap after GC invocations=1 (full 0):
 PSYoungGen      total 38400K, used 5118K [0x00000000eab00000, 0x00000000ef600000, 0x0000000100000000)
  eden space 33280K, 0% used [0x00000000eab00000,0x00000000eab00000,0x00000000ecb80000)
  from space 5120K, 99% used [0x00000000ecb80000,0x00000000ed07f928,0x00000000ed080000)
  to   space 5120K, 0% used [0x00000000ef100000,0x00000000ef100000,0x00000000ef600000)
 ParOldGen       total 87552K, used 5161K [0x00000000c0000000, 0x00000000c5580000, 0x00000000eab00000)
  object space 87552K, 5% used [0x00000000c0000000,0x00000000c050a4f8,0x00000000c5580000)
 Metaspace       used 5642K, capacity 6896K, committed 7040K, reserved 1056768K
  class space    used 555K, capacity 616K, committed 640K, reserved 1048576K
}

Deoptimization events (10 events):
Event: 2.106 Thread 0x000000001756a000 Uncommon trap: reason=unstable_if action=reinterpret pc=0x00000000036bc970 method=java.util.BitSet.nextSetBit(I)I @ 87
Event: 2.112 Thread 0x000000001756a000 Uncommon trap: reason=unstable_if action=reinterpret pc=0x00000000036c1f38 method=java.util.BitSet.ensureCapacity(I)V @ 6
Event: 2.275 Thread 0x000000001756a800 Uncommon trap: reason=class_check action=maybe_recompile pc=0x00000000036f111c method=com.android.dx.ssa.NormalSsaInsn.accept(Lcom/android/dx/ssa/SsaInsn$Visitor;)V @ 9
Event: 2.275 Thread 0x000000001756a800 Uncommon trap: reason=class_check action=maybe_recompile pc=0x00000000036f111c method=com.android.dx.ssa.NormalSsaInsn.accept(Lcom/android/dx/ssa/SsaInsn$Visitor;)V @ 9
Event: 2.275 Thread 0x000000001756a800 Uncommon trap: reason=class_check action=maybe_recompile pc=0x00000000036f111c method=com.android.dx.ssa.NormalSsaInsn.accept(Lcom/android/dx/ssa/SsaInsn$Visitor;)V @ 9
Event: 2.275 Thread 0x000000001756a800 Uncommon trap: reason=class_check action=maybe_recompile pc=0x00000000036f111c method=com.android.dx.ssa.NormalSsaInsn.accept(Lcom/android/dx/ssa/SsaInsn$Visitor;)V @ 9
Event: 3.038 Thread 0x000000001756d800 Uncommon trap: reason=bimorphic action=maybe_recompile pc=0x000000000385e610 method=com.android.dx.cf.code.BytecodeArray.parseInstruction(ILcom/android/dx/cf/code/BytecodeArray$Visitor;)I @ 939
Event: 3.039 Thread 0x000000001756d800 Uncommon trap: reason=bimorphic action=maybe_recompile pc=0x000000000385e510 method=com.android.dx.cf.code.BytecodeArray.parseInstruction(ILcom/android/dx/cf/code/BytecodeArray$Visitor;)I @ 907
Event: 3.039 Thread 0x000000001756d800 Uncommon trap: reason=bimorphic action=maybe_recompile pc=0x000000000385e510 method=com.android.dx.cf.code.BytecodeArray.parseInstruction(ILcom/android/dx/cf/code/BytecodeArray$Visitor;)I @ 907
Event: 3.039 Thread 0x000000001756d800 Uncommon trap: reason=bimorphic action=maybe_recompile pc=0x000000000385e590 method=com.android.dx.cf.code.BytecodeArray.parseInstruction(ILcom/android/dx/cf/code/BytecodeArray$Visitor;)I @ 923

Internal exceptions (2 events):
Event: 0.097 Thread 0x0000000003371000 Exception <a 'java/lang/NoSuchMethodError': Method sun.misc.Unsafe.defineClass(Ljava/lang/String;[BII)Ljava/lang/Class; name or signature does not match> (0x00000000eab07cc0) thrown at [C:\src\android\AOSP-openjdk\external\jetbrains\jdk\hotspot\src\share\v3ÂüQ¦À¸?
Event: 0.097 Thread 0x0000000003371000 Exception <a 'java/lang/NoSuchMethodError': Method sun.misc.Unsafe.prefetchRead(Ljava/lang/Object;J)V name or signature does not match> (0x00000000eab07fa8) thrown at [C:\src\android\AOSP-openjdk\external\jetbrains\jdk\hotspot\src\share\vm\prims\jni.cpp, l

Events (10 events):
Event: 3.039 Thread 0x000000001756d800 DEOPT UNPACKING pc=0x00000000034b556a sp=0x0000000017e9e5c8 mode 2
Event: 3.039 Thread 0x000000001756d800 Uncommon trap: trap_request=0xffffffc6 fr.pc=0x000000000385e590
Event: 3.039 Thread 0x000000001756d800 DEOPT PACKING pc=0x000000000385e590 sp=0x0000000017e9e650
Event: 3.040 Thread 0x000000001756a800 DEOPT PACKING pc=0x00000000037f0aa9 sp=0x0000000017d9e920
Event: 3.040 Thread 0x000000001756a800 DEOPT UNPACKING pc=0x00000000034b75bf sp=0x0000000017d9e618 mode 0
Event: 3.050 loading class com/android/dx/util/ListIntSet
Event: 3.050 loading class com/android/dx/util/ListIntSet done
Event: 3.050 Executing VM operation: Deoptimize
Event: 3.213 Thread 0x000000001756d800 DEOPT UNPACKING pc=0x00000000034b556a sp=0x0000000017e9e5c8 mode 2
Event: 3.213 Executing VM operation: Deoptimize done


Dynamic libraries:
0x00007ff66b420000 - 0x00007ff66b451000 	E:\kejiang\Android\Android Studio\jre\bin\java.exe
0x00007ffddc8d0000 - 0x00007ffddca91000 	C:\WINDOWS\SYSTEM32\ntdll.dll
0x00007ffddaa20000 - 0x00007ffddaacd000 	C:\WINDOWS\system32\KERNEL32.DLL
0x00007ffdd9730000 - 0x00007ffdd9918000 	C:\WINDOWS\system32\KERNELBASE.dll
0x00007ffdda800000 - 0x00007ffdda8a7000 	C:\WINDOWS\system32\ADVAPI32.dll
0x00007ffdd9e40000 - 0x00007ffdd9edd000 	C:\WINDOWS\system32\msvcrt.dll
0x00007ffdda910000 - 0x00007ffdda96b000 	C:\WINDOWS\system32\sechost.dll
0x00007ffddc770000 - 0x00007ffddc88c000 	C:\WINDOWS\system32\RPCRT4.dll
0x00007ffdda3e0000 - 0x00007ffdda536000 	C:\WINDOWS\system32\USER32.dll
0x00007ffdd9f40000 - 0x00007ffdda0c6000 	C:\WINDOWS\system32\GDI32.dll
0x00007ffdd34c0000 - 0x00007ffdd3734000 	C:\WINDOWS\WinSxS\amd64_microsoft.windows.common-controls_6595b64144ccf1df_6.0.10586.494_none_a2d8b04ea53e3145\COMCTL32.dll
0x00007ffddaae0000 - 0x00007ffddad5d000 	C:\WINDOWS\system32\combase.dll
0x00007ffdd9bb0000 - 0x00007ffdd9c1a000 	C:\WINDOWS\system32\bcryptPrimitives.dll
0x00007ffddc890000 - 0x00007ffddc8cb000 	C:\WINDOWS\system32\IMM32.DLL
0x0000000062c90000 - 0x0000000062d62000 	E:\kejiang\Android\Android Studio\jre\jre\bin\msvcr100.dll
0x0000000061f50000 - 0x0000000062784000 	E:\kejiang\Android\Android Studio\jre\jre\bin\server\jvm.dll
0x00007ffddadd0000 - 0x00007ffddadd8000 	C:\WINDOWS\system32\PSAPI.DLL
0x00007ffdcd8f0000 - 0x00007ffdcd8f9000 	C:\WINDOWS\SYSTEM32\WSOCK32.dll
0x00007ffddad60000 - 0x00007ffddadcb000 	C:\WINDOWS\system32\WS2_32.dll
0x00007ffdd7390000 - 0x00007ffdd73b3000 	C:\WINDOWS\SYSTEM32\WINMM.dll
0x00007ffdcd090000 - 0x00007ffdcd09a000 	C:\WINDOWS\SYSTEM32\VERSION.dll
0x00007ffdd6b10000 - 0x00007ffdd6b3c000 	C:\WINDOWS\SYSTEM32\WINMMBASE.dll
0x00007ffdd9010000 - 0x00007ffdd9053000 	C:\WINDOWS\system32\cfgmgr32.dll
0x00007ffdcd200000 - 0x00007ffdcd20f000 	E:\kejiang\Android\Android Studio\jre\jre\bin\verify.dll
0x00007ffdc2020000 - 0x00007ffdc2049000 	E:\kejiang\Android\Android Studio\jre\jre\bin\java.dll
0x00007ffdcc250000 - 0x00007ffdcc266000 	E:\kejiang\Android\Android Studio\jre\jre\bin\zip.dll
0x00007ffddb210000 - 0x00007ffddc76c000 	C:\WINDOWS\system32\SHELL32.dll
0x00007ffdd90c0000 - 0x00007ffdd9705000 	C:\WINDOWS\system32\windows.storage.dll
0x00007ffdda8b0000 - 0x00007ffdda902000 	C:\WINDOWS\system32\shlwapi.dll
0x00007ffdd8ef0000 - 0x00007ffdd8eff000 	C:\WINDOWS\system32\kernel.appcore.dll
0x00007ffdd9920000 - 0x00007ffdd99d5000 	C:\WINDOWS\system32\shcore.dll
0x00007ffdd8f00000 - 0x00007ffdd8f4b000 	C:\WINDOWS\system32\powrprof.dll
0x00007ffdd8f50000 - 0x00007ffdd8f64000 	C:\WINDOWS\system32\profapi.dll

VM Arguments:
jvm_args: -Djava.awt.headless=true -Xmx1024M -Dfile.encoding=GBK -Duser.country=CN -Duser.language=zh -Duser.variant 
java_command: com.android.dx.command.Main --dex --verbose --force-jumbo --num-threads=4 --multi-dex --output E:\kejiang\git\GitHub\AndroidFastDevFrame\app\build\intermediates\transforms\dex\debug\folders\1000\5\slice_6 E:\kejiang\git\GitHub\AndroidFastDevFrame\app\build\intermediates\transforms\instantRunSlicer\debug\folders\1\5\slice_6
java_class_path (initial): E:\kejiang\Android\sdk\build-tools\23.0.0\lib\dx.jar
Launcher Type: SUN_STANDARD

Environment Variables:
JAVA_HOME=C:\Program Files\Java\jdk1.8.0_72
CLASSPATH=.;C:\Program Files\Java\jdk1.8.0_72\lib\dt.jar;C:\Program Files\Java\jdk1.8.0_72\lib\tools.jar;
PATH=E:\kejiang\Android\sdk\platform-tools;C:\ProgramData\Oracle\Java\javapath;C:\Program Files (x86)\Common Files\NetSarang;C:\Windows\system32;C:\Windows;C:\Windows\System32\Wbem;C:\Windows\System32\WindowsPowerShell\v1.0\;C:\Program Files\Java\jdk1.7.0_60\bin;C:\Program Files\Java\jdk1.7.0_60\jre\bin;D:\Program Files\MySQL\MySQL Server 5.5\bin;E:\Framework\play\play-2.2.6;D:\Software\apache-maven-3.3.1\bin;C:\WINDOWS\system32;C:\WINDOWS;C:\WINDOWS\System32\Wbem;C:\WINDOWS\System32\WindowsPowerShell\v1.0\;C:\Program Files (x86)\MySQL\MySQL Fabric 1.5 & MySQL Utilities 1.5\;C:\Program Files (x86)\MySQL\MySQL Fabric 1.5 & MySQL Utilities 1.5\Doctrine extensions for PHP\;C:\Program Files\TortoiseSVN\bin;C:\Program Files\Git\cmd;C:\Program Files\TortoiseGit\bin
USERNAME=yuandl
OS=Windows_NT
PROCESSOR_IDENTIFIER=Intel64 Family 6 Model 60 Stepping 3, GenuineIntel



---------------  S Y S T E M  ---------------

OS: Windows 10.0 , 64 bit Build 10586 (10.0.10586.0)

CPU:total 4 (2 cores per cpu, 2 threads per core) family 6 model 60 stepping 3, cmov, cx8, fxsr, mmx, sse, sse2, sse3, ssse3, sse4.1, sse4.2, popcnt, avx, avx2, aes, clmul, erms, lzcnt, ht, tsc, tscinvbit, bmi1, bmi2

Memory: 4k page, physical 8305276k(1733208k free), swap 8305276k(4104k free)

vm_info: OpenJDK 64-Bit Server VM (25.76-b03) for windows-amd64 JRE (1.8.0_76-release-b03), built on Jun 29 2016 19:09:20 by "ralucas" with MS VC++ 10.0 (VS2010)

time: Wed Nov 30 11:05:57 2016
elapsed time: 3 seconds (0d 0h 0m 3s)

