#
# There is insufficient memory for the Java Runtime Environment to continue.
# Native memory allocation (malloc) failed to allocate 152576 bytes for Chunk::new
# Possible reasons:
#   The system is out of physical RAM or swap space
#   In 32 bit mode, the process size limit was hit
# Possible solutions:
#   Reduce memory load on the system
#   Increase physical memory or swap space
#   Check if swap backing store is full
#   Use 64 bit Java on a 64 bit OS
#   Decrease Java heap size (-Xmx/-Xms)
#   Decrease number of Java threads
#   Decrease Java thread stack sizes (-Xss)
#   Set larger code cache with -XX:ReservedCodeCacheSize=
# This output file may be truncated or incomplete.
#
#  Out of Memory Error (allocation.cpp:390), pid=65224, tid=0x00000000000111d0
#
# JRE version: OpenJDK Runtime Environment (8.0_76-b03) (build 1.8.0_76-release-b03)
# Java VM: OpenJDK 64-Bit Server VM (25.76-b03 mixed mode windows-amd64 compressed oops)
# Failed to write core dump. Minidumps are not enabled by default on client versions of Windows
#

---------------  T H R E A D  ---------------

Current thread (0x0000000015cbc800):  JavaThread "C2 CompilerThread1" daemon [_thread_in_native, id=70096, stack(0x0000000017730000,0x0000000017830000)]

Stack: [0x0000000017730000,0x0000000017830000]
[error occurred during error reporting (printing stack bounds), id 0xc0000005]

Native frames: (J=compiled Java code, j=interpreted, Vv=VM code, C=native code)


Current CompileTask:
C2:    994  939       4       com.android.dx.ssa.SsaInsn::mapRegisters (35 bytes)


---------------  P R O C E S S  ---------------

Java Threads: ( => current thread )
  0x0000000017590800 JavaThread "pool-2-thread-4" [_thread_blocked, id=68204, stack(0x0000000017f30000,0x0000000018030000)]
  0x000000001758f800 JavaThread "pool-2-thread-3" [_thread_in_Java, id=68768, stack(0x0000000017e30000,0x0000000017f30000)]
  0x000000001758e800 JavaThread "pool-2-thread-2" [_thread_in_Java, id=66028, stack(0x0000000017d30000,0x0000000017e30000)]
  0x000000001758b800 JavaThread "pool-3-thread-1" [_thread_blocked, id=69568, stack(0x0000000017c30000,0x0000000017d30000)]
  0x000000001758b000 JavaThread "pool-2-thread-1" [_thread_in_Java, id=67164, stack(0x0000000017b30000,0x0000000017c30000)]
  0x0000000017396800 JavaThread "Service Thread" daemon [_thread_blocked, id=67772, stack(0x0000000017930000,0x0000000017a30000)]
  0x000000001738a000 JavaThread "C1 CompilerThread2" daemon [_thread_blocked, id=66392, stack(0x0000000017830000,0x0000000017930000)]
=>0x0000000015cbc800 JavaThread "C2 CompilerThread1" daemon [_thread_in_native, id=70096, stack(0x0000000017730000,0x0000000017830000)]
  0x0000000015cb9000 JavaThread "C2 CompilerThread0" daemon [_thread_in_native, id=67760, stack(0x0000000017230000,0x0000000017330000)]
  0x0000000015cb7800 JavaThread "Attach Listener" daemon [_thread_blocked, id=64984, stack(0x0000000017130000,0x0000000017230000)]
  0x0000000015c6d000 JavaThread "Signal Dispatcher" daemon [_thread_blocked, id=65152, stack(0x0000000017030000,0x0000000017130000)]
  0x0000000015c48800 JavaThread "Finalizer" daemon [_thread_blocked, id=68080, stack(0x0000000016ed0000,0x0000000016fd0000)]
  0x000000000357f000 JavaThread "Reference Handler" daemon [_thread_blocked, id=63748, stack(0x0000000016dd0000,0x0000000016ed0000)]
  0x0000000003491000 JavaThread "main" [_thread_blocked, id=69668, stack(0x0000000003390000,0x0000000003490000)]

Other Threads:
  0x0000000015c25800 VMThread [stack: 0x0000000016cd0000,0x0000000016dd0000] [id=67156]
  0x0000000017398000 WatcherThread [stack: 0x0000000017a30000,0x0000000017b30000] [id=69964]

VM state:not at safepoint (normal execution)

VM Mutex/Monitor currently owned by a thread: None

Heap:
 PSYoungGen      total 38400K, used 29601K [0x00000000eab00000, 0x00000000ed580000, 0x0000000100000000)
  eden space 33280K, 88% used [0x00000000eab00000,0x00000000ec7e85f0,0x00000000ecb80000)
  from space 5120K, 0% used [0x00000000ed080000,0x00000000ed080000,0x00000000ed580000)
  to   space 5120K, 0% used [0x00000000ecb80000,0x00000000ecb80000,0x00000000ed080000)
 ParOldGen       total 87552K, used 0K [0x00000000c0000000, 0x00000000c5580000, 0x00000000eab00000)
  object space 87552K, 0% used [0x00000000c0000000,0x00000000c0000000,0x00000000c5580000)
 Metaspace       used 5562K, capacity 6832K, committed 7040K, reserved 1056768K
  class space    used 552K, capacity 616K, committed 640K, reserved 1048576K

Card table byte_map: [0x0000000012950000,0x0000000012b60000] byte_map_base: 0x0000000012350000

Marking Bits: (ParMarkBitMap*) 0x0000000060749d00
 Begin Bits: [0x00000000130c0000, 0x00000000140c0000)
 End Bits:   [0x00000000140c0000, 0x00000000150c0000)

Polling page: 0x00000000018c0000

CodeCache: size=245760Kb used=4247Kb max_used=4247Kb free=241512Kb
 bounds [0x0000000003590000, 0x00000000039c0000, 0x0000000012590000]
 total_blobs=1264 nmethods=1002 adapters=176
 compilation: enabled

Compilation events (10 events):
Event: 0.953 Thread 0x0000000015cbc800  939       4       com.android.dx.ssa.SsaInsn::mapRegisters (35 bytes)
Event: 0.954 Thread 0x0000000015cb9000 nmethod 938 0x00000000039785d0 code [0x0000000003978700, 0x0000000003978798]
Event: 0.954 Thread 0x0000000015cb9000  941       4       com.android.dx.util.IntList::binarysearch (124 bytes)
Event: 0.955 Thread 0x000000001738a000  944       3       com.android.dx.rop.type.Type::isArray (19 bytes)
Event: 0.955 Thread 0x000000001738a000 nmethod 944 0x0000000003983410 code [0x00000000039835a0, 0x0000000003983948]
Event: 0.956 Thread 0x0000000015cb9000 nmethod 941 0x0000000003989510 code [0x0000000003989660, 0x0000000003989818]
Event: 0.956 Thread 0x0000000015cb9000  943       4       com.android.dx.rop.code.BasicBlockList::labelToBlock (46 bytes)
Event: 0.956 Thread 0x000000001738a000  945       1       com.android.dx.cf.attrib.AttCode::getMaxStack (5 bytes)
Event: 0.956 Thread 0x000000001738a000 nmethod 945 0x000000000397a010 code [0x000000000397a160, 0x000000000397a270]
Event: 0.956 Thread 0x000000001738a000  946       3       com.android.dx.rop.code.Rops::opConst (85 bytes)

GC Heap History (0 events):
No events

Deoptimization events (6 events):
Event: 0.626 Thread 0x0000000003491000 Uncommon trap: reason=unstable_if action=reinterpret pc=0x000000000376f6e0 method=java.util.HashMap.getNode(ILjava/lang/Object;)Ljava/util/HashMap$Node; @ 129
Event: 0.802 Thread 0x0000000003491000 Uncommon trap: reason=class_check action=maybe_recompile pc=0x00000000038ba004 method=com.android.dx.ssa.NormalSsaInsn.accept(Lcom/android/dx/ssa/SsaInsn$Visitor;)V @ 9
Event: 0.803 Thread 0x0000000003491000 Uncommon trap: reason=class_check action=maybe_recompile pc=0x00000000038ba004 method=com.android.dx.ssa.NormalSsaInsn.accept(Lcom/android/dx/ssa/SsaInsn$Visitor;)V @ 9
Event: 0.803 Thread 0x0000000003491000 Uncommon trap: reason=class_check action=maybe_recompile pc=0x00000000038ba004 method=com.android.dx.ssa.NormalSsaInsn.accept(Lcom/android/dx/ssa/SsaInsn$Visitor;)V @ 9
Event: 0.803 Thread 0x0000000003491000 Uncommon trap: reason=class_check action=maybe_recompile pc=0x00000000038ba004 method=com.android.dx.ssa.NormalSsaInsn.accept(Lcom/android/dx/ssa/SsaInsn$Visitor;)V @ 9
Event: 0.803 Thread 0x0000000003491000 Uncommon trap: reason=class_check action=maybe_recompile pc=0x0000000003893f74 method=com.android.dx.ssa.NormalSsaInsn.accept(Lcom/android/dx/ssa/SsaInsn$Visitor;)V @ 9

Internal exceptions (2 events):
Event: 0.029 Thread 0x0000000003491000 Exception <a 'java/lang/NoSuchMethodError': Method sun.misc.Unsafe.defineClass(Ljava/lang/String;[BII)Ljava/lang/Class; name or signature does not match> (0x00000000eab07cc0) thrown at [C:\src\android\AOSP-openjdk\external\jetbrains\jdk\hotspot\src\share\v-oõ`3•ù?
Event: 0.029 Thread 0x0000000003491000 Exception <a 'java/lang/NoSuchMethodError': Method sun.misc.Unsafe.prefetchRead(Ljava/lang/Object;J)V name or signature does not match> (0x00000000eab07fa8) thrown at [C:\src\android\AOSP-openjdk\external\jetbrains\jdk\hotspot\src\share\vm\prims\jni.cpp, l

Events (10 events):
Event: 0.803 Thread 0x0000000003491000 DEOPT UNPACKING pc=0x00000000035d556a sp=0x000000000348d7f0 mode 2
Event: 0.803 Thread 0x0000000003491000 Uncommon trap: trap_request=0xffffffde fr.pc=0x00000000038ba004
Event: 0.803 Thread 0x0000000003491000 DEOPT PACKING pc=0x00000000038ba004 sp=0x000000000348d7b0
Event: 0.803 Thread 0x0000000003491000 DEOPT UNPACKING pc=0x00000000035d556a sp=0x000000000348d790 mode 2
Event: 0.803 Thread 0x0000000003491000 Uncommon trap: trap_request=0xffffffde fr.pc=0x00000000038ba004
Event: 0.803 Thread 0x0000000003491000 DEOPT PACKING pc=0x00000000038ba004 sp=0x000000000348dad0
Event: 0.803 Thread 0x0000000003491000 DEOPT UNPACKING pc=0x00000000035d556a sp=0x000000000348dab0 mode 2
Event: 0.803 Thread 0x0000000003491000 Uncommon trap: trap_request=0xffffffde fr.pc=0x0000000003893f74
Event: 0.803 Thread 0x0000000003491000 DEOPT PACKING pc=0x0000000003893f74 sp=0x000000000348da80
Event: 0.803 Thread 0x0000000003491000 DEOPT UNPACKING pc=0x00000000035d556a sp=0x000000000348dad0 mode 2


Dynamic libraries:
0x00007ff60fa20000 - 0x00007ff60fa51000 	E:\kejiang\Android\Android Studio\jre\bin\java.exe
0x00007ff819fc0000 - 0x00007ff81a181000 	C:\WINDOWS\SYSTEM32\ntdll.dll
0x00007ff819bf0000 - 0x00007ff819c9d000 	C:\WINDOWS\system32\KERNEL32.DLL
0x00007ff816700000 - 0x00007ff8168e8000 	C:\WINDOWS\system32\KERNELBASE.dll
0x00007ff819ae0000 - 0x00007ff819b87000 	C:\WINDOWS\system32\ADVAPI32.dll
0x00007ff8176b0000 - 0x00007ff81774d000 	C:\WINDOWS\system32\msvcrt.dll
0x00007ff819b90000 - 0x00007ff819beb000 	C:\WINDOWS\system32\sechost.dll
0x00007ff8173c0000 - 0x00007ff8174dc000 	C:\WINDOWS\system32\RPCRT4.dll
0x00007ff817550000 - 0x00007ff8176a6000 	C:\WINDOWS\system32\USER32.dll
0x00007ff819320000 - 0x00007ff8194a6000 	C:\WINDOWS\system32\GDI32.dll
0x00007ff810930000 - 0x00007ff810ba4000 	C:\WINDOWS\WinSxS\amd64_microsoft.windows.common-controls_6595b64144ccf1df_6.0.10586.672_none_a2d6b3cea53ff843\COMCTL32.dll
0x00007ff819ca0000 - 0x00007ff819f1d000 	C:\WINDOWS\system32\combase.dll
0x00007ff816690000 - 0x00007ff8166fa000 	C:\WINDOWS\system32\bcryptPrimitives.dll
0x00007ff819f20000 - 0x00007ff819f5b000 	C:\WINDOWS\system32\IMM32.DLL
0x0000000060cd0000 - 0x0000000060da2000 	E:\kejiang\Android\Android Studio\jre\jre\bin\msvcr100.dll
0x000000005ff90000 - 0x00000000607c4000 	E:\kejiang\Android\Android Studio\jre\jre\bin\server\jvm.dll
0x00007ff817760000 - 0x00007ff817768000 	C:\WINDOWS\system32\PSAPI.DLL
0x00007ff80b3b0000 - 0x00007ff80b3b9000 	C:\WINDOWS\SYSTEM32\WSOCK32.dll
0x00007ff8148c0000 - 0x00007ff8148e3000 	C:\WINDOWS\SYSTEM32\WINMM.dll
0x00007ff818e90000 - 0x00007ff818efb000 	C:\WINDOWS\system32\WS2_32.dll
0x00007ff80a770000 - 0x00007ff80a77a000 	C:\WINDOWS\SYSTEM32\VERSION.dll
0x00007ff814580000 - 0x00007ff8145ac000 	C:\WINDOWS\SYSTEM32\WINMMBASE.dll
0x00007ff8170b0000 - 0x00007ff8170f3000 	C:\WINDOWS\system32\cfgmgr32.dll
0x00007ff80b8b0000 - 0x00007ff80b8bf000 	E:\kejiang\Android\Android Studio\jre\jre\bin\verify.dll
0x00007ff80b880000 - 0x00007ff80b8a9000 	E:\kejiang\Android\Android Studio\jre\jre\bin\java.dll
0x00007ff80b810000 - 0x00007ff80b826000 	E:\kejiang\Android\Android Studio\jre\jre\bin\zip.dll
0x00007ff817920000 - 0x00007ff818e7c000 	C:\WINDOWS\system32\SHELL32.dll
0x00007ff8169a0000 - 0x00007ff816fe5000 	C:\WINDOWS\system32\windows.storage.dll
0x00007ff818f00000 - 0x00007ff818f52000 	C:\WINDOWS\system32\shlwapi.dll
0x00007ff816600000 - 0x00007ff81660f000 	C:\WINDOWS\system32\kernel.appcore.dll
0x00007ff816ff0000 - 0x00007ff8170a5000 	C:\WINDOWS\system32\shcore.dll
0x00007ff816620000 - 0x00007ff81666b000 	C:\WINDOWS\system32\powrprof.dll
0x00007ff8165e0000 - 0x00007ff8165f4000 	C:\WINDOWS\system32\profapi.dll

VM Arguments:
jvm_args: -Djava.awt.headless=true -Xmx1024M -Dfile.encoding=GBK -Duser.country=CN -Duser.language=zh -Duser.variant 
java_command: com.android.dx.command.Main --dex --verbose --force-jumbo --num-threads=4 --multi-dex --output E:\kejiang\git\GitHub\AndroidFastDevFrame\app\build\intermediates\transforms\dex\debug\folders\1000\5\slice_5 E:\kejiang\git\GitHub\AndroidFastDevFrame\app\build\intermediates\transforms\instantRunSlicer\debug\folders\1\5\slice_5
java_class_path (initial): E:\kejiang\Android\sdk\build-tools\23.0.0\lib\dx.jar
Launcher Type: SUN_STANDARD

Environment Variables:
JAVA_HOME=C:\Program Files\Java\jdk1.8.0_72
CLASSPATH=.;C:\Program Files\Java\jdk1.8.0_72\lib\dt.jar;C:\Program Files\Java\jdk1.8.0_72\lib\tools.jar;
PATH=D:\oracle\product\10.2.0\client_1\bin;D:\oracle\product\10.2.0\db_1\bin;E:\kejiang\Android\sdk\platform-tools;C:\ProgramData\Oracle\Java\javapath;C:\Program Files (x86)\Common Files\NetSarang;C:\Windows\system32;C:\Windows;C:\Windows\System32\Wbem;C:\Windows\System32\WindowsPowerShell\v1.0\;C:\Program Files\Java\jdk1.7.0_60\bin;C:\Program Files\Java\jdk1.7.0_60\jre\bin;D:\Program Files\MySQL\MySQL Server 5.5\bin;E:\Framework\play\play-2.2.6;D:\Software\apache-maven-3.3.1\bin;C:\WINDOWS\system32;C:\WINDOWS;C:\WINDOWS\System32\Wbem;C:\WINDOWS\System32\WindowsPowerShell\v1.0\;C:\Program Files\TortoiseSVN\bin;C:\Program Files\Git\cmd;C:\Program Files\TortoiseGit\bin;C:\Program Files\MySQL\MySQL Utilities 1.6\
USERNAME=yuandl
OS=Windows_NT
PROCESSOR_IDENTIFIER=Intel64 Family 6 Model 60 Stepping 3, GenuineIntel



---------------  S Y S T E M  ---------------

OS: Windows 10.0 , 64 bit Build 10586 (10.0.10586.589)

CPU:total 4 (2 cores per cpu, 2 threads per core) family 6 model 60 stepping 3, cmov, cx8, fxsr, mmx, sse, sse2, sse3, ssse3, sse4.1, sse4.2, popcnt, avx, avx2, aes, clmul, erms, lzcnt, ht, tsc, tscinvbit, bmi1, bmi2

Memory: 4k page, physical 8305276k(1446972k free), swap 8305276k(4060k free)

vm_info: OpenJDK 64-Bit Server VM (25.76-b03) for windows-amd64 JRE (1.8.0_76-release-b03), built on Jun 29 2016 19:09:20 by "ralucas" with MS VC++ 10.0 (VS2010)

time: Wed Dec 28 18:47:49 2016
elapsed time: 0 seconds (0d 0h 0m 0s)

