#
# There is insufficient memory for the Java Runtime Environment to continue.
# Native memory allocation (malloc) failed to allocate 217936 bytes for Chunk::new
# Possible reasons:
#   The system is out of physical RAM or swap space
#   In 32 bit mode, the process size limit was hit
# Possible solutions:
#   Reduce memory load on the system
#   Increase physical memory or swap space
#   Check if swap backing store is full
#   Use 64 bit Java on a 64 bit OS
#   Decrease Java heap size (-Xmx/-Xms)
#   Decrease number of Java threads
#   Decrease Java thread stack sizes (-Xss)
#   Set larger code cache with -XX:ReservedCodeCacheSize=
# This output file may be truncated or incomplete.
#
#  Out of Memory Error (allocation.cpp:390), pid=67992, tid=0x00000000000111d0
#
# JRE version: OpenJDK Runtime Environment (8.0_76-b03) (build 1.8.0_76-release-b03)
# Java VM: OpenJDK 64-Bit Server VM (25.76-b03 mixed mode windows-amd64 compressed oops)
# Failed to write core dump. Minidumps are not enabled by default on client versions of Windows
#

---------------  T H R E A D  ---------------

Current thread (0x00000000172d2000):  JavaThread "C2 CompilerThread1" daemon [_thread_in_native, id=70096, stack(0x0000000017680000,0x0000000017780000)]

Stack: [0x0000000017680000,0x0000000017780000]
[error occurred during error reporting (printing stack bounds), id 0xc0000005]

Native frames: (J=compiled Java code, j=interpreted, Vv=VM code, C=native code)


Current CompileTask:
C2:    878  620       4      
[error occurred during error reporting (printing current compile task), id 0xe0000001]


---------------  P R O C E S S  ---------------

Java Threads: ( => current thread )
  0x00000000174da800 JavaThread "pool-2-thread-4" [_thread_in_Java, id=64016, stack(0x0000000017e80000,0x0000000017f80000)]
  0x00000000174b6800 JavaThread "pool-2-thread-3" [_thread_in_vm, id=63748, stack(0x0000000017d80000,0x0000000017e80000)]
  0x000000001747e000 JavaThread "pool-2-thread-2" [_thread_in_Java, id=69964, stack(0x0000000017c80000,0x0000000017d80000)]
  0x00000000173d7800 JavaThread "pool-3-thread-1" [_thread_blocked, id=67164, stack(0x0000000017b80000,0x0000000017c80000)]
  0x00000000173d7000 JavaThread "pool-2-thread-1" [_thread_in_Java, id=69568, stack(0x0000000017a80000,0x0000000017b80000)]
  0x00000000172dc800 JavaThread "Service Thread" daemon [_thread_blocked, id=64984, stack(0x0000000017880000,0x0000000017980000)]
  0x00000000172d5000 JavaThread "C1 CompilerThread2" daemon [_thread_in_native, id=70208, stack(0x0000000017780000,0x0000000017880000)]
=>0x00000000172d2000 JavaThread "C2 CompilerThread1" daemon [_thread_in_native, id=70096, stack(0x0000000017680000,0x0000000017780000)]
  0x0000000015c7d800 JavaThread "C2 CompilerThread0" daemon [_thread_blocked, id=61708, stack(0x0000000017180000,0x0000000017280000)]
  0x0000000015c7c800 JavaThread "Attach Listener" daemon [_thread_blocked, id=67760, stack(0x0000000017080000,0x0000000017180000)]
  0x0000000015c31000 JavaThread "Signal Dispatcher" daemon [_thread_blocked, id=67232, stack(0x0000000016f80000,0x0000000017080000)]
  0x0000000015c08800 JavaThread "Finalizer" daemon [_thread_blocked, id=70532, stack(0x0000000016e80000,0x0000000016f80000)]
  0x000000000348f000 JavaThread "Reference Handler" daemon [_thread_blocked, id=60240, stack(0x0000000016d80000,0x0000000016e80000)]
  0x00000000033a1000 JavaThread "main" [_thread_in_vm, id=59304, stack(0x0000000002f10000,0x0000000003010000)]

Other Threads:
  0x0000000015be5800 VMThread [stack: 0x0000000016c80000,0x0000000016d80000] [id=70404]
  0x00000000172dd800 WatcherThread [stack: 0x0000000017980000,0x0000000017a80000] [id=68204]

VM state:not at safepoint (normal execution)

VM Mutex/Monitor currently owned by a thread: None

Heap:
 PSYoungGen      total 38400K, used 13332K [0x00000000eab00000, 0x00000000ed580000, 0x0000000100000000)
  eden space 33280K, 40% used [0x00000000eab00000,0x00000000eb805020,0x00000000ecb80000)
  from space 5120K, 0% used [0x00000000ed080000,0x00000000ed080000,0x00000000ed580000)
  to   space 5120K, 0% used [0x00000000ecb80000,0x00000000ecb80000,0x00000000ed080000)
 ParOldGen       total 87552K, used 0K [0x00000000c0000000, 0x00000000c5580000, 0x00000000eab00000)
  object space 87552K, 0% used [0x00000000c0000000,0x00000000c0000000,0x00000000c5580000)
 Metaspace       used 5312K, capacity 6576K, committed 6784K, reserved 1056768K
  class space    used 545K, capacity 616K, committed 640K, reserved 1048576K

Card table byte_map: [0x0000000012910000,0x0000000012b20000] byte_map_base: 0x0000000012310000

Marking Bits: (ParMarkBitMap*) 0x0000000060749d00
 Begin Bits: [0x0000000013080000, 0x0000000014080000)
 End Bits:   [0x0000000014080000, 0x0000000015080000)

Polling page: 0x0000000000ff0000

CodeCache: size=245760Kb used=2507Kb max_used=2519Kb free=243252Kb
 bounds [0x0000000003550000, 0x00000000037d0000, 0x0000000012550000]
 total_blobs=868 nmethods=606 adapters=176
 compilation: enabled

Compilation events (10 events):
Event: 0.860 Thread 0x00000000172d2000  620       4       com.android.dx.ssa.NormalSsaInsn::accept (25 bytes)
Event: 0.860 Thread 0x0000000015c7d800 nmethod 619 0x00000000037c31d0 code [0x00000000037c3300, 0x00000000037c3398]
Event: 0.861 Thread 0x0000000015c7d800  623       4       com.android.dx.rop.cst.CstMemberRef::compareTo0 (49 bytes)
Event: 0.863 Thread 0x0000000015c7d800 nmethod 623 0x00000000037c4310 code [0x00000000037c4460, 0x00000000037c4818]
Event: 0.863 Thread 0x0000000015c7d800  625       4       com.android.dx.rop.cst.Constant::compareTo (33 bytes)
Event: 0.864 Thread 0x0000000015c7d800 nmethod 625 0x00000000037c4c10 code [0x00000000037c4d60, 0x00000000037c4e18]
Event: 0.864 Thread 0x0000000015c7d800  627       4       com.android.dx.rop.cst.CstType::compareTo0 (25 bytes)
Event: 0.865 Thread 0x0000000015c7d800 nmethod 627 0x00000000037c1c90 code [0x00000000037c1de0, 0x00000000037c1fd8]
Event: 0.867 Thread 0x0000000015c7d800  629       4       java.util.HashMap::getNode (148 bytes)
Event: 0.871 Thread 0x0000000015c7d800 nmethod 629 0x00000000037c3910 code [0x00000000037c3a80, 0x00000000037c3ef8]

GC Heap History (0 events):
No events

Deoptimization events (6 events):
Event: 0.798 Thread 0x000000001747e000 Uncommon trap: reason=unstable_if action=reinterpret pc=0x0000000003785dc0 method=java.util.HashMap.getNode(ILjava/lang/Object;)Ljava/util/HashMap$Node; @ 62
Event: 0.839 Thread 0x00000000173d7000 Uncommon trap: reason=class_check action=maybe_recompile pc=0x0000000003713e34 method=com.android.dx.rop.cst.CstMemberRef.compareTo0(Lcom/android/dx/rop/cst/Constant;)I @ 1
Event: 0.841 Thread 0x00000000174da800 Uncommon trap: reason=class_check action=maybe_recompile pc=0x0000000003713e34 method=com.android.dx.rop.cst.CstMemberRef.compareTo0(Lcom/android/dx/rop/cst/Constant;)I @ 1
Event: 0.841 Thread 0x00000000174da800 Uncommon trap: reason=class_check action=maybe_recompile pc=0x0000000003713e34 method=com.android.dx.rop.cst.CstMemberRef.compareTo0(Lcom/android/dx/rop/cst/Constant;)I @ 1
Event: 0.841 Thread 0x00000000174b6800 Uncommon trap: reason=class_check action=maybe_recompile pc=0x0000000003713e34 method=com.android.dx.rop.cst.CstMemberRef.compareTo0(Lcom/android/dx/rop/cst/Constant;)I @ 1
Event: 0.861 Thread 0x00000000174da800 Uncommon trap: reason=unstable_if action=reinterpret pc=0x0000000003712438 method=com.android.dx.rop.cst.CstFieldRef.compareTo0(Lcom/android/dx/rop/cst/Constant;)I @ 7

Internal exceptions (2 events):
Event: 0.080 Thread 0x00000000033a1000 Exception <a 'java/lang/NoSuchMethodError': Method sun.misc.Unsafe.defineClass(Ljava/lang/String;[BII)Ljava/lang/Class; name or signature does not match> (0x00000000eab07cc0) thrown at [C:\src\android\AOSP-openjdk\external\jetbrains\jdk\hotspot\src\share\vRl√ë›ò¥?
Event: 0.080 Thread 0x00000000033a1000 Exception <a 'java/lang/NoSuchMethodError': Method sun.misc.Unsafe.prefetchRead(Ljava/lang/Object;J)V name or signature does not match> (0x00000000eab07fa8) thrown at [C:\src\android\AOSP-openjdk\external\jetbrains\jdk\hotspot\src\share\vm\prims\jni.cpp, l

Events (10 events):
Event: 0.841 Thread 0x00000000174b6800 Uncommon trap: trap_request=0xffffffde fr.pc=0x0000000003713e34
Event: 0.841 Thread 0x00000000174b6800 DEOPT PACKING pc=0x0000000003713e34 sp=0x0000000017e7ef80
Event: 0.841 Thread 0x00000000174b6800 DEOPT UNPACKING pc=0x000000000359556a sp=0x0000000017e7ef08 mode 2
Event: 0.849 loading class com/android/dx/ssa/back/FirstFitLocalCombiningAllocator$Multiset
Event: 0.849 loading class com/android/dx/ssa/back/FirstFitLocalCombiningAllocator$Multiset done
Event: 0.851 loading class java/util/DualPivotQuicksort
Event: 0.851 loading class java/util/DualPivotQuicksort done
Event: 0.861 Thread 0x00000000174da800 Uncommon trap: trap_request=0xffffff65 fr.pc=0x0000000003712438
Event: 0.861 Thread 0x00000000174da800 DEOPT PACKING pc=0x0000000003712438 sp=0x0000000017f7efd0
Event: 0.861 Thread 0x00000000174da800 DEOPT UNPACKING pc=0x000000000359556a sp=0x0000000017f7ef58 mode 2


Dynamic libraries:
0x00007ff60fa20000 - 0x00007ff60fa51000 	E:\kejiang\Android\Android Studio\jre\bin\java.exe
0x00007ff819fc0000 - 0x00007ff81a181000 	C:\WINDOWS\SYSTEM32\ntdll.dll
0x00007ff819bf0000 - 0x00007ff819c9d000 	C:\WINDOWS\system32\KERNEL32.DLL
0x00007ff816700000 - 0x00007ff8168e8000 	C:\WINDOWS\system32\KERNELBASE.dll
0x00007ff819ae0000 - 0x00007ff819b87000 	C:\WINDOWS\system32\ADVAPI32.dll
0x00007ff8176b0000 - 0x00007ff81774d000 	C:\WINDOWS\system32\msvcrt.dll
0x00007ff819b90000 - 0x00007ff819beb000 	C:\WINDOWS\system32\sechost.dll
0x00007ff8173c0000 - 0x00007ff8174dc000 	C:\WINDOWS\system32\RPCRT4.dll
0x00007ff817550000 - 0x00007ff8176a6000 	C:\WINDOWS\system32\USER32.dll
0x00007ff819320000 - 0x00007ff8194a6000 	C:\WINDOWS\system32\GDI32.dll
0x00007ff810930000 - 0x00007ff810ba4000 	C:\WINDOWS\WinSxS\amd64_microsoft.windows.common-controls_6595b64144ccf1df_6.0.10586.672_none_a2d6b3cea53ff843\COMCTL32.dll
0x00007ff819ca0000 - 0x00007ff819f1d000 	C:\WINDOWS\system32\combase.dll
0x00007ff816690000 - 0x00007ff8166fa000 	C:\WINDOWS\system32\bcryptPrimitives.dll
0x00007ff819f20000 - 0x00007ff819f5b000 	C:\WINDOWS\system32\IMM32.DLL
0x0000000060cd0000 - 0x0000000060da2000 	E:\kejiang\Android\Android Studio\jre\jre\bin\msvcr100.dll
0x000000005ff90000 - 0x00000000607c4000 	E:\kejiang\Android\Android Studio\jre\jre\bin\server\jvm.dll
0x00007ff817760000 - 0x00007ff817768000 	C:\WINDOWS\system32\PSAPI.DLL
0x00007ff80b3b0000 - 0x00007ff80b3b9000 	C:\WINDOWS\SYSTEM32\WSOCK32.dll
0x00007ff818e90000 - 0x00007ff818efb000 	C:\WINDOWS\system32\WS2_32.dll
0x00007ff8148c0000 - 0x00007ff8148e3000 	C:\WINDOWS\SYSTEM32\WINMM.dll
0x00007ff80a770000 - 0x00007ff80a77a000 	C:\WINDOWS\SYSTEM32\VERSION.dll
0x00007ff814580000 - 0x00007ff8145ac000 	C:\WINDOWS\SYSTEM32\WINMMBASE.dll
0x00007ff8170b0000 - 0x00007ff8170f3000 	C:\WINDOWS\system32\cfgmgr32.dll
0x00007ff80b8b0000 - 0x00007ff80b8bf000 	E:\kejiang\Android\Android Studio\jre\jre\bin\verify.dll
0x00007ff80b880000 - 0x00007ff80b8a9000 	E:\kejiang\Android\Android Studio\jre\jre\bin\java.dll
0x00007ff80b810000 - 0x00007ff80b826000 	E:\kejiang\Android\Android Studio\jre\jre\bin\zip.dll
0x00007ff817920000 - 0x00007ff818e7c000 	C:\WINDOWS\system32\SHELL32.dll
0x00007ff8169a0000 - 0x00007ff816fe5000 	C:\WINDOWS\system32\windows.storage.dll
0x00007ff818f00000 - 0x00007ff818f52000 	C:\WINDOWS\system32\shlwapi.dll
0x00007ff816600000 - 0x00007ff81660f000 	C:\WINDOWS\system32\kernel.appcore.dll
0x00007ff816ff0000 - 0x00007ff8170a5000 	C:\WINDOWS\system32\shcore.dll
0x00007ff816620000 - 0x00007ff81666b000 	C:\WINDOWS\system32\powrprof.dll
0x00007ff8165e0000 - 0x00007ff8165f4000 	C:\WINDOWS\system32\profapi.dll

VM Arguments:
jvm_args: -Djava.awt.headless=true -Xmx1024M -Dfile.encoding=GBK -Duser.country=CN -Duser.language=zh -Duser.variant 
java_command: com.android.dx.command.Main --dex --verbose --force-jumbo --num-threads=4 --multi-dex --output E:\kejiang\git\GitHub\AndroidFastDevFrame\app\build\intermediates\transforms\dex\debug\folders\1000\5\slice_0 E:\kejiang\git\GitHub\AndroidFastDevFrame\app\build\intermediates\transforms\instantRunSlicer\debug\folders\1\5\slice_0
java_class_path (initial): E:\kejiang\Android\sdk\build-tools\23.0.0\lib\dx.jar
Launcher Type: SUN_STANDARD

Environment Variables:
JAVA_HOME=C:\Program Files\Java\jdk1.8.0_72
CLASSPATH=.;C:\Program Files\Java\jdk1.8.0_72\lib\dt.jar;C:\Program Files\Java\jdk1.8.0_72\lib\tools.jar;
PATH=D:\oracle\product\10.2.0\client_1\bin;D:\oracle\product\10.2.0\db_1\bin;E:\kejiang\Android\sdk\platform-tools;C:\ProgramData\Oracle\Java\javapath;C:\Program Files (x86)\Common Files\NetSarang;C:\Windows\system32;C:\Windows;C:\Windows\System32\Wbem;C:\Windows\System32\WindowsPowerShell\v1.0\;C:\Program Files\Java\jdk1.7.0_60\bin;C:\Program Files\Java\jdk1.7.0_60\jre\bin;D:\Program Files\MySQL\MySQL Server 5.5\bin;E:\Framework\play\play-2.2.6;D:\Software\apache-maven-3.3.1\bin;C:\WINDOWS\system32;C:\WINDOWS;C:\WINDOWS\System32\Wbem;C:\WINDOWS\System32\WindowsPowerShell\v1.0\;C:\Program Files\TortoiseSVN\bin;C:\Program Files\Git\cmd;C:\Program Files\TortoiseGit\bin;C:\Program Files\MySQL\MySQL Utilities 1.6\
USERNAME=yuandl
OS=Windows_NT
PROCESSOR_IDENTIFIER=Intel64 Family 6 Model 60 Stepping 3, GenuineIntel



---------------  S Y S T E M  ---------------

OS: Windows 10.0 , 64 bit Build 10586 (10.0.10586.589)

CPU:total 4 (2 cores per cpu, 2 threads per core) family 6 model 60 stepping 3, cmov, cx8, fxsr, mmx, sse, sse2, sse3, ssse3, sse4.1, sse4.2, popcnt, avx, avx2, aes, clmul, erms, lzcnt, ht, tsc, tscinvbit, bmi1, bmi2

Memory: 4k page, physical 8305276k(1296868k free), swap 8305276k(5148k free)

vm_info: OpenJDK 64-Bit Server VM (25.76-b03) for windows-amd64 JRE (1.8.0_76-release-b03), built on Jun 29 2016 19:09:20 by "ralucas" with MS VC++ 10.0 (VS2010)

time: Wed Dec 28 18:49:00 2016
elapsed time: 0 seconds (0d 0h 0m 0s)

