#
# There is insufficient memory for the Java Runtime Environment to continue.
# Native memory allocation (malloc) failed to allocate 377776 bytes for Chunk::new
# Possible reasons:
#   The system is out of physical RAM or swap space
#   In 32 bit mode, the process size limit was hit
# Possible solutions:
#   Reduce memory load on the system
#   Increase physical memory or swap space
#   Check if swap backing store is full
#   Use 64 bit Java on a 64 bit OS
#   Decrease Java heap size (-Xmx/-Xms)
#   Decrease number of Java threads
#   Decrease Java thread stack sizes (-Xss)
#   Set larger code cache with -XX:ReservedCodeCacheSize=
# This output file may be truncated or incomplete.
#
#  Out of Memory Error (allocation.cpp:390), pid=66172, tid=0x00000000000100b4
#
# JRE version: OpenJDK Runtime Environment (8.0_76-b03) (build 1.8.0_76-release-b03)
# Java VM: OpenJDK 64-Bit Server VM (25.76-b03 mixed mode windows-amd64 compressed oops)
# Failed to write core dump. Minidumps are not enabled by default on client versions of Windows
#

---------------  T H R E A D  ---------------

Current thread (0x000000000317b800):  JavaThread "C2 CompilerThread1" daemon [_thread_in_native, id=65716, stack(0x0000000016ed0000,0x0000000016fd0000)]

Stack: [0x0000000016ed0000,0x0000000016fd0000]
[error occurred during error reporting (printing stack bounds), id 0xc0000005]

Native frames: (J=compiled Java code, j=interpreted, Vv=VM code, C=native code)


Current CompileTask:
C2:   3703 1354       4       com.android.dx.ssa.DeadCodeRemover::isCircularNoSideEffect (140 bytes)


---------------  P R O C E S S  ---------------

Java Threads: ( => current thread )
  0x0000000018656800 JavaThread "pool-2-thread-4" [_thread_blocked, id=66552, stack(0x0000000017ad0000,0x0000000017bd0000)]
  0x0000000017268800 JavaThread "pool-2-thread-3" [_thread_blocked, id=65580, stack(0x00000000179d0000,0x0000000017ad0000)]
  0x0000000017159000 JavaThread "pool-2-thread-2" [_thread_blocked, id=62104, stack(0x00000000178d0000,0x00000000179d0000)]
  0x0000000017140800 JavaThread "pool-3-thread-1" [_thread_blocked, id=66548, stack(0x00000000177d0000,0x00000000178d0000)]
  0x000000001713f800 JavaThread "pool-2-thread-1" [_thread_in_Java, id=66220, stack(0x00000000176d0000,0x00000000177d0000)]
  0x000000001702e800 JavaThread "Service Thread" daemon [_thread_blocked, id=65564, stack(0x00000000174d0000,0x00000000175d0000)]
  0x0000000017025800 JavaThread "C1 CompilerThread2" daemon [_thread_blocked, id=65808, stack(0x00000000173d0000,0x00000000174d0000)]
=>0x000000000317b800 JavaThread "C2 CompilerThread1" daemon [_thread_in_native, id=65716, stack(0x0000000016ed0000,0x0000000016fd0000)]
  0x00000000158ad800 JavaThread "C2 CompilerThread0" daemon [_thread_in_native, id=65696, stack(0x0000000016dd0000,0x0000000016ed0000)]
  0x00000000158ac800 JavaThread "Attach Listener" daemon [_thread_blocked, id=65700, stack(0x0000000016cd0000,0x0000000016dd0000)]
  0x0000000015861000 JavaThread "Signal Dispatcher" daemon [_thread_blocked, id=65704, stack(0x0000000016bd0000,0x0000000016cd0000)]
  0x0000000015838800 JavaThread "Finalizer" daemon [_thread_blocked, id=64264, stack(0x0000000016ad0000,0x0000000016bd0000)]
  0x000000000316f000 JavaThread "Reference Handler" daemon [_thread_blocked, id=65624, stack(0x00000000169d0000,0x0000000016ad0000)]
  0x0000000003081000 JavaThread "main" [_thread_blocked, id=65856, stack(0x0000000002a40000,0x0000000002b40000)]

Other Threads:
  0x0000000015815800 VMThread [stack: 0x00000000168d0000,0x00000000169d0000] [id=64688]
  0x000000001702f800 WatcherThread [stack: 0x00000000175d0000,0x00000000176d0000] [id=65540]

VM state:not at safepoint (normal execution)

VM Mutex/Monitor currently owned by a thread: None

Heap:
 PSYoungGen      total 38400K, used 30903K [0x00000000eab00000, 0x00000000ed580000, 0x0000000100000000)
  eden space 33280K, 92% used [0x00000000eab00000,0x00000000ec92def8,0x00000000ecb80000)
  from space 5120K, 0% used [0x00000000ecb80000,0x00000000ecb80000,0x00000000ed080000)
  to   space 5120K, 0% used [0x00000000ed080000,0x00000000ed080000,0x00000000ed580000)
 ParOldGen       total 61440K, used 1497K [0x00000000c0000000, 0x00000000c3c00000, 0x00000000eab00000)
  object space 61440K, 2% used [0x00000000c0000000,0x00000000c01766b0,0x00000000c3c00000)
 Metaspace       used 5780K, capacity 7024K, committed 7296K, reserved 1060864K
  class space    used 558K, capacity 616K, committed 640K, reserved 1048576K

Card table byte_map: [0x0000000012540000,0x0000000012750000] byte_map_base: 0x0000000011f40000

Marking Bits: (ParMarkBitMap*) 0x0000000060749d00
 Begin Bits: [0x0000000012cb0000, 0x0000000013cb0000)
 End Bits:   [0x0000000013cb0000, 0x0000000014cb0000)

Polling page: 0x0000000000f50000

CodeCache: size=245760Kb used=5765Kb max_used=5765Kb free=239994Kb
 bounds [0x0000000003180000, 0x0000000003730000, 0x0000000012180000]
 total_blobs=1630 nmethods=1366 adapters=177
 compilation: enabled

Compilation events (10 events):
Event: 3.681 Thread 0x0000000017025800 1367       3       com.android.dx.ssa.SsaMethod::convertRopToSsaBlocks (103 bytes)
Event: 3.682 Thread 0x0000000017025800 nmethod 1367 0x00000000037245d0 code [0x0000000003724840, 0x0000000003725a08]
Event: 3.689 Thread 0x0000000017025800 1368       3       java.nio.CharBuffer::arrayOffset (35 bytes)
Event: 3.689 Thread 0x0000000017025800 nmethod 1368 0x00000000036f2a90 code [0x00000000036f2c20, 0x00000000036f2f38]
Event: 3.689 Thread 0x0000000017025800 1369       3       com.android.dx.rop.type.Prototype::makeParameterArray (131 bytes)
Event: 3.690 Thread 0x0000000017025800 nmethod 1369 0x0000000003726410 code [0x0000000003726640, 0x0000000003727218]
Event: 3.691 Thread 0x0000000017025800 1370       3       java.lang.String::<init> (82 bytes)
Event: 3.691 Thread 0x0000000017025800 nmethod 1370 0x0000000003727790 code [0x0000000003727960, 0x0000000003727e58]
Event: 3.691 Thread 0x0000000017025800 1371       3       com.android.dx.cf.attrib.RawAttribute::byteLength (11 bytes)
Event: 3.691 Thread 0x0000000017025800 nmethod 1371 0x00000000037110d0 code [0x0000000003711220, 0x0000000003711410]

GC Heap History (10 events):
Event: 0.386 GC heap before
{Heap before GC invocations=2 (full 1):
 PSYoungGen      total 38400K, used 2102K [0x00000000eab00000, 0x00000000ed580000, 0x0000000100000000)
  eden space 33280K, 0% used [0x00000000eab00000,0x00000000eab00000,0x00000000ecb80000)
  from space 5120K, 41% used [0x00000000ecb80000,0x00000000ecd8d960,0x00000000ed080000)
  to   space 5120K, 0% used [0x00000000ed080000,0x00000000ed080000,0x00000000ed580000)
 ParOldGen       total 87552K, used 8K [0x00000000c0000000, 0x00000000c5580000, 0x00000000eab00000)
  object space 87552K, 0% used [0x00000000c0000000,0x00000000c0002000,0x00000000c5580000)
 Metaspace       used 4205K, capacity 5584K, committed 5760K, reserved 1060864K
  class space    used 453K, capacity 520K, committed 640K, reserved 1048576K
Event: 0.397 GC heap after
Heap after GC invocations=2 (full 1):
 PSYoungGen      total 38400K, used 0K [0x00000000eab00000, 0x00000000ed580000, 0x0000000100000000)
  eden space 33280K, 0% used [0x00000000eab00000,0x00000000eab00000,0x00000000ecb80000)
  from space 5120K, 0% used [0x00000000ecb80000,0x00000000ecb80000,0x00000000ed080000)
  to   space 5120K, 0% used [0x00000000ed080000,0x00000000ed080000,0x00000000ed580000)
 ParOldGen       total 61440K, used 1841K [0x00000000c0000000, 0x00000000c3c00000, 0x00000000eab00000)
  object space 61440K, 2% used [0x00000000c0000000,0x00000000c01cc610,0x00000000c3c00000)
 Metaspace       used 4205K, capacity 5584K, committed 5760K, reserved 1058816K
  class space    used 453K, capacity 520K, committed 640K, reserved 1048576K
}
Event: 0.452 GC heap before
{Heap before GC invocations=3 (full 1):
 PSYoungGen      total 38400K, used 5342K [0x00000000eab00000, 0x00000000ed580000, 0x0000000100000000)
  eden space 33280K, 16% used [0x00000000eab00000,0x00000000eb037890,0x00000000ecb80000)
  from space 5120K, 0% used [0x00000000ecb80000,0x00000000ecb80000,0x00000000ed080000)
  to   space 5120K, 0% used [0x00000000ed080000,0x00000000ed080000,0x00000000ed580000)
 ParOldGen       total 61440K, used 1841K [0x00000000c0000000, 0x00000000c3c00000, 0x00000000eab00000)
  object space 61440K, 2% used [0x00000000c0000000,0x00000000c01cc610,0x00000000c3c00000)
 Metaspace       used 4883K, capacity 6160K, committed 6272K, reserved 1062912K
  class space    used 524K, capacity 584K, committed 640K, reserved 1048576K
Event: 0.456 GC heap after
Heap after GC invocations=3 (full 1):
 PSYoungGen      total 38400K, used 676K [0x00000000eab00000, 0x00000000ed580000, 0x0000000100000000)
  eden space 33280K, 0% used [0x00000000eab00000,0x00000000eab00000,0x00000000ecb80000)
  from space 5120K, 13% used [0x00000000ed080000,0x00000000ed129020,0x00000000ed580000)
  to   space 5120K, 0% used [0x00000000ecb80000,0x00000000ecb80000,0x00000000ed080000)
 ParOldGen       total 61440K, used 1849K [0x00000000c0000000, 0x00000000c3c00000, 0x00000000eab00000)
  object space 61440K, 3% used [0x00000000c0000000,0x00000000c01ce610,0x00000000c3c00000)
 Metaspace       used 4883K, capacity 6160K, committed 6272K, reserved 1062912K
  class space    used 524K, capacity 584K, committed 640K, reserved 1048576K
}
Event: 0.456 GC heap before
{Heap before GC invocations=4 (full 2):
 PSYoungGen      total 38400K, used 676K [0x00000000eab00000, 0x00000000ed580000, 0x0000000100000000)
  eden space 33280K, 0% used [0x00000000eab00000,0x00000000eab00000,0x00000000ecb80000)
  from space 5120K, 13% used [0x00000000ed080000,0x00000000ed129020,0x00000000ed580000)
  to   space 5120K, 0% used [0x00000000ecb80000,0x00000000ecb80000,0x00000000ed080000)
 ParOldGen       total 61440K, used 1849K [0x00000000c0000000, 0x00000000c3c00000, 0x00000000eab00000)
  object space 61440K, 3% used [0x00000000c0000000,0x00000000c01ce610,0x00000000c3c00000)
 Metaspace       used 4883K, capacity 6160K, committed 6272K, reserved 1062912K
  class space    used 524K, capacity 584K, committed 640K, reserved 1048576K
Event: 0.463 GC heap after
Heap after GC invocations=4 (full 2):
 PSYoungGen      total 38400K, used 0K [0x00000000eab00000, 0x00000000ed580000, 0x0000000100000000)
  eden space 33280K, 0% used [0x00000000eab00000,0x00000000eab00000,0x00000000ecb80000)
  from space 5120K, 0% used [0x00000000ed080000,0x00000000ed080000,0x00000000ed580000)
  to   space 5120K, 0% used [0x00000000ecb80000,0x00000000ecb80000,0x00000000ed080000)
 ParOldGen       total 61440K, used 1591K [0x00000000c0000000, 0x00000000c3c00000, 0x00000000eab00000)
  object space 61440K, 2% used [0x00000000c0000000,0x00000000c018de58,0x00000000c3c00000)
 Metaspace       used 4883K, capacity 6160K, committed 6272K, reserved 1060864K
  class space    used 524K, capacity 584K, committed 640K, reserved 1048576K
}
Event: 0.463 GC heap before
{Heap before GC invocations=5 (full 2):
 PSYoungGen      total 38400K, used 0K [0x00000000eab00000, 0x00000000ed580000, 0x0000000100000000)
  eden space 33280K, 0% used [0x00000000eab00000,0x00000000eab00000,0x00000000ecb80000)
  from space 5120K, 0% used [0x00000000ed080000,0x00000000ed080000,0x00000000ed580000)
  to   space 5120K, 0% used [0x00000000ecb80000,0x00000000ecb80000,0x00000000ed080000)
 ParOldGen       total 61440K, used 1591K [0x00000000c0000000, 0x00000000c3c00000, 0x00000000eab00000)
  object space 61440K, 2% used [0x00000000c0000000,0x00000000c018de58,0x00000000c3c00000)
 Metaspace       used 4883K, capacity 6160K, committed 6272K, reserved 1064960K
  class space    used 524K, capacity 584K, committed 640K, reserved 1048576K
Event: 0.464 GC heap after
Heap after GC invocations=5 (full 2):
 PSYoungGen      total 38400K, used 0K [0x00000000eab00000, 0x00000000ed580000, 0x0000000100000000)
  eden space 33280K, 0% used [0x00000000eab00000,0x00000000eab00000,0x00000000ecb80000)
  from space 5120K, 0% used [0x00000000ecb80000,0x00000000ecb80000,0x00000000ed080000)
  to   space 5120K, 0% used [0x00000000ed080000,0x00000000ed080000,0x00000000ed580000)
 ParOldGen       total 61440K, used 1591K [0x00000000c0000000, 0x00000000c3c00000, 0x00000000eab00000)
  object space 61440K, 2% used [0x00000000c0000000,0x00000000c018de58,0x00000000c3c00000)
 Metaspace       used 4883K, capacity 6160K, committed 6272K, reserved 1064960K
  class space    used 524K, capacity 584K, committed 640K, reserved 1048576K
}
Event: 0.464 GC heap before
{Heap before GC invocations=6 (full 3):
 PSYoungGen      total 38400K, used 0K [0x00000000eab00000, 0x00000000ed580000, 0x0000000100000000)
  eden space 33280K, 0% used [0x00000000eab00000,0x00000000eab00000,0x00000000ecb80000)
  from space 5120K, 0% used [0x00000000ecb80000,0x00000000ecb80000,0x00000000ed080000)
  to   space 5120K, 0% used [0x00000000ed080000,0x00000000ed080000,0x00000000ed580000)
 ParOldGen       total 61440K, used 1591K [0x00000000c0000000, 0x00000000c3c00000, 0x00000000eab00000)
  object space 61440K, 2% used [0x00000000c0000000,0x00000000c018de58,0x00000000c3c00000)
 Metaspace       used 4883K, capacity 6160K, committed 6272K, reserved 1064960K
  class space    used 524K, capacity 584K, committed 640K, reserved 1048576K
Event: 0.479 GC heap after
Heap after GC invocations=6 (full 3):
 PSYoungGen      total 38400K, used 0K [0x00000000eab00000, 0x00000000ed580000, 0x0000000100000000)
  eden space 33280K, 0% used [0x00000000eab00000,0x00000000eab00000,0x00000000ecb80000)
  from space 5120K, 0% used [0x00000000ecb80000,0x00000000ecb80000,0x00000000ed080000)
  to   space 5120K, 0% used [0x00000000ed080000,0x00000000ed080000,0x00000000ed580000)
 ParOldGen       total 61440K, used 1497K [0x00000000c0000000, 0x00000000c3c00000, 0x00000000eab00000)
  object space 61440K, 2% used [0x00000000c0000000,0x00000000c01766b0,0x00000000c3c00000)
 Metaspace       used 4883K, capacity 6160K, committed 6272K, reserved 1060864K
  class space    used 524K, capacity 584K, committed 640K, reserved 1048576K
}

Deoptimization events (10 events):
Event: 3.155 Thread 0x000000001713f800 Uncommon trap: reason=unstable_if action=reinterpret pc=0x0000000003584538 method=com.android.dx.cf.code.Ropper.labelToResultIndex(I)I @ 34
Event: 3.156 Thread 0x000000001713f800 Uncommon trap: reason=unstable_if action=reinterpret pc=0x00000000033947f4 method=java.util.BitSet.ensureCapacity(I)V @ 6
Event: 3.158 Thread 0x000000001713f800 Uncommon trap: reason=unstable_if action=reinterpret pc=0x0000000003651a04 method=java.util.BitSet.clone()Ljava/lang/Object; @ 4
Event: 3.174 Thread 0x000000001713f800 Uncommon trap: reason=null_check action=make_not_entrant pc=0x0000000003623c90 method=com.android.dx.ssa.SsaRenamer.getLocalForNewReg(I)Lcom/android/dx/rop/code/LocalItem; @ 19
Event: 3.175 Thread 0x000000001713f800 Uncommon trap: reason=unstable_if action=reinterpret pc=0x000000000362b5a4 method=com.android.dx.ssa.SCCP.simulateBranch(Lcom/android/dx/ssa/SsaInsn;)V @ 53
Event: 3.221 Thread 0x000000001713f800 Uncommon trap: reason=unstable_if action=reinterpret pc=0x00000000036a6afc method=com.android.dx.ssa.SCCP.simulateStmt(Lcom/android/dx/ssa/SsaInsn;)V @ 469
Event: 3.225 Thread 0x000000001713f800 Uncommon trap: reason=unstable_if action=reinterpret pc=0x00000000036917ac method=com.android.dx.ssa.LiteralOpUpgrader$1.visitNonMoveInsn(Lcom/android/dx/ssa/NormalSsaInsn;)V @ 43
Event: 3.235 Thread 0x000000001713f800 Uncommon trap: reason=unstable_if action=reinterpret pc=0x0000000003653c74 method=com.android.dx.rop.code.DexTranslationAdvice.requiresSourcesInOrder(Lcom/android/dx/rop/code/Rop;Lcom/android/dx/rop/code/RegisterSpecList;)Z @ 21
Event: 3.241 Thread 0x000000001713f800 Uncommon trap: reason=unstable_if action=reinterpret pc=0x000000000360834c method=com.android.dx.rop.code.RegisterSpec.equals(ILcom/android/dx/rop/type/TypeBearer;Lcom/android/dx/rop/code/LocalItem;)Z @ 16
Event: 3.690 Thread 0x0000000003081000 Uncommon trap: reason=unstable_if action=reinterpret pc=0x00000000035dfe68 method=java.lang.String.<init>([CII)V @ 18

Internal exceptions (3 events):
Event: 0.036 Thread 0x0000000003081000 Exception <a 'java/lang/NoSuchMethodError': Method sun.misc.Unsafe.defineClass(Ljava/lang/String;[BII)Ljava/lang/Class; name or signature does not match> (0x00000000eab07cc0) thrown at [C:\src\android\AOSP-openjdk\external\jetbrains\jdk\hotspot\src\share\vÏfAπêû¢?
Event: 0.036 Thread 0x0000000003081000 Exception <a 'java/lang/NoSuchMethodError': Method sun.misc.Unsafe.prefetchRead(Ljava/lang/Object;J)V name or signature does not match> (0x00000000eab07fa8) thrown at [C:\src\android\AOSP-openjdk\external\jetbrains\jdk\hotspot\src\share\vm\prims\jni.cpp, lY7©πc	@
Event: 3.174 Thread 0x000000001713f800 Implicit null exception at 0x00000000036215a6 to 0x0000000003623c69

Events (10 events):
Event: 3.225 Thread 0x000000001713f800 DEOPT UNPACKING pc=0x00000000031c556a sp=0x00000000177ce748 mode 2
Event: 3.235 Thread 0x000000001713f800 Uncommon trap: trap_request=0xffffff65 fr.pc=0x0000000003653c74
Event: 3.235 Thread 0x000000001713f800 DEOPT PACKING pc=0x0000000003653c74 sp=0x00000000177ce6f0
Event: 3.235 Thread 0x000000001713f800 DEOPT UNPACKING pc=0x00000000031c556a sp=0x00000000177ce640 mode 2
Event: 3.241 Thread 0x000000001713f800 Uncommon trap: trap_request=0xffffff65 fr.pc=0x000000000360834c
Event: 3.241 Thread 0x000000001713f800 DEOPT PACKING pc=0x000000000360834c sp=0x00000000177ce7f0
Event: 3.241 Thread 0x000000001713f800 DEOPT UNPACKING pc=0x00000000031c556a sp=0x00000000177ce440 mode 2
Event: 3.690 Thread 0x0000000003081000 Uncommon trap: trap_request=0xffffff65 fr.pc=0x00000000035dfe68
Event: 3.690 Thread 0x0000000003081000 DEOPT PACKING pc=0x00000000035dfe68 sp=0x0000000002b3e480
Event: 3.690 Thread 0x0000000003081000 DEOPT UNPACKING pc=0x00000000031c556a sp=0x0000000002b3e448 mode 2


Dynamic libraries:
0x00007ff60fa20000 - 0x00007ff60fa51000 	E:\kejiang\Android\Android Studio\jre\bin\java.exe
0x00007ff819fc0000 - 0x00007ff81a181000 	C:\WINDOWS\SYSTEM32\ntdll.dll
0x00007ff819bf0000 - 0x00007ff819c9d000 	C:\WINDOWS\system32\KERNEL32.DLL
0x00007ff816700000 - 0x00007ff8168e8000 	C:\WINDOWS\system32\KERNELBASE.dll
0x00007ff819ae0000 - 0x00007ff819b87000 	C:\WINDOWS\system32\ADVAPI32.dll
0x00007ff8176b0000 - 0x00007ff81774d000 	C:\WINDOWS\system32\msvcrt.dll
0x00007ff819b90000 - 0x00007ff819beb000 	C:\WINDOWS\system32\sechost.dll
0x00007ff8173c0000 - 0x00007ff8174dc000 	C:\WINDOWS\system32\RPCRT4.dll
0x00007ff817550000 - 0x00007ff8176a6000 	C:\WINDOWS\system32\USER32.dll
0x00007ff819320000 - 0x00007ff8194a6000 	C:\WINDOWS\system32\GDI32.dll
0x00007ff810930000 - 0x00007ff810ba4000 	C:\WINDOWS\WinSxS\amd64_microsoft.windows.common-controls_6595b64144ccf1df_6.0.10586.672_none_a2d6b3cea53ff843\COMCTL32.dll
0x00007ff819ca0000 - 0x00007ff819f1d000 	C:\WINDOWS\system32\combase.dll
0x00007ff816690000 - 0x00007ff8166fa000 	C:\WINDOWS\system32\bcryptPrimitives.dll
0x00007ff819f20000 - 0x00007ff819f5b000 	C:\WINDOWS\system32\IMM32.DLL
0x0000000060cd0000 - 0x0000000060da2000 	E:\kejiang\Android\Android Studio\jre\jre\bin\msvcr100.dll
0x000000005ff90000 - 0x00000000607c4000 	E:\kejiang\Android\Android Studio\jre\jre\bin\server\jvm.dll
0x00007ff817760000 - 0x00007ff817768000 	C:\WINDOWS\system32\PSAPI.DLL
0x00007ff80b3b0000 - 0x00007ff80b3b9000 	C:\WINDOWS\SYSTEM32\WSOCK32.dll
0x00007ff818e90000 - 0x00007ff818efb000 	C:\WINDOWS\system32\WS2_32.dll
0x00007ff8148c0000 - 0x00007ff8148e3000 	C:\WINDOWS\SYSTEM32\WINMM.dll
0x00007ff80a770000 - 0x00007ff80a77a000 	C:\WINDOWS\SYSTEM32\VERSION.dll
0x00007ff814580000 - 0x00007ff8145ac000 	C:\WINDOWS\SYSTEM32\WINMMBASE.dll
0x00007ff8170b0000 - 0x00007ff8170f3000 	C:\WINDOWS\system32\cfgmgr32.dll
0x00007ff80b8b0000 - 0x00007ff80b8bf000 	E:\kejiang\Android\Android Studio\jre\jre\bin\verify.dll
0x00007ff80b880000 - 0x00007ff80b8a9000 	E:\kejiang\Android\Android Studio\jre\jre\bin\java.dll
0x00007ff80b810000 - 0x00007ff80b826000 	E:\kejiang\Android\Android Studio\jre\jre\bin\zip.dll
0x00007ff817920000 - 0x00007ff818e7c000 	C:\WINDOWS\system32\SHELL32.dll
0x00007ff8169a0000 - 0x00007ff816fe5000 	C:\WINDOWS\system32\windows.storage.dll
0x00007ff818f00000 - 0x00007ff818f52000 	C:\WINDOWS\system32\shlwapi.dll
0x00007ff816600000 - 0x00007ff81660f000 	C:\WINDOWS\system32\kernel.appcore.dll
0x00007ff816ff0000 - 0x00007ff8170a5000 	C:\WINDOWS\system32\shcore.dll
0x00007ff816620000 - 0x00007ff81666b000 	C:\WINDOWS\system32\powrprof.dll
0x00007ff8165e0000 - 0x00007ff8165f4000 	C:\WINDOWS\system32\profapi.dll

VM Arguments:
jvm_args: -Djava.awt.headless=true -Xmx1024M -Dfile.encoding=GBK -Duser.country=CN -Duser.language=zh -Duser.variant 
java_command: com.android.dx.command.Main --dex --verbose --force-jumbo --num-threads=4 --multi-dex --output E:\kejiang\git\GitHub\AndroidFastDevFrame\app\build\intermediates\transforms\dex\debug\folders\1000\5\slice_0 E:\kejiang\git\GitHub\AndroidFastDevFrame\app\build\intermediates\transforms\instantRunSlicer\debug\folders\1\5\slice_0
java_class_path (initial): E:\kejiang\Android\sdk\build-tools\23.0.0\lib\dx.jar
Launcher Type: SUN_STANDARD

Environment Variables:
JAVA_HOME=C:\Program Files\Java\jdk1.8.0_72
CLASSPATH=.;C:\Program Files\Java\jdk1.8.0_72\lib\dt.jar;C:\Program Files\Java\jdk1.8.0_72\lib\tools.jar;
PATH=D:\oracle\product\10.2.0\client_1\bin;D:\oracle\product\10.2.0\db_1\bin;E:\kejiang\Android\sdk\platform-tools;C:\ProgramData\Oracle\Java\javapath;C:\Program Files (x86)\Common Files\NetSarang;C:\Windows\system32;C:\Windows;C:\Windows\System32\Wbem;C:\Windows\System32\WindowsPowerShell\v1.0\;C:\Program Files\Java\jdk1.7.0_60\bin;C:\Program Files\Java\jdk1.7.0_60\jre\bin;D:\Program Files\MySQL\MySQL Server 5.5\bin;E:\Framework\play\play-2.2.6;D:\Software\apache-maven-3.3.1\bin;C:\WINDOWS\system32;C:\WINDOWS;C:\WINDOWS\System32\Wbem;C:\WINDOWS\System32\WindowsPowerShell\v1.0\;C:\Program Files\TortoiseSVN\bin;C:\Program Files\Git\cmd;C:\Program Files\TortoiseGit\bin;C:\Program Files\MySQL\MySQL Utilities 1.6\
USERNAME=yuandl
OS=Windows_NT
PROCESSOR_IDENTIFIER=Intel64 Family 6 Model 60 Stepping 3, GenuineIntel



---------------  S Y S T E M  ---------------

OS: Windows 10.0 , 64 bit Build 10586 (10.0.10586.589)

CPU:total 4 (2 cores per cpu, 2 threads per core) family 6 model 60 stepping 3, cmov, cx8, fxsr, mmx, sse, sse2, sse3, ssse3, sse4.1, sse4.2, popcnt, avx, avx2, aes, clmul, erms, lzcnt, ht, tsc, tscinvbit, bmi1, bmi2

Memory: 4k page, physical 8305276k(1201896k free), swap 8305276k(4132k free)

vm_info: OpenJDK 64-Bit Server VM (25.76-b03) for windows-amd64 JRE (1.8.0_76-release-b03), built on Jun 29 2016 19:09:20 by "ralucas" with MS VC++ 10.0 (VS2010)

time: Wed Dec 28 18:17:46 2016
elapsed time: 3 seconds (0d 0h 0m 3s)

