#
# There is insufficient memory for the Java Runtime Environment to continue.
# Native memory allocation (malloc) failed to allocate 2161616 bytes for Chunk::new
# Possible reasons:
#   The system is out of physical RAM or swap space
#   In 32 bit mode, the process size limit was hit
# Possible solutions:
#   Reduce memory load on the system
#   Increase physical memory or swap space
#   Check if swap backing store is full
#   Use 64 bit Java on a 64 bit OS
#   Decrease Java heap size (-Xmx/-Xms)
#   Decrease number of Java threads
#   Decrease Java thread stack sizes (-Xss)
#   Set larger code cache with -XX:ReservedCodeCacheSize=
# This output file may be truncated or incomplete.
#
#  Out of Memory Error (allocation.cpp:390), pid=29952, tid=0x0000000000007a10
#
# JRE version: OpenJDK Runtime Environment (8.0_76-b03) (build 1.8.0_76-release-b03)
# Java VM: OpenJDK 64-Bit Server VM (25.76-b03 mixed mode windows-amd64 compressed oops)
# Failed to write core dump. Minidumps are not enabled by default on client versions of Windows
#

---------------  T H R E A D  ---------------

Current thread (0x000000001594b000):  JavaThread "C2 CompilerThread1" daemon [_thread_in_native, id=31248, stack(0x0000000016f50000,0x0000000017050000)]

Stack: [0x0000000016f50000,0x0000000017050000]
[error occurred during error reporting (printing stack bounds), id 0xc0000005]

Native frames: (J=compiled Java code, j=interpreted, Vv=VM code, C=native code)


Current CompileTask:
C2:   2242 1325   !   4       com.android.dx.cf.cst.ConstantPoolParser::parse0 (731 bytes)


---------------  P R O C E S S  ---------------

Java Threads: ( => current thread )
  0x00000000172fe800 JavaThread "pool-2-thread-4" [_thread_in_vm, id=31212, stack(0x0000000017b50000,0x0000000017c50000)]
  0x00000000172fe000 JavaThread "pool-2-thread-3" [_thread_in_Java, id=31204, stack(0x0000000017a50000,0x0000000017b50000)]
  0x00000000172fd000 JavaThread "pool-2-thread-2" [_thread_in_Java, id=31180, stack(0x0000000017950000,0x0000000017a50000)]
  0x00000000172fc800 JavaThread "pool-3-thread-1" [_thread_blocked, id=31132, stack(0x0000000017850000,0x0000000017950000)]
  0x00000000172fa000 JavaThread "pool-2-thread-1" [_thread_in_vm, id=31128, stack(0x0000000017750000,0x0000000017850000)]
  0x00000000170cd800 JavaThread "Service Thread" daemon [_thread_blocked, id=31264, stack(0x0000000017550000,0x0000000017650000)]
  0x000000001709d800 JavaThread "C1 CompilerThread2" daemon [_thread_blocked, id=31256, stack(0x0000000017450000,0x0000000017550000)]
=>0x000000001594b000 JavaThread "C2 CompilerThread1" daemon [_thread_in_native, id=31248, stack(0x0000000016f50000,0x0000000017050000)]
  0x0000000015948800 JavaThread "C2 CompilerThread0" daemon [_thread_in_native, id=31208, stack(0x0000000016e50000,0x0000000016f50000)]
  0x0000000015947000 JavaThread "Attach Listener" daemon [_thread_blocked, id=31184, stack(0x0000000016d50000,0x0000000016e50000)]
  0x00000000158fc800 JavaThread "Signal Dispatcher" daemon [_thread_blocked, id=31152, stack(0x0000000016c50000,0x0000000016d50000)]
  0x00000000158d8000 JavaThread "Finalizer" daemon [_thread_blocked, id=31240, stack(0x0000000016b50000,0x0000000016c50000)]
  0x000000000313f000 JavaThread "Reference Handler" daemon [_thread_blocked, id=31196, stack(0x0000000016a50000,0x0000000016b50000)]
  0x0000000003051000 JavaThread "main" [_thread_in_vm, id=31080, stack(0x0000000002be0000,0x0000000002ce0000)]

Other Threads:
  0x00000000158b5800 VMThread [stack: 0x0000000016950000,0x0000000016a50000] [id=31188]
  0x00000000170ce800 WatcherThread [stack: 0x0000000017650000,0x0000000017750000] [id=31272]

VM state:not at safepoint (normal execution)

VM Mutex/Monitor currently owned by a thread: None

Heap:
 PSYoungGen      total 38400K, used 27583K [0x00000000eab00000, 0x00000000ed580000, 0x0000000100000000)
  eden space 33280K, 67% used [0x00000000eab00000,0x00000000ec0f41a0,0x00000000ecb80000)
  from space 5120K, 99% used [0x00000000ecb80000,0x00000000ed07bc98,0x00000000ed080000)
  to   space 5120K, 0% used [0x00000000ed080000,0x00000000ed080000,0x00000000ed580000)
 ParOldGen       total 87552K, used 1661K [0x00000000c0000000, 0x00000000c5580000, 0x00000000eab00000)
  object space 87552K, 1% used [0x00000000c0000000,0x00000000c019f6a8,0x00000000c5580000)
 Metaspace       used 5985K, capacity 7088K, committed 7296K, reserved 1056768K
  class space    used 559K, capacity 616K, committed 640K, reserved 1048576K

Card table byte_map: [0x00000000125e0000,0x00000000127f0000] byte_map_base: 0x0000000011fe0000

Marking Bits: (ParMarkBitMap*) 0x0000000059f59d00
 Begin Bits: [0x0000000012d50000, 0x0000000013d50000)
 End Bits:   [0x0000000013d50000, 0x0000000014d50000)

Polling page: 0x00000000014a0000

CodeCache: size=245760Kb used=6407Kb max_used=6407Kb free=239352Kb
 bounds [0x0000000003220000, 0x0000000003870000, 0x0000000012220000]
 total_blobs=1777 nmethods=1513 adapters=178
 compilation: enabled

Compilation events (10 events):
Event: 2.237 Thread 0x000000001709d800 1518       3       com.android.dx.command.dexer.Main::access$1700 (4 bytes)
Event: 2.237 Thread 0x000000001709d800 nmethod 1518 0x0000000003862290 code [0x00000000038623e0, 0x0000000003862530]
Event: 2.238 Thread 0x000000001709d800 1519  s    3       com.android.dx.dex.file.StringIdsSection::intern (53 bytes)
Event: 2.239 Thread 0x000000001709d800 nmethod 1519 0x0000000003862590 code [0x0000000003862760, 0x00000000038630d8]
Event: 2.239 Thread 0x000000001709d800 1520       3       java.util.concurrent.ThreadPoolExecutor::afterExecute (1 bytes)
Event: 2.239 Thread 0x000000001709d800 nmethod 1520 0x0000000003863490 code [0x00000000038635e0, 0x0000000003863730]
Event: 2.239 Thread 0x000000001709d800 1521   !   3       java.util.concurrent.ThreadPoolExecutor::getTask (179 bytes)
Event: 2.240 Thread 0x000000001709d800 nmethod 1521 0x0000000003863790 code [0x00000000038639e0, 0x0000000003864b18]
Event: 2.240 Thread 0x000000001709d800 1522       3       java.util.concurrent.locks.ReentrantLock::lockInterruptibly (9 bytes)
Event: 2.240 Thread 0x000000001709d800 nmethod 1522 0x0000000003865190 code [0x0000000003865340, 0x0000000003865858]

GC Heap History (2 events):
Event: 1.515 GC heap before
{Heap before GC invocations=1 (full 0):
 PSYoungGen      total 38400K, used 33280K [0x00000000eab00000, 0x00000000ed580000, 0x0000000100000000)
  eden space 33280K, 100% used [0x00000000eab00000,0x00000000ecb80000,0x00000000ecb80000)
  from space 5120K, 0% used [0x00000000ed080000,0x00000000ed080000,0x00000000ed580000)
  to   space 5120K, 0% used [0x00000000ecb80000,0x00000000ecb80000,0x00000000ed080000)
 ParOldGen       total 87552K, used 0K [0x00000000c0000000, 0x00000000c5580000, 0x00000000eab00000)
  object space 87552K, 0% used [0x00000000c0000000,0x00000000c0000000,0x00000000c5580000)
 Metaspace       used 5797K, capacity 6960K, committed 7040K, reserved 1056768K
  class space    used 559K, capacity 616K, committed 640K, reserved 1048576K
Event: 1.551 GC heap after
Heap after GC invocations=1 (full 0):
 PSYoungGen      total 38400K, used 5103K [0x00000000eab00000, 0x00000000ed580000, 0x0000000100000000)
  eden space 33280K, 0% used [0x00000000eab00000,0x00000000eab00000,0x00000000ecb80000)
  from space 5120K, 99% used [0x00000000ecb80000,0x00000000ed07bc98,0x00000000ed080000)
  to   space 5120K, 0% used [0x00000000ed080000,0x00000000ed080000,0x00000000ed580000)
 ParOldGen       total 87552K, used 1661K [0x00000000c0000000, 0x00000000c5580000, 0x00000000eab00000)
  object space 87552K, 1% used [0x00000000c0000000,0x00000000c019f6a8,0x00000000c5580000)
 Metaspace       used 5797K, capacity 6960K, committed 7040K, reserved 1056768K
  class space    used 559K, capacity 616K, committed 640K, reserved 1048576K
}

Deoptimization events (10 events):
Event: 1.273 Thread 0x0000000003051000 Uncommon trap: reason=unstable_if action=reinterpret pc=0x0000000003591b8c method=com.android.dx.rop.code.LocalItem.hashCode()I @ 25
Event: 1.273 Thread 0x0000000003051000 Uncommon trap: reason=unstable_if action=reinterpret pc=0x00000000035431c4 method=com.android.dx.rop.code.LocalItem.hashCode()I @ 25
Event: 1.273 Thread 0x0000000003051000 Uncommon trap: reason=unstable_if action=reinterpret pc=0x0000000003496e1c method=com.android.dx.rop.code.LocalItem.hashCode()I @ 25
Event: 1.276 Thread 0x00000000172fa000 Uncommon trap: reason=null_check action=make_not_entrant pc=0x0000000003544368 method=com.android.dx.rop.type.Type.equals(Ljava/lang/Object;)Z @ 8
Event: 1.790 Thread 0x0000000003051000 Uncommon trap: reason=unstable_if action=reinterpret pc=0x000000000343d3d0 method=java.lang.String.<init>([CII)V @ 18
Event: 1.854 Thread 0x00000000172fa000 Uncommon trap: reason=unstable_if action=reinterpret pc=0x000000000360cbf4 method=com.android.dx.rop.code.RegisterSpecSet.<init>(I)V @ 2
Event: 1.854 Thread 0x00000000172fa000 Uncommon trap: reason=unstable_if action=reinterpret pc=0x0000000003649b04 method=com.android.dx.rop.code.RegisterSpecSet.<init>(I)V @ 2
Event: 2.146 Thread 0x00000000172fe000 Uncommon trap: reason=null_check action=make_not_entrant pc=0x00000000034de230 method=com.android.dx.ssa.SsaRenamer.getLocalForNewReg(I)Lcom/android/dx/rop/code/LocalItem; @ 19
Event: 2.146 Thread 0x00000000172fe000 Uncommon trap: reason=null_check action=make_not_entrant pc=0x00000000034d2c80 method=com.android.dx.ssa.SsaRenamer.getLocalForNewReg(I)Lcom/android/dx/rop/code/LocalItem; @ 19
Event: 2.171 Thread 0x00000000172fe000 Uncommon trap: reason=unstable_if action=reinterpret pc=0x0000000003741ed0 method=com.android.dx.ssa.SCCP.simulateBranch(Lcom/android/dx/ssa/SsaInsn;)V @ 64

Internal exceptions (5 events):
Event: 0.030 Thread 0x0000000003051000 Exception <a 'java/lang/NoSuchMethodError': Method sun.misc.Unsafe.defineClass(Ljava/lang/String;[BII)Ljava/lang/Class; name or signature does not match> (0x00000000eab07cc0) thrown at [C:\src\android\AOSP-openjdk\external\jetbrains\jdk\hotspot\src\share\vP8|vož?
Event: 0.030 Thread 0x0000000003051000 Exception <a 'java/lang/NoSuchMethodError': Method sun.misc.Unsafe.prefetchRead(Ljava/lang/Object;J)V name or signature does not match> (0x00000000eab07fa8) thrown at [C:\src\android\AOSP-openjdk\external\jetbrains\jdk\hotspot\src\share\vm\prims\jni.cpp, l`l_
ûjô?
Event: 1.276 Thread 0x00000000172fa000 Implicit null exception at 0x0000000003544262 to 0x000000000354435a
Event: 2.146 Thread 0x00000000172fe000 Implicit null exception at 0x00000000034dbeb4 to 0x00000000034de1e9
Event: 2.146 Thread 0x00000000172fe000 Implicit null exception at 0x00000000034d0a94 to 0x00000000034d2c55

Events (10 events):
Event: 1.854 Thread 0x00000000172fa000 DEOPT UNPACKING pc=0x000000000326556a sp=0x000000001784e8a0 mode 2
Event: 2.146 Thread 0x00000000172fe000 Uncommon trap: trap_request=0xfffffff4 fr.pc=0x00000000034de230
Event: 2.146 Thread 0x00000000172fe000 DEOPT PACKING pc=0x00000000034de230 sp=0x0000000017b4e530
Event: 2.146 Thread 0x00000000172fe000 DEOPT UNPACKING pc=0x000000000326556a sp=0x0000000017b4e388 mode 2
Event: 2.146 Thread 0x00000000172fe000 Uncommon trap: trap_request=0xfffffff4 fr.pc=0x00000000034d2c80
Event: 2.146 Thread 0x00000000172fe000 DEOPT PACKING pc=0x00000000034d2c80 sp=0x0000000017b4e4a0
Event: 2.146 Thread 0x00000000172fe000 DEOPT UNPACKING pc=0x000000000326556a sp=0x0000000017b4e378 mode 2
Event: 2.171 Thread 0x00000000172fe000 Uncommon trap: trap_request=0xffffff65 fr.pc=0x0000000003741ed0
Event: 2.171 Thread 0x00000000172fe000 DEOPT PACKING pc=0x0000000003741ed0 sp=0x0000000017b4e570
Event: 2.171 Thread 0x00000000172fe000 DEOPT UNPACKING pc=0x000000000326556a sp=0x0000000017b4e510 mode 2


Dynamic libraries:
0x00007ff727be0000 - 0x00007ff727c11000 	E:\kejiang\Android\Android Studio\jre\bin\java.exe
0x00007fff0ba10000 - 0x00007fff0bbd1000 	C:\WINDOWS\SYSTEM32\ntdll.dll
0x00007fff09830000 - 0x00007fff098dd000 	C:\WINDOWS\system32\KERNEL32.DLL
0x00007fff08460000 - 0x00007fff08648000 	C:\WINDOWS\system32\KERNELBASE.dll
0x00007fff08f70000 - 0x00007fff09017000 	C:\WINDOWS\system32\ADVAPI32.dll
0x00007fff096c0000 - 0x00007fff0975d000 	C:\WINDOWS\system32\msvcrt.dll
0x00007fff0b270000 - 0x00007fff0b2cb000 	C:\WINDOWS\system32\sechost.dll
0x00007fff0b8f0000 - 0x00007fff0ba0c000 	C:\WINDOWS\system32\RPCRT4.dll
0x00007fff08e10000 - 0x00007fff08f66000 	C:\WINDOWS\system32\USER32.dll
0x00007fff091f0000 - 0x00007fff09376000 	C:\WINDOWS\system32\GDI32.dll
0x00007fff00860000 - 0x00007fff00ad4000 	C:\WINDOWS\WinSxS\amd64_microsoft.windows.common-controls_6595b64144ccf1df_6.0.10586.494_none_a2d8b04ea53e3145\COMCTL32.dll
0x00007fff0aff0000 - 0x00007fff0b26d000 	C:\WINDOWS\system32\combase.dll
0x00007fff08da0000 - 0x00007fff08e0a000 	C:\WINDOWS\system32\bcryptPrimitives.dll
0x00007fff0b8b0000 - 0x00007fff0b8eb000 	C:\WINDOWS\system32\IMM32.DLL
0x000000005a4e0000 - 0x000000005a5b2000 	E:\kejiang\Android\Android Studio\jre\jre\bin\msvcr100.dll
0x00000000597a0000 - 0x0000000059fd4000 	E:\kejiang\Android\Android Studio\jre\jre\bin\server\jvm.dll
0x00007fff09380000 - 0x00007fff09388000 	C:\WINDOWS\system32\PSAPI.DLL
0x00007ffeefc70000 - 0x00007ffeefc79000 	C:\WINDOWS\SYSTEM32\WSOCK32.dll
0x00007fff094d0000 - 0x00007fff0953b000 	C:\WINDOWS\system32\WS2_32.dll
0x00007fff062c0000 - 0x00007fff062e3000 	C:\WINDOWS\SYSTEM32\WINMM.dll
0x00007fff04c60000 - 0x00007fff04c6a000 	C:\WINDOWS\SYSTEM32\VERSION.dll
0x00007fff060a0000 - 0x00007fff060cc000 	C:\WINDOWS\SYSTEM32\WINMMBASE.dll
0x00007fff08ca0000 - 0x00007fff08ce3000 	C:\WINDOWS\system32\cfgmgr32.dll
0x00007ffefdcb0000 - 0x00007ffefdcbf000 	E:\kejiang\Android\Android Studio\jre\jre\bin\verify.dll
0x00007ffeed420000 - 0x00007ffeed449000 	E:\kejiang\Android\Android Studio\jre\jre\bin\java.dll
0x00007ffeede90000 - 0x00007ffeedea6000 	E:\kejiang\Android\Android Studio\jre\jre\bin\zip.dll
0x00007fff098e0000 - 0x00007fff0ae3c000 	C:\WINDOWS\system32\SHELL32.dll
0x00007fff08650000 - 0x00007fff08c95000 	C:\WINDOWS\system32\windows.storage.dll
0x00007fff093a0000 - 0x00007fff093f2000 	C:\WINDOWS\system32\shlwapi.dll
0x00007fff08060000 - 0x00007fff0806f000 	C:\WINDOWS\system32\kernel.appcore.dll
0x00007fff080e0000 - 0x00007fff08195000 	C:\WINDOWS\system32\shcore.dll
0x00007fff08070000 - 0x00007fff080bb000 	C:\WINDOWS\system32\powrprof.dll
0x00007fff08040000 - 0x00007fff08054000 	C:\WINDOWS\system32\profapi.dll

VM Arguments:
jvm_args: -Djava.awt.headless=true -Xmx1024M -Dfile.encoding=GBK -Duser.country=CN -Duser.language=zh -Duser.variant 
java_command: com.android.dx.command.Main --dex --verbose --force-jumbo --num-threads=4 --multi-dex --output C:\Users\yuandl\.android\build-cache\8cf06f7d38dcd7b0b6ca2dbf3931b418a83e9084\internal_impl-24.2.1_df9d332c0904c91bdde10a023da5068f3a7d0f1a E:\kejiang\git\GitHub\AndroidFastDevFrame\app\build\intermediates\exploded-aar\com.android.support\support-compat\24.2.1\jars\libs\internal_impl-24.2.1.jar
java_class_path (initial): E:\kejiang\Android\sdk\build-tools\23.0.0\lib\dx.jar
Launcher Type: SUN_STANDARD

Environment Variables:
JAVA_HOME=C:\Program Files\Java\jdk1.8.0_72
CLASSPATH=.;C:\Program Files\Java\jdk1.8.0_72\lib\dt.jar;C:\Program Files\Java\jdk1.8.0_72\lib\tools.jar;
PATH=E:\kejiang\Android\sdk\platform-tools;C:\ProgramData\Oracle\Java\javapath;C:\Program Files (x86)\Common Files\NetSarang;C:\Windows\system32;C:\Windows;C:\Windows\System32\Wbem;C:\Windows\System32\WindowsPowerShell\v1.0\;C:\Program Files\Java\jdk1.7.0_60\bin;C:\Program Files\Java\jdk1.7.0_60\jre\bin;D:\Program Files\MySQL\MySQL Server 5.5\bin;E:\Framework\play\play-2.2.6;D:\Software\apache-maven-3.3.1\bin;C:\WINDOWS\system32;C:\WINDOWS;C:\WINDOWS\System32\Wbem;C:\WINDOWS\System32\WindowsPowerShell\v1.0\;C:\Program Files (x86)\MySQL\MySQL Fabric 1.5 & MySQL Utilities 1.5\;C:\Program Files (x86)\MySQL\MySQL Fabric 1.5 & MySQL Utilities 1.5\Doctrine extensions for PHP\;C:\Program Files\TortoiseSVN\bin;C:\Program Files\Git\cmd;C:\Program Files\TortoiseGit\bin
USERNAME=yuandl
OS=Windows_NT
PROCESSOR_IDENTIFIER=Intel64 Family 6 Model 60 Stepping 3, GenuineIntel



---------------  S Y S T E M  ---------------

OS: Windows 10.0 , 64 bit Build 10586 (10.0.10586.0)

CPU:total 4 (2 cores per cpu, 2 threads per core) family 6 model 60 stepping 3, cmov, cx8, fxsr, mmx, sse, sse2, sse3, ssse3, sse4.1, sse4.2, popcnt, avx, avx2, aes, clmul, erms, lzcnt, ht, tsc, tscinvbit, bmi1, bmi2

Memory: 4k page, physical 8305276k(1407316k free), swap 8305276k(7400k free)

vm_info: OpenJDK 64-Bit Server VM (25.76-b03) for windows-amd64 JRE (1.8.0_76-release-b03), built on Jun 29 2016 19:09:20 by "ralucas" with MS VC++ 10.0 (VS2010)

time: Mon Nov 28 15:12:33 2016
elapsed time: 2 seconds (0d 0h 0m 2s)

