#
# A fatal error has been detected by the Java Runtime Environment:
#
#  EXCEPTION_ACCESS_VIOLATION (0xc0000005) at pc=0x000000006213aeb7, pid=28028, tid=0x0000000000008620
#
# JRE version: OpenJDK Runtime Environment (8.0_76-b03) (build 1.8.0_76-release-b03)
# Java VM: OpenJDK 64-Bit Server VM (25.76-b03 mixed mode windows-amd64 compressed oops)
# Problematic frame:
# V  [jvm.dll+0x1eaeb7]
#
# Failed to write core dump. Minidumps are not enabled by default on client versions of Windows
#
# If you would like to submit a bug report, please visit:
#   http://bugreport.java.com/bugreport/crash.jsp
#

---------------  T H R E A D  ---------------

Current thread (0x0000000016a56000):  JavaThread "C1 CompilerThread2" daemon [_thread_in_vm, id=34336, stack(0x0000000016f50000,0x0000000017050000)]

siginfo: ExceptionCode=0xc0000005, writing address 0x0000000017049cb0

Registers:
RAX=0x0000000017049cb0, RBX=0x0000000000000005, RCX=0x0000000000004000, RDX=0x000000000000000a
RSP=0x000000001704dcb0, RBP=0x0000000000000000, RSI=0x000000001704dcb0, RDI=0x0000000000000005
R8 =0x000000000000000a, R9 =0x000000001545cf10, R10=0x0000000014a86b28, R11=0x0000000016f5a158
R12=0x000000001545cf10, R13=0x0000000016a56000, R14=0x000000001704dd78, R15=0x0000000014a86b28
RIP=0x000000006213aeb7, EFLAGS=0x0000000000010202

Top of Stack: (sp=0x000000001704dcb0)
0x000000001704dcb0:   000000001545cf10 00000001000042c8
0x000000001704dcc0:   0000000016a56000 000000001545cf10
0x000000001704dcd0:   00000000ffffffff 000000006213bde7
0x000000001704dce0:   000000001704dde0 0000000014a86b28
0x000000001704dcf0:   0000000016a56000 00007ffddc8eeaf4
0x000000001704dd00:   0000000000b10000 0000000016c77fc0
0x000000001704dd10:   0000000005010004 0000000000007ff0
0x000000001704dd20:   0000000014a86b28 0000000016a56000
0x000000001704dd30:   0000000002d40e20 0000000000b10150
0x000000001704dd40:   0000000016c77dc0 0000000000000000
0x000000001704dd50:   000000001704ddb0 00007ffddc8ee6a5
0x000000001704dd60:   0000000000b10000 0000000014a86b28
0x000000001704dd70:   0000000016a56000 0000000016a56d68
0x000000001704dd80:   000000001704de58 00000000621b52e8
0x000000001704dd90:   000000001704dfa8 0000000000000000
0x000000001704dda0:   0000000000b10023 0000000000000020 

Instructions: (pc=0x000000006213aeb7)
0x000000006213ae97:   48 89 6c 24 30 33 ed 66 90 e8 4b b8 07 00 ff c3
0x000000006213aea7:   48 63 c8 48 8b c6 48 0f af cf 48 ff c7 48 2b c1
0x000000006213aeb7:   89 28 48 63 c3 48 3b 05 cd d6 56 00 7e db 48 8b
0x000000006213aec7:   6c 24 30 48 8b 5c 24 38 48 8b 74 24 40 48 83 c4 


Register to memory mapping:

RAX=0x0000000017049cb0 is pointing into the stack for thread: 0x0000000016a56000
RBX=0x0000000000000005 is an unknown value
RCX=0x0000000000004000 is an unknown value
RDX=0x000000000000000a is an unknown value
RSP=0x000000001704dcb0 is pointing into the stack for thread: 0x0000000016a56000
RBP=0x0000000000000000 is an unknown value
RSI=0x000000001704dcb0 is pointing into the stack for thread: 0x0000000016a56000
RDI=0x0000000000000005 is an unknown value
R8 =0x000000000000000a is an unknown value
R9 =0x000000001545cf10 is an unknown value
R10={method} {0x0000000014a86b30} '<init>' '(Ljava/lang/String;)V' in 'java/lang/LinkageError'
R11=0x0000000016f5a158 is pointing into the stack for thread: 0x0000000016a56000
R12=0x000000001545cf10 is an unknown value
R13=0x0000000016a56000 is a thread
R14=0x000000001704dd78 is pointing into the stack for thread: 0x0000000016a56000
R15={method} {0x0000000014a86b30} '<init>' '(Ljava/lang/String;)V' in 'java/lang/LinkageError'


Stack: [0x0000000016f50000,0x0000000017050000],  sp=0x000000001704dcb0,  free space=1015k
