#
# There is insufficient memory for the Java Runtime Environment to continue.
# Native memory allocation (malloc) failed to allocate 1048576 bytes for AllocateHeap
# Possible reasons:
#   The system is out of physical RAM or swap space
#   In 32 bit mode, the process size limit was hit
# Possible solutions:
#   Reduce memory load on the system
#   Increase physical memory or swap space
#   Check if swap backing store is full
#   Use 64 bit Java on a 64 bit OS
#   Decrease Java heap size (-Xmx/-Xms)
#   Decrease number of Java threads
#   Decrease Java thread stack sizes (-Xss)
#   Set larger code cache with -XX:ReservedCodeCacheSize=
# This output file may be truncated or incomplete.
#
#  Out of Memory Error (memory/allocation.inline.hpp:61), pid=30872, tid=0x00000000000078f0
#
# JRE version:  (8.0_76-b03) (build )
# Java VM: OpenJDK 64-Bit Server VM (25.76-b03 mixed mode windows-amd64 compressed oops)
# Failed to write core dump. Minidumps are not enabled by default on client versions of Windows
#

---------------  T H R E A D  ---------------

Current thread (0x00000000033c1000):  JavaThread "Unknown thread" [_thread_in_vm, id=30960, stack(0x00000000032c0000,0x00000000033c0000)]

Stack: [0x00000000032c0000,0x00000000033c0000]
[error occurred during error reporting (printing stack bounds), id 0xc0000005]

Native frames: (J=compiled Java code, j=interpreted, Vv=VM code, C=native code)


---------------  P R O C E S S  ---------------

Java Threads: ( => current thread )

Other Threads:

=>0x00000000033c1000 (exited) JavaThread "Unknown thread" [_thread_in_vm, id=30960, stack(0x00000000032c0000,0x00000000033c0000)]

VM state:not at safepoint (normal execution)

VM Mutex/Monitor currently owned by a thread: None

Heap:
 PSYoungGen      total 38400K, used 665K [0x00000000eab00000, 0x00000000ed580000, 0x0000000100000000)
  eden space 33280K, 2% used [0x00000000eab00000,0x00000000eaba6670,0x00000000ecb80000)
  from space 5120K, 0% used [0x00000000ed080000,0x00000000ed080000,0x00000000ed580000)
  to   space 5120K, 0% used [0x00000000ecb80000,0x00000000ecb80000,0x00000000ed080000)
 ParOldGen       total 87552K, used 0K [0x00000000c0000000, 0x00000000c5580000, 0x00000000eab00000)
  object space 87552K, 0% used [0x00000000c0000000,0x00000000c0000000,0x00000000c5580000)
 Metaspace       used 771K, capacity 4480K, committed 4480K, reserved 1056768K
  class space    used 73K, capacity 384K, committed 384K, reserved 1048576K

Card table byte_map: [0x0000000012880000,0x0000000012a90000] byte_map_base: 0x0000000012280000

Marking Bits: (ParMarkBitMap*) 0x0000000059f59d00
 Begin Bits: [0x0000000012ff0000, 0x0000000013ff0000)
 End Bits:   [0x0000000013ff0000, 0x0000000014ff0000)

Polling page: 0x0000000002e80000

CodeCache: size=245760Kb used=328Kb max_used=328Kb free=245431Kb
 bounds [0x00000000034c0000, 0x0000000003730000, 0x00000000124c0000]
 total_blobs=57 nmethods=0 adapters=38
 compilation: enabled

Compilation events (0 events):
No events

GC Heap History (0 events):
No events

Deoptimization events (0 events):
No events

Internal exceptions (0 events):
No events

Events (10 events):
Event: 0.021 loading class java/lang/Short
Event: 0.021 loading class java/lang/Short done
Event: 0.021 loading class java/lang/Integer
Event: 0.021 loading class java/lang/Integer done
Event: 0.021 loading class java/lang/Long
Event: 0.021 loading class java/lang/Long done
Event: 0.022 loading class java/lang/NullPointerException
Event: 0.022 loading class java/lang/NullPointerException done
Event: 0.022 loading class java/lang/ArithmeticException
Event: 0.022 loading class java/lang/ArithmeticException done


Dynamic libraries:
0x00007ff727be0000 - 0x00007ff727c11000 	E:\kejiang\Android\Android Studio\jre\bin\java.exe
0x00007fff0ba10000 - 0x00007fff0bbd1000 	C:\WINDOWS\SYSTEM32\ntdll.dll
0x00007fff09830000 - 0x00007fff098dd000 	C:\WINDOWS\system32\KERNEL32.DLL
0x00007fff08460000 - 0x00007fff08648000 	C:\WINDOWS\system32\KERNELBASE.dll
0x00007fff08f70000 - 0x00007fff09017000 	C:\WINDOWS\system32\ADVAPI32.dll
0x00007fff096c0000 - 0x00007fff0975d000 	C:\WINDOWS\system32\msvcrt.dll
0x00007fff0b270000 - 0x00007fff0b2cb000 	C:\WINDOWS\system32\sechost.dll
0x00007fff0b8f0000 - 0x00007fff0ba0c000 	C:\WINDOWS\system32\RPCRT4.dll
0x00007fff08e10000 - 0x00007fff08f66000 	C:\WINDOWS\system32\USER32.dll
0x00007fff091f0000 - 0x00007fff09376000 	C:\WINDOWS\system32\GDI32.dll
0x00007fff00860000 - 0x00007fff00ad4000 	C:\WINDOWS\WinSxS\amd64_microsoft.windows.common-controls_6595b64144ccf1df_6.0.10586.494_none_a2d8b04ea53e3145\COMCTL32.dll
0x00007fff0aff0000 - 0x00007fff0b26d000 	C:\WINDOWS\system32\combase.dll
0x00007fff08da0000 - 0x00007fff08e0a000 	C:\WINDOWS\system32\bcryptPrimitives.dll
0x00007fff0b8b0000 - 0x00007fff0b8eb000 	C:\WINDOWS\system32\IMM32.DLL
0x000000005a4e0000 - 0x000000005a5b2000 	E:\kejiang\Android\Android Studio\jre\jre\bin\msvcr100.dll
0x00000000597a0000 - 0x0000000059fd4000 	E:\kejiang\Android\Android Studio\jre\jre\bin\server\jvm.dll
0x00007fff09380000 - 0x00007fff09388000 	C:\WINDOWS\system32\PSAPI.DLL
0x00007ffeefc70000 - 0x00007ffeefc79000 	C:\WINDOWS\SYSTEM32\WSOCK32.dll
0x00007fff094d0000 - 0x00007fff0953b000 	C:\WINDOWS\system32\WS2_32.dll
0x00007fff04c60000 - 0x00007fff04c6a000 	C:\WINDOWS\SYSTEM32\VERSION.dll
0x00007fff062c0000 - 0x00007fff062e3000 	C:\WINDOWS\SYSTEM32\WINMM.dll
0x00007fff060a0000 - 0x00007fff060cc000 	C:\WINDOWS\SYSTEM32\WINMMBASE.dll
0x00007fff08ca0000 - 0x00007fff08ce3000 	C:\WINDOWS\system32\cfgmgr32.dll
0x00007ffefdcb0000 - 0x00007ffefdcbf000 	E:\kejiang\Android\Android Studio\jre\jre\bin\verify.dll
0x00007ffeed420000 - 0x00007ffeed449000 	E:\kejiang\Android\Android Studio\jre\jre\bin\java.dll
0x00007ffeede90000 - 0x00007ffeedea6000 	E:\kejiang\Android\Android Studio\jre\jre\bin\zip.dll

VM Arguments:
jvm_args: -Djava.awt.headless=true -Xmx1024M -Dfile.encoding=GBK -Duser.country=CN -Duser.language=zh -Duser.variant 
java_command: com.android.dx.command.Main --dex --verbose --force-jumbo --num-threads=4 --multi-dex --output E:\kejiang\git\GitHub\AndroidFastDevFrame\app\build\intermediates\transforms\dex\debug\folders\1000\5\slice_8 E:\kejiang\git\GitHub\AndroidFastDevFrame\app\build\intermediates\transforms\instantRunSlicer\debug\folders\1\5\slice_8
java_class_path (initial): E:\kejiang\Android\sdk\build-tools\23.0.0\lib\dx.jar
Launcher Type: SUN_STANDARD

Environment Variables:
JAVA_HOME=C:\Program Files\Java\jdk1.8.0_72
CLASSPATH=.;C:\Program Files\Java\jdk1.8.0_72\lib\dt.jar;C:\Program Files\Java\jdk1.8.0_72\lib\tools.jar;
PATH=E:\kejiang\Android\sdk\platform-tools;C:\ProgramData\Oracle\Java\javapath;C:\Program Files (x86)\Common Files\NetSarang;C:\Windows\system32;C:\Windows;C:\Windows\System32\Wbem;C:\Windows\System32\WindowsPowerShell\v1.0\;C:\Program Files\Java\jdk1.7.0_60\bin;C:\Program Files\Java\jdk1.7.0_60\jre\bin;D:\Program Files\MySQL\MySQL Server 5.5\bin;E:\Framework\play\play-2.2.6;D:\Software\apache-maven-3.3.1\bin;C:\WINDOWS\system32;C:\WINDOWS;C:\WINDOWS\System32\Wbem;C:\WINDOWS\System32\WindowsPowerShell\v1.0\;C:\Program Files (x86)\MySQL\MySQL Fabric 1.5 & MySQL Utilities 1.5\;C:\Program Files (x86)\MySQL\MySQL Fabric 1.5 & MySQL Utilities 1.5\Doctrine extensions for PHP\;C:\Program Files\TortoiseSVN\bin;C:\Program Files\Git\cmd;C:\Program Files\TortoiseGit\bin
USERNAME=yuandl
OS=Windows_NT
PROCESSOR_IDENTIFIER=Intel64 Family 6 Model 60 Stepping 3, GenuineIntel



---------------  S Y S T E M  ---------------

OS: Windows 10.0 , 64 bit Build 10586 (10.0.10586.0)

CPU:total 4 (2 cores per cpu, 2 threads per core) family 6 model 60 stepping 3, cmov, cx8, fxsr, mmx, sse, sse2, sse3, ssse3, sse4.1, sse4.2, popcnt, avx, avx2, aes, clmul, erms, lzcnt, ht, tsc, tscinvbit, bmi1, bmi2

Memory: 4k page, physical 8305276k(1435652k free), swap 8305276k(5624k free)

vm_info: OpenJDK 64-Bit Server VM (25.76-b03) for windows-amd64 JRE (1.8.0_76-release-b03), built on Jun 29 2016 19:09:20 by "ralucas" with MS VC++ 10.0 (VS2010)

time: Mon Nov 28 15:12:33 2016
elapsed time: 0 seconds (0d 0h 0m 0s)

