#
# There is insufficient memory for the Java Runtime Environment to continue.
# Native memory allocation (malloc) failed to allocate 374576 bytes for Chunk::new
# Possible reasons:
#   The system is out of physical RAM or swap space
#   In 32 bit mode, the process size limit was hit
# Possible solutions:
#   Reduce memory load on the system
#   Increase physical memory or swap space
#   Check if swap backing store is full
#   Use 64 bit Java on a 64 bit OS
#   Decrease Java heap size (-Xmx/-Xms)
#   Decrease number of Java threads
#   Decrease Java thread stack sizes (-Xss)
#   Set larger code cache with -XX:ReservedCodeCacheSize=
# This output file may be truncated or incomplete.
#
#  Out of Memory Error (allocation.cpp:390), pid=69144, tid=0x00000000000122cc
#
# JRE version: OpenJDK Runtime Environment (8.0_76-b03) (build 1.8.0_76-release-b03)
# Java VM: OpenJDK 64-Bit Server VM (25.76-b03 mixed mode windows-amd64 compressed oops)
# Failed to write core dump. Minidumps are not enabled by default on client versions of Windows
#

---------------  T H R E A D  ---------------

Current thread (0x000000000357d000):  JavaThread "C2 CompilerThread1" daemon [_thread_in_native, id=74444, stack(0x00000000176c0000,0x00000000177c0000)]

Stack: [0x00000000176c0000,0x00000000177c0000]
[error occurred during error reporting (printing stack bounds), id 0xc0000005]

Native frames: (J=compiled Java code, j=interpreted, Vv=VM code, C=native code)


Current CompileTask:
C2:    750  942       4       com.android.dx.ssa.SCCP::simulateStmt (481 bytes)


---------------  P R O C E S S  ---------------

Java Threads: ( => current thread )
  0x0000000017547000 JavaThread "pool-1-thread-4" [_thread_blocked, id=26240, stack(0x0000000017ec0000,0x0000000017fc0000)]
  0x0000000017546000 JavaThread "pool-1-thread-3" [_thread_blocked, id=60512, stack(0x0000000017dc0000,0x0000000017ec0000)]
  0x0000000017545000 JavaThread "pool-1-thread-2" [_thread_blocked, id=46616, stack(0x0000000017cc0000,0x0000000017dc0000)]
  0x0000000017539000 JavaThread "pool-2-thread-1" [_thread_blocked, id=74732, stack(0x0000000017bc0000,0x0000000017cc0000)]
  0x0000000017540800 JavaThread "pool-1-thread-1" [_thread_blocked, id=74096, stack(0x0000000017ac0000,0x0000000017bc0000)]
  0x0000000017325800 JavaThread "Service Thread" daemon [_thread_blocked, id=73584, stack(0x00000000178c0000,0x00000000179c0000)]
  0x000000000357e000 JavaThread "C1 CompilerThread2" daemon [_thread_blocked, id=71764, stack(0x00000000177c0000,0x00000000178c0000)]
=>0x000000000357d000 JavaThread "C2 CompilerThread1" daemon [_thread_in_native, id=74444, stack(0x00000000176c0000,0x00000000177c0000)]
  0x0000000015cad800 JavaThread "C2 CompilerThread0" daemon [_thread_in_native, id=67840, stack(0x00000000171c0000,0x00000000172c0000)]
  0x0000000015cac800 JavaThread "Attach Listener" daemon [_thread_blocked, id=62376, stack(0x00000000170c0000,0x00000000171c0000)]
  0x0000000015c61000 JavaThread "Signal Dispatcher" daemon [_thread_blocked, id=22696, stack(0x0000000016fc0000,0x00000000170c0000)]
  0x0000000015c38000 JavaThread "Finalizer" daemon [_thread_blocked, id=74028, stack(0x0000000016ec0000,0x0000000016fc0000)]
  0x0000000015c17000 JavaThread "Reference Handler" daemon [_thread_blocked, id=73880, stack(0x0000000016dc0000,0x0000000016ec0000)]
  0x0000000003481000 JavaThread "main" [_thread_blocked, id=74408, stack(0x00000000031f0000,0x00000000032f0000)]

Other Threads:
  0x0000000015c14800 VMThread [stack: 0x0000000016cc0000,0x0000000016dc0000] [id=74552]
  0x0000000017328000 WatcherThread [stack: 0x00000000179c0000,0x0000000017ac0000] [id=74036]

VM state:at safepoint (normal execution)

VM Mutex/Monitor currently owned by a thread:  ([mutex/lock_event])
[0x000000000337c8b0] Threads_lock - owner thread: 0x0000000015c14800
[0x000000000337bf30] Heap_lock - owner thread: 0x0000000017545000

Heap:
 PSYoungGen      total 38400K, used 33280K [0x00000000eab00000, 0x00000000ed580000, 0x0000000100000000)
  eden space 33280K, 100% used [0x00000000eab00000,0x00000000ecb80000,0x00000000ecb80000)
  from space 5120K, 0% used [0x00000000ed080000,0x00000000ed080000,0x00000000ed580000)
  to   space 5120K, 99% used [0x00000000ecb80000,0x00000000ed07cb58,0x00000000ed080000)
 ParOldGen       total 87552K, used 168K [0x00000000c0000000, 0x00000000c5580000, 0x00000000eab00000)
  object space 87552K, 0% used [0x00000000c0000000,0x00000000c002a000,0x00000000c5580000)
 Metaspace       used 5690K, capacity 6896K, committed 7040K, reserved 1056768K
  class space    used 559K, capacity 616K, committed 640K, reserved 1048576K

Card table byte_map: [0x0000000012940000,0x0000000012b50000] byte_map_base: 0x0000000012340000

Marking Bits: (ParMarkBitMap*) 0x0000000060749d00
 Begin Bits: [0x00000000130b0000, 0x00000000140b0000)
 End Bits:   [0x00000000140b0000, 0x00000000150b0000)

Polling page: 0x0000000001300000

CodeCache: size=245760Kb used=4268Kb max_used=4268Kb free=241491Kb
 bounds [0x0000000003580000, 0x00000000039b0000, 0x0000000012580000]
 total_blobs=1355 nmethods=1090 adapters=178
 compilation: disabled (not enough contiguous free space left)

Compilation events (10 events):
Event: 0.685 Thread 0x000000000357e000 nmethod 1012 0x0000000003957790 code [0x00000000039579c0, 0x0000000003958678]
Event: 0.685 Thread 0x000000000357e000 1014       3       com.android.dx.cf.code.BaseMachine::auxCstArg (20 bytes)
Event: 0.685 Thread 0x000000000357e000 nmethod 1014 0x00000000039572d0 code [0x0000000003957440, 0x00000000039576a8]
Event: 0.685 Thread 0x000000000357e000 1007       3       com.android.dx.cf.code.Simulator$SimVisitor::visitLocal (329 bytes)
Event: 0.687 Thread 0x000000000357e000 nmethod 1007 0x0000000003963510 code [0x0000000003963940, 0x0000000003966598]
Event: 0.687 Thread 0x000000000357e000 1017       3       com.android.dx.rop.code.RegisterSpecSet::size (49 bytes)
Event: 0.688 Thread 0x000000000357e000 nmethod 1017 0x0000000003956dd0 code [0x0000000003956f40, 0x00000000039571d0]
Event: 0.688 Thread 0x000000000357e000 1019       3       com.android.dx.ssa.PhiInsn::accept (8 bytes)
Event: 0.688 Thread 0x000000000357e000 nmethod 1019 0x0000000003956950 code [0x0000000003956ac0, 0x0000000003956ce8]
Event: 0.688 Thread 0x000000000357e000 1015       3       com.android.dx.cf.code.Simulator$SimVisitor::visitConstant (332 bytes)

GC Heap History (0 events):
No events

Deoptimization events (6 events):
Event: 0.434 Thread 0x0000000017540800 Uncommon trap: reason=unstable_if action=reinterpret pc=0x000000000377091c method=java.util.HashMap.getNode(ILjava/lang/Object;)Ljava/util/HashMap$Node; @ 129
Event: 0.565 Thread 0x0000000017547000 Uncommon trap: reason=class_check action=maybe_recompile pc=0x00000000037b6a70 method=com.android.dx.ssa.NormalSsaInsn.accept(Lcom/android/dx/ssa/SsaInsn$Visitor;)V @ 9
Event: 0.565 Thread 0x0000000017547000 Uncommon trap: reason=class_check action=maybe_recompile pc=0x00000000037b62b0 method=com.android.dx.ssa.NormalSsaInsn.accept(Lcom/android/dx/ssa/SsaInsn$Visitor;)V @ 9
Event: 0.637 Thread 0x0000000017547000 Uncommon trap: reason=class_check action=maybe_recompile pc=0x00000000037b6a70 method=com.android.dx.ssa.NormalSsaInsn.accept(Lcom/android/dx/ssa/SsaInsn$Visitor;)V @ 9
Event: 0.637 Thread 0x0000000017547000 Uncommon trap: reason=class_check action=maybe_recompile pc=0x00000000037b62b0 method=com.android.dx.ssa.NormalSsaInsn.accept(Lcom/android/dx/ssa/SsaInsn$Visitor;)V @ 9
Event: 0.662 Thread 0x0000000003481000 Uncommon trap: reason=class_check action=maybe_recompile pc=0x00000000037b6a70 method=com.android.dx.ssa.NormalSsaInsn.accept(Lcom/android/dx/ssa/SsaInsn$Visitor;)V @ 9

Internal exceptions (2 events):
Event: 0.050 Thread 0x0000000003481000 Exception <a 'java/lang/NoSuchMethodError': Method sun.misc.Unsafe.defineClass(Ljava/lang/String;[BII)Ljava/lang/Class; name or signature does not match> (0x00000000eab07cc0) thrown at [C:\src\android\AOSP-openjdk\external\jetbrains\jdk\hotspot\src\share\vhš_Óh©?
Event: 0.050 Thread 0x0000000003481000 Exception <a 'java/lang/NoSuchMethodError': Method sun.misc.Unsafe.prefetchRead(Ljava/lang/Object;J)V name or signature does not match> (0x00000000eab07fa8) thrown at [C:\src\android\AOSP-openjdk\external\jetbrains\jdk\hotspot\src\share\vm\prims\jni.cpp, l

Events (10 events):
Event: 0.565 Thread 0x0000000017547000 DEOPT UNPACKING pc=0x00000000035c556a sp=0x0000000017fbecb0 mode 2
Event: 0.637 Thread 0x0000000017547000 Uncommon trap: trap_request=0xffffffde fr.pc=0x00000000037b6a70
Event: 0.637 Thread 0x0000000017547000 DEOPT PACKING pc=0x00000000037b6a70 sp=0x0000000017fbede0
Event: 0.637 Thread 0x0000000017547000 DEOPT UNPACKING pc=0x00000000035c556a sp=0x0000000017fbed20 mode 2
Event: 0.637 Thread 0x0000000017547000 Uncommon trap: trap_request=0xffffffde fr.pc=0x00000000037b62b0
Event: 0.637 Thread 0x0000000017547000 DEOPT PACKING pc=0x00000000037b62b0 sp=0x0000000017fbed70
Event: 0.637 Thread 0x0000000017547000 DEOPT UNPACKING pc=0x00000000035c556a sp=0x0000000017fbed10 mode 2
Event: 0.662 Thread 0x0000000003481000 Uncommon trap: trap_request=0xffffffde fr.pc=0x00000000037b6a70
Event: 0.662 Thread 0x0000000003481000 DEOPT PACKING pc=0x00000000037b6a70 sp=0x00000000032ee430
Event: 0.662 Thread 0x0000000003481000 DEOPT UNPACKING pc=0x00000000035c556a sp=0x00000000032ee370 mode 2


Dynamic libraries:
0x00007ff60fa20000 - 0x00007ff60fa51000 	E:\kejiang\Android\Android Studio\jre\bin\java.exe
0x00007ff819fc0000 - 0x00007ff81a181000 	C:\WINDOWS\SYSTEM32\ntdll.dll
0x00007ff819bf0000 - 0x00007ff819c9d000 	C:\WINDOWS\system32\KERNEL32.DLL
0x00007ff816700000 - 0x00007ff8168e8000 	C:\WINDOWS\system32\KERNELBASE.dll
0x00007ff819ae0000 - 0x00007ff819b87000 	C:\WINDOWS\system32\ADVAPI32.dll
0x00007ff8176b0000 - 0x00007ff81774d000 	C:\WINDOWS\system32\msvcrt.dll
0x00007ff819b90000 - 0x00007ff819beb000 	C:\WINDOWS\system32\sechost.dll
0x00007ff8173c0000 - 0x00007ff8174dc000 	C:\WINDOWS\system32\RPCRT4.dll
0x00007ff817550000 - 0x00007ff8176a6000 	C:\WINDOWS\system32\USER32.dll
0x00007ff819320000 - 0x00007ff8194a6000 	C:\WINDOWS\system32\GDI32.dll
0x00007ff810930000 - 0x00007ff810ba4000 	C:\WINDOWS\WinSxS\amd64_microsoft.windows.common-controls_6595b64144ccf1df_6.0.10586.672_none_a2d6b3cea53ff843\COMCTL32.dll
0x00007ff819ca0000 - 0x00007ff819f1d000 	C:\WINDOWS\system32\combase.dll
0x00007ff816690000 - 0x00007ff8166fa000 	C:\WINDOWS\system32\bcryptPrimitives.dll
0x00007ff819f20000 - 0x00007ff819f5b000 	C:\WINDOWS\system32\IMM32.DLL
0x0000000060cd0000 - 0x0000000060da2000 	E:\kejiang\Android\Android Studio\jre\jre\bin\msvcr100.dll
0x000000005ff90000 - 0x00000000607c4000 	E:\kejiang\Android\Android Studio\jre\jre\bin\server\jvm.dll
0x00007ff817760000 - 0x00007ff817768000 	C:\WINDOWS\system32\PSAPI.DLL
0x00007ff80b3b0000 - 0x00007ff80b3b9000 	C:\WINDOWS\SYSTEM32\WSOCK32.dll
0x00007ff818e90000 - 0x00007ff818efb000 	C:\WINDOWS\system32\WS2_32.dll
0x00007ff8148c0000 - 0x00007ff8148e3000 	C:\WINDOWS\SYSTEM32\WINMM.dll
0x00007ff80a770000 - 0x00007ff80a77a000 	C:\WINDOWS\SYSTEM32\VERSION.dll
0x00007ff814580000 - 0x00007ff8145ac000 	C:\WINDOWS\SYSTEM32\WINMMBASE.dll
0x00007ff8170b0000 - 0x00007ff8170f3000 	C:\WINDOWS\system32\cfgmgr32.dll
0x00007ff80f120000 - 0x00007ff80f12f000 	E:\kejiang\Android\Android Studio\jre\jre\bin\verify.dll
0x00007ff80b890000 - 0x00007ff80b8b9000 	E:\kejiang\Android\Android Studio\jre\jre\bin\java.dll
0x00007ff80bbf0000 - 0x00007ff80bc06000 	E:\kejiang\Android\Android Studio\jre\jre\bin\zip.dll
0x00007ff817920000 - 0x00007ff818e7c000 	C:\WINDOWS\system32\SHELL32.dll
0x00007ff8169a0000 - 0x00007ff816fe5000 	C:\WINDOWS\system32\windows.storage.dll
0x00007ff818f00000 - 0x00007ff818f52000 	C:\WINDOWS\system32\shlwapi.dll
0x00007ff816600000 - 0x00007ff81660f000 	C:\WINDOWS\system32\kernel.appcore.dll
0x00007ff816ff0000 - 0x00007ff8170a5000 	C:\WINDOWS\system32\shcore.dll
0x00007ff816620000 - 0x00007ff81666b000 	C:\WINDOWS\system32\powrprof.dll
0x00007ff8165e0000 - 0x00007ff8165f4000 	C:\WINDOWS\system32\profapi.dll

VM Arguments:
jvm_args: -Djava.awt.headless=true -Xmx1024M -Dfile.encoding=GBK -Duser.country=CN -Duser.language=zh -Duser.variant 
java_command: com.android.dx.command.Main --dex --num-threads=4 --output C:\Users\yuandl\.android\build-cache\3695b9c57f1c1c711233b4203a3329abf15d3190\com.android.support-appcompat-v7-25.0.1_100a209ca5f0eb8bcb1813df6e134e0050655e51.jar E:\kejiang\git\GitHub\AndroidFastDevFrame\app\build\intermediates\exploded-aar\com.android.support\appcompat-v7\25.0.1\jars\classes.jar
java_class_path (initial): E:\kejiang\Android\sdk\build-tools\23.0.0\lib\dx.jar
Launcher Type: SUN_STANDARD

Environment Variables:
JAVA_HOME=C:\Program Files\Java\jdk1.8.0_72
CLASSPATH=.;C:\Program Files\Java\jdk1.8.0_72\lib\dt.jar;C:\Program Files\Java\jdk1.8.0_72\lib\tools.jar;
PATH=D:\oracle\product\10.2.0\client_1\bin;D:\oracle\product\10.2.0\db_1\bin;E:\kejiang\Android\sdk\platform-tools;C:\ProgramData\Oracle\Java\javapath;C:\Program Files (x86)\Common Files\NetSarang;C:\Windows\system32;C:\Windows;C:\Windows\System32\Wbem;C:\Windows\System32\WindowsPowerShell\v1.0\;C:\Program Files\Java\jdk1.7.0_60\bin;C:\Program Files\Java\jdk1.7.0_60\jre\bin;D:\Program Files\MySQL\MySQL Server 5.5\bin;E:\Framework\play\play-2.2.6;D:\Software\apache-maven-3.3.1\bin;C:\WINDOWS\system32;C:\WINDOWS;C:\WINDOWS\System32\Wbem;C:\WINDOWS\System32\WindowsPowerShell\v1.0\;C:\Program Files\TortoiseSVN\bin;C:\Program Files\Git\cmd;C:\Program Files\TortoiseGit\bin;C:\Program Files\MySQL\MySQL Utilities 1.6\
USERNAME=yuandl
OS=Windows_NT
PROCESSOR_IDENTIFIER=Intel64 Family 6 Model 60 Stepping 3, GenuineIntel



---------------  S Y S T E M  ---------------

OS: Windows 10.0 , 64 bit Build 10586 (10.0.10586.589)

CPU:total 4 (2 cores per cpu, 2 threads per core) family 6 model 60 stepping 3, cmov, cx8, fxsr, mmx, sse, sse2, sse3, ssse3, sse4.1, sse4.2, popcnt, avx, avx2, aes, clmul, erms, lzcnt, ht, tsc, tscinvbit, bmi1, bmi2

Memory: 4k page, physical 8305276k(1291136k free), swap 8305276k(5120k free)

vm_info: OpenJDK 64-Bit Server VM (25.76-b03) for windows-amd64 JRE (1.8.0_76-release-b03), built on Jun 29 2016 19:09:20 by "ralucas" with MS VC++ 10.0 (VS2010)

time: Wed Dec 28 19:53:13 2016
elapsed time: 0 seconds (0d 0h 0m 0s)

