#
# There is insufficient memory for the Java Runtime Environment to continue.
# Native memory allocation (malloc) failed to allocate 57696 bytes for Chunk::new
# Possible reasons:
#   The system is out of physical RAM or swap space
#   In 32 bit mode, the process size limit was hit
# Possible solutions:
#   Reduce memory load on the system
#   Increase physical memory or swap space
#   Check if swap backing store is full
#   Use 64 bit Java on a 64 bit OS
#   Decrease Java heap size (-Xmx/-Xms)
#   Decrease number of Java threads
#   Decrease Java thread stack sizes (-Xss)
#   Set larger code cache with -XX:ReservedCodeCacheSize=
# This output file may be truncated or incomplete.
#
#  Out of Memory Error (allocation.cpp:390), pid=55160, tid=0x000000000001031c
#
# JRE version: OpenJDK Runtime Environment (8.0_76-b03) (build 1.8.0_76-release-b03)
# Java VM: OpenJDK 64-Bit Server VM (25.76-b03 mixed mode windows-amd64 compressed oops)
# Failed to write core dump. Minidumps are not enabled by default on client versions of Windows
#

---------------  T H R E A D  ---------------

Current thread (0x0000000014f39800):  JavaThread "C2 CompilerThread0" daemon [_thread_in_native, id=66332, stack(0x0000000016430000,0x0000000016530000)]

Stack: [0x0000000016430000,0x0000000016530000]
[error occurred during error reporting (printing stack bounds), id 0xc0000005]

Native frames: (J=compiled Java code, j=interpreted, Vv=VM code, C=native code)


Current CompileTask:
C2:   2705 1379       4       com.android.dx.cf.code.BaseMachine::popArgs (62 bytes)


---------------  P R O C E S S  ---------------

Java Threads: ( => current thread )
  0x0000000017c44000 JavaThread "pool-2-thread-4" [_thread_blocked, id=62408, stack(0x0000000018900000,0x0000000018a00000)]
  0x0000000016846800 JavaThread "pool-2-thread-3" [_thread_blocked, id=66396, stack(0x0000000017030000,0x0000000017130000)]
  0x0000000016835800 JavaThread "pool-2-thread-2" [_thread_in_Java, id=66492, stack(0x0000000016f30000,0x0000000017030000)]
  0x000000001678e000 JavaThread "pool-3-thread-1" [_thread_blocked, id=66536, stack(0x0000000016e30000,0x0000000016f30000)]
  0x0000000016799000 JavaThread "pool-2-thread-1" [_thread_blocked, id=66040, stack(0x0000000016d30000,0x0000000016e30000)]
  0x00000000165b9800 JavaThread "Service Thread" daemon [_thread_blocked, id=66416, stack(0x0000000016b30000,0x0000000016c30000)]
  0x0000000016532800 JavaThread "C1 CompilerThread2" daemon [_thread_blocked, id=66532, stack(0x0000000016a30000,0x0000000016b30000)]
  0x0000000014f3c800 JavaThread "C2 CompilerThread1" daemon [_thread_in_native, id=66452, stack(0x0000000016930000,0x0000000016a30000)]
=>0x0000000014f39800 JavaThread "C2 CompilerThread0" daemon [_thread_in_native, id=66332, stack(0x0000000016430000,0x0000000016530000)]
  0x0000000014f38000 JavaThread "Attach Listener" daemon [_thread_blocked, id=65912, stack(0x0000000016330000,0x0000000016430000)]
  0x0000000014eee800 JavaThread "Signal Dispatcher" daemon [_thread_blocked, id=66056, stack(0x0000000016230000,0x0000000016330000)]
  0x000000000280c000 JavaThread "Finalizer" daemon [_thread_blocked, id=65544, stack(0x0000000016130000,0x0000000016230000)]
  0x00000000027ff000 JavaThread "Reference Handler" daemon [_thread_blocked, id=65928, stack(0x0000000016030000,0x0000000016130000)]
  0x0000000002711000 JavaThread "main" [_thread_in_native, id=57364, stack(0x0000000002610000,0x0000000002710000)]

Other Threads:
  0x0000000014ea5800 VMThread [stack: 0x0000000015f30000,0x0000000016030000] [id=66076]
  0x00000000165bb800 WatcherThread [stack: 0x0000000016c30000,0x0000000016d30000] [id=66248]

VM state:not at safepoint (normal execution)

VM Mutex/Monitor currently owned by a thread: None

Heap:
 PSYoungGen      total 38400K, used 23933K [0x00000000eab00000, 0x00000000ed580000, 0x0000000100000000)
  eden space 33280K, 56% used [0x00000000eab00000,0x00000000ebd630d0,0x00000000ecb80000)
  from space 5120K, 99% used [0x00000000ecb80000,0x00000000ed07c698,0x00000000ed080000)
  to   space 5120K, 0% used [0x00000000ed080000,0x00000000ed080000,0x00000000ed580000)
 ParOldGen       total 87552K, used 1170K [0x00000000c0000000, 0x00000000c5580000, 0x00000000eab00000)
  object space 87552K, 1% used [0x00000000c0000000,0x00000000c01249e0,0x00000000c5580000)
 Metaspace       used 5725K, capacity 6960K, committed 7040K, reserved 1056768K
  class space    used 553K, capacity 616K, committed 640K, reserved 1048576K

Card table byte_map: [0x0000000011bd0000,0x0000000011de0000] byte_map_base: 0x00000000115d0000

Marking Bits: (ParMarkBitMap*) 0x0000000060749d00
 Begin Bits: [0x0000000012340000, 0x0000000013340000)
 End Bits:   [0x0000000013340000, 0x0000000014340000)

Polling page: 0x0000000000970000

CodeCache: size=245760Kb used=5982Kb max_used=6001Kb free=239777Kb
 bounds [0x0000000002810000, 0x0000000002e00000, 0x0000000011810000]
 total_blobs=1639 nmethods=1376 adapters=177
 compilation: enabled

Compilation events (10 events):
Event: 2.668 Thread 0x0000000016532800 1376       3       com.android.dx.rop.code.SwitchInsn::accept (8 bytes)
Event: 2.669 Thread 0x0000000016532800 nmethod 1376 0x0000000002dde450 code [0x0000000002dde5c0, 0x0000000002dde7e8]
Event: 2.689 Thread 0x0000000014f39800 nmethod 1371 0x0000000002ded2d0 code [0x0000000002ded600, 0x0000000002defdd0]
Event: 2.689 Thread 0x0000000014f39800 1373       4       com.android.dx.rop.code.RegisterSpec::getType (10 bytes)
Event: 2.690 Thread 0x0000000014f39800 nmethod 1373 0x0000000002da8f90 code [0x0000000002da90c0, 0x0000000002da9138]
Event: 2.695 Thread 0x0000000014f39800 1377       4       com.android.dx.cf.code.ExecutionStack::pop (54 bytes)
Event: 2.696 Thread 0x0000000014f39800 nmethod 1377 0x0000000002ddca90 code [0x0000000002ddcbe0, 0x0000000002ddcd78]
Event: 2.698 Thread 0x0000000014f39800 1378       4       com.android.dx.rop.code.InsnList::set (7 bytes)
Event: 2.699 Thread 0x0000000014f39800 nmethod 1378 0x0000000002ddc6d0 code [0x0000000002ddc820, 0x0000000002ddc938]
Event: 2.701 Thread 0x0000000014f39800 1379       4       com.android.dx.cf.code.BaseMachine::popArgs (62 bytes)

GC Heap History (2 events):
Event: 1.607 GC heap before
{Heap before GC invocations=1 (full 0):
 PSYoungGen      total 38400K, used 33280K [0x00000000eab00000, 0x00000000ed580000, 0x0000000100000000)
  eden space 33280K, 100% used [0x00000000eab00000,0x00000000ecb80000,0x00000000ecb80000)
  from space 5120K, 0% used [0x00000000ed080000,0x00000000ed080000,0x00000000ed580000)
  to   space 5120K, 0% used [0x00000000ecb80000,0x00000000ecb80000,0x00000000ed080000)
 ParOldGen       total 87552K, used 0K [0x00000000c0000000, 0x00000000c5580000, 0x00000000eab00000)
  object space 87552K, 0% used [0x00000000c0000000,0x00000000c0000000,0x00000000c5580000)
 Metaspace       used 5624K, capacity 6896K, committed 7040K, reserved 1056768K
  class space    used 551K, capacity 616K, committed 640K, reserved 1048576K
Event: 1.616 GC heap after
Heap after GC invocations=1 (full 0):
 PSYoungGen      total 38400K, used 5105K [0x00000000eab00000, 0x00000000ed580000, 0x0000000100000000)
  eden space 33280K, 0% used [0x00000000eab00000,0x00000000eab00000,0x00000000ecb80000)
  from space 5120K, 99% used [0x00000000ecb80000,0x00000000ed07c698,0x00000000ed080000)
  to   space 5120K, 0% used [0x00000000ed080000,0x00000000ed080000,0x00000000ed580000)
 ParOldGen       total 87552K, used 1170K [0x00000000c0000000, 0x00000000c5580000, 0x00000000eab00000)
  object space 87552K, 1% used [0x00000000c0000000,0x00000000c01249e0,0x00000000c5580000)
 Metaspace       used 5624K, capacity 6896K, committed 7040K, reserved 1056768K
  class space    used 551K, capacity 616K, committed 640K, reserved 1048576K
}

Deoptimization events (10 events):
Event: 1.145 Thread 0x0000000016846800 Uncommon trap: reason=class_check action=maybe_recompile pc=0x0000000002aa1a68 method=com.android.dx.rop.type.Type.equals(Ljava/lang/Object;)Z @ 8
Event: 1.147 Thread 0x0000000016846800 Uncommon trap: reason=unstable_if action=reinterpret pc=0x0000000002a361a4 method=com.android.dx.rop.code.RegisterSpec.equals(ILcom/android/dx/rop/type/TypeBearer;Lcom/android/dx/rop/code/LocalItem;)Z @ 16
Event: 1.560 Thread 0x0000000017c44000 Uncommon trap: reason=unstable_if action=reinterpret pc=0x0000000002c7de00 method=com.android.dx.cf.code.BytecodeArray.parseInstruction(ILcom/android/dx/cf/code/BytecodeArray$Visitor;)I @ 1198
Event: 1.640 Thread 0x0000000016846800 Uncommon trap: reason=class_check action=maybe_recompile pc=0x0000000002b256c0 method=com.android.dx.ssa.NormalSsaInsn.accept(Lcom/android/dx/ssa/SsaInsn$Visitor;)V @ 9
Event: 1.640 Thread 0x0000000016846800 Uncommon trap: reason=class_check action=maybe_recompile pc=0x0000000002b256c0 method=com.android.dx.ssa.NormalSsaInsn.accept(Lcom/android/dx/ssa/SsaInsn$Visitor;)V @ 9
Event: 1.640 Thread 0x0000000016846800 Uncommon trap: reason=class_check action=maybe_recompile pc=0x0000000002b256c0 method=com.android.dx.ssa.NormalSsaInsn.accept(Lcom/android/dx/ssa/SsaInsn$Visitor;)V @ 9
Event: 1.640 Thread 0x0000000016846800 Uncommon trap: reason=class_check action=maybe_recompile pc=0x0000000002b256c0 method=com.android.dx.ssa.NormalSsaInsn.accept(Lcom/android/dx/ssa/SsaInsn$Visitor;)V @ 9
Event: 1.640 Thread 0x0000000016846800 Uncommon trap: reason=class_check action=maybe_recompile pc=0x0000000002ae1104 method=com.android.dx.ssa.NormalSsaInsn.accept(Lcom/android/dx/ssa/SsaInsn$Visitor;)V @ 9
Event: 1.771 Thread 0x0000000017c44000 Uncommon trap: reason=unstable_if action=reinterpret pc=0x0000000002d404b8 method=com.android.dx.ssa.SsaRenamer$BlockRenamer.process()V @ 90
Event: 2.260 Thread 0x0000000016799000 Uncommon trap: reason=unstable_if action=reinterpret pc=0x0000000002b9737c method=com.android.dx.rop.code.RegisterSpec.withReg(I)Lcom/android/dx/rop/code/RegisterSpec; @ 5

Internal exceptions (2 events):
Event: 0.078 Thread 0x0000000002711000 Exception <a 'java/lang/NoSuchMethodError': Method sun.misc.Unsafe.defineClass(Ljava/lang/String;[BII)Ljava/lang/Class; name or signature does not match> (0x00000000eab07cc0) thrown at [C:\src\android\AOSP-openjdk\external\jetbrains\jdk\hotspot\src\share\vc&Ô²´?
Event: 0.078 Thread 0x0000000002711000 Exception <a 'java/lang/NoSuchMethodError': Method sun.misc.Unsafe.prefetchRead(Ljava/lang/Object;J)V name or signature does not match> (0x00000000eab07fa8) thrown at [C:\src\android\AOSP-openjdk\external\jetbrains\jdk\hotspot\src\share\vm\prims\jni.cpp, l

Events (10 events):
Event: 1.771 Thread 0x0000000017c44000 DEOPT UNPACKING pc=0x000000000285556a sp=0x00000000189fee40 mode 2
Event: 1.871 Thread 0x0000000016799000 DEOPT PACKING pc=0x0000000002be908c sp=0x0000000016e2e790
Event: 1.871 Thread 0x0000000016799000 DEOPT UNPACKING pc=0x00000000028575bf sp=0x0000000016e2e558 mode 0
Event: 2.205 loading class com/android/dx/cf/direct/DirectClassFile$DcfTypeList
Event: 2.205 loading class com/android/dx/cf/direct/DirectClassFile$DcfTypeList done
Event: 2.219 loading class com/android/dx/cf/attrib/AttEnclosingMethod
Event: 2.219 loading class com/android/dx/cf/attrib/AttEnclosingMethod done
Event: 2.260 Thread 0x0000000016799000 Uncommon trap: trap_request=0xffffff65 fr.pc=0x0000000002b9737c
Event: 2.260 Thread 0x0000000016799000 DEOPT PACKING pc=0x0000000002b9737c sp=0x0000000016e2e900
Event: 2.260 Thread 0x0000000016799000 DEOPT UNPACKING pc=0x000000000285556a sp=0x0000000016e2e830 mode 2


Dynamic libraries:
0x00007ff60fa20000 - 0x00007ff60fa51000 	E:\kejiang\Android\Android Studio\jre\bin\java.exe
0x00007ff819fc0000 - 0x00007ff81a181000 	C:\WINDOWS\SYSTEM32\ntdll.dll
0x00007ff819bf0000 - 0x00007ff819c9d000 	C:\WINDOWS\system32\KERNEL32.DLL
0x00007ff816700000 - 0x00007ff8168e8000 	C:\WINDOWS\system32\KERNELBASE.dll
0x00007ff819ae0000 - 0x00007ff819b87000 	C:\WINDOWS\system32\ADVAPI32.dll
0x00007ff8176b0000 - 0x00007ff81774d000 	C:\WINDOWS\system32\msvcrt.dll
0x00007ff819b90000 - 0x00007ff819beb000 	C:\WINDOWS\system32\sechost.dll
0x00007ff8173c0000 - 0x00007ff8174dc000 	C:\WINDOWS\system32\RPCRT4.dll
0x00007ff817550000 - 0x00007ff8176a6000 	C:\WINDOWS\system32\USER32.dll
0x00007ff819320000 - 0x00007ff8194a6000 	C:\WINDOWS\system32\GDI32.dll
0x00007ff810930000 - 0x00007ff810ba4000 	C:\WINDOWS\WinSxS\amd64_microsoft.windows.common-controls_6595b64144ccf1df_6.0.10586.672_none_a2d6b3cea53ff843\COMCTL32.dll
0x00007ff819ca0000 - 0x00007ff819f1d000 	C:\WINDOWS\system32\combase.dll
0x00007ff816690000 - 0x00007ff8166fa000 	C:\WINDOWS\system32\bcryptPrimitives.dll
0x00007ff819f20000 - 0x00007ff819f5b000 	C:\WINDOWS\system32\IMM32.DLL
0x0000000060cd0000 - 0x0000000060da2000 	E:\kejiang\Android\Android Studio\jre\jre\bin\msvcr100.dll
0x000000005ff90000 - 0x00000000607c4000 	E:\kejiang\Android\Android Studio\jre\jre\bin\server\jvm.dll
0x00007ff817760000 - 0x00007ff817768000 	C:\WINDOWS\system32\PSAPI.DLL
0x00007ff80b3b0000 - 0x00007ff80b3b9000 	C:\WINDOWS\SYSTEM32\WSOCK32.dll
0x00007ff8148c0000 - 0x00007ff8148e3000 	C:\WINDOWS\SYSTEM32\WINMM.dll
0x00007ff80a770000 - 0x00007ff80a77a000 	C:\WINDOWS\SYSTEM32\VERSION.dll
0x00007ff818e90000 - 0x00007ff818efb000 	C:\WINDOWS\system32\WS2_32.dll
0x00007ff814580000 - 0x00007ff8145ac000 	C:\WINDOWS\SYSTEM32\WINMMBASE.dll
0x00007ff8170b0000 - 0x00007ff8170f3000 	C:\WINDOWS\system32\cfgmgr32.dll
0x00007ff80b8b0000 - 0x00007ff80b8bf000 	E:\kejiang\Android\Android Studio\jre\jre\bin\verify.dll
0x00007ff80b880000 - 0x00007ff80b8a9000 	E:\kejiang\Android\Android Studio\jre\jre\bin\java.dll
0x00007ff80b810000 - 0x00007ff80b826000 	E:\kejiang\Android\Android Studio\jre\jre\bin\zip.dll
0x00007ff817920000 - 0x00007ff818e7c000 	C:\WINDOWS\system32\SHELL32.dll
0x00007ff8169a0000 - 0x00007ff816fe5000 	C:\WINDOWS\system32\windows.storage.dll
0x00007ff818f00000 - 0x00007ff818f52000 	C:\WINDOWS\system32\shlwapi.dll
0x00007ff816600000 - 0x00007ff81660f000 	C:\WINDOWS\system32\kernel.appcore.dll
0x00007ff816ff0000 - 0x00007ff8170a5000 	C:\WINDOWS\system32\shcore.dll
0x00007ff816620000 - 0x00007ff81666b000 	C:\WINDOWS\system32\powrprof.dll
0x00007ff8165e0000 - 0x00007ff8165f4000 	C:\WINDOWS\system32\profapi.dll

VM Arguments:
jvm_args: -Djava.awt.headless=true -Xmx1024M -Dfile.encoding=GBK -Duser.country=CN -Duser.language=zh -Duser.variant 
java_command: com.android.dx.command.Main --dex --verbose --force-jumbo --num-threads=4 --multi-dex --output E:\kejiang\git\GitHub\AndroidFastDevFrame\app\build\intermediates\transforms\dex\debug\folders\1000\5\slice_5 E:\kejiang\git\GitHub\AndroidFastDevFrame\app\build\intermediates\transforms\instantRunSlicer\debug\folders\1\5\slice_5
java_class_path (initial): E:\kejiang\Android\sdk\build-tools\23.0.0\lib\dx.jar
Launcher Type: SUN_STANDARD

Environment Variables:
JAVA_HOME=C:\Program Files\Java\jdk1.8.0_72
CLASSPATH=.;C:\Program Files\Java\jdk1.8.0_72\lib\dt.jar;C:\Program Files\Java\jdk1.8.0_72\lib\tools.jar;
PATH=D:\oracle\product\10.2.0\client_1\bin;D:\oracle\product\10.2.0\db_1\bin;E:\kejiang\Android\sdk\platform-tools;C:\ProgramData\Oracle\Java\javapath;C:\Program Files (x86)\Common Files\NetSarang;C:\Windows\system32;C:\Windows;C:\Windows\System32\Wbem;C:\Windows\System32\WindowsPowerShell\v1.0\;C:\Program Files\Java\jdk1.7.0_60\bin;C:\Program Files\Java\jdk1.7.0_60\jre\bin;D:\Program Files\MySQL\MySQL Server 5.5\bin;E:\Framework\play\play-2.2.6;D:\Software\apache-maven-3.3.1\bin;C:\WINDOWS\system32;C:\WINDOWS;C:\WINDOWS\System32\Wbem;C:\WINDOWS\System32\WindowsPowerShell\v1.0\;C:\Program Files\TortoiseSVN\bin;C:\Program Files\Git\cmd;C:\Program Files\TortoiseGit\bin;C:\Program Files\MySQL\MySQL Utilities 1.6\
USERNAME=yuandl
OS=Windows_NT
PROCESSOR_IDENTIFIER=Intel64 Family 6 Model 60 Stepping 3, GenuineIntel



---------------  S Y S T E M  ---------------

OS: Windows 10.0 , 64 bit Build 10586 (10.0.10586.589)

CPU:total 4 (2 cores per cpu, 2 threads per core) family 6 model 60 stepping 3, cmov, cx8, fxsr, mmx, sse, sse2, sse3, ssse3, sse4.1, sse4.2, popcnt, avx, avx2, aes, clmul, erms, lzcnt, ht, tsc, tscinvbit, bmi1, bmi2

Memory: 4k page, physical 8305276k(1201896k free), swap 8305276k(4132k free)

vm_info: OpenJDK 64-Bit Server VM (25.76-b03) for windows-amd64 JRE (1.8.0_76-release-b03), built on Jun 29 2016 19:09:20 by "ralucas" with MS VC++ 10.0 (VS2010)

time: Wed Dec 28 18:17:46 2016
elapsed time: 2 seconds (0d 0h 0m 2s)

