#
# There is insufficient memory for the Java Runtime Environment to continue.
# Native memory allocation (malloc) failed to allocate 97296 bytes for Chunk::new
# Possible reasons:
#   The system is out of physical RAM or swap space
#   In 32 bit mode, the process size limit was hit
# Possible solutions:
#   Reduce memory load on the system
#   Increase physical memory or swap space
#   Check if swap backing store is full
#   Use 64 bit Java on a 64 bit OS
#   Decrease Java heap size (-Xmx/-Xms)
#   Decrease number of Java threads
#   Decrease Java thread stack sizes (-Xss)
#   Set larger code cache with -XX:ReservedCodeCacheSize=
# This output file may be truncated or incomplete.
#
#  Out of Memory Error (allocation.cpp:390), pid=77716, tid=0x0000000000012dec
#
# JRE version: OpenJDK Runtime Environment (8.0_76-b03) (build 1.8.0_76-release-b03)
# Java VM: OpenJDK 64-Bit Server VM (25.76-b03 mixed mode windows-amd64 compressed oops)
# Failed to write core dump. Minidumps are not enabled by default on client versions of Windows
#

---------------  T H R E A D  ---------------

Current thread (0x0000000015ac9000):  JavaThread "C2 CompilerThread0" daemon [_thread_in_native, id=77292, stack(0x0000000017030000,0x0000000017130000)]

Stack: [0x0000000017030000,0x0000000017130000]
[error occurred during error reporting (printing stack bounds), id 0xc0000005]

Native frames: (J=compiled Java code, j=interpreted, Vv=VM code, C=native code)


Current CompileTask:
C2:   1330  596       4       com.android.dx.ssa.SsaBasicBlock::forEachInsn (37 bytes)


---------------  P R O C E S S  ---------------

Java Threads: ( => current thread )
  0x00000000173bf000 JavaThread "pool-1-thread-4" [_thread_in_Java, id=77164, stack(0x0000000017d30000,0x0000000017e30000)]
  0x00000000173b7000 JavaThread "pool-1-thread-3" [_thread_in_Java, id=77300, stack(0x0000000017c30000,0x0000000017d30000)]
  0x00000000173bd000 JavaThread "pool-1-thread-2" [_thread_in_Java, id=77084, stack(0x0000000017b30000,0x0000000017c30000)]
  0x00000000173a6000 JavaThread "pool-2-thread-1" [_thread_blocked, id=73884, stack(0x0000000017a30000,0x0000000017b30000)]
  0x00000000173aa000 JavaThread "pool-1-thread-1" [_thread_in_Java, id=77284, stack(0x0000000017930000,0x0000000017a30000)]
  0x000000001728d800 JavaThread "Service Thread" daemon [_thread_blocked, id=70920, stack(0x0000000017730000,0x0000000017830000)]
  0x0000000017289000 JavaThread "C1 CompilerThread2" daemon [_thread_in_native, id=77508, stack(0x0000000017630000,0x0000000017730000)]
  0x0000000015acb800 JavaThread "C2 CompilerThread1" daemon [_thread_in_native, id=68292, stack(0x0000000017130000,0x0000000017230000)]
=>0x0000000015ac9000 JavaThread "C2 CompilerThread0" daemon [_thread_in_native, id=77292, stack(0x0000000017030000,0x0000000017130000)]
  0x0000000015ac7800 JavaThread "Attach Listener" daemon [_thread_blocked, id=77660, stack(0x0000000016f30000,0x0000000017030000)]
  0x0000000015a7d000 JavaThread "Signal Dispatcher" daemon [_thread_blocked, id=76176, stack(0x0000000016e30000,0x0000000016f30000)]
  0x0000000015a58000 JavaThread "Finalizer" daemon [_thread_blocked, id=77304, stack(0x0000000016cd0000,0x0000000016dd0000)]
  0x0000000015a36800 JavaThread "Reference Handler" daemon [_thread_blocked, id=77740, stack(0x0000000016bd0000,0x0000000016cd0000)]
  0x00000000032a1000 JavaThread "main" [_thread_in_Java, id=77676, stack(0x00000000031a0000,0x00000000032a0000)]

Other Threads:
  0x0000000015a34800 VMThread [stack: 0x0000000016ad0000,0x0000000016bd0000] [id=77480]
  0x000000001728f000 WatcherThread [stack: 0x0000000017830000,0x0000000017930000] [id=77296]

VM state:not at safepoint (normal execution)

VM Mutex/Monitor currently owned by a thread: None

Heap:
 PSYoungGen      total 38400K, used 13992K [0x00000000eab00000, 0x00000000ed580000, 0x0000000100000000)
  eden space 33280K, 42% used [0x00000000eab00000,0x00000000eb8aa3d8,0x00000000ecb80000)
  from space 5120K, 0% used [0x00000000ed080000,0x00000000ed080000,0x00000000ed580000)
  to   space 5120K, 0% used [0x00000000ecb80000,0x00000000ecb80000,0x00000000ed080000)
 ParOldGen       total 87552K, used 0K [0x00000000c0000000, 0x00000000c5580000, 0x00000000eab00000)
  object space 87552K, 0% used [0x00000000c0000000,0x00000000c0000000,0x00000000c5580000)
 Metaspace       used 5433K, capacity 6640K, committed 6784K, reserved 1056768K
  class space    used 553K, capacity 616K, committed 640K, reserved 1048576K

Card table byte_map: [0x0000000012760000,0x0000000012970000] byte_map_base: 0x0000000012160000

Marking Bits: (ParMarkBitMap*) 0x0000000077e99d00
 Begin Bits: [0x0000000012ed0000, 0x0000000013ed0000)
 End Bits:   [0x0000000013ed0000, 0x0000000014ed0000)

Polling page: 0x0000000002c80000

CodeCache: size=245760Kb used=2624Kb max_used=2624Kb free=243135Kb
 bounds [0x00000000033a0000, 0x0000000003640000, 0x00000000123a0000]
 total_blobs=916 nmethods=651 adapters=178
 compilation: enabled

Compilation events (10 events):
Event: 1.327 Thread 0x0000000017289000  651       3       com.android.dx.rop.code.BasicBlock::getLastInsn (8 bytes)
Event: 1.328 Thread 0x0000000017289000 nmethod 651 0x00000000036290d0 code [0x0000000003629260, 0x0000000003629808]
Event: 1.328 Thread 0x0000000017289000  634       3       com.android.dx.rop.type.Type::getFrameType (5 bytes)
Event: 1.328 Thread 0x0000000017289000 nmethod 634 0x0000000003624810 code [0x0000000003624980, 0x0000000003624b88]
Event: 1.328 Thread 0x0000000017289000  635       3       com.android.dx.rop.type.Type::getFrameType (58 bytes)
Event: 1.328 Thread 0x0000000015acb800 nmethod 655 0x0000000003628c10 code [0x0000000003628d60, 0x0000000003628ed8]
Event: 1.328 Thread 0x0000000017289000 nmethod 635 0x0000000003628890 code [0x00000000036289e0, 0x0000000003628b70]
Event: 1.328 Thread 0x0000000017289000  652       3       com.android.dx.cf.code.BasicBlocker::visitCommon (34 bytes)
Event: 1.328 Thread 0x0000000017289000 nmethod 652 0x000000000362f7d0 code [0x000000000362f980, 0x000000000362fe90]
Event: 1.328 Thread 0x0000000017289000  656       3       com.android.dx.ssa.SsaBasicBlock::<init> (109 bytes)

GC Heap History (0 events):
No events

Deoptimization events (1 events):
Event: 1.267 Thread 0x00000000173aa000 Uncommon trap: reason=unstable_if action=reinterpret pc=0x0000000003592de8 method=java.util.HashMap.getNode(ILjava/lang/Object;)Ljava/util/HashMap$Node; @ 129

Internal exceptions (2 events):
Event: 0.032 Thread 0x00000000032a1000 Exception <a 'java/lang/NoSuchMethodError': Method sun.misc.Unsafe.defineClass(Ljava/lang/String;[BII)Ljava/lang/Class; name or signature does not match> (0x00000000eab07cc0) thrown at [C:\src\android\AOSP-openjdk\external\jetbrains\jdk\hotspot\src\share\vó;œ­ˆu ?
Event: 0.032 Thread 0x00000000032a1000 Exception <a 'java/lang/NoSuchMethodError': Method sun.misc.Unsafe.prefetchRead(Ljava/lang/Object;J)V name or signature does not match> (0x00000000eab07fa8) thrown at [C:\src\android\AOSP-openjdk\external\jetbrains\jdk\hotspot\src\share\vm\prims\jni.cpp, l

Events (10 events):
Event: 1.265 loading class java/util/HashMap$Values done
Event: 1.265 loading class java/util/HashMap$ValueIterator
Event: 1.265 loading class java/util/HashMap$ValueIterator done
Event: 1.267 Thread 0x00000000173aa000 Uncommon trap: trap_request=0xffffff65 fr.pc=0x0000000003592de8
Event: 1.267 Thread 0x00000000173aa000 DEOPT PACKING pc=0x0000000003592de8 sp=0x0000000017a2ed40
Event: 1.267 Thread 0x00000000173aa000 DEOPT UNPACKING pc=0x00000000033e556a sp=0x0000000017a2ecb8 mode 2
Event: 1.270 loading class java/util/DualPivotQuicksort
Event: 1.270 loading class java/util/DualPivotQuicksort done
Event: 1.296 loading class java/util/ArrayList$1
Event: 1.296 loading class java/util/ArrayList$1 done


Dynamic libraries:
0x00007ff705df0000 - 0x00007ff705e21000 	E:\kejiang\Android\Android Studio\jre\bin\java.exe
0x00007ffe699e0000 - 0x00007ffe69ba1000 	C:\WINDOWS\SYSTEM32\ntdll.dll
0x00007ffe69000000 - 0x00007ffe690ad000 	C:\WINDOWS\system32\KERNEL32.DLL
0x00007ffe660e0000 - 0x00007ffe662c8000 	C:\WINDOWS\system32\KERNELBASE.dll
0x00007ffe697d0000 - 0x00007ffe69877000 	C:\WINDOWS\system32\ADVAPI32.dll
0x00007ffe67180000 - 0x00007ffe6721d000 	C:\WINDOWS\system32\msvcrt.dll
0x00007ffe690b0000 - 0x00007ffe6910b000 	C:\WINDOWS\system32\sechost.dll
0x00007ffe68ec0000 - 0x00007ffe68fdc000 	C:\WINDOWS\system32\RPCRT4.dll
0x00007ffe69880000 - 0x00007ffe699d6000 	C:\WINDOWS\system32\USER32.dll
0x00007ffe67220000 - 0x00007ffe673a6000 	C:\WINDOWS\system32\GDI32.dll
0x00007ffe61020000 - 0x00007ffe61294000 	C:\WINDOWS\WinSxS\amd64_microsoft.windows.common-controls_6595b64144ccf1df_6.0.10586.672_none_a2d6b3cea53ff843\COMCTL32.dll
0x00007ffe66de0000 - 0x00007ffe6705d000 	C:\WINDOWS\system32\combase.dll
0x00007ffe669f0000 - 0x00007ffe66a5a000 	C:\WINDOWS\system32\bcryptPrimitives.dll
0x00007ffe69270000 - 0x00007ffe692ab000 	C:\WINDOWS\system32\IMM32.DLL
0x0000000050420000 - 0x00000000504f2000 	E:\kejiang\Android\Android Studio\jre\jre\bin\msvcr100.dll
0x00000000776e0000 - 0x0000000077f14000 	E:\kejiang\Android\Android Studio\jre\jre\bin\server\jvm.dll
0x00007ffe69370000 - 0x00007ffe69378000 	C:\WINDOWS\system32\PSAPI.DLL
0x00007ffe64220000 - 0x00007ffe64243000 	C:\WINDOWS\SYSTEM32\WINMM.dll
0x00007ffe63040000 - 0x00007ffe63049000 	C:\WINDOWS\SYSTEM32\WSOCK32.dll
0x00007ffe63000000 - 0x00007ffe6300a000 	C:\WINDOWS\SYSTEM32\VERSION.dll
0x00007ffe641f0000 - 0x00007ffe6421c000 	C:\WINDOWS\SYSTEM32\WINMMBASE.dll
0x00007ffe66090000 - 0x00007ffe660d3000 	C:\WINDOWS\system32\cfgmgr32.dll
0x00007ffe673b0000 - 0x00007ffe6741b000 	C:\WINDOWS\system32\WS2_32.dll
0x00007ffe63fa0000 - 0x00007ffe63faf000 	E:\kejiang\Android\Android Studio\jre\jre\bin\verify.dll
0x00007ffe63f70000 - 0x00007ffe63f99000 	E:\kejiang\Android\Android Studio\jre\jre\bin\java.dll
0x00007ffe63f50000 - 0x00007ffe63f66000 	E:\kejiang\Android\Android Studio\jre\jre\bin\zip.dll
0x00007ffe67420000 - 0x00007ffe6897c000 	C:\WINDOWS\system32\SHELL32.dll
0x00007ffe66380000 - 0x00007ffe669c5000 	C:\WINDOWS\system32\windows.storage.dll
0x00007ffe692b0000 - 0x00007ffe69302000 	C:\WINDOWS\system32\shlwapi.dll
0x00007ffe66050000 - 0x00007ffe6605f000 	C:\WINDOWS\system32\kernel.appcore.dll
0x00007ffe66a60000 - 0x00007ffe66b15000 	C:\WINDOWS\system32\shcore.dll
0x00007ffe66000000 - 0x00007ffe6604b000 	C:\WINDOWS\system32\powrprof.dll
0x00007ffe66060000 - 0x00007ffe66074000 	C:\WINDOWS\system32\profapi.dll

VM Arguments:
jvm_args: -Djava.awt.headless=true -Xmx1024M -Dfile.encoding=GBK -Duser.country=CN -Duser.language=zh -Duser.variant 
java_command: com.android.dx.command.Main --dex --num-threads=4 --output E:\kejiang\git\GitHub\AndroidFastDevFrame\app\build\intermediates\pre-dexed\debug\additionnal_a6ba352266fc7b1535d437e1d12945acdbbe5404.jar E:\kejiang\git\GitHub\AndroidFastDevFrame\app\build\intermediates\exploded-aar\cn.bluemobi.dylan\uncaughtException\0.2.0\jars\libs\additionnal.jar
java_class_path (initial): E:\kejiang\Android\sdk\build-tools\23.0.0\lib\dx.jar
Launcher Type: SUN_STANDARD

Environment Variables:
JAVA_HOME=C:\Program Files\Java\jdk1.8.0_72
CLASSPATH=.;C:\Program Files\Java\jdk1.8.0_72\lib\dt.jar;C:\Program Files\Java\jdk1.8.0_72\lib\tools.jar;
PATH=D:\oracle\product\10.2.0\client_1\bin;D:\oracle\product\10.2.0\db_1\bin;E:\kejiang\Android\sdk\platform-tools;C:\ProgramData\Oracle\Java\javapath;C:\Program Files (x86)\Common Files\NetSarang;C:\Windows\system32;C:\Windows;C:\Windows\System32\Wbem;C:\Windows\System32\WindowsPowerShell\v1.0\;C:\Program Files\Java\jdk1.7.0_60\bin;C:\Program Files\Java\jdk1.7.0_60\jre\bin;D:\Program Files\MySQL\MySQL Server 5.5\bin;E:\Framework\play\play-2.2.6;D:\Software\apache-maven-3.3.1\bin;C:\WINDOWS\system32;C:\WINDOWS;C:\WINDOWS\System32\Wbem;C:\WINDOWS\System32\WindowsPowerShell\v1.0\;C:\Program Files\TortoiseSVN\bin;C:\Program Files\Git\cmd;C:\Program Files\TortoiseGit\bin;C:\Program Files\MySQL\MySQL Utilities 1.6\
USERNAME=yuandl
OS=Windows_NT
PROCESSOR_IDENTIFIER=Intel64 Family 6 Model 60 Stepping 3, GenuineIntel



---------------  S Y S T E M  ---------------

OS: Windows 10.0 , 64 bit Build 10586 (10.0.10586.589)

CPU:total 4 (2 cores per cpu, 2 threads per core) family 6 model 60 stepping 3, cmov, cx8, fxsr, mmx, sse, sse2, sse3, ssse3, sse4.1, sse4.2, popcnt, avx, avx2, aes, clmul, erms, lzcnt, ht, tsc, tscinvbit, bmi1, bmi2

Memory: 4k page, physical 8305276k(1895456k free), swap 8305276k(5212k free)

vm_info: OpenJDK 64-Bit Server VM (25.76-b03) for windows-amd64 JRE (1.8.0_76-release-b03), built on Jun 29 2016 19:09:20 by "ralucas" with MS VC++ 10.0 (VS2010)

time: Wed Jan 11 18:28:39 2017
elapsed time: 1 seconds (0d 0h 0m 1s)

