#
# There is insufficient memory for the Java Runtime Environment to continue.
# Native memory allocation (malloc) failed to allocate 1048576 bytes for AllocateHeap
# Possible reasons:
#   The system is out of physical RAM or swap space
#   In 32 bit mode, the process size limit was hit
# Possible solutions:
#   Reduce memory load on the system
#   Increase physical memory or swap space
#   Check if swap backing store is full
#   Use 64 bit Java on a 64 bit OS
#   Decrease Java heap size (-Xmx/-Xms)
#   Decrease number of Java threads
#   Decrease Java thread stack sizes (-Xss)
#   Set larger code cache with -XX:ReservedCodeCacheSize=
# This output file may be truncated or incomplete.
#
#  Out of Memory Error (memory/allocation.inline.hpp:61), pid=77700, tid=0x0000000000012e84
#
# JRE version:  (8.0_76-b03) (build )
# Java VM: OpenJDK 64-Bit Server VM (25.76-b03 mixed mode windows-amd64 compressed oops)
# Failed to write core dump. Minidumps are not enabled by default on client versions of Windows
#

---------------  T H R E A D  ---------------

Current thread (0x0000000002a61000):  JavaThread "Unknown thread" [_thread_in_vm, id=77444, stack(0x0000000002960000,0x0000000002a60000)]

Stack: [0x0000000002960000,0x0000000002a60000]
[error occurred during error reporting (printing stack bounds), id 0xc0000005]

Native frames: (J=compiled Java code, j=interpreted, Vv=VM code, C=native code)


---------------  P R O C E S S  ---------------

Java Threads: ( => current thread )

Other Threads:

=>0x0000000002a61000 (exited) JavaThread "Unknown thread" [_thread_in_vm, id=77444, stack(0x0000000002960000,0x0000000002a60000)]

VM state:not at safepoint (normal execution)

VM Mutex/Monitor currently owned by a thread: None

Heap:
 PSYoungGen      total 38400K, used 665K [0x00000000eab00000, 0x00000000ed580000, 0x0000000100000000)
  eden space 33280K, 2% used [0x00000000eab00000,0x00000000eaba6670,0x00000000ecb80000)
  from space 5120K, 0% used [0x00000000ed080000,0x00000000ed080000,0x00000000ed580000)
  to   space 5120K, 0% used [0x00000000ecb80000,0x00000000ecb80000,0x00000000ed080000)
 ParOldGen       total 87552K, used 0K [0x00000000c0000000, 0x00000000c5580000, 0x00000000eab00000)
  object space 87552K, 0% used [0x00000000c0000000,0x00000000c0000000,0x00000000c5580000)
 Metaspace       used 771K, capacity 4480K, committed 4480K, reserved 1056768K
  class space    used 73K, capacity 384K, committed 384K, reserved 1048576K

Card table byte_map: [0x0000000011f20000,0x0000000012130000] byte_map_base: 0x0000000011920000

Marking Bits: (ParMarkBitMap*) 0x0000000077e99d00
 Begin Bits: [0x0000000012690000, 0x0000000013690000)
 End Bits:   [0x0000000013690000, 0x0000000014690000)

Polling page: 0x0000000000a00000

CodeCache: size=245760Kb used=328Kb max_used=328Kb free=245431Kb
 bounds [0x0000000002b60000, 0x0000000002dd0000, 0x0000000011b60000]
 total_blobs=57 nmethods=0 adapters=38
 compilation: enabled

Compilation events (0 events):
No events

GC Heap History (0 events):
No events

Deoptimization events (0 events):
No events

Internal exceptions (0 events):
No events

Events (10 events):
Event: 0.034 loading class java/lang/Short
Event: 0.034 loading class java/lang/Short done
Event: 0.034 loading class java/lang/Integer
Event: 0.034 loading class java/lang/Integer done
Event: 0.034 loading class java/lang/Long
Event: 0.034 loading class java/lang/Long done
Event: 0.035 loading class java/lang/NullPointerException
Event: 0.035 loading class java/lang/NullPointerException done
Event: 0.035 loading class java/lang/ArithmeticException
Event: 0.035 loading class java/lang/ArithmeticException done


Dynamic libraries:
0x00007ff705df0000 - 0x00007ff705e21000 	E:\kejiang\Android\Android Studio\jre\bin\java.exe
0x00007ffe699e0000 - 0x00007ffe69ba1000 	C:\WINDOWS\SYSTEM32\ntdll.dll
0x00007ffe69000000 - 0x00007ffe690ad000 	C:\WINDOWS\system32\KERNEL32.DLL
0x00007ffe660e0000 - 0x00007ffe662c8000 	C:\WINDOWS\system32\KERNELBASE.dll
0x00007ffe697d0000 - 0x00007ffe69877000 	C:\WINDOWS\system32\ADVAPI32.dll
0x00007ffe67180000 - 0x00007ffe6721d000 	C:\WINDOWS\system32\msvcrt.dll
0x00007ffe690b0000 - 0x00007ffe6910b000 	C:\WINDOWS\system32\sechost.dll
0x00007ffe68ec0000 - 0x00007ffe68fdc000 	C:\WINDOWS\system32\RPCRT4.dll
0x00007ffe69880000 - 0x00007ffe699d6000 	C:\WINDOWS\system32\USER32.dll
0x00007ffe67220000 - 0x00007ffe673a6000 	C:\WINDOWS\system32\GDI32.dll
0x00007ffe61020000 - 0x00007ffe61294000 	C:\WINDOWS\WinSxS\amd64_microsoft.windows.common-controls_6595b64144ccf1df_6.0.10586.672_none_a2d6b3cea53ff843\COMCTL32.dll
0x00007ffe66de0000 - 0x00007ffe6705d000 	C:\WINDOWS\system32\combase.dll
0x00007ffe669f0000 - 0x00007ffe66a5a000 	C:\WINDOWS\system32\bcryptPrimitives.dll
0x00007ffe69270000 - 0x00007ffe692ab000 	C:\WINDOWS\system32\IMM32.DLL
0x0000000050420000 - 0x00000000504f2000 	E:\kejiang\Android\Android Studio\jre\jre\bin\msvcr100.dll
0x00000000776e0000 - 0x0000000077f14000 	E:\kejiang\Android\Android Studio\jre\jre\bin\server\jvm.dll
0x00007ffe69370000 - 0x00007ffe69378000 	C:\WINDOWS\system32\PSAPI.DLL
0x00007ffe63040000 - 0x00007ffe63049000 	C:\WINDOWS\SYSTEM32\WSOCK32.dll
0x00007ffe673b0000 - 0x00007ffe6741b000 	C:\WINDOWS\system32\WS2_32.dll
0x00007ffe64220000 - 0x00007ffe64243000 	C:\WINDOWS\SYSTEM32\WINMM.dll
0x00007ffe63000000 - 0x00007ffe6300a000 	C:\WINDOWS\SYSTEM32\VERSION.dll
0x00007ffe641f0000 - 0x00007ffe6421c000 	C:\WINDOWS\SYSTEM32\WINMMBASE.dll
0x00007ffe66090000 - 0x00007ffe660d3000 	C:\WINDOWS\system32\cfgmgr32.dll
0x00007ffe63fa0000 - 0x00007ffe63faf000 	E:\kejiang\Android\Android Studio\jre\jre\bin\verify.dll
0x00007ffe63f70000 - 0x00007ffe63f99000 	E:\kejiang\Android\Android Studio\jre\jre\bin\java.dll
0x00007ffe63f50000 - 0x00007ffe63f66000 	E:\kejiang\Android\Android Studio\jre\jre\bin\zip.dll

VM Arguments:
jvm_args: -Djava.awt.headless=true -Xmx1024M -Dfile.encoding=GBK -Duser.country=CN -Duser.language=zh -Duser.variant 
java_command: com.android.dx.command.Main --dex --num-threads=4 --output E:\kejiang\git\GitHub\AndroidFastDevFrame\app\build\intermediates\pre-dexed\debug\activation_ef378ccd3b04fdcf1690d3e8e744ddf0d3f84c1f.jar E:\kejiang\git\GitHub\AndroidFastDevFrame\app\build\intermediates\exploded-aar\cn.bluemobi.dylan\uncaughtException\0.2.0\jars\libs\activation.jar
java_class_path (initial): E:\kejiang\Android\sdk\build-tools\23.0.0\lib\dx.jar
Launcher Type: SUN_STANDARD

Environment Variables:
JAVA_HOME=C:\Program Files\Java\jdk1.8.0_72
CLASSPATH=.;C:\Program Files\Java\jdk1.8.0_72\lib\dt.jar;C:\Program Files\Java\jdk1.8.0_72\lib\tools.jar;
PATH=D:\oracle\product\10.2.0\client_1\bin;D:\oracle\product\10.2.0\db_1\bin;E:\kejiang\Android\sdk\platform-tools;C:\ProgramData\Oracle\Java\javapath;C:\Program Files (x86)\Common Files\NetSarang;C:\Windows\system32;C:\Windows;C:\Windows\System32\Wbem;C:\Windows\System32\WindowsPowerShell\v1.0\;C:\Program Files\Java\jdk1.7.0_60\bin;C:\Program Files\Java\jdk1.7.0_60\jre\bin;D:\Program Files\MySQL\MySQL Server 5.5\bin;E:\Framework\play\play-2.2.6;D:\Software\apache-maven-3.3.1\bin;C:\WINDOWS\system32;C:\WINDOWS;C:\WINDOWS\System32\Wbem;C:\WINDOWS\System32\WindowsPowerShell\v1.0\;C:\Program Files\TortoiseSVN\bin;C:\Program Files\Git\cmd;C:\Program Files\TortoiseGit\bin;C:\Program Files\MySQL\MySQL Utilities 1.6\
USERNAME=yuandl
OS=Windows_NT
PROCESSOR_IDENTIFIER=Intel64 Family 6 Model 60 Stepping 3, GenuineIntel



---------------  S Y S T E M  ---------------

OS: Windows 10.0 , 64 bit Build 10586 (10.0.10586.589)

CPU:total 4 (2 cores per cpu, 2 threads per core) family 6 model 60 stepping 3, cmov, cx8, fxsr, mmx, sse, sse2, sse3, ssse3, sse4.1, sse4.2, popcnt, avx, avx2, aes, clmul, erms, lzcnt, ht, tsc, tscinvbit, bmi1, bmi2

Memory: 4k page, physical 8305276k(1916924k free), swap 8305276k(143584k free)

vm_info: OpenJDK 64-Bit Server VM (25.76-b03) for windows-amd64 JRE (1.8.0_76-release-b03), built on Jun 29 2016 19:09:20 by "ralucas" with MS VC++ 10.0 (VS2010)

time: Wed Jan 11 18:28:20 2017
elapsed time: 0 seconds (0d 0h 0m 0s)

