#
# There is insufficient memory for the Java Runtime Environment to continue.
# Native memory allocation (malloc) failed to allocate 480104 bytes for AllocateHeap
# Possible reasons:
#   The system is out of physical RAM or swap space
#   In 32 bit mode, the process size limit was hit
# Possible solutions:
#   Reduce memory load on the system
#   Increase physical memory or swap space
#   Check if swap backing store is full
#   Use 64 bit Java on a 64 bit OS
#   Decrease Java heap size (-Xmx/-Xms)
#   Decrease number of Java threads
#   Decrease Java thread stack sizes (-Xss)
#   Set larger code cache with -XX:ReservedCodeCacheSize=
# This output file may be truncated or incomplete.
#
#  Out of Memory Error (memory/allocation.inline.hpp:61), pid=23860, tid=0x0000000000006c18
#
# JRE version:  (8.0_76-b03) (build )
# Java VM: OpenJDK 64-Bit Server VM (25.76-b03 mixed mode windows-amd64 compressed oops)
# Failed to write core dump. Minidumps are not enabled by default on client versions of Windows
#

---------------  T H R E A D  ---------------

Current thread (0x00000000026d1000):  JavaThread "Unknown thread" [_thread_in_vm, id=27672, stack(0x0000000002520000,0x0000000002620000)]

Stack: [0x0000000002520000,0x0000000002620000]
[error occurred during error reporting (printing stack bounds), id 0xc0000005]

Native frames: (J=compiled Java code, j=interpreted, Vv=VM code, C=native code)


---------------  P R O C E S S  ---------------

Java Threads: ( => current thread )

Other Threads:

=>0x00000000026d1000 (exited) JavaThread "Unknown thread" [_thread_in_vm, id=27672, stack(0x0000000002520000,0x0000000002620000)]

VM state:not at safepoint (not fully initialized)

VM Mutex/Monitor currently owned by a thread: None

GC Heap History (0 events):
No events

Deoptimization events (0 events):
No events

Internal exceptions (0 events):
No events

Events (0 events):
No events


Dynamic libraries:
0x00007ff697200000 - 0x00007ff697231000 	E:\kejiang\Android\Android Studio\jre\bin\java.exe
0x00007fffcf5c0000 - 0x00007fffcf781000 	C:\WINDOWS\SYSTEM32\ntdll.dll
0x00007fffcd080000 - 0x00007fffcd12d000 	C:\WINDOWS\system32\KERNEL32.DLL
0x00007fffcc720000 - 0x00007fffcc908000 	C:\WINDOWS\system32\KERNELBASE.dll
0x00007fffcd130000 - 0x00007fffcd1d7000 	C:\WINDOWS\system32\ADVAPI32.dll
0x00007fffcec30000 - 0x00007fffceccd000 	C:\WINDOWS\system32\msvcrt.dll
0x00007fffce960000 - 0x00007fffce9bb000 	C:\WINDOWS\system32\sechost.dll
0x00007fffccf60000 - 0x00007fffcd07c000 	C:\WINDOWS\system32\RPCRT4.dll
0x00007fffcccf0000 - 0x00007fffcce46000 	C:\WINDOWS\system32\USER32.dll
0x00007fffcf420000 - 0x00007fffcf5a6000 	C:\WINDOWS\system32\GDI32.dll
0x00007fffc6080000 - 0x00007fffc62f4000 	C:\WINDOWS\WinSxS\amd64_microsoft.windows.common-controls_6595b64144ccf1df_6.0.10586.672_none_a2d6b3cea53ff843\COMCTL32.dll
0x00007fffcc9c0000 - 0x00007fffccc3d000 	C:\WINDOWS\system32\combase.dll
0x00007fffcbe90000 - 0x00007fffcbefa000 	C:\WINDOWS\system32\bcryptPrimitives.dll
0x00007fffcebf0000 - 0x00007fffcec2b000 	C:\WINDOWS\system32\IMM32.DLL
0x0000000062980000 - 0x0000000062a52000 	E:\kejiang\Android\Android Studio\jre\jre\bin\msvcr100.dll
0x0000000061c50000 - 0x0000000062484000 	E:\kejiang\Android\Android Studio\jre\jre\bin\server\jvm.dll
0x00007fffcf410000 - 0x00007fffcf418000 	C:\WINDOWS\system32\PSAPI.DLL
0x00007fffca0e0000 - 0x00007fffca103000 	C:\WINDOWS\SYSTEM32\WINMM.dll
0x00007fffc96d0000 - 0x00007fffc96d9000 	C:\WINDOWS\SYSTEM32\WSOCK32.dll
0x00007fffceb80000 - 0x00007fffcebeb000 	C:\WINDOWS\system32\WS2_32.dll
0x00007fffbfd70000 - 0x00007fffbfd7a000 	C:\WINDOWS\SYSTEM32\VERSION.dll
0x00007fffc9e90000 - 0x00007fffc9ebc000 	C:\WINDOWS\SYSTEM32\WINMMBASE.dll
0x00007fffcc910000 - 0x00007fffcc953000 	C:\WINDOWS\system32\cfgmgr32.dll
0x00007fffc96b0000 - 0x00007fffc96bf000 	E:\kejiang\Android\Android Studio\jre\jre\bin\verify.dll
0x00007fffc9680000 - 0x00007fffc96a9000 	E:\kejiang\Android\Android Studio\jre\jre\bin\java.dll
0x00007fffc9660000 - 0x00007fffc9676000 	E:\kejiang\Android\Android Studio\jre\jre\bin\zip.dll

VM Arguments:
jvm_args: -Djava.awt.headless=true -Xmx1024M -Dfile.encoding=GBK -Duser.country=CN -Duser.language=zh -Duser.variant 
java_command: com.android.dx.command.Main --dex --num-threads=4 --output E:\kejiang\git\GitHub\AndroidFastDevFrame\app\build\intermediates\pre-dexed\debug\AndroidFastDevFrame-fastdev-unspecified_2dd9e6b4ea5d9fa59a65fdbd17ef7ec925cef95c.jar E:\kejiang\git\GitHub\AndroidFastDevFrame\app\build\intermediates\exploded-aar\AndroidFastDevFrame\fastdev\unspecified\jars\classes.jar
java_class_path (initial): E:\kejiang\Android\sdk\build-tools\23.0.0\lib\dx.jar
Launcher Type: SUN_STANDARD

Environment Variables:
JAVA_HOME=C:\Program Files\Java\jdk1.8.0_72
CLASSPATH=.;C:\Program Files\Java\jdk1.8.0_72\lib\dt.jar;C:\Program Files\Java\jdk1.8.0_72\lib\tools.jar;
PATH=D:\oracle\product\10.2.0\client_1\bin;D:\oracle\product\10.2.0\db_1\bin;E:\kejiang\Android\sdk\platform-tools;C:\ProgramData\Oracle\Java\javapath;C:\Program Files (x86)\Common Files\NetSarang;C:\Windows\system32;C:\Windows;C:\Windows\System32\Wbem;C:\Windows\System32\WindowsPowerShell\v1.0\;C:\Program Files\Java\jdk1.7.0_60\bin;C:\Program Files\Java\jdk1.7.0_60\jre\bin;D:\Program Files\MySQL\MySQL Server 5.5\bin;E:\Framework\play\play-2.2.6;D:\Software\apache-maven-3.3.1\bin;C:\WINDOWS\system32;C:\WINDOWS;C:\WINDOWS\System32\Wbem;C:\WINDOWS\System32\WindowsPowerShell\v1.0\;C:\Program Files\TortoiseSVN\bin;C:\Program Files\Git\cmd;C:\Program Files\TortoiseGit\bin;C:\Program Files\MySQL\MySQL Utilities 1.6\
USERNAME=yuandl
OS=Windows_NT
PROCESSOR_IDENTIFIER=Intel64 Family 6 Model 60 Stepping 3, GenuineIntel



---------------  S Y S T E M  ---------------

OS: Windows 10.0 , 64 bit Build 10586 (10.0.10586.589)

CPU:total 4 (2 cores per cpu, 2 threads per core) family 6 model 60 stepping 3, cmov, cx8, fxsr, mmx, sse, sse2, sse3, ssse3, sse4.1, sse4.2, popcnt, avx, avx2, aes, clmul, erms, lzcnt, ht, tsc, tscinvbit, bmi1, bmi2

Memory: 4k page, physical 8305276k(1635540k free), swap 8305276k(5260k free)

vm_info: OpenJDK 64-Bit Server VM (25.76-b03) for windows-amd64 JRE (1.8.0_76-release-b03), built on Jun 29 2016 19:09:20 by "ralucas" with MS VC++ 10.0 (VS2010)

time: Wed Feb 22 16:34:57 2017
elapsed time: 0 seconds (0d 0h 0m 0s)

