#
# There is insufficient memory for the Java Runtime Environment to continue.
# Native memory allocation (malloc) failed to allocate 32744 bytes for ChunkPool::allocate
# Possible reasons:
#   The system is out of physical RAM or swap space
#   In 32 bit mode, the process size limit was hit
# Possible solutions:
#   Reduce memory load on the system
#   Increase physical memory or swap space
#   Check if swap backing store is full
#   Use 64 bit Java on a 64 bit OS
#   Decrease Java heap size (-Xmx/-Xms)
#   Decrease number of Java threads
#   Decrease Java thread stack sizes (-Xss)
#   Set larger code cache with -XX:ReservedCodeCacheSize=
# This output file may be truncated or incomplete.
#
#  Out of Memory Error (allocation.cpp:273), pid=66264, tid=0x00000000000103bc
#
# JRE version: OpenJDK Runtime Environment (8.0_76-b03) (build 1.8.0_76-release-b03)
# Java VM: OpenJDK 64-Bit Server VM (25.76-b03 mixed mode windows-amd64 compressed oops)
# Failed to write core dump. Minidumps are not enabled by default on client versions of Windows
#

---------------  T H R E A D  ---------------

Current thread (0x0000000016a54000):  JavaThread "C1 CompilerThread2" daemon [_thread_in_native, id=66492, stack(0x0000000016e30000,0x0000000016f30000)]

Stack: [0x0000000016e30000,0x0000000016f30000]
[error occurred during error reporting (printing stack bounds), id 0xc0000005]

Native frames: (J=compiled Java code, j=interpreted, Vv=VM code, C=native code)


Current CompileTask:
C1:    421  172   !   3       com.android.dx.cf.cst.ConstantPoolParser::parse0 (731 bytes)


---------------  P R O C E S S  ---------------

Java Threads: ( => current thread )
  0x0000000016bbc800 JavaThread "pool-2-thread-2" [_thread_in_vm, id=65736, stack(0x0000000017330000,0x0000000017430000)]
  0x0000000016b9c000 JavaThread "pool-3-thread-1" [_thread_blocked, id=66408, stack(0x0000000017230000,0x0000000017330000)]
  0x0000000016b9b000 JavaThread "pool-2-thread-1" [_thread_in_vm, id=65652, stack(0x0000000017130000,0x0000000017230000)]
  0x0000000016aa1000 JavaThread "Service Thread" daemon [_thread_blocked, id=66396, stack(0x0000000016f30000,0x0000000017030000)]
=>0x0000000016a54000 JavaThread "C1 CompilerThread2" daemon [_thread_in_native, id=66492, stack(0x0000000016e30000,0x0000000016f30000)]
  0x0000000002c0b800 JavaThread "C2 CompilerThread1" daemon [_thread_blocked, id=66536, stack(0x0000000016930000,0x0000000016a30000)]
  0x000000001533d800 JavaThread "C2 CompilerThread0" daemon [_thread_in_native, id=66040, stack(0x0000000016830000,0x0000000016930000)]
  0x000000001533c800 JavaThread "Attach Listener" daemon [_thread_blocked, id=66320, stack(0x0000000016730000,0x0000000016830000)]
  0x00000000152f1000 JavaThread "Signal Dispatcher" daemon [_thread_blocked, id=66460, stack(0x0000000016630000,0x0000000016730000)]
  0x00000000152c8800 JavaThread "Finalizer" daemon [_thread_blocked, id=65800, stack(0x0000000016530000,0x0000000016630000)]
  0x0000000002bff000 JavaThread "Reference Handler" daemon [_thread_blocked, id=65332, stack(0x0000000016430000,0x0000000016530000)]
  0x0000000002b11000 JavaThread "main" [_thread_in_native, id=65676, stack(0x0000000002a10000,0x0000000002b10000)]

Other Threads:
  0x00000000152a5800 VMThread [stack: 0x0000000016330000,0x0000000016430000] [id=65688]
  0x0000000016aa2000 WatcherThread [stack: 0x0000000017030000,0x0000000017130000] [id=62408]

VM state:not at safepoint (normal execution)

VM Mutex/Monitor currently owned by a thread: None

Heap:
 PSYoungGen      total 38400K, used 7339K [0x00000000eab00000, 0x00000000ed580000, 0x0000000100000000)
  eden space 33280K, 22% used [0x00000000eab00000,0x00000000eb22ad70,0x00000000ecb80000)
  from space 5120K, 0% used [0x00000000ed080000,0x00000000ed080000,0x00000000ed580000)
  to   space 5120K, 0% used [0x00000000ecb80000,0x00000000ecb80000,0x00000000ed080000)
 ParOldGen       total 87552K, used 0K [0x00000000c0000000, 0x00000000c5580000, 0x00000000eab00000)
  object space 87552K, 0% used [0x00000000c0000000,0x00000000c0000000,0x00000000c5580000)
 Metaspace       used 4156K, capacity 5584K, committed 5760K, reserved 1056768K
  class space    used 450K, capacity 520K, committed 640K, reserved 1048576K

Card table byte_map: [0x0000000011fd0000,0x00000000121e0000] byte_map_base: 0x00000000119d0000

Marking Bits: (ParMarkBitMap*) 0x0000000060749d00
 Begin Bits: [0x0000000012740000, 0x0000000013740000)
 End Bits:   [0x0000000013740000, 0x0000000014740000)

Polling page: 0x00000000025b0000

CodeCache: size=245760Kb used=1374Kb max_used=1383Kb free=244385Kb
 bounds [0x0000000002c10000, 0x0000000002e80000, 0x0000000011c10000]
 total_blobs=430 nmethods=173 adapters=171
 compilation: enabled

Compilation events (10 events):
Event: 0.372 Thread 0x0000000016a54000 nmethod 168 0x0000000002d65c50 code [0x0000000002d65dc0, 0x0000000002d66150]
Event: 0.378 Thread 0x0000000002c0b800  169       4       java.lang.String::startsWith (72 bytes)
Event: 0.381 Thread 0x0000000002c0b800 nmethod 169 0x0000000002d657d0 code [0x0000000002d65920, 0x0000000002d65af8]
Event: 0.388 Thread 0x0000000016a54000  170   !   3       java.lang.ref.Finalizer::add (41 bytes)
Event: 0.388 Thread 0x0000000016a54000 nmethod 170 0x0000000002d69410 code [0x0000000002d69580, 0x0000000002d69930]
Event: 0.395 Thread 0x0000000016a54000  171       3       java.util.BitSet::checkInvariants (111 bytes)
Event: 0.396 Thread 0x0000000016a54000 nmethod 171 0x0000000002d690d0 code [0x0000000002d69220, 0x0000000002d693b0]
Event: 0.396 Thread 0x0000000016a54000  172   !   3       com.android.dx.cf.cst.ConstantPoolParser::parse0 (731 bytes)
Event: 0.396 Thread 0x000000001533d800  177       4       com.android.dx.util.ByteArray::checkOffsets (66 bytes)
Event: 0.397 Thread 0x000000001533d800 nmethod 177 0x0000000002d67910 code [0x0000000002d67a40, 0x0000000002d67af8]

GC Heap History (0 events):
No events

Deoptimization events (0 events):
No events

Internal exceptions (2 events):
Event: 0.042 Thread 0x0000000002b11000 Exception <a 'java/lang/NoSuchMethodError': Method sun.misc.Unsafe.defineClass(Ljava/lang/String;[BII)Ljava/lang/Class; name or signature does not match> (0x00000000eab07cc0) thrown at [C:\src\android\AOSP-openjdk\external\jetbrains\jdk\hotspot\src\share\v¬X™ìÂ¥?
Event: 0.043 Thread 0x0000000002b11000 Exception <a 'java/lang/NoSuchMethodError': Method sun.misc.Unsafe.prefetchRead(Ljava/lang/Object;J)V name or signature does not match> (0x00000000eab07fa8) thrown at [C:\src\android\AOSP-openjdk\external\jetbrains\jdk\hotspot\src\share\vm\prims\jni.cpp, l

Events (10 events):
Event: 0.384 loading class com/android/dx/cf/code/BaseMachine
Event: 0.384 loading class com/android/dx/cf/code/BaseMachine done
Event: 0.387 loading class com/android/dx/rop/code/SwitchInsn
Event: 0.387 loading class com/android/dx/rop/code/SwitchInsn done
Event: 0.387 loading class com/android/dx/rop/code/FillArrayDataInsn
Event: 0.387 loading class com/android/dx/rop/code/FillArrayDataInsn done
Event: 0.390 loading class com/android/dx/cf/code/Simulator
Event: 0.390 loading class com/android/dx/cf/code/Simulator done
Event: 0.391 loading class com/android/dx/cf/code/Simulator$SimVisitor
Event: 0.391 loading class com/android/dx/cf/code/Simulator$SimVisitor done


Dynamic libraries:
0x00007ff60fa20000 - 0x00007ff60fa51000 	E:\kejiang\Android\Android Studio\jre\bin\java.exe
0x00007ff819fc0000 - 0x00007ff81a181000 	C:\WINDOWS\SYSTEM32\ntdll.dll
0x00007ff819bf0000 - 0x00007ff819c9d000 	C:\WINDOWS\system32\KERNEL32.DLL
0x00007ff816700000 - 0x00007ff8168e8000 	C:\WINDOWS\system32\KERNELBASE.dll
0x00007ff819ae0000 - 0x00007ff819b87000 	C:\WINDOWS\system32\ADVAPI32.dll
0x00007ff8176b0000 - 0x00007ff81774d000 	C:\WINDOWS\system32\msvcrt.dll
0x00007ff819b90000 - 0x00007ff819beb000 	C:\WINDOWS\system32\sechost.dll
0x00007ff8173c0000 - 0x00007ff8174dc000 	C:\WINDOWS\system32\RPCRT4.dll
0x00007ff817550000 - 0x00007ff8176a6000 	C:\WINDOWS\system32\USER32.dll
0x00007ff819320000 - 0x00007ff8194a6000 	C:\WINDOWS\system32\GDI32.dll
0x00007ff810930000 - 0x00007ff810ba4000 	C:\WINDOWS\WinSxS\amd64_microsoft.windows.common-controls_6595b64144ccf1df_6.0.10586.672_none_a2d6b3cea53ff843\COMCTL32.dll
0x00007ff819ca0000 - 0x00007ff819f1d000 	C:\WINDOWS\system32\combase.dll
0x00007ff816690000 - 0x00007ff8166fa000 	C:\WINDOWS\system32\bcryptPrimitives.dll
0x00007ff819f20000 - 0x00007ff819f5b000 	C:\WINDOWS\system32\IMM32.DLL
0x0000000060cd0000 - 0x0000000060da2000 	E:\kejiang\Android\Android Studio\jre\jre\bin\msvcr100.dll
0x000000005ff90000 - 0x00000000607c4000 	E:\kejiang\Android\Android Studio\jre\jre\bin\server\jvm.dll
0x00007ff817760000 - 0x00007ff817768000 	C:\WINDOWS\system32\PSAPI.DLL
0x00007ff80b3b0000 - 0x00007ff80b3b9000 	C:\WINDOWS\SYSTEM32\WSOCK32.dll
0x00007ff818e90000 - 0x00007ff818efb000 	C:\WINDOWS\system32\WS2_32.dll
0x00007ff8148c0000 - 0x00007ff8148e3000 	C:\WINDOWS\SYSTEM32\WINMM.dll
0x00007ff80a770000 - 0x00007ff80a77a000 	C:\WINDOWS\SYSTEM32\VERSION.dll
0x00007ff814580000 - 0x00007ff8145ac000 	C:\WINDOWS\SYSTEM32\WINMMBASE.dll
0x00007ff8170b0000 - 0x00007ff8170f3000 	C:\WINDOWS\system32\cfgmgr32.dll
0x00007ff80b8b0000 - 0x00007ff80b8bf000 	E:\kejiang\Android\Android Studio\jre\jre\bin\verify.dll
0x00007ff80b880000 - 0x00007ff80b8a9000 	E:\kejiang\Android\Android Studio\jre\jre\bin\java.dll
0x00007ff80b810000 - 0x00007ff80b826000 	E:\kejiang\Android\Android Studio\jre\jre\bin\zip.dll
0x00007ff817920000 - 0x00007ff818e7c000 	C:\WINDOWS\system32\SHELL32.dll
0x00007ff8169a0000 - 0x00007ff816fe5000 	C:\WINDOWS\system32\windows.storage.dll
0x00007ff818f00000 - 0x00007ff818f52000 	C:\WINDOWS\system32\shlwapi.dll
0x00007ff816600000 - 0x00007ff81660f000 	C:\WINDOWS\system32\kernel.appcore.dll
0x00007ff816ff0000 - 0x00007ff8170a5000 	C:\WINDOWS\system32\shcore.dll
0x00007ff816620000 - 0x00007ff81666b000 	C:\WINDOWS\system32\powrprof.dll
0x00007ff8165e0000 - 0x00007ff8165f4000 	C:\WINDOWS\system32\profapi.dll

VM Arguments:
jvm_args: -Djava.awt.headless=true -Xmx1024M -Dfile.encoding=GBK -Duser.country=CN -Duser.language=zh -Duser.variant 
java_command: com.android.dx.command.Main --dex --verbose --force-jumbo --num-threads=4 --multi-dex --output E:\kejiang\git\GitHub\AndroidFastDevFrame\app\build\intermediates\transforms\dex\debug\folders\1000\5\slice_2 E:\kejiang\git\GitHub\AndroidFastDevFrame\app\build\intermediates\transforms\instantRunSlicer\debug\folders\1\5\slice_2
java_class_path (initial): E:\kejiang\Android\sdk\build-tools\23.0.0\lib\dx.jar
Launcher Type: SUN_STANDARD

Environment Variables:
JAVA_HOME=C:\Program Files\Java\jdk1.8.0_72
CLASSPATH=.;C:\Program Files\Java\jdk1.8.0_72\lib\dt.jar;C:\Program Files\Java\jdk1.8.0_72\lib\tools.jar;
PATH=D:\oracle\product\10.2.0\client_1\bin;D:\oracle\product\10.2.0\db_1\bin;E:\kejiang\Android\sdk\platform-tools;C:\ProgramData\Oracle\Java\javapath;C:\Program Files (x86)\Common Files\NetSarang;C:\Windows\system32;C:\Windows;C:\Windows\System32\Wbem;C:\Windows\System32\WindowsPowerShell\v1.0\;C:\Program Files\Java\jdk1.7.0_60\bin;C:\Program Files\Java\jdk1.7.0_60\jre\bin;D:\Program Files\MySQL\MySQL Server 5.5\bin;E:\Framework\play\play-2.2.6;D:\Software\apache-maven-3.3.1\bin;C:\WINDOWS\system32;C:\WINDOWS;C:\WINDOWS\System32\Wbem;C:\WINDOWS\System32\WindowsPowerShell\v1.0\;C:\Program Files\TortoiseSVN\bin;C:\Program Files\Git\cmd;C:\Program Files\TortoiseGit\bin;C:\Program Files\MySQL\MySQL Utilities 1.6\
USERNAME=yuandl
OS=Windows_NT
PROCESSOR_IDENTIFIER=Intel64 Family 6 Model 60 Stepping 3, GenuineIntel



---------------  S Y S T E M  ---------------

OS: Windows 10.0 , 64 bit Build 10586 (10.0.10586.589)

CPU:total 4 (2 cores per cpu, 2 threads per core) family 6 model 60 stepping 3, cmov, cx8, fxsr, mmx, sse, sse2, sse3, ssse3, sse4.1, sse4.2, popcnt, avx, avx2, aes, clmul, erms, lzcnt, ht, tsc, tscinvbit, bmi1, bmi2

Memory: 4k page, physical 8305276k(1175864k free), swap 8305276k(4276k free)

vm_info: OpenJDK 64-Bit Server VM (25.76-b03) for windows-amd64 JRE (1.8.0_76-release-b03), built on Jun 29 2016 19:09:20 by "ralucas" with MS VC++ 10.0 (VS2010)

time: Wed Dec 28 18:17:43 2016
elapsed time: 0 seconds (0d 0h 0m 0s)

