#
# There is insufficient memory for the Java Runtime Environment to continue.
# Native memory allocation (malloc) failed to allocate 65552 bytes for Chunk::new
# Possible reasons:
#   The system is out of physical RAM or swap space
#   In 32 bit mode, the process size limit was hit
# Possible solutions:
#   Reduce memory load on the system
#   Increase physical memory or swap space
#   Check if swap backing store is full
#   Use 64 bit Java on a 64 bit OS
#   Decrease Java heap size (-Xmx/-Xms)
#   Decrease number of Java threads
#   Decrease Java thread stack sizes (-Xss)
#   Set larger code cache with -XX:ReservedCodeCacheSize=
# This output file may be truncated or incomplete.
#
#  Out of Memory Error (allocation.cpp:390), pid=76884, tid=0x000000000001209c
#
# JRE version: OpenJDK Runtime Environment (8.0_76-b03) (build 1.8.0_76-release-b03)
# Java VM: OpenJDK 64-Bit Server VM (25.76-b03 mixed mode windows-amd64 compressed oops)
# Failed to write core dump. Minidumps are not enabled by default on client versions of Windows
#

---------------  T H R E A D  ---------------

Current thread (0x0000000016cf0800):  JavaThread "C2 CompilerThread1" daemon [_thread_in_native, id=73884, stack(0x00000000170f0000,0x00000000171f0000)]

Stack: [0x00000000170f0000,0x00000000171f0000]
[error occurred during error reporting (printing stack bounds), id 0xc0000005]

Native frames: (J=compiled Java code, j=interpreted, Vv=VM code, C=native code)


Current CompileTask:
C2:    516  655       4       com.android.dx.ssa.SsaBasicBlock::forEachInsn (37 bytes)


---------------  P R O C E S S  ---------------

Java Threads: ( => current thread )
  0x0000000016e73000 JavaThread "pool-1-thread-4" [_thread_blocked, id=71044, stack(0x00000000178f0000,0x00000000179f0000)]
  0x0000000016e6e000 JavaThread "pool-1-thread-3" [_thread_blocked, id=77152, stack(0x00000000177f0000,0x00000000178f0000)]
  0x0000000016e6d800 JavaThread "pool-1-thread-2" [_thread_in_Java, id=76944, stack(0x00000000176f0000,0x00000000177f0000)]
  0x0000000016e62000 JavaThread "pool-2-thread-1" [_thread_blocked, id=76932, stack(0x00000000175f0000,0x00000000176f0000)]
  0x0000000016e5e800 JavaThread "pool-1-thread-1" [_thread_blocked, id=77724, stack(0x00000000174f0000,0x00000000175f0000)]
  0x0000000016d58000 JavaThread "Service Thread" daemon [_thread_blocked, id=77532, stack(0x00000000172f0000,0x00000000173f0000)]
  0x0000000016d53800 JavaThread "C1 CompilerThread2" daemon [_thread_in_native, id=77084, stack(0x00000000171f0000,0x00000000172f0000)]
=>0x0000000016cf0800 JavaThread "C2 CompilerThread1" daemon [_thread_in_native, id=73884, stack(0x00000000170f0000,0x00000000171f0000)]
  0x00000000156fb000 JavaThread "C2 CompilerThread0" daemon [_thread_in_native, id=77296, stack(0x0000000016bf0000,0x0000000016cf0000)]
  0x00000000156ab800 JavaThread "Attach Listener" daemon [_thread_blocked, id=70920, stack(0x0000000016af0000,0x0000000016bf0000)]
  0x00000000156f8800 JavaThread "Signal Dispatcher" daemon [_thread_blocked, id=77508, stack(0x00000000169f0000,0x0000000016af0000)]
  0x0000000002fca800 JavaThread "Finalizer" daemon [_thread_blocked, id=77480, stack(0x00000000168f0000,0x00000000169f0000)]
  0x0000000002fc0000 JavaThread "Reference Handler" daemon [_thread_blocked, id=77408, stack(0x00000000167f0000,0x00000000168f0000)]
  0x0000000002ed1000 JavaThread "main" [_thread_in_Java, id=77052, stack(0x0000000002dd0000,0x0000000002ed0000)]

Other Threads:
  0x0000000015665000 VMThread [stack: 0x00000000166f0000,0x00000000167f0000] [id=77528]
  0x0000000016d59000 WatcherThread [stack: 0x00000000173f0000,0x00000000174f0000] [id=77612]

VM state:not at safepoint (normal execution)

VM Mutex/Monitor currently owned by a thread: None

Heap:
 PSYoungGen      total 38400K, used 14921K [0x00000000eab00000, 0x00000000ed580000, 0x0000000100000000)
  eden space 33280K, 44% used [0x00000000eab00000,0x00000000eb992510,0x00000000ecb80000)
  from space 5120K, 0% used [0x00000000ed080000,0x00000000ed080000,0x00000000ed580000)
  to   space 5120K, 0% used [0x00000000ecb80000,0x00000000ecb80000,0x00000000ed080000)
 ParOldGen       total 87552K, used 0K [0x00000000c0000000, 0x00000000c5580000, 0x00000000eab00000)
  object space 87552K, 0% used [0x00000000c0000000,0x00000000c0000000,0x00000000c5580000)
 Metaspace       used 5384K, capacity 6640K, committed 6784K, reserved 1056768K
  class space    used 553K, capacity 616K, committed 640K, reserved 1048576K

Card table byte_map: [0x0000000012390000,0x00000000125a0000] byte_map_base: 0x0000000011d90000

Marking Bits: (ParMarkBitMap*) 0x0000000077e99d00
 Begin Bits: [0x0000000012b00000, 0x0000000013b00000)
 End Bits:   [0x0000000013b00000, 0x0000000014b00000)

Polling page: 0x0000000001130000

CodeCache: size=245760Kb used=2637Kb max_used=2637Kb free=243122Kb
 bounds [0x0000000002fd0000, 0x0000000003270000, 0x0000000011fd0000]
 total_blobs=921 nmethods=656 adapters=178
 compilation: enabled

Compilation events (10 events):
Event: 0.511 Thread 0x0000000016d53800 nmethod 623 0x000000000325b790 code [0x000000000325b920, 0x000000000325bcc8]
Event: 0.511 Thread 0x0000000016d53800  624       3       com.android.dx.cf.code.Frame::setImmutable (15 bytes)
Event: 0.512 Thread 0x0000000016d53800 nmethod 624 0x000000000325be50 code [0x000000000325bfc0, 0x000000000325c2c8]
Event: 0.512 Thread 0x0000000016d53800  664       3       com.android.dx.cf.code.BaseMachine::getLocalTarget (151 bytes)
Event: 0.513 Thread 0x0000000016d53800 nmethod 664 0x000000000325c3d0 code [0x000000000325c680, 0x000000000325d848]
Event: 0.513 Thread 0x0000000016d53800  666       3       com.android.dx.cf.code.LineNumberList::pcToLine (73 bytes)
Event: 0.513 Thread 0x0000000016d53800 nmethod 666 0x000000000325e090 code [0x000000000325e220, 0x000000000325e8e8]
Event: 0.513 Thread 0x0000000016d53800  668       3       com.android.dx.ssa.SsaBasicBlock::newFromRop (183 bytes)
Event: 0.515 Thread 0x0000000016d53800 nmethod 668 0x000000000325eb50 code [0x000000000325ee20, 0x0000000003260a58]
Event: 0.515 Thread 0x0000000016d53800  676       3       com.android.dx.ssa.SsaRenamer$BlockRenamer::addMapping (143 bytes)

GC Heap History (0 events):
No events

Deoptimization events (6 events):
Event: 0.417 Thread 0x0000000002ed1000 Uncommon trap: reason=unstable_if action=reinterpret pc=0x00000000031b45a4 method=java.util.HashMap.getNode(ILjava/lang/Object;)Ljava/util/HashMap$Node; @ 129
Event: 0.504 Thread 0x0000000016e73000 Uncommon trap: reason=class_check action=maybe_recompile pc=0x00000000031fbff0 method=com.android.dx.ssa.NormalSsaInsn.accept(Lcom/android/dx/ssa/SsaInsn$Visitor;)V @ 9
Event: 0.505 Thread 0x0000000016e73000 Uncommon trap: reason=class_check action=maybe_recompile pc=0x00000000031fbff0 method=com.android.dx.ssa.NormalSsaInsn.accept(Lcom/android/dx/ssa/SsaInsn$Visitor;)V @ 9
Event: 0.505 Thread 0x0000000016e73000 Uncommon trap: reason=class_check action=maybe_recompile pc=0x00000000031fbff0 method=com.android.dx.ssa.NormalSsaInsn.accept(Lcom/android/dx/ssa/SsaInsn$Visitor;)V @ 9
Event: 0.505 Thread 0x0000000016e73000 Uncommon trap: reason=class_check action=maybe_recompile pc=0x00000000031fbff0 method=com.android.dx.ssa.NormalSsaInsn.accept(Lcom/android/dx/ssa/SsaInsn$Visitor;)V @ 9
Event: 0.505 Thread 0x0000000016e73000 Uncommon trap: reason=class_check action=maybe_recompile pc=0x00000000031c8430 method=com.android.dx.ssa.NormalSsaInsn.accept(Lcom/android/dx/ssa/SsaInsn$Visitor;)V @ 9

Internal exceptions (2 events):
Event: 0.021 Thread 0x0000000002ed1000 Exception <a 'java/lang/NoSuchMethodError': Method sun.misc.Unsafe.defineClass(Ljava/lang/String;[BII)Ljava/lang/Class; name or signature does not match> (0x00000000eab07cc0) thrown at [C:\src\android\AOSP-openjdk\external\jetbrains\jdk\hotspot\src\share\vúVº‘­•?
Event: 0.021 Thread 0x0000000002ed1000 Exception <a 'java/lang/NoSuchMethodError': Method sun.misc.Unsafe.prefetchRead(Ljava/lang/Object;J)V name or signature does not match> (0x00000000eab07fa8) thrown at [C:\src\android\AOSP-openjdk\external\jetbrains\jdk\hotspot\src\share\vm\prims\jni.cpp, l

Events (10 events):
Event: 0.505 Thread 0x0000000016e73000 DEOPT UNPACKING pc=0x000000000301556a sp=0x00000000179ee7b0 mode 2
Event: 0.505 Thread 0x0000000016e73000 Uncommon trap: trap_request=0xffffffde fr.pc=0x00000000031fbff0
Event: 0.505 Thread 0x0000000016e73000 DEOPT PACKING pc=0x00000000031fbff0 sp=0x00000000179ee800
Event: 0.505 Thread 0x0000000016e73000 DEOPT UNPACKING pc=0x000000000301556a sp=0x00000000179ee740 mode 2
Event: 0.505 Thread 0x0000000016e73000 Uncommon trap: trap_request=0xffffffde fr.pc=0x00000000031fbff0
Event: 0.505 Thread 0x0000000016e73000 DEOPT PACKING pc=0x00000000031fbff0 sp=0x00000000179eeaf0
Event: 0.505 Thread 0x0000000016e73000 DEOPT UNPACKING pc=0x000000000301556a sp=0x00000000179eea30 mode 2
Event: 0.505 Thread 0x0000000016e73000 Uncommon trap: trap_request=0xffffffde fr.pc=0x00000000031c8430
Event: 0.505 Thread 0x0000000016e73000 DEOPT PACKING pc=0x00000000031c8430 sp=0x00000000179eeab0
Event: 0.505 Thread 0x0000000016e73000 DEOPT UNPACKING pc=0x000000000301556a sp=0x00000000179eea50 mode 2


Dynamic libraries:
0x00007ff705df0000 - 0x00007ff705e21000 	E:\kejiang\Android\Android Studio\jre\bin\java.exe
0x00007ffe699e0000 - 0x00007ffe69ba1000 	C:\WINDOWS\SYSTEM32\ntdll.dll
0x00007ffe69000000 - 0x00007ffe690ad000 	C:\WINDOWS\system32\KERNEL32.DLL
0x00007ffe660e0000 - 0x00007ffe662c8000 	C:\WINDOWS\system32\KERNELBASE.dll
0x00007ffe697d0000 - 0x00007ffe69877000 	C:\WINDOWS\system32\ADVAPI32.dll
0x00007ffe67180000 - 0x00007ffe6721d000 	C:\WINDOWS\system32\msvcrt.dll
0x00007ffe690b0000 - 0x00007ffe6910b000 	C:\WINDOWS\system32\sechost.dll
0x00007ffe68ec0000 - 0x00007ffe68fdc000 	C:\WINDOWS\system32\RPCRT4.dll
0x00007ffe69880000 - 0x00007ffe699d6000 	C:\WINDOWS\system32\USER32.dll
0x00007ffe67220000 - 0x00007ffe673a6000 	C:\WINDOWS\system32\GDI32.dll
0x00007ffe61020000 - 0x00007ffe61294000 	C:\WINDOWS\WinSxS\amd64_microsoft.windows.common-controls_6595b64144ccf1df_6.0.10586.672_none_a2d6b3cea53ff843\COMCTL32.dll
0x00007ffe66de0000 - 0x00007ffe6705d000 	C:\WINDOWS\system32\combase.dll
0x00007ffe669f0000 - 0x00007ffe66a5a000 	C:\WINDOWS\system32\bcryptPrimitives.dll
0x00007ffe69270000 - 0x00007ffe692ab000 	C:\WINDOWS\system32\IMM32.DLL
0x0000000050420000 - 0x00000000504f2000 	E:\kejiang\Android\Android Studio\jre\jre\bin\msvcr100.dll
0x00000000776e0000 - 0x0000000077f14000 	E:\kejiang\Android\Android Studio\jre\jre\bin\server\jvm.dll
0x00007ffe69370000 - 0x00007ffe69378000 	C:\WINDOWS\system32\PSAPI.DLL
0x00007ffe63040000 - 0x00007ffe63049000 	C:\WINDOWS\SYSTEM32\WSOCK32.dll
0x00007ffe64220000 - 0x00007ffe64243000 	C:\WINDOWS\SYSTEM32\WINMM.dll
0x00007ffe63000000 - 0x00007ffe6300a000 	C:\WINDOWS\SYSTEM32\VERSION.dll
0x00007ffe673b0000 - 0x00007ffe6741b000 	C:\WINDOWS\system32\WS2_32.dll
0x00007ffe641f0000 - 0x00007ffe6421c000 	C:\WINDOWS\SYSTEM32\winmmbase.dll
0x00007ffe66090000 - 0x00007ffe660d3000 	C:\WINDOWS\system32\cfgmgr32.dll
0x00007ffe63fa0000 - 0x00007ffe63faf000 	E:\kejiang\Android\Android Studio\jre\jre\bin\verify.dll
0x00007ffe63f70000 - 0x00007ffe63f99000 	E:\kejiang\Android\Android Studio\jre\jre\bin\java.dll
0x00007ffe63f50000 - 0x00007ffe63f66000 	E:\kejiang\Android\Android Studio\jre\jre\bin\zip.dll
0x00007ffe67420000 - 0x00007ffe6897c000 	C:\WINDOWS\system32\SHELL32.dll
0x00007ffe66380000 - 0x00007ffe669c5000 	C:\WINDOWS\system32\windows.storage.dll
0x00007ffe692b0000 - 0x00007ffe69302000 	C:\WINDOWS\system32\shlwapi.dll
0x00007ffe66050000 - 0x00007ffe6605f000 	C:\WINDOWS\system32\kernel.appcore.dll
0x00007ffe66a60000 - 0x00007ffe66b15000 	C:\WINDOWS\system32\shcore.dll
0x00007ffe66000000 - 0x00007ffe6604b000 	C:\WINDOWS\system32\powrprof.dll
0x00007ffe66060000 - 0x00007ffe66074000 	C:\WINDOWS\system32\profapi.dll

VM Arguments:
jvm_args: -Djava.awt.headless=true -Xmx1024M -Dfile.encoding=GBK -Duser.country=CN -Duser.language=zh -Duser.variant 
java_command: com.android.dx.command.Main --dex --num-threads=4 --output E:\kejiang\git\GitHub\AndroidFastDevFrame\app\build\intermediates\pre-dexed\debug\cn.bluemobi.dylan-uncaughtException-0.2.0_e728f0099f33a62534f0932f773512613a8ebe2d.jar E:\kejiang\git\GitHub\AndroidFastDevFrame\app\build\intermediates\exploded-aar\cn.bluemobi.dylan\uncaughtException\0.2.0\jars\classes.jar
java_class_path (initial): E:\kejiang\Android\sdk\build-tools\23.0.0\lib\dx.jar
Launcher Type: SUN_STANDARD

Environment Variables:
JAVA_HOME=C:\Program Files\Java\jdk1.8.0_72
CLASSPATH=.;C:\Program Files\Java\jdk1.8.0_72\lib\dt.jar;C:\Program Files\Java\jdk1.8.0_72\lib\tools.jar;
PATH=D:\oracle\product\10.2.0\client_1\bin;D:\oracle\product\10.2.0\db_1\bin;E:\kejiang\Android\sdk\platform-tools;C:\ProgramData\Oracle\Java\javapath;C:\Program Files (x86)\Common Files\NetSarang;C:\Windows\system32;C:\Windows;C:\Windows\System32\Wbem;C:\Windows\System32\WindowsPowerShell\v1.0\;C:\Program Files\Java\jdk1.7.0_60\bin;C:\Program Files\Java\jdk1.7.0_60\jre\bin;D:\Program Files\MySQL\MySQL Server 5.5\bin;E:\Framework\play\play-2.2.6;D:\Software\apache-maven-3.3.1\bin;C:\WINDOWS\system32;C:\WINDOWS;C:\WINDOWS\System32\Wbem;C:\WINDOWS\System32\WindowsPowerShell\v1.0\;C:\Program Files\TortoiseSVN\bin;C:\Program Files\Git\cmd;C:\Program Files\TortoiseGit\bin;C:\Program Files\MySQL\MySQL Utilities 1.6\
USERNAME=yuandl
OS=Windows_NT
PROCESSOR_IDENTIFIER=Intel64 Family 6 Model 60 Stepping 3, GenuineIntel



---------------  S Y S T E M  ---------------

OS: Windows 10.0 , 64 bit Build 10586 (10.0.10586.589)

CPU:total 4 (2 cores per cpu, 2 threads per core) family 6 model 60 stepping 3, cmov, cx8, fxsr, mmx, sse, sse2, sse3, ssse3, sse4.1, sse4.2, popcnt, avx, avx2, aes, clmul, erms, lzcnt, ht, tsc, tscinvbit, bmi1, bmi2

Memory: 4k page, physical 8305276k(1894008k free), swap 8305276k(3056k free)

vm_info: OpenJDK 64-Bit Server VM (25.76-b03) for windows-amd64 JRE (1.8.0_76-release-b03), built on Jun 29 2016 19:09:20 by "ralucas" with MS VC++ 10.0 (VS2010)

time: Wed Jan 11 18:28:44 2017
elapsed time: 0 seconds (0d 0h 0m 0s)

