#
# There is insufficient memory for the Java Runtime Environment to continue.
# Native memory allocation (malloc) failed to allocate 789392 bytes for Chunk::new
# Possible reasons:
#   The system is out of physical RAM or swap space
#   In 32 bit mode, the process size limit was hit
# Possible solutions:
#   Reduce memory load on the system
#   Increase physical memory or swap space
#   Check if swap backing store is full
#   Use 64 bit Java on a 64 bit OS
#   Decrease Java heap size (-Xmx/-Xms)
#   Decrease number of Java threads
#   Decrease Java thread stack sizes (-Xss)
#   Set larger code cache with -XX:ReservedCodeCacheSize=
# This output file may be truncated or incomplete.
#
#  Out of Memory Error (allocation.cpp:390), pid=27604, tid=0x0000000000005acc
#
# JRE version: OpenJDK Runtime Environment (8.0_76-b03) (build 1.8.0_76-release-b03)
# Java VM: OpenJDK 64-Bit Server VM (25.76-b03 mixed mode windows-amd64 compressed oops)
# Failed to write core dump. Minidumps are not enabled by default on client versions of Windows
#

---------------  T H R E A D  ---------------

Current thread (0x00000000169d5800):  JavaThread "C2 CompilerThread1" daemon [_thread_in_native, id=23244, stack(0x0000000016d80000,0x0000000016e80000)]

Stack: [0x0000000016d80000,0x0000000016e80000]
[error occurred during error reporting (printing stack bounds), id 0xc0000005]

Native frames: (J=compiled Java code, j=interpreted, Vv=VM code, C=native code)


Current CompileTask:
C2:   6286 1196   !   4       com.android.dx.cf.code.BytecodeArray::parseInstruction (2764 bytes)


---------------  P R O C E S S  ---------------

Java Threads: ( => current thread )
  0x0000000016bf6000 JavaThread "pool-2-thread-4" [_thread_in_Java, id=26948, stack(0x0000000017580000,0x0000000017680000)]
  0x0000000016bea000 JavaThread "pool-2-thread-3" [_thread_blocked, id=26932, stack(0x0000000017480000,0x0000000017580000)]
  0x0000000016be9000 JavaThread "pool-2-thread-2" [_thread_in_Java, id=27180, stack(0x0000000017380000,0x0000000017480000)]
  0x0000000016be6000 JavaThread "pool-3-thread-1" [_thread_blocked, id=27216, stack(0x0000000017280000,0x0000000017380000)]
  0x0000000016be3800 JavaThread "pool-2-thread-1" [_thread_blocked, id=27160, stack(0x0000000017180000,0x0000000017280000)]
  0x00000000169de000 JavaThread "Service Thread" daemon [_thread_blocked, id=26764, stack(0x0000000016f80000,0x0000000017080000)]
  0x00000000169d8800 JavaThread "C1 CompilerThread2" daemon [_thread_blocked, id=27324, stack(0x0000000016e80000,0x0000000016f80000)]
=>0x00000000169d5800 JavaThread "C2 CompilerThread1" daemon [_thread_in_native, id=23244, stack(0x0000000016d80000,0x0000000016e80000)]
  0x000000001537e000 JavaThread "C2 CompilerThread0" daemon [_thread_in_native, id=26976, stack(0x0000000016880000,0x0000000016980000)]
  0x000000001537c800 JavaThread "Attach Listener" daemon [_thread_blocked, id=27156, stack(0x0000000016780000,0x0000000016880000)]
  0x0000000015330800 JavaThread "Signal Dispatcher" daemon [_thread_blocked, id=25920, stack(0x0000000016680000,0x0000000016780000)]
  0x0000000015308800 JavaThread "Finalizer" daemon [_thread_blocked, id=26992, stack(0x0000000016580000,0x0000000016680000)]
  0x0000000002c3f000 JavaThread "Reference Handler" daemon [_thread_blocked, id=27064, stack(0x0000000016480000,0x0000000016580000)]
  0x0000000002b51000 JavaThread "main" [_thread_in_vm, id=26904, stack(0x00000000029c0000,0x0000000002ac0000)]

Other Threads:
  0x00000000152e5800 VMThread [stack: 0x0000000016380000,0x0000000016480000] [id=24080]
  0x00000000169df000 WatcherThread [stack: 0x0000000017080000,0x0000000017180000] [id=26972]

VM state:not at safepoint (normal execution)

VM Mutex/Monitor currently owned by a thread: None

Heap:
 PSYoungGen      total 38400K, used 21047K [0x00000000eab00000, 0x00000000ef600000, 0x0000000100000000)
  eden space 33280K, 47% used [0x00000000eab00000,0x00000000eba91e10,0x00000000ecb80000)
  from space 5120K, 99% used [0x00000000ecb80000,0x00000000ed07bdf0,0x00000000ed080000)
  to   space 5120K, 0% used [0x00000000ef100000,0x00000000ef100000,0x00000000ef600000)
 ParOldGen       total 87552K, used 1928K [0x00000000c0000000, 0x00000000c5580000, 0x00000000eab00000)
  object space 87552K, 2% used [0x00000000c0000000,0x00000000c01e2118,0x00000000c5580000)
 Metaspace       used 5798K, capacity 6960K, committed 7040K, reserved 1056768K
  class space    used 556K, capacity 616K, committed 640K, reserved 1048576K

Card table byte_map: [0x0000000012010000,0x0000000012220000] byte_map_base: 0x0000000011a10000

Marking Bits: (ParMarkBitMap*) 0x0000000062709d00
 Begin Bits: [0x0000000012780000, 0x0000000013780000)
 End Bits:   [0x0000000013780000, 0x0000000014780000)

Polling page: 0x0000000002600000

CodeCache: size=245760Kb used=5210Kb max_used=5224Kb free=240549Kb
 bounds [0x0000000002c50000, 0x0000000003170000, 0x0000000011c50000]
 total_blobs=1558 nmethods=1294 adapters=178
 compilation: enabled

Compilation events (10 events):
Event: 6.159 Thread 0x000000001537e000 nmethod 1281 0x00000000030908d0 code [0x0000000003090a00, 0x0000000003090a78]
Event: 6.159 Thread 0x00000000169d8800 1282       3       com.android.dx.rop.code.RegisterSpec::withType (13 bytes)
Event: 6.159 Thread 0x00000000169d8800 nmethod 1282 0x000000000312e7d0 code [0x000000000312e940, 0x000000000312eb28]
Event: 6.159 Thread 0x00000000169d8800 1283       3       com.android.dx.ssa.PhiTypeResolver::equalsHandlesNulls (23 bytes)
Event: 6.159 Thread 0x000000001537e000 1284       4       com.android.dx.rop.code.RegisterSpec::getBasicType (10 bytes)
Event: 6.159 Thread 0x00000000169d8800 nmethod 1283 0x000000000312e0d0 code [0x000000000312e260, 0x000000000312e6a8]
Event: 6.160 Thread 0x000000001537e000 nmethod 1284 0x000000000312c110 code [0x000000000312c260, 0x000000000312c2f8]
Event: 6.160 Thread 0x00000000169d8800 1285       3       com.android.dx.ssa.back.InterferenceGraph::<init> (42 bytes)
Event: 6.161 Thread 0x00000000169d8800 nmethod 1285 0x0000000003149fd0 code [0x000000000314a1e0, 0x000000000314aca8]
Event: 6.161 Thread 0x000000001537e000 1286       4       com.android.dx.ssa.back.LivenessAnalyzer::run (231 bytes)

GC Heap History (2 events):
Event: 5.363 GC heap before
{Heap before GC invocations=1 (full 0):
 PSYoungGen      total 38400K, used 33280K [0x00000000eab00000, 0x00000000ed580000, 0x0000000100000000)
  eden space 33280K, 100% used [0x00000000eab00000,0x00000000ecb80000,0x00000000ecb80000)
  from space 5120K, 0% used [0x00000000ed080000,0x00000000ed080000,0x00000000ed580000)
  to   space 5120K, 0% used [0x00000000ecb80000,0x00000000ecb80000,0x00000000ed080000)
 ParOldGen       total 87552K, used 0K [0x00000000c0000000, 0x00000000c5580000, 0x00000000eab00000)
  object space 87552K, 0% used [0x00000000c0000000,0x00000000c0000000,0x00000000c5580000)
 Metaspace       used 5723K, capacity 6896K, committed 7040K, reserved 1056768K
  class space    used 556K, capacity 616K, committed 640K, reserved 1048576K
Event: 5.436 GC heap after
Heap after GC invocations=1 (full 0):
 PSYoungGen      total 38400K, used 5103K [0x00000000eab00000, 0x00000000ef600000, 0x0000000100000000)
  eden space 33280K, 0% used [0x00000000eab00000,0x00000000eab00000,0x00000000ecb80000)
  from space 5120K, 99% used [0x00000000ecb80000,0x00000000ed07bdf0,0x00000000ed080000)
  to   space 5120K, 0% used [0x00000000ef100000,0x00000000ef100000,0x00000000ef600000)
 ParOldGen       total 87552K, used 1928K [0x00000000c0000000, 0x00000000c5580000, 0x00000000eab00000)
  object space 87552K, 2% used [0x00000000c0000000,0x00000000c01e2118,0x00000000c5580000)
 Metaspace       used 5723K, capacity 6896K, committed 7040K, reserved 1056768K
  class space    used 556K, capacity 616K, committed 640K, reserved 1048576K
}

Deoptimization events (9 events):
Event: 4.274 Thread 0x0000000002b51000 Uncommon trap: reason=unstable_if action=reinterpret pc=0x0000000002e8d970 method=java.util.BitSet.nextSetBit(I)I @ 87
Event: 4.387 Thread 0x0000000002b51000 Uncommon trap: reason=unstable_if action=reinterpret pc=0x0000000002ec7cf0 method=java.util.BitSet.ensureCapacity(I)V @ 6
Event: 4.643 Thread 0x0000000002b51000 Uncommon trap: reason=unstable_if action=reinterpret pc=0x0000000002e9b3b4 method=java.util.BitSet.ensureCapacity(I)V @ 6
Event: 4.670 Thread 0x0000000016be9000 Uncommon trap: reason=unstable_if action=reinterpret pc=0x0000000002ef7c1c method=com.android.dx.rop.cst.Constant.compareTo(Lcom/android/dx/rop/cst/Constant;)I @ 12
Event: 5.260 Thread 0x0000000016be3800 Uncommon trap: reason=unstable_if action=reinterpret pc=0x0000000002fb3e2c method=com.android.dx.rop.code.RegisterSpecSet.put(Lcom/android/dx/rop/code/RegisterSpec;)V @ 77
Event: 5.260 Thread 0x0000000016be3800 Uncommon trap: reason=unstable_if action=reinterpret pc=0x0000000002fe662c method=com.android.dx.rop.code.RegisterSpecSet.put(Lcom/android/dx/rop/code/RegisterSpec;)V @ 77
Event: 5.264 Thread 0x0000000016be3800 Uncommon trap: reason=null_check action=make_not_entrant pc=0x0000000002fb9fd0 method=com.android.dx.ssa.SsaRenamer.getLocalForNewReg(I)Lcom/android/dx/rop/code/LocalItem; @ 19
Event: 5.356 Thread 0x0000000016be3800 Uncommon trap: reason=null_check action=make_not_entrant pc=0x00000000030610e8 method=com.android.dx.rop.type.Type.equals(Ljava/lang/Object;)Z @ 8
Event: 5.495 Thread 0x0000000002b51000 Uncommon trap: reason=unstable_if action=reinterpret pc=0x0000000003062090 method=com.android.dx.ssa.SsaRenamer$BlockRenamer.addMapping(ILcom/android/dx/rop/code/RegisterSpec;)V @ 120

Internal exceptions (4 events):
Event: 0.086 Thread 0x0000000002b51000 Exception <a 'java/lang/NoSuchMethodError': Method sun.misc.Unsafe.defineClass(Ljava/lang/String;[BII)Ljava/lang/Class; name or signature does not match> (0x00000000eab07cc0) thrown at [C:\src\android\AOSP-openjdk\external\jetbrains\jdk\hotspot\src\share\v30˚ôÛµ?
Event: 0.086 Thread 0x0000000002b51000 Exception <a 'java/lang/NoSuchMethodError': Method sun.misc.Unsafe.prefetchRead(Ljava/lang/Object;J)V name or signature does not match> (0x00000000eab07fa8) thrown at [C:\src\android\AOSP-openjdk\external\jetbrains\jdk\hotspot\src\share\vm\prims\jni.cpp, l„àbù@
Event: 5.264 Thread 0x0000000016be3800 Implicit null exception at 0x0000000002fb7851 to 0x0000000002fb9f85
Event: 5.356 Thread 0x0000000016be3800 Implicit null exception at 0x0000000003060fe2 to 0x00000000030610da

Events (10 events):
Event: 5.356 Thread 0x0000000016be3800 Uncommon trap: trap_request=0xfffffff4 fr.pc=0x00000000030610e8
Event: 5.356 Thread 0x0000000016be3800 DEOPT PACKING pc=0x00000000030610e8 sp=0x000000001727e960
Event: 5.356 Thread 0x0000000016be3800 DEOPT UNPACKING pc=0x0000000002c9556a sp=0x000000001727e8e8 mode 2
Event: 5.363 Executing VM operation: ParallelGCFailedAllocation
Event: 5.436 Executing VM operation: ParallelGCFailedAllocation done
Event: 5.495 Thread 0x0000000002b51000 Uncommon trap: trap_request=0xffffff65 fr.pc=0x0000000003062090
Event: 5.495 Thread 0x0000000002b51000 DEOPT PACKING pc=0x0000000003062090 sp=0x0000000002abe030
Event: 5.495 Thread 0x0000000002b51000 DEOPT UNPACKING pc=0x0000000002c9556a sp=0x0000000002abdf50 mode 2
Event: 6.152 Thread 0x0000000002b51000 DEOPT PACKING pc=0x0000000002f37193 sp=0x0000000002abe0a0
Event: 6.152 Thread 0x0000000002b51000 DEOPT UNPACKING pc=0x0000000002c975bf sp=0x0000000002abde68 mode 0


Dynamic libraries:
0x00007ff66b420000 - 0x00007ff66b451000 	E:\kejiang\Android\Android Studio\jre\bin\java.exe
0x00007ffddc8d0000 - 0x00007ffddca91000 	C:\WINDOWS\SYSTEM32\ntdll.dll
0x00007ffddaa20000 - 0x00007ffddaacd000 	C:\WINDOWS\system32\KERNEL32.DLL
0x00007ffdd9730000 - 0x00007ffdd9918000 	C:\WINDOWS\system32\KERNELBASE.dll
0x00007ffdda800000 - 0x00007ffdda8a7000 	C:\WINDOWS\system32\ADVAPI32.dll
0x00007ffdd9e40000 - 0x00007ffdd9edd000 	C:\WINDOWS\system32\msvcrt.dll
0x00007ffdda910000 - 0x00007ffdda96b000 	C:\WINDOWS\system32\sechost.dll
0x00007ffddc770000 - 0x00007ffddc88c000 	C:\WINDOWS\system32\RPCRT4.dll
0x00007ffdda3e0000 - 0x00007ffdda536000 	C:\WINDOWS\system32\USER32.dll
0x00007ffdd9f40000 - 0x00007ffdda0c6000 	C:\WINDOWS\system32\GDI32.dll
0x00007ffdd34c0000 - 0x00007ffdd3734000 	C:\WINDOWS\WinSxS\amd64_microsoft.windows.common-controls_6595b64144ccf1df_6.0.10586.494_none_a2d8b04ea53e3145\COMCTL32.dll
0x00007ffddaae0000 - 0x00007ffddad5d000 	C:\WINDOWS\system32\combase.dll
0x00007ffdd9bb0000 - 0x00007ffdd9c1a000 	C:\WINDOWS\system32\bcryptPrimitives.dll
0x00007ffddc890000 - 0x00007ffddc8cb000 	C:\WINDOWS\system32\IMM32.DLL
0x0000000062c90000 - 0x0000000062d62000 	E:\kejiang\Android\Android Studio\jre\jre\bin\msvcr100.dll
0x0000000061f50000 - 0x0000000062784000 	E:\kejiang\Android\Android Studio\jre\jre\bin\server\jvm.dll
0x00007ffddadd0000 - 0x00007ffddadd8000 	C:\WINDOWS\system32\PSAPI.DLL
0x00007ffdcd8f0000 - 0x00007ffdcd8f9000 	C:\WINDOWS\SYSTEM32\WSOCK32.dll
0x00007ffddad60000 - 0x00007ffddadcb000 	C:\WINDOWS\system32\WS2_32.dll
0x00007ffdd7390000 - 0x00007ffdd73b3000 	C:\WINDOWS\SYSTEM32\WINMM.dll
0x00007ffdcd090000 - 0x00007ffdcd09a000 	C:\WINDOWS\SYSTEM32\VERSION.dll
0x00007ffdd6b10000 - 0x00007ffdd6b3c000 	C:\WINDOWS\SYSTEM32\WINMMBASE.dll
0x00007ffdd9010000 - 0x00007ffdd9053000 	C:\WINDOWS\system32\cfgmgr32.dll
0x00007ffdcd200000 - 0x00007ffdcd20f000 	E:\kejiang\Android\Android Studio\jre\jre\bin\verify.dll
0x00007ffdc2020000 - 0x00007ffdc2049000 	E:\kejiang\Android\Android Studio\jre\jre\bin\java.dll
0x00007ffdcc250000 - 0x00007ffdcc266000 	E:\kejiang\Android\Android Studio\jre\jre\bin\zip.dll
0x00007ffddb210000 - 0x00007ffddc76c000 	C:\WINDOWS\system32\SHELL32.dll
0x00007ffdd90c0000 - 0x00007ffdd9705000 	C:\WINDOWS\system32\windows.storage.dll
0x00007ffdda8b0000 - 0x00007ffdda902000 	C:\WINDOWS\system32\shlwapi.dll
0x00007ffdd8ef0000 - 0x00007ffdd8eff000 	C:\WINDOWS\system32\kernel.appcore.dll
0x00007ffdd9920000 - 0x00007ffdd99d5000 	C:\WINDOWS\system32\shcore.dll
0x00007ffdd8f00000 - 0x00007ffdd8f4b000 	C:\WINDOWS\system32\powrprof.dll
0x00007ffdd8f50000 - 0x00007ffdd8f64000 	C:\WINDOWS\system32\profapi.dll

VM Arguments:
jvm_args: -Djava.awt.headless=true -Xmx1024M -Dfile.encoding=GBK -Duser.country=CN -Duser.language=zh -Duser.variant 
java_command: com.android.dx.command.Main --dex --verbose --force-jumbo --num-threads=4 --multi-dex --output E:\kejiang\git\GitHub\AndroidFastDevFrame\app\build\intermediates\transforms\dex\debug\folders\1000\8\fastjson-1.1.43.android_e5d9df0ca37e4bc1010be04124aabc8dd11ee82a E:\kejiang\git\GitHub\AndroidFastDevFrame\app\build\intermediates\exploded-aar\cn.bluemobi.dylan\fastdev\0.4.4\jars\libs\fastjson-1.1.43.android.jar
java_class_path (initial): E:\kejiang\Android\sdk\build-tools\23.0.0\lib\dx.jar
Launcher Type: SUN_STANDARD

Environment Variables:
JAVA_HOME=C:\Program Files\Java\jdk1.8.0_72
CLASSPATH=.;C:\Program Files\Java\jdk1.8.0_72\lib\dt.jar;C:\Program Files\Java\jdk1.8.0_72\lib\tools.jar;
PATH=E:\kejiang\Android\sdk\platform-tools;C:\ProgramData\Oracle\Java\javapath;C:\Program Files (x86)\Common Files\NetSarang;C:\Windows\system32;C:\Windows;C:\Windows\System32\Wbem;C:\Windows\System32\WindowsPowerShell\v1.0\;C:\Program Files\Java\jdk1.7.0_60\bin;C:\Program Files\Java\jdk1.7.0_60\jre\bin;D:\Program Files\MySQL\MySQL Server 5.5\bin;E:\Framework\play\play-2.2.6;D:\Software\apache-maven-3.3.1\bin;C:\WINDOWS\system32;C:\WINDOWS;C:\WINDOWS\System32\Wbem;C:\WINDOWS\System32\WindowsPowerShell\v1.0\;C:\Program Files (x86)\MySQL\MySQL Fabric 1.5 & MySQL Utilities 1.5\;C:\Program Files (x86)\MySQL\MySQL Fabric 1.5 & MySQL Utilities 1.5\Doctrine extensions for PHP\;C:\Program Files\TortoiseSVN\bin;C:\Program Files\Git\cmd;C:\Program Files\TortoiseGit\bin
USERNAME=yuandl
OS=Windows_NT
PROCESSOR_IDENTIFIER=Intel64 Family 6 Model 60 Stepping 3, GenuineIntel



---------------  S Y S T E M  ---------------

OS: Windows 10.0 , 64 bit Build 10586 (10.0.10586.0)

CPU:total 4 (2 cores per cpu, 2 threads per core) family 6 model 60 stepping 3, cmov, cx8, fxsr, mmx, sse, sse2, sse3, ssse3, sse4.1, sse4.2, popcnt, avx, avx2, aes, clmul, erms, lzcnt, ht, tsc, tscinvbit, bmi1, bmi2

Memory: 4k page, physical 8305276k(1614884k free), swap 8305276k(10232k free)

vm_info: OpenJDK 64-Bit Server VM (25.76-b03) for windows-amd64 JRE (1.8.0_76-release-b03), built on Jun 29 2016 19:09:20 by "ralucas" with MS VC++ 10.0 (VS2010)

time: Wed Nov 30 11:01:17 2016
elapsed time: 6 seconds (0d 0h 0m 6s)

