#
# There is insufficient memory for the Java Runtime Environment to continue.
# Native memory allocation (malloc) failed to allocate 1531504 bytes for Chunk::new
# Possible reasons:
#   The system is out of physical RAM or swap space
#   In 32 bit mode, the process size limit was hit
# Possible solutions:
#   Reduce memory load on the system
#   Increase physical memory or swap space
#   Check if swap backing store is full
#   Use 64 bit Java on a 64 bit OS
#   Decrease Java heap size (-Xmx/-Xms)
#   Decrease number of Java threads
#   Decrease Java thread stack sizes (-Xss)
#   Set larger code cache with -XX:ReservedCodeCacheSize=
# This output file may be truncated or incomplete.
#
#  Out of Memory Error (allocation.cpp:390), pid=74784, tid=0x000000000001263c
#
# JRE version: OpenJDK Runtime Environment (8.0_76-b03) (build 1.8.0_76-release-b03)
# Java VM: OpenJDK 64-Bit Server VM (25.76-b03 mixed mode windows-amd64 compressed oops)
# Failed to write core dump. Minidumps are not enabled by default on client versions of Windows
#

---------------  T H R E A D  ---------------

Current thread (0x0000000002e0b800):  JavaThread "C2 CompilerThread1" daemon [_thread_in_native, id=75324, stack(0x0000000016b60000,0x0000000016c60000)]

Stack: [0x0000000016b60000,0x0000000016c60000]
[error occurred during error reporting (printing stack bounds), id 0xc0000005]

Native frames: (J=compiled Java code, j=interpreted, Vv=VM code, C=native code)


Current CompileTask:
C2:   3897 1451   !   4       com.android.dx.cf.code.RopperMachine::run (1550 bytes)


---------------  P R O C E S S  ---------------

Java Threads: ( => current thread )
  0x0000000016ed9000 JavaThread "pool-1-thread-4" [_thread_blocked, id=75660, stack(0x0000000017760000,0x0000000017860000)]
  0x0000000016ed8000 JavaThread "pool-1-thread-3" [_thread_blocked, id=75200, stack(0x0000000017660000,0x0000000017760000)]
  0x0000000016ed7000 JavaThread "pool-1-thread-2" [_thread_in_vm_trans, id=75172, stack(0x0000000017560000,0x0000000017660000)]
  0x0000000016ece000 JavaThread "pool-2-thread-1" [_thread_blocked, id=75524, stack(0x0000000017460000,0x0000000017560000)]
  0x0000000016ec8000 JavaThread "pool-1-thread-1" [_thread_blocked, id=75508, stack(0x0000000017360000,0x0000000017460000)]
  0x0000000016cc6000 JavaThread "Service Thread" daemon [_thread_blocked, id=74588, stack(0x0000000017160000,0x0000000017260000)]
  0x0000000016cb1000 JavaThread "C1 CompilerThread2" daemon [_thread_blocked, id=844, stack(0x0000000017060000,0x0000000017160000)]
=>0x0000000002e0b800 JavaThread "C2 CompilerThread1" daemon [_thread_in_native, id=75324, stack(0x0000000016b60000,0x0000000016c60000)]
  0x000000001553d800 JavaThread "C2 CompilerThread0" daemon [_thread_in_native, id=75152, stack(0x0000000016a60000,0x0000000016b60000)]
  0x000000001553c800 JavaThread "Attach Listener" daemon [_thread_blocked, id=69448, stack(0x0000000016960000,0x0000000016a60000)]
  0x00000000154f1000 JavaThread "Signal Dispatcher" daemon [_thread_blocked, id=74408, stack(0x0000000016860000,0x0000000016960000)]
  0x00000000154c8000 JavaThread "Finalizer" daemon [_thread_blocked, id=75216, stack(0x0000000016760000,0x0000000016860000)]
  0x00000000154a7000 JavaThread "Reference Handler" daemon [_thread_blocked, id=75136, stack(0x0000000016660000,0x0000000016760000)]
  0x0000000002d11000 JavaThread "main" [_thread_blocked, id=75144, stack(0x0000000002b50000,0x0000000002c50000)]

Other Threads:
  0x00000000154a4800 VMThread [stack: 0x0000000016560000,0x0000000016660000] [id=74704]
  0x0000000016cc8800 WatcherThread [stack: 0x0000000017260000,0x0000000017360000] [id=74768]

VM state:not at safepoint (normal execution)

VM Mutex/Monitor currently owned by a thread: None

Heap:
 PSYoungGen      total 38400K, used 27077K [0x00000000eab00000, 0x00000000ed580000, 0x0000000100000000)
  eden space 33280K, 66% used [0x00000000eab00000,0x00000000ec078b40,0x00000000ecb80000)
  from space 5120K, 99% used [0x00000000ecb80000,0x00000000ed078c90,0x00000000ed080000)
  to   space 5120K, 0% used [0x00000000ed080000,0x00000000ed080000,0x00000000ed580000)
 ParOldGen       total 87552K, used 1365K [0x00000000c0000000, 0x00000000c5580000, 0x00000000eab00000)
  object space 87552K, 1% used [0x00000000c0000000,0x00000000c01554f0,0x00000000c5580000)
 Metaspace       used 5910K, capacity 7088K, committed 7296K, reserved 1056768K
  class space    used 561K, capacity 616K, committed 640K, reserved 1048576K

Card table byte_map: [0x00000000121d0000,0x00000000123e0000] byte_map_base: 0x0000000011bd0000

Marking Bits: (ParMarkBitMap*) 0x0000000060749d00
 Begin Bits: [0x0000000012940000, 0x0000000013940000)
 End Bits:   [0x0000000013940000, 0x0000000014940000)

Polling page: 0x0000000000c50000

CodeCache: size=245760Kb used=6382Kb max_used=6397Kb free=239377Kb
 bounds [0x0000000002e10000, 0x0000000003460000, 0x0000000011e10000]
 total_blobs=1741 nmethods=1477 adapters=178
 compilation: enabled

Compilation events (10 events):
Event: 3.819 Thread 0x0000000016cb1000 1489   !   3       com.android.dx.rop.type.Type::putIntern (50 bytes)
Event: 3.819 Thread 0x0000000016cb1000 nmethod 1489 0x0000000003444a50 code [0x0000000003444c40, 0x0000000003445718]
Event: 3.824 Thread 0x0000000016cb1000 1490       3       com.android.dx.rop.cst.CstFieldRef::<init> (7 bytes)
Event: 3.824 Thread 0x0000000016cb1000 nmethod 1490 0x0000000003445c50 code [0x0000000003445dc0, 0x0000000003445f48]
Event: 3.825 Thread 0x0000000016cb1000 1491  s    3       com.android.dx.dex.file.TypeIdsSection::intern (60 bytes)
Event: 3.825 Thread 0x0000000016cb1000 nmethod 1491 0x0000000003445fd0 code [0x0000000003446200, 0x0000000003446ec8]
Event: 3.832 Thread 0x000000001553d800 nmethod 1460 0x000000000344b210 code [0x000000000344b720, 0x000000000344e520]
Event: 3.833 Thread 0x000000001553d800 1462 %     4       com.android.dx.ssa.SsaMethod::computeReachability @ 8 (131 bytes)
Event: 3.869 Thread 0x000000001553d800 nmethod 1462% 0x00000000034536d0 code [0x00000000034538a0, 0x0000000003454738]
Event: 3.869 Thread 0x000000001553d800 1465       4       com.android.dx.ssa.SsaRenamer$BlockRenamer::process (191 bytes)

GC Heap History (2 events):
Event: 2.731 GC heap before
{Heap before GC invocations=1 (full 0):
 PSYoungGen      total 38400K, used 33280K [0x00000000eab00000, 0x00000000ed580000, 0x0000000100000000)
  eden space 33280K, 100% used [0x00000000eab00000,0x00000000ecb80000,0x00000000ecb80000)
  from space 5120K, 0% used [0x00000000ed080000,0x00000000ed080000,0x00000000ed580000)
  to   space 5120K, 0% used [0x00000000ecb80000,0x00000000ecb80000,0x00000000ed080000)
 ParOldGen       total 87552K, used 0K [0x00000000c0000000, 0x00000000c5580000, 0x00000000eab00000)
  object space 87552K, 0% used [0x00000000c0000000,0x00000000c0000000,0x00000000c5580000)
 Metaspace       used 5765K, capacity 6960K, committed 7040K, reserved 1056768K
  class space    used 561K, capacity 616K, committed 640K, reserved 1048576K
Event: 2.762 GC heap after
Heap after GC invocations=1 (full 0):
 PSYoungGen      total 38400K, used 5091K [0x00000000eab00000, 0x00000000ed580000, 0x0000000100000000)
  eden space 33280K, 0% used [0x00000000eab00000,0x00000000eab00000,0x00000000ecb80000)
  from space 5120K, 99% used [0x00000000ecb80000,0x00000000ed078c90,0x00000000ed080000)
  to   space 5120K, 0% used [0x00000000ed080000,0x00000000ed080000,0x00000000ed580000)
 ParOldGen       total 87552K, used 1365K [0x00000000c0000000, 0x00000000c5580000, 0x00000000eab00000)
  object space 87552K, 1% used [0x00000000c0000000,0x00000000c01554f0,0x00000000c5580000)
 Metaspace       used 5765K, capacity 6960K, committed 7040K, reserved 1056768K
  class space    used 561K, capacity 616K, committed 640K, reserved 1048576K
}

Deoptimization events (10 events):
Event: 2.782 Thread 0x0000000016ec8000 Uncommon trap: reason=bimorphic action=maybe_recompile pc=0x00000000030e7c98 method=java.util.HashMap.getNode(ILjava/lang/Object;)Ljava/util/HashMap$Node; @ 126
Event: 2.782 Thread 0x0000000016ec8000 Uncommon trap: reason=bimorphic action=maybe_recompile pc=0x00000000030e7c98 method=java.util.HashMap.getNode(ILjava/lang/Object;)Ljava/util/HashMap$Node; @ 126
Event: 2.858 Thread 0x0000000016ec8000 Uncommon trap: reason=unstable_if action=reinterpret pc=0x000000000311cce8 method=com.android.dx.rop.code.LocalItem.hashCode()I @ 25
Event: 2.858 Thread 0x0000000016ec8000 Uncommon trap: reason=unstable_if action=reinterpret pc=0x000000000309c74c method=com.android.dx.rop.code.LocalItem.hashCode()I @ 25
Event: 2.879 Thread 0x0000000016ec8000 Uncommon trap: reason=null_check action=make_not_entrant pc=0x000000000324508c method=com.android.dx.ssa.SsaRenamer.getLocalForNewReg(I)Lcom/android/dx/rop/code/LocalItem; @ 19
Event: 2.879 Thread 0x0000000016ec8000 Uncommon trap: reason=null_check action=make_not_entrant pc=0x000000000322b368 method=com.android.dx.ssa.SsaRenamer.getLocalForNewReg(I)Lcom/android/dx/rop/code/LocalItem; @ 19
Event: 2.931 Thread 0x0000000016ec8000 Uncommon trap: reason=bimorphic action=maybe_recompile pc=0x0000000003358910 method=com.android.dx.ssa.LiteralOpUpgrader.tryReplacingWithConstant(Lcom/android/dx/ssa/NormalSsaInsn;)Z @ 52
Event: 2.931 Thread 0x0000000016ec8000 Uncommon trap: reason=bimorphic action=maybe_recompile pc=0x0000000003358910 method=com.android.dx.ssa.LiteralOpUpgrader.tryReplacingWithConstant(Lcom/android/dx/ssa/NormalSsaInsn;)Z @ 52
Event: 3.752 Thread 0x0000000016ed7000 Uncommon trap: reason=bimorphic action=maybe_recompile pc=0x0000000003358910 method=com.android.dx.ssa.LiteralOpUpgrader.tryReplacingWithConstant(Lcom/android/dx/ssa/NormalSsaInsn;)Z @ 52
Event: 3.753 Thread 0x0000000016ed7000 Uncommon trap: reason=bimorphic action=maybe_recompile pc=0x0000000003358910 method=com.android.dx.ssa.LiteralOpUpgrader.tryReplacingWithConstant(Lcom/android/dx/ssa/NormalSsaInsn;)Z @ 52

Internal exceptions (4 events):
Event: 0.056 Thread 0x0000000002d11000 Exception <a 'java/lang/NoSuchMethodError': Method sun.misc.Unsafe.defineClass(Ljava/lang/String;[BII)Ljava/lang/Class; name or signature does not match> (0x00000000eab07cc0) thrown at [C:\src\android\AOSP-openjdk\external\jetbrains\jdk\hotspot\src\share\vö\Ê§1¸¬?
Event: 0.056 Thread 0x0000000002d11000 Exception <a 'java/lang/NoSuchMethodError': Method sun.misc.Unsafe.prefetchRead(Ljava/lang/Object;J)V name or signature does not match> (0x00000000eab07fa8) thrown at [C:\src\android\AOSP-openjdk\external\jetbrains\jdk\hotspot\src\share\vm\prims\jni.cpp, ld1÷9·@
Event: 2.879 Thread 0x0000000016ec8000 Implicit null exception at 0x00000000032437fe to 0x0000000003245041
Event: 2.879 Thread 0x0000000016ec8000 Implicit null exception at 0x0000000003229dad to 0x000000000322b335

Events (10 events):
Event: 3.696 Thread 0x0000000016ed8000 DEOPT PACKING pc=0x00000000031cfabc sp=0x000000001775e5f0
Event: 3.696 Thread 0x0000000016ed8000 DEOPT UNPACKING pc=0x0000000002e575bf sp=0x000000001775e3b8 mode 0
Event: 3.752 Thread 0x0000000016ed7000 Uncommon trap: trap_request=0xffffffc6 fr.pc=0x0000000003358910
Event: 3.752 Thread 0x0000000016ed7000 DEOPT PACKING pc=0x0000000003358910 sp=0x000000001765e880
Event: 3.752 Thread 0x0000000016ed7000 DEOPT UNPACKING pc=0x0000000002e5556a sp=0x000000001765e810 mode 2
Event: 3.753 Thread 0x0000000016ed7000 Uncommon trap: trap_request=0xffffffc6 fr.pc=0x0000000003358910
Event: 3.753 Thread 0x0000000016ed7000 DEOPT PACKING pc=0x0000000003358910 sp=0x000000001765e880
Event: 3.753 Thread 0x0000000016ed7000 DEOPT UNPACKING pc=0x0000000002e5556a sp=0x000000001765e810 mode 2
Event: 3.755 Thread 0x0000000016ed7000 DEOPT PACKING pc=0x00000000031cfabc sp=0x000000001765e770
Event: 3.755 Thread 0x0000000016ed7000 DEOPT UNPACKING pc=0x0000000002e575bf sp=0x000000001765e538 mode 0


Dynamic libraries:
0x00007ff60fa20000 - 0x00007ff60fa51000 	E:\kejiang\Android\Android Studio\jre\bin\java.exe
0x00007ff819fc0000 - 0x00007ff81a181000 	C:\WINDOWS\SYSTEM32\ntdll.dll
0x00007ff819bf0000 - 0x00007ff819c9d000 	C:\WINDOWS\system32\KERNEL32.DLL
0x00007ff816700000 - 0x00007ff8168e8000 	C:\WINDOWS\system32\KERNELBASE.dll
0x00007ff819ae0000 - 0x00007ff819b87000 	C:\WINDOWS\system32\ADVAPI32.dll
0x00007ff8176b0000 - 0x00007ff81774d000 	C:\WINDOWS\system32\msvcrt.dll
0x00007ff819b90000 - 0x00007ff819beb000 	C:\WINDOWS\system32\sechost.dll
0x00007ff8173c0000 - 0x00007ff8174dc000 	C:\WINDOWS\system32\RPCRT4.dll
0x00007ff817550000 - 0x00007ff8176a6000 	C:\WINDOWS\system32\USER32.dll
0x00007ff819320000 - 0x00007ff8194a6000 	C:\WINDOWS\system32\GDI32.dll
0x00007ff810930000 - 0x00007ff810ba4000 	C:\WINDOWS\WinSxS\amd64_microsoft.windows.common-controls_6595b64144ccf1df_6.0.10586.672_none_a2d6b3cea53ff843\COMCTL32.dll
0x00007ff819ca0000 - 0x00007ff819f1d000 	C:\WINDOWS\system32\combase.dll
0x00007ff816690000 - 0x00007ff8166fa000 	C:\WINDOWS\system32\bcryptPrimitives.dll
0x00007ff819f20000 - 0x00007ff819f5b000 	C:\WINDOWS\system32\IMM32.DLL
0x0000000060cd0000 - 0x0000000060da2000 	E:\kejiang\Android\Android Studio\jre\jre\bin\msvcr100.dll
0x000000005ff90000 - 0x00000000607c4000 	E:\kejiang\Android\Android Studio\jre\jre\bin\server\jvm.dll
0x00007ff817760000 - 0x00007ff817768000 	C:\WINDOWS\system32\PSAPI.DLL
0x00007ff80b3b0000 - 0x00007ff80b3b9000 	C:\WINDOWS\SYSTEM32\WSOCK32.dll
0x00007ff818e90000 - 0x00007ff818efb000 	C:\WINDOWS\system32\WS2_32.dll
0x00007ff8148c0000 - 0x00007ff8148e3000 	C:\WINDOWS\SYSTEM32\WINMM.dll
0x00007ff80a770000 - 0x00007ff80a77a000 	C:\WINDOWS\SYSTEM32\VERSION.dll
0x00007ff814580000 - 0x00007ff8145ac000 	C:\WINDOWS\SYSTEM32\WINMMBASE.dll
0x00007ff8170b0000 - 0x00007ff8170f3000 	C:\WINDOWS\system32\cfgmgr32.dll
0x00007ff80f120000 - 0x00007ff80f12f000 	E:\kejiang\Android\Android Studio\jre\jre\bin\verify.dll
0x00007ff80b890000 - 0x00007ff80b8b9000 	E:\kejiang\Android\Android Studio\jre\jre\bin\java.dll
0x00007ff80bbf0000 - 0x00007ff80bc06000 	E:\kejiang\Android\Android Studio\jre\jre\bin\zip.dll
0x00007ff817920000 - 0x00007ff818e7c000 	C:\WINDOWS\system32\SHELL32.dll
0x00007ff8169a0000 - 0x00007ff816fe5000 	C:\WINDOWS\system32\windows.storage.dll
0x00007ff818f00000 - 0x00007ff818f52000 	C:\WINDOWS\system32\shlwapi.dll
0x00007ff816600000 - 0x00007ff81660f000 	C:\WINDOWS\system32\kernel.appcore.dll
0x00007ff816ff0000 - 0x00007ff8170a5000 	C:\WINDOWS\system32\shcore.dll
0x00007ff816620000 - 0x00007ff81666b000 	C:\WINDOWS\system32\powrprof.dll
0x00007ff8165e0000 - 0x00007ff8165f4000 	C:\WINDOWS\system32\profapi.dll

VM Arguments:
jvm_args: -Djava.awt.headless=true -Xmx1024M -Dfile.encoding=GBK -Duser.country=CN -Duser.language=zh -Duser.variant 
java_command: com.android.dx.command.Main --dex --num-threads=4 --output C:\Users\yuandl\.android\build-cache\dcf819d9984ddbc3e7cc31e024b3773ef350ecfa\com.android.support-support-core-ui-25.0.1_ecee07aa259064ac44bc87a219ef60c8a9b62d4c.jar E:\kejiang\git\GitHub\AndroidFastDevFrame\app\build\intermediates\exploded-aar\com.android.support\support-core-ui\25.0.1\jars\classes.jar
java_class_path (initial): E:\kejiang\Android\sdk\build-tools\23.0.0\lib\dx.jar
Launcher Type: SUN_STANDARD

Environment Variables:
JAVA_HOME=C:\Program Files\Java\jdk1.8.0_72
CLASSPATH=.;C:\Program Files\Java\jdk1.8.0_72\lib\dt.jar;C:\Program Files\Java\jdk1.8.0_72\lib\tools.jar;
PATH=D:\oracle\product\10.2.0\client_1\bin;D:\oracle\product\10.2.0\db_1\bin;E:\kejiang\Android\sdk\platform-tools;C:\ProgramData\Oracle\Java\javapath;C:\Program Files (x86)\Common Files\NetSarang;C:\Windows\system32;C:\Windows;C:\Windows\System32\Wbem;C:\Windows\System32\WindowsPowerShell\v1.0\;C:\Program Files\Java\jdk1.7.0_60\bin;C:\Program Files\Java\jdk1.7.0_60\jre\bin;D:\Program Files\MySQL\MySQL Server 5.5\bin;E:\Framework\play\play-2.2.6;D:\Software\apache-maven-3.3.1\bin;C:\WINDOWS\system32;C:\WINDOWS;C:\WINDOWS\System32\Wbem;C:\WINDOWS\System32\WindowsPowerShell\v1.0\;C:\Program Files\TortoiseSVN\bin;C:\Program Files\Git\cmd;C:\Program Files\TortoiseGit\bin;C:\Program Files\MySQL\MySQL Utilities 1.6\
USERNAME=yuandl
OS=Windows_NT
PROCESSOR_IDENTIFIER=Intel64 Family 6 Model 60 Stepping 3, GenuineIntel



---------------  S Y S T E M  ---------------

OS: Windows 10.0 , 64 bit Build 10586 (10.0.10586.589)

CPU:total 4 (2 cores per cpu, 2 threads per core) family 6 model 60 stepping 3, cmov, cx8, fxsr, mmx, sse, sse2, sse3, ssse3, sse4.1, sse4.2, popcnt, avx, avx2, aes, clmul, erms, lzcnt, ht, tsc, tscinvbit, bmi1, bmi2

Memory: 4k page, physical 8305276k(1344640k free), swap 8305276k(6336k free)

vm_info: OpenJDK 64-Bit Server VM (25.76-b03) for windows-amd64 JRE (1.8.0_76-release-b03), built on Jun 29 2016 19:09:20 by "ralucas" with MS VC++ 10.0 (VS2010)

time: Wed Dec 28 19:54:25 2016
elapsed time: 3 seconds (0d 0h 0m 3s)

