#
# There is insufficient memory for the Java Runtime Environment to continue.
# Native memory allocation (malloc) failed to allocate 1048576 bytes for AllocateHeap
# Possible reasons:
#   The system is out of physical RAM or swap space
#   In 32 bit mode, the process size limit was hit
# Possible solutions:
#   Reduce memory load on the system
#   Increase physical memory or swap space
#   Check if swap backing store is full
#   Use 64 bit Java on a 64 bit OS
#   Decrease Java heap size (-Xmx/-Xms)
#   Decrease number of Java threads
#   Decrease Java thread stack sizes (-Xss)
#   Set larger code cache with -XX:ReservedCodeCacheSize=
# This output file may be truncated or incomplete.
#
#  Out of Memory Error (memory/allocation.inline.hpp:61), pid=26636, tid=0x00000000000065a8
#
# JRE version:  (8.0_76-b03) (build )
# Java VM: OpenJDK 64-Bit Server VM (25.76-b03 mixed mode windows-amd64 compressed oops)
# Failed to write core dump. Minidumps are not enabled by default on client versions of Windows
#

---------------  T H R E A D  ---------------

Current thread (0x0000000003171000):  JavaThread "Unknown thread" [_thread_in_vm, id=26024, stack(0x0000000002cd0000,0x0000000002dd0000)]

Stack: [0x0000000002cd0000,0x0000000002dd0000]
[error occurred during error reporting (printing stack bounds), id 0xc0000005]

Native frames: (J=compiled Java code, j=interpreted, Vv=VM code, C=native code)


---------------  P R O C E S S  ---------------

Java Threads: ( => current thread )

Other Threads:

=>0x0000000003171000 (exited) JavaThread "Unknown thread" [_thread_in_vm, id=26024, stack(0x0000000002cd0000,0x0000000002dd0000)]

VM state:not at safepoint (normal execution)

VM Mutex/Monitor currently owned by a thread: None

Heap:
 PSYoungGen      total 38400K, used 665K [0x00000000eab00000, 0x00000000ed580000, 0x0000000100000000)
  eden space 33280K, 2% used [0x00000000eab00000,0x00000000eaba6670,0x00000000ecb80000)
  from space 5120K, 0% used [0x00000000ed080000,0x00000000ed080000,0x00000000ed580000)
  to   space 5120K, 0% used [0x00000000ecb80000,0x00000000ecb80000,0x00000000ed080000)
 ParOldGen       total 87552K, used 0K [0x00000000c0000000, 0x00000000c5580000, 0x00000000eab00000)
  object space 87552K, 0% used [0x00000000c0000000,0x00000000c0000000,0x00000000c5580000)
 Metaspace       used 771K, capacity 4480K, committed 4480K, reserved 1056768K
  class space    used 73K, capacity 384K, committed 384K, reserved 1048576K

Card table byte_map: [0x0000000012630000,0x0000000012840000] byte_map_base: 0x0000000012030000

Marking Bits: (ParMarkBitMap*) 0x0000000062409d00
 Begin Bits: [0x0000000012da0000, 0x0000000013da0000)
 End Bits:   [0x0000000013da0000, 0x0000000014da0000)

Polling page: 0x0000000002dd0000

CodeCache: size=245760Kb used=328Kb max_used=328Kb free=245431Kb
 bounds [0x0000000003270000, 0x00000000034e0000, 0x0000000012270000]
 total_blobs=57 nmethods=0 adapters=38
 compilation: enabled

Compilation events (0 events):
No events

GC Heap History (0 events):
No events

Deoptimization events (0 events):
No events

Internal exceptions (0 events):
No events

Events (10 events):
Event: 0.084 loading class java/lang/Short
Event: 0.084 loading class java/lang/Short done
Event: 0.084 loading class java/lang/Integer
Event: 0.084 loading class java/lang/Integer done
Event: 0.084 loading class java/lang/Long
Event: 0.086 loading class java/lang/Long done
Event: 0.087 loading class java/lang/NullPointerException
Event: 0.087 loading class java/lang/NullPointerException done
Event: 0.087 loading class java/lang/ArithmeticException
Event: 0.087 loading class java/lang/ArithmeticException done


Dynamic libraries:
0x00007ff697200000 - 0x00007ff697231000 	E:\kejiang\Android\Android Studio\jre\bin\java.exe
0x00007fffcf5c0000 - 0x00007fffcf781000 	C:\WINDOWS\SYSTEM32\ntdll.dll
0x00007fffcd080000 - 0x00007fffcd12d000 	C:\WINDOWS\system32\KERNEL32.DLL
0x00007fffcc720000 - 0x00007fffcc908000 	C:\WINDOWS\system32\KERNELBASE.dll
0x00007fffcd130000 - 0x00007fffcd1d7000 	C:\WINDOWS\system32\ADVAPI32.dll
0x00007fffcec30000 - 0x00007fffceccd000 	C:\WINDOWS\system32\msvcrt.dll
0x00007fffce960000 - 0x00007fffce9bb000 	C:\WINDOWS\system32\sechost.dll
0x00007fffccf60000 - 0x00007fffcd07c000 	C:\WINDOWS\system32\RPCRT4.dll
0x00007fffcccf0000 - 0x00007fffcce46000 	C:\WINDOWS\system32\USER32.dll
0x00007fffcf420000 - 0x00007fffcf5a6000 	C:\WINDOWS\system32\GDI32.dll
0x00007fffc6080000 - 0x00007fffc62f4000 	C:\WINDOWS\WinSxS\amd64_microsoft.windows.common-controls_6595b64144ccf1df_6.0.10586.672_none_a2d6b3cea53ff843\COMCTL32.dll
0x00007fffcc9c0000 - 0x00007fffccc3d000 	C:\WINDOWS\system32\combase.dll
0x00007fffcbe90000 - 0x00007fffcbefa000 	C:\WINDOWS\system32\bcryptPrimitives.dll
0x00007fffcebf0000 - 0x00007fffcec2b000 	C:\WINDOWS\system32\IMM32.DLL
0x0000000062980000 - 0x0000000062a52000 	E:\kejiang\Android\Android Studio\jre\jre\bin\msvcr100.dll
0x0000000061c50000 - 0x0000000062484000 	E:\kejiang\Android\Android Studio\jre\jre\bin\server\jvm.dll
0x00007fffcf410000 - 0x00007fffcf418000 	C:\WINDOWS\system32\PSAPI.DLL
0x00007fffc96d0000 - 0x00007fffc96d9000 	C:\WINDOWS\SYSTEM32\WSOCK32.dll
0x00007fffceb80000 - 0x00007fffcebeb000 	C:\WINDOWS\system32\WS2_32.dll
0x00007fffca0e0000 - 0x00007fffca103000 	C:\WINDOWS\SYSTEM32\WINMM.dll
0x00007fffbfd70000 - 0x00007fffbfd7a000 	C:\WINDOWS\SYSTEM32\VERSION.dll
0x00007fffc9e90000 - 0x00007fffc9ebc000 	C:\WINDOWS\SYSTEM32\WINMMBASE.dll
0x00007fffcc910000 - 0x00007fffcc953000 	C:\WINDOWS\system32\cfgmgr32.dll
0x00007fffc96b0000 - 0x00007fffc96bf000 	E:\kejiang\Android\Android Studio\jre\jre\bin\verify.dll
0x00007fffc9680000 - 0x00007fffc96a9000 	E:\kejiang\Android\Android Studio\jre\jre\bin\java.dll
0x00007fffc9660000 - 0x00007fffc9676000 	E:\kejiang\Android\Android Studio\jre\jre\bin\zip.dll

VM Arguments:
jvm_args: -Djava.awt.headless=true -Xmx1024M -Dfile.encoding=GBK -Duser.country=CN -Duser.language=zh -Duser.variant 
java_command: com.android.dx.command.Main --dex --num-threads=4 --output E:\kejiang\git\GitHub\AndroidFastDevFrame\app\build\intermediates\pre-dexed\debug\additionnal_1e68ed761c693cef1f5e38813cf821036c3c9322.jar E:\kejiang\git\GitHub\AndroidFastDevFrame\app\build\intermediates\exploded-aar\AndroidFastDevFrame\uncaughtException\unspecified\jars\libs\additionnal.jar
java_class_path (initial): E:\kejiang\Android\sdk\build-tools\23.0.0\lib\dx.jar
Launcher Type: SUN_STANDARD

Environment Variables:
JAVA_HOME=C:\Program Files\Java\jdk1.8.0_72
CLASSPATH=.;C:\Program Files\Java\jdk1.8.0_72\lib\dt.jar;C:\Program Files\Java\jdk1.8.0_72\lib\tools.jar;
PATH=D:\oracle\product\10.2.0\client_1\bin;D:\oracle\product\10.2.0\db_1\bin;E:\kejiang\Android\sdk\platform-tools;C:\ProgramData\Oracle\Java\javapath;C:\Program Files (x86)\Common Files\NetSarang;C:\Windows\system32;C:\Windows;C:\Windows\System32\Wbem;C:\Windows\System32\WindowsPowerShell\v1.0\;C:\Program Files\Java\jdk1.7.0_60\bin;C:\Program Files\Java\jdk1.7.0_60\jre\bin;D:\Program Files\MySQL\MySQL Server 5.5\bin;E:\Framework\play\play-2.2.6;D:\Software\apache-maven-3.3.1\bin;C:\WINDOWS\system32;C:\WINDOWS;C:\WINDOWS\System32\Wbem;C:\WINDOWS\System32\WindowsPowerShell\v1.0\;C:\Program Files\TortoiseSVN\bin;C:\Program Files\Git\cmd;C:\Program Files\TortoiseGit\bin;C:\Program Files\MySQL\MySQL Utilities 1.6\
USERNAME=yuandl
OS=Windows_NT
PROCESSOR_IDENTIFIER=Intel64 Family 6 Model 60 Stepping 3, GenuineIntel



---------------  S Y S T E M  ---------------

OS: Windows 10.0 , 64 bit Build 10586 (10.0.10586.589)

CPU:total 4 (2 cores per cpu, 2 threads per core) family 6 model 60 stepping 3, cmov, cx8, fxsr, mmx, sse, sse2, sse3, ssse3, sse4.1, sse4.2, popcnt, avx, avx2, aes, clmul, erms, lzcnt, ht, tsc, tscinvbit, bmi1, bmi2

Memory: 4k page, physical 8305276k(1670308k free), swap 8305276k(5320k free)

vm_info: OpenJDK 64-Bit Server VM (25.76-b03) for windows-amd64 JRE (1.8.0_76-release-b03), built on Jun 29 2016 19:09:20 by "ralucas" with MS VC++ 10.0 (VS2010)

time: Wed Feb 22 16:34:49 2017
elapsed time: 0 seconds (0d 0h 0m 0s)

