#
# There is insufficient memory for the Java Runtime Environment to continue.
# Native memory allocation (malloc) failed to allocate 32744 bytes for ChunkPool::allocate
# Possible reasons:
#   The system is out of physical RAM or swap space
#   In 32 bit mode, the process size limit was hit
# Possible solutions:
#   Reduce memory load on the system
#   Increase physical memory or swap space
#   Check if swap backing store is full
#   Use 64 bit Java on a 64 bit OS
#   Decrease Java heap size (-Xmx/-Xms)
#   Decrease number of Java threads
#   Decrease Java thread stack sizes (-Xss)
#   Set larger code cache with -XX:ReservedCodeCacheSize=
# This output file may be truncated or incomplete.
#
#  Out of Memory Error (allocation.cpp:273), pid=31052, tid=0x0000000000007a5c
#
# JRE version: OpenJDK Runtime Environment (8.0_76-b03) (build 1.8.0_76-release-b03)
# Java VM: OpenJDK 64-Bit Server VM (25.76-b03 mixed mode windows-amd64 compressed oops)
# Failed to write core dump. Minidumps are not enabled by default on client versions of Windows
#

---------------  T H R E A D  ---------------

Current thread (0x0000000014eb8800):  JavaThread "C2 CompilerThread0" daemon [_thread_in_native, id=31324, stack(0x00000000163c0000,0x00000000164c0000)]

Stack: [0x00000000163c0000,0x00000000164c0000]
[error occurred during error reporting (printing stack bounds), id 0xc0000005]

Native frames: (J=compiled Java code, j=interpreted, Vv=VM code, C=native code)


Current CompileTask:
C2:   1312  597       4       java.lang.String::compareTo (78 bytes)


---------------  P R O C E S S  ---------------

Java Threads: ( => current thread )
  0x0000000016849800 JavaThread "pool-2-thread-4" [_thread_in_Java, id=31420, stack(0x00000000170c0000,0x00000000171c0000)]
  0x0000000016838000 JavaThread "pool-2-thread-3" [_thread_in_vm, id=31416, stack(0x0000000016fc0000,0x00000000170c0000)]
  0x0000000016831000 JavaThread "pool-2-thread-2" [_thread_in_vm, id=31412, stack(0x0000000016ec0000,0x0000000016fc0000)]
  0x0000000016827000 JavaThread "pool-3-thread-1" [_thread_blocked, id=31408, stack(0x0000000016dc0000,0x0000000016ec0000)]
  0x0000000016820000 JavaThread "pool-2-thread-1" [_thread_blocked, id=31404, stack(0x0000000016cc0000,0x0000000016dc0000)]
  0x000000001661c800 JavaThread "Service Thread" daemon [_thread_blocked, id=31348, stack(0x0000000016ac0000,0x0000000016bc0000)]
  0x0000000016615800 JavaThread "C1 CompilerThread2" daemon [_thread_in_native, id=31336, stack(0x00000000169c0000,0x0000000016ac0000)]
  0x0000000014ebb000 JavaThread "C2 CompilerThread1" daemon [_thread_in_native, id=31332, stack(0x00000000164c0000,0x00000000165c0000)]
=>0x0000000014eb8800 JavaThread "C2 CompilerThread0" daemon [_thread_in_native, id=31324, stack(0x00000000163c0000,0x00000000164c0000)]
  0x0000000014eb7000 JavaThread "Attach Listener" daemon [_thread_blocked, id=31320, stack(0x00000000162c0000,0x00000000163c0000)]
  0x0000000014e6c800 JavaThread "Signal Dispatcher" daemon [_thread_blocked, id=31316, stack(0x00000000161c0000,0x00000000162c0000)]
  0x0000000014e48800 JavaThread "Finalizer" daemon [_thread_blocked, id=31240, stack(0x00000000160c0000,0x00000000161c0000)]
  0x000000000277f000 JavaThread "Reference Handler" daemon [_thread_blocked, id=31236, stack(0x0000000015fc0000,0x00000000160c0000)]
  0x0000000002691000 JavaThread "main" [_thread_in_vm, id=31160, stack(0x0000000002590000,0x0000000002690000)]

Other Threads:
  0x0000000014e25800 VMThread [stack: 0x0000000015ec0000,0x0000000015fc0000] [id=31228]
  0x000000001661d800 WatcherThread [stack: 0x0000000016bc0000,0x0000000016cc0000] [id=31352]

VM state:not at safepoint (normal execution)

VM Mutex/Monitor currently owned by a thread:  ([mutex/lock_event])
[0x000000000258e4d0] MethodData_lock - owner thread: 0x0000000002691000

Heap:
 PSYoungGen      total 38400K, used 13322K [0x00000000eab00000, 0x00000000ed580000, 0x0000000100000000)
  eden space 33280K, 40% used [0x00000000eab00000,0x00000000eb8028d0,0x00000000ecb80000)
  from space 5120K, 0% used [0x00000000ed080000,0x00000000ed080000,0x00000000ed580000)
  to   space 5120K, 0% used [0x00000000ecb80000,0x00000000ecb80000,0x00000000ed080000)
 ParOldGen       total 87552K, used 0K [0x00000000c0000000, 0x00000000c5580000, 0x00000000eab00000)
  object space 87552K, 0% used [0x00000000c0000000,0x00000000c0000000,0x00000000c5580000)
 Metaspace       used 5284K, capacity 6512K, committed 6784K, reserved 1058816K
  class space    used 552K, capacity 616K, committed 640K, reserved 1048576K

Card table byte_map: [0x0000000011b50000,0x0000000011d60000] byte_map_base: 0x0000000011550000

Marking Bits: (ParMarkBitMap*) 0x0000000059f59d00
 Begin Bits: [0x00000000122c0000, 0x00000000132c0000)
 End Bits:   [0x00000000132c0000, 0x00000000142c0000)

Polling page: 0x00000000024c0000

CodeCache: size=245760Kb used=2331Kb max_used=2343Kb free=243428Kb
 bounds [0x0000000002790000, 0x0000000002a00000, 0x0000000011790000]
 total_blobs=847 nmethods=583 adapters=178
 compilation: enabled

Compilation events (10 events):
Event: 1.305 Thread 0x0000000016615800 nmethod 580 0x00000000029d61d0 code [0x00000000029d6340, 0x00000000029d6648]
Event: 1.305 Thread 0x0000000016615800  581   !   3       com.android.dx.cf.code.BytecodeArray::parseInstruction (2764 bytes)
Event: 1.306 Thread 0x0000000014eb8800 nmethod 545 0x00000000029d96d0 code [0x00000000029d9840, 0x00000000029d9c08]
Event: 1.306 Thread 0x0000000014eb8800  584   !   4       com.android.dx.util.IntList::get (36 bytes)
Event: 1.306 Thread 0x0000000014eb8800 nmethod 584 0x00000000029d6710 code [0x00000000029d6840, 0x00000000029d68f8]
Event: 1.306 Thread 0x0000000014eb8800  586       4       com.android.dx.util.Bits::set (19 bytes)
Event: 1.307 Thread 0x0000000014eb8800 nmethod 586 0x00000000029d9f10 code [0x00000000029da040, 0x00000000029da0d8]
Event: 1.308 Thread 0x0000000014eb8800  596       4       java.util.BitSet::nextSetBit (102 bytes)
Event: 1.310 Thread 0x0000000014eb8800 nmethod 596 0x00000000029d7e10 code [0x00000000029d7f60, 0x00000000029d8098]
Event: 1.310 Thread 0x0000000014eb8800  597       4       java.lang.String::compareTo (78 bytes)

GC Heap History (0 events):
No events

Deoptimization events (1 events):
Event: 0.457 Thread 0x0000000002691000 Uncommon trap: reason=unstable_if action=reinterpret pc=0x00000000028e5d14 method=java.lang.String.indexOf(II)I @ 49

Internal exceptions (2 events):
Event: 0.034 Thread 0x0000000002691000 Exception <a 'java/lang/NoSuchMethodError': Method sun.misc.Unsafe.defineClass(Ljava/lang/String;[BII)Ljava/lang/Class; name or signature does not match> (0x00000000eab07cc0) thrown at [C:\src\android\AOSP-openjdk\external\jetbrains\jdk\hotspot\src\share\v0ƒç}¡?
Event: 0.034 Thread 0x0000000002691000 Exception <a 'java/lang/NoSuchMethodError': Method sun.misc.Unsafe.prefetchRead(Ljava/lang/Object;J)V name or signature does not match> (0x00000000eab07fa8) thrown at [C:\src\android\AOSP-openjdk\external\jetbrains\jdk\hotspot\src\share\vm\prims\jni.cpp, l

Events (10 events):
Event: 1.296 loading class com/android/dx/dex/code/DalvCode
Event: 1.296 loading class com/android/dx/dex/code/DalvCode done
Event: 1.296 loading class java/io/PrintWriter
Event: 1.297 loading class java/io/PrintWriter done
Event: 1.297 loading class com/android/dx/dex/file/DebugInfoItem
Event: 1.297 loading class com/android/dx/dex/file/DebugInfoItem done
Event: 1.299 loading class com/android/dx/ssa/PhiInsn$Operand
Event: 1.299 loading class com/android/dx/ssa/PhiInsn$Operand done
Event: 1.304 Executing VM operation: CollectForMetadataAllocation
Event: 1.305 Executing VM operation: CollectForMetadataAllocation done


Dynamic libraries:
0x00007ff727be0000 - 0x00007ff727c11000 	E:\kejiang\Android\Android Studio\jre\bin\java.exe
0x00007fff0ba10000 - 0x00007fff0bbd1000 	C:\WINDOWS\SYSTEM32\ntdll.dll
0x00007fff09830000 - 0x00007fff098dd000 	C:\WINDOWS\system32\KERNEL32.DLL
0x00007fff08460000 - 0x00007fff08648000 	C:\WINDOWS\system32\KERNELBASE.dll
0x00007fff08f70000 - 0x00007fff09017000 	C:\WINDOWS\system32\ADVAPI32.dll
0x00007fff096c0000 - 0x00007fff0975d000 	C:\WINDOWS\system32\msvcrt.dll
0x00007fff0b270000 - 0x00007fff0b2cb000 	C:\WINDOWS\system32\sechost.dll
0x00007fff0b8f0000 - 0x00007fff0ba0c000 	C:\WINDOWS\system32\RPCRT4.dll
0x00007fff08e10000 - 0x00007fff08f66000 	C:\WINDOWS\system32\USER32.dll
0x00007fff091f0000 - 0x00007fff09376000 	C:\WINDOWS\system32\GDI32.dll
0x00007fff00860000 - 0x00007fff00ad4000 	C:\WINDOWS\WinSxS\amd64_microsoft.windows.common-controls_6595b64144ccf1df_6.0.10586.494_none_a2d8b04ea53e3145\COMCTL32.dll
0x00007fff0aff0000 - 0x00007fff0b26d000 	C:\WINDOWS\system32\combase.dll
0x00007fff08da0000 - 0x00007fff08e0a000 	C:\WINDOWS\system32\bcryptPrimitives.dll
0x00007fff0b8b0000 - 0x00007fff0b8eb000 	C:\WINDOWS\system32\IMM32.DLL
0x000000005a4e0000 - 0x000000005a5b2000 	E:\kejiang\Android\Android Studio\jre\jre\bin\msvcr100.dll
0x00000000597a0000 - 0x0000000059fd4000 	E:\kejiang\Android\Android Studio\jre\jre\bin\server\jvm.dll
0x00007fff09380000 - 0x00007fff09388000 	C:\WINDOWS\system32\PSAPI.DLL
0x00007ffeefc70000 - 0x00007ffeefc79000 	C:\WINDOWS\SYSTEM32\WSOCK32.dll
0x00007fff094d0000 - 0x00007fff0953b000 	C:\WINDOWS\system32\WS2_32.dll
0x00007fff062c0000 - 0x00007fff062e3000 	C:\WINDOWS\SYSTEM32\WINMM.dll
0x00007fff04c60000 - 0x00007fff04c6a000 	C:\WINDOWS\SYSTEM32\VERSION.dll
0x00007fff060a0000 - 0x00007fff060cc000 	C:\WINDOWS\SYSTEM32\WINMMBASE.dll
0x00007fff08ca0000 - 0x00007fff08ce3000 	C:\WINDOWS\system32\cfgmgr32.dll
0x00007ffefdcb0000 - 0x00007ffefdcbf000 	E:\kejiang\Android\Android Studio\jre\jre\bin\verify.dll
0x00007ffeed420000 - 0x00007ffeed449000 	E:\kejiang\Android\Android Studio\jre\jre\bin\java.dll
0x00007ffeede90000 - 0x00007ffeedea6000 	E:\kejiang\Android\Android Studio\jre\jre\bin\zip.dll
0x00007fff098e0000 - 0x00007fff0ae3c000 	C:\WINDOWS\system32\SHELL32.dll
0x00007fff08650000 - 0x00007fff08c95000 	C:\WINDOWS\system32\windows.storage.dll
0x00007fff093a0000 - 0x00007fff093f2000 	C:\WINDOWS\system32\shlwapi.dll
0x00007fff08060000 - 0x00007fff0806f000 	C:\WINDOWS\system32\kernel.appcore.dll
0x00007fff080e0000 - 0x00007fff08195000 	C:\WINDOWS\system32\shcore.dll
0x00007fff08070000 - 0x00007fff080bb000 	C:\WINDOWS\system32\powrprof.dll
0x00007fff08040000 - 0x00007fff08054000 	C:\WINDOWS\system32\profapi.dll

VM Arguments:
jvm_args: -Djava.awt.headless=true -Xmx1024M -Dfile.encoding=GBK -Duser.country=CN -Duser.language=zh -Duser.variant 
java_command: com.android.dx.command.Main --dex --verbose --force-jumbo --num-threads=4 --multi-dex --output C:\Users\yuandl\.android\build-cache\78df57157d798e40ac6a5f1514a8b14c8b2f71fd\com.android.support-appcompat-v7-24.2.1_117ee3fc7f003247351e92950aba8b50a6cdfcd2 E:\kejiang\git\GitHub\AndroidFastDevFrame\app\build\intermediates\exploded-aar\com.android.support\appcompat-v7\24.2.1\jars\classes.jar
java_class_path (initial): E:\kejiang\Android\sdk\build-tools\23.0.0\lib\dx.jar
Launcher Type: SUN_STANDARD

Environment Variables:
JAVA_HOME=C:\Program Files\Java\jdk1.8.0_72
CLASSPATH=.;C:\Program Files\Java\jdk1.8.0_72\lib\dt.jar;C:\Program Files\Java\jdk1.8.0_72\lib\tools.jar;
PATH=E:\kejiang\Android\sdk\platform-tools;C:\ProgramData\Oracle\Java\javapath;C:\Program Files (x86)\Common Files\NetSarang;C:\Windows\system32;C:\Windows;C:\Windows\System32\Wbem;C:\Windows\System32\WindowsPowerShell\v1.0\;C:\Program Files\Java\jdk1.7.0_60\bin;C:\Program Files\Java\jdk1.7.0_60\jre\bin;D:\Program Files\MySQL\MySQL Server 5.5\bin;E:\Framework\play\play-2.2.6;D:\Software\apache-maven-3.3.1\bin;C:\WINDOWS\system32;C:\WINDOWS;C:\WINDOWS\System32\Wbem;C:\WINDOWS\System32\WindowsPowerShell\v1.0\;C:\Program Files (x86)\MySQL\MySQL Fabric 1.5 & MySQL Utilities 1.5\;C:\Program Files (x86)\MySQL\MySQL Fabric 1.5 & MySQL Utilities 1.5\Doctrine extensions for PHP\;C:\Program Files\TortoiseSVN\bin;C:\Program Files\Git\cmd;C:\Program Files\TortoiseGit\bin
USERNAME=yuandl
OS=Windows_NT
PROCESSOR_IDENTIFIER=Intel64 Family 6 Model 60 Stepping 3, GenuineIntel



---------------  S Y S T E M  ---------------

OS: Windows 10.0 , 64 bit Build 10586 (10.0.10586.0)

CPU:total 4 (2 cores per cpu, 2 threads per core) family 6 model 60 stepping 3, cmov, cx8, fxsr, mmx, sse, sse2, sse3, ssse3, sse4.1, sse4.2, popcnt, avx, avx2, aes, clmul, erms, lzcnt, ht, tsc, tscinvbit, bmi1, bmi2

Memory: 4k page, physical 8305276k(1476672k free), swap 8305276k(4084k free)

vm_info: OpenJDK 64-Bit Server VM (25.76-b03) for windows-amd64 JRE (1.8.0_76-release-b03), built on Jun 29 2016 19:09:20 by "ralucas" with MS VC++ 10.0 (VS2010)

time: Mon Nov 28 15:12:28 2016
elapsed time: 1 seconds (0d 0h 0m 1s)

