#
# There is insufficient memory for the Java Runtime Environment to continue.
# Native memory allocation (malloc) failed to allocate 282256 bytes for Chunk::new
# Possible reasons:
#   The system is out of physical RAM or swap space
#   In 32 bit mode, the process size limit was hit
# Possible solutions:
#   Reduce memory load on the system
#   Increase physical memory or swap space
#   Check if swap backing store is full
#   Use 64 bit Java on a 64 bit OS
#   Decrease Java heap size (-Xmx/-Xms)
#   Decrease number of Java threads
#   Decrease Java thread stack sizes (-Xss)
#   Set larger code cache with -XX:ReservedCodeCacheSize=
# This output file may be truncated or incomplete.
#
#  Out of Memory Error (allocation.cpp:390), pid=25224, tid=0x0000000000007054
#
# JRE version: OpenJDK Runtime Environment (8.0_76-b03) (build 1.8.0_76-release-b03)
# Java VM: OpenJDK 64-Bit Server VM (25.76-b03 mixed mode windows-amd64 compressed oops)
# Failed to write core dump. Minidumps are not enabled by default on client versions of Windows
#

---------------  T H R E A D  ---------------

Current thread (0x000000000269b800):  JavaThread "C2 CompilerThread1" daemon [_thread_in_native, id=28756, stack(0x0000000016430000,0x0000000016530000)]

Stack: [0x0000000016430000,0x0000000016530000]
[error occurred during error reporting (printing stack bounds), id 0xc0000005]

Native frames: (J=compiled Java code, j=interpreted, Vv=VM code, C=native code)


Current CompileTask:
C2:   3942 1346       4       com.android.dx.ssa.SCCP::simulateStmt (481 bytes)


---------------  P R O C E S S  ---------------

Java Threads: ( => current thread )
  0x0000000016884000 JavaThread "pool-2-thread-4" [_thread_in_Java, id=27696, stack(0x0000000017030000,0x0000000017130000)]
  0x00000000167a0800 JavaThread "pool-2-thread-3" [_thread_in_Java, id=28732, stack(0x0000000016f30000,0x0000000017030000)]
  0x000000001679f000 JavaThread "pool-2-thread-2" [_thread_in_Java, id=27396, stack(0x0000000016e30000,0x0000000016f30000)]
  0x000000001679c800 JavaThread "pool-3-thread-1" [_thread_blocked, id=25092, stack(0x0000000016d30000,0x0000000016e30000)]
  0x000000001679b800 JavaThread "pool-2-thread-1" [_thread_in_Java, id=25152, stack(0x0000000016c30000,0x0000000016d30000)]
  0x000000001658c800 JavaThread "Service Thread" daemon [_thread_blocked, id=28876, stack(0x0000000016a30000,0x0000000016b30000)]
  0x0000000016586000 JavaThread "C1 CompilerThread2" daemon [_thread_blocked, id=28824, stack(0x0000000016930000,0x0000000016a30000)]
=>0x000000000269b800 JavaThread "C2 CompilerThread1" daemon [_thread_in_native, id=28756, stack(0x0000000016430000,0x0000000016530000)]
  0x0000000014dce000 JavaThread "C2 CompilerThread0" daemon [_thread_in_native, id=28832, stack(0x0000000016330000,0x0000000016430000)]
  0x0000000014dcc800 JavaThread "Attach Listener" daemon [_thread_blocked, id=28904, stack(0x0000000016230000,0x0000000016330000)]
  0x0000000014d80800 JavaThread "Signal Dispatcher" daemon [_thread_blocked, id=28712, stack(0x0000000016130000,0x0000000016230000)]
  0x0000000014d58800 JavaThread "Finalizer" daemon [_thread_blocked, id=28168, stack(0x0000000015fd0000,0x00000000160d0000)]
  0x000000000268f000 JavaThread "Reference Handler" daemon [_thread_blocked, id=26420, stack(0x0000000015ed0000,0x0000000015fd0000)]
  0x00000000025a1000 JavaThread "main" [_thread_in_Java, id=6212, stack(0x00000000024a0000,0x00000000025a0000)]

Other Threads:
  0x0000000014d35800 VMThread [stack: 0x0000000015dd0000,0x0000000015ed0000] [id=24920]
  0x000000001658e000 WatcherThread [stack: 0x0000000016b30000,0x0000000016c30000] [id=28784]

VM state:not at safepoint (normal execution)

VM Mutex/Monitor currently owned by a thread: None

Heap:
 PSYoungGen      total 71680K, used 59935K [0x00000000eab00000, 0x00000000f3700000, 0x0000000100000000)
  eden space 66560K, 90% used [0x00000000eab00000,0x00000000ee587f70,0x00000000eec00000)
  from space 5120K, 0% used [0x00000000eec00000,0x00000000eec00000,0x00000000ef100000)
  to   space 5120K, 0% used [0x00000000f3200000,0x00000000f3200000,0x00000000f3700000)
 ParOldGen       total 87552K, used 51142K [0x00000000c0000000, 0x00000000c5580000, 0x00000000eab00000)
  object space 87552K, 58% used [0x00000000c0000000,0x00000000c31f1a08,0x00000000c5580000)
 Metaspace       used 5727K, capacity 6960K, committed 7040K, reserved 1056768K
  class space    used 554K, capacity 616K, committed 640K, reserved 1048576K

Card table byte_map: [0x0000000011a60000,0x0000000011c70000] byte_map_base: 0x0000000011460000

Marking Bits: (ParMarkBitMap*) 0x0000000062709d00
 Begin Bits: [0x00000000121d0000, 0x00000000131d0000)
 End Bits:   [0x00000000131d0000, 0x00000000141d0000)

Polling page: 0x0000000000690000

CodeCache: size=245760Kb used=6015Kb max_used=6029Kb free=239744Kb
 bounds [0x00000000026a0000, 0x0000000002c90000, 0x00000000116a0000]
 total_blobs=1599 nmethods=1336 adapters=177
 compilation: enabled

Compilation events (10 events):
Event: 3.839 Thread 0x000000000269b800 nmethod 1349 0x0000000002c66850 code [0x0000000002c669a0, 0x0000000002c66a98]
Event: 3.839 Thread 0x000000000269b800 1346       4       com.android.dx.ssa.SCCP::simulateStmt (481 bytes)
Event: 3.906 Thread 0x0000000014dce000 nmethod 1382 0x0000000002c830d0 code [0x0000000002c83460, 0x0000000002c862b0]
Event: 3.907 Thread 0x0000000014dce000 1341       4       com.android.dx.ssa.SsaMethod$2::visitNonMoveInsn (6 bytes)
Event: 3.907 Thread 0x0000000014dce000 nmethod 1341 0x0000000002c37710 code [0x0000000002c37860, 0x0000000002c378e8]
Event: 3.907 Thread 0x0000000014dce000 1344       4       com.android.dx.ssa.SCCP::addBlockToWorklist (47 bytes)
Event: 3.917 Thread 0x0000000014dce000 nmethod 1344 0x0000000002c72990 code [0x0000000002c72b20, 0x0000000002c73388]
Event: 3.917 Thread 0x0000000014dce000 1391 %     4       com.android.dx.ssa.PhiInsn::mapSourceRegisters @ 8 (78 bytes)
Event: 3.930 Thread 0x0000000014dce000 nmethod 1391% 0x0000000002c7f1d0 code [0x0000000002c7f3a0, 0x0000000002c7ff50]
Event: 3.930 Thread 0x0000000014dce000 1392       4       com.android.dx.ssa.SsaMethod::deleteInsns (239 bytes)

GC Heap History (8 events):
Event: 1.204 GC heap before
{Heap before GC invocations=1 (full 0):
 PSYoungGen      total 38400K, used 33280K [0x00000000eab00000, 0x00000000ed580000, 0x0000000100000000)
  eden space 33280K, 100% used [0x00000000eab00000,0x00000000ecb80000,0x00000000ecb80000)
  from space 5120K, 0% used [0x00000000ed080000,0x00000000ed080000,0x00000000ed580000)
  to   space 5120K, 0% used [0x00000000ecb80000,0x00000000ecb80000,0x00000000ed080000)
 ParOldGen       total 87552K, used 0K [0x00000000c0000000, 0x00000000c5580000, 0x00000000eab00000)
  object space 87552K, 0% used [0x00000000c0000000,0x00000000c0000000,0x00000000c5580000)
 Metaspace       used 5576K, capacity 6832K, committed 7040K, reserved 1056768K
  class space    used 551K, capacity 616K, committed 640K, reserved 1048576K
Event: 1.223 GC heap after
Heap after GC invocations=1 (full 0):
 PSYoungGen      total 38400K, used 5115K [0x00000000eab00000, 0x00000000ef600000, 0x0000000100000000)
  eden space 33280K, 0% used [0x00000000eab00000,0x00000000eab00000,0x00000000ecb80000)
  from space 5120K, 99% used [0x00000000ecb80000,0x00000000ed07ecc8,0x00000000ed080000)
  to   space 5120K, 0% used [0x00000000ef100000,0x00000000ef100000,0x00000000ef600000)
 ParOldGen       total 87552K, used 4896K [0x00000000c0000000, 0x00000000c5580000, 0x00000000eab00000)
  object space 87552K, 5% used [0x00000000c0000000,0x00000000c04c8308,0x00000000c5580000)
 Metaspace       used 5576K, capacity 6832K, committed 7040K, reserved 1056768K
  class space    used 551K, capacity 616K, committed 640K, reserved 1048576K
}
Event: 1.508 GC heap before
{Heap before GC invocations=2 (full 0):
 PSYoungGen      total 38400K, used 38395K [0x00000000eab00000, 0x00000000ef600000, 0x0000000100000000)
  eden space 33280K, 100% used [0x00000000eab00000,0x00000000ecb80000,0x00000000ecb80000)
  from space 5120K, 99% used [0x00000000ecb80000,0x00000000ed07ecc8,0x00000000ed080000)
  to   space 5120K, 0% used [0x00000000ef100000,0x00000000ef100000,0x00000000ef600000)
 ParOldGen       total 87552K, used 4896K [0x00000000c0000000, 0x00000000c5580000, 0x00000000eab00000)
  object space 87552K, 5% used [0x00000000c0000000,0x00000000c04c8308,0x00000000c5580000)
 Metaspace       used 5690K, capacity 6896K, committed 7040K, reserved 1056768K
  class space    used 553K, capacity 616K, committed 640K, reserved 1048576K
Event: 1.527 GC heap after
Heap after GC invocations=2 (full 0):
 PSYoungGen      total 71680K, used 5110K [0x00000000eab00000, 0x00000000ef600000, 0x0000000100000000)
  eden space 66560K, 0% used [0x00000000eab00000,0x00000000eab00000,0x00000000eec00000)
  from space 5120K, 99% used [0x00000000ef100000,0x00000000ef5fd948,0x00000000ef600000)
  to   space 5120K, 0% used [0x00000000eec00000,0x00000000eec00000,0x00000000ef100000)
 ParOldGen       total 87552K, used 19324K [0x00000000c0000000, 0x00000000c5580000, 0x00000000eab00000)
  object space 87552K, 22% used [0x00000000c0000000,0x00000000c12df2f0,0x00000000c5580000)
 Metaspace       used 5690K, capacity 6896K, committed 7040K, reserved 1056768K
  class space    used 553K, capacity 616K, committed 640K, reserved 1048576K
}
Event: 1.768 GC heap before
{Heap before GC invocations=3 (full 0):
 PSYoungGen      total 71680K, used 71670K [0x00000000eab00000, 0x00000000ef600000, 0x0000000100000000)
  eden space 66560K, 100% used [0x00000000eab00000,0x00000000eec00000,0x00000000eec00000)
  from space 5120K, 99% used [0x00000000ef100000,0x00000000ef5fd948,0x00000000ef600000)
  to   space 5120K, 0% used [0x00000000eec00000,0x00000000eec00000,0x00000000ef100000)
 ParOldGen       total 87552K, used 19324K [0x00000000c0000000, 0x00000000c5580000, 0x00000000eab00000)
  object space 87552K, 22% used [0x00000000c0000000,0x00000000c12df2f0,0x00000000c5580000)
 Metaspace       used 5719K, capacity 6960K, committed 7040K, reserved 1056768K
  class space    used 554K, capacity 616K, committed 640K, reserved 1048576K
Event: 1.902 GC heap after
Heap after GC invocations=3 (full 0):
 PSYoungGen      total 71680K, used 5102K [0x00000000eab00000, 0x00000000f3700000, 0x0000000100000000)
  eden space 66560K, 0% used [0x00000000eab00000,0x00000000eab00000,0x00000000eec00000)
  from space 5120K, 99% used [0x00000000eec00000,0x00000000ef0fb8a8,0x00000000ef100000)
  to   space 5120K, 0% used [0x00000000f3200000,0x00000000f3200000,0x00000000f3700000)
 ParOldGen       total 87552K, used 53419K [0x00000000c0000000, 0x00000000c5580000, 0x00000000eab00000)
  object space 87552K, 61% used [0x00000000c0000000,0x00000000c342ad80,0x00000000c5580000)
 Metaspace       used 5719K, capacity 6960K, committed 7040K, reserved 1056768K
  class space    used 554K, capacity 616K, committed 640K, reserved 1048576K
}
Event: 1.902 GC heap before
{Heap before GC invocations=4 (full 1):
 PSYoungGen      total 71680K, used 5102K [0x00000000eab00000, 0x00000000f3700000, 0x0000000100000000)
  eden space 66560K, 0% used [0x00000000eab00000,0x00000000eab00000,0x00000000eec00000)
  from space 5120K, 99% used [0x00000000eec00000,0x00000000ef0fb8a8,0x00000000ef100000)
  to   space 5120K, 0% used [0x00000000f3200000,0x00000000f3200000,0x00000000f3700000)
 ParOldGen       total 87552K, used 53419K [0x00000000c0000000, 0x00000000c5580000, 0x00000000eab00000)
  object space 87552K, 61% used [0x00000000c0000000,0x00000000c342ad80,0x00000000c5580000)
 Metaspace       used 5719K, capacity 6960K, committed 7040K, reserved 1056768K
  class space    used 554K, capacity 616K, committed 640K, reserved 1048576K
Event: 3.226 GC heap after
Heap after GC invocations=4 (full 1):
 PSYoungGen      total 71680K, used 0K [0x00000000eab00000, 0x00000000f3700000, 0x0000000100000000)
  eden space 66560K, 0% used [0x00000000eab00000,0x00000000eab00000,0x00000000eec00000)
  from space 5120K, 0% used [0x00000000eec00000,0x00000000eec00000,0x00000000ef100000)
  to   space 5120K, 0% used [0x00000000f3200000,0x00000000f3200000,0x00000000f3700000)
 ParOldGen       total 87552K, used 51142K [0x00000000c0000000, 0x00000000c5580000, 0x00000000eab00000)
  object space 87552K, 58% used [0x00000000c0000000,0x00000000c31f1a08,0x00000000c5580000)
 Metaspace       used 5719K, capacity 6960K, committed 7040K, reserved 1056768K
  class space    used 554K, capacity 616K, committed 640K, reserved 1048576K
}

Deoptimization events (10 events):
Event: 1.090 Thread 0x000000001679b800 Uncommon trap: reason=bimorphic action=maybe_recompile pc=0x000000000296c078 method=java.util.HashMap.getNode(ILjava/lang/Object;)Ljava/util/HashMap$Node; @ 126
Event: 1.098 Thread 0x000000001679b800 Uncommon trap: reason=unstable_if action=reinterpret pc=0x0000000002a2697c method=com.android.dx.rop.code.RegisterSpec.withReg(I)Lcom/android/dx/rop/code/RegisterSpec; @ 5
Event: 1.266 Thread 0x000000001679f000 Uncommon trap: reason=unstable_if action=reinterpret pc=0x00000000029cee88 method=com.android.dx.ssa.SsaRenamer$BlockRenamer.addMapping(ILcom/android/dx/rop/code/RegisterSpec;)V @ 120
Event: 1.276 Thread 0x000000001679f000 Uncommon trap: reason=class_check action=maybe_recompile pc=0x0000000002967928 method=com.android.dx.rop.type.Type.equals(Ljava/lang/Object;)Z @ 8
Event: 1.277 Thread 0x000000001679f000 Uncommon trap: reason=class_check action=maybe_recompile pc=0x0000000002967928 method=com.android.dx.rop.type.Type.equals(Ljava/lang/Object;)Z @ 8
Event: 1.408 Thread 0x000000001679f000 Uncommon trap: reason=class_check action=maybe_recompile pc=0x000000000299a20c method=com.android.dx.ssa.NormalSsaInsn.accept(Lcom/android/dx/ssa/SsaInsn$Visitor;)V @ 9
Event: 1.408 Thread 0x000000001679f000 Uncommon trap: reason=class_check action=maybe_recompile pc=0x000000000299a20c method=com.android.dx.ssa.NormalSsaInsn.accept(Lcom/android/dx/ssa/SsaInsn$Visitor;)V @ 9
Event: 1.408 Thread 0x000000001679f000 Uncommon trap: reason=class_check action=maybe_recompile pc=0x000000000299a20c method=com.android.dx.ssa.NormalSsaInsn.accept(Lcom/android/dx/ssa/SsaInsn$Visitor;)V @ 9
Event: 1.409 Thread 0x000000001679f000 Uncommon trap: reason=class_check action=maybe_recompile pc=0x000000000299a20c method=com.android.dx.ssa.NormalSsaInsn.accept(Lcom/android/dx/ssa/SsaInsn$Visitor;)V @ 9
Event: 1.409 Thread 0x000000001679f000 Uncommon trap: reason=class_check action=maybe_recompile pc=0x0000000002957af0 method=com.android.dx.ssa.NormalSsaInsn.accept(Lcom/android/dx/ssa/SsaInsn$Visitor;)V @ 9

Internal exceptions (2 events):
Event: 0.198 Thread 0x00000000025a1000 Exception <a 'java/lang/NoSuchMethodError': Method sun.misc.Unsafe.defineClass(Ljava/lang/String;[BII)Ljava/lang/Class; name or signature does not match> (0x00000000eab07cc0) thrown at [C:\src\android\AOSP-openjdk\external\jetbrains\jdk\hotspot\src\share\v$mðî‡jÉ?
Event: 0.199 Thread 0x00000000025a1000 Exception <a 'java/lang/NoSuchMethodError': Method sun.misc.Unsafe.prefetchRead(Ljava/lang/Object;J)V name or signature does not match> (0x00000000eab07fa8) thrown at [C:\src\android\AOSP-openjdk\external\jetbrains\jdk\hotspot\src\share\vm\prims\jni.cpp, l

Events (10 events):
Event: 3.938 Thread 0x000000001679f000 DEOPT UNPACKING pc=0x00000000026e75bf sp=0x0000000016f2e778 mode 0
Event: 3.939 Thread 0x000000001679f000 DEOPT PACKING pc=0x0000000002bd23e1 sp=0x0000000016f2e9e0
Event: 3.939 Thread 0x000000001679f000 DEOPT UNPACKING pc=0x00000000026e75bf sp=0x0000000016f2e778 mode 0
Event: 3.939 Thread 0x000000001679f000 DEOPT PACKING pc=0x0000000002bd23e1 sp=0x0000000016f2e9e0
Event: 3.939 Thread 0x000000001679f000 DEOPT UNPACKING pc=0x00000000026e75bf sp=0x0000000016f2e778 mode 0
Event: 3.939 Thread 0x000000001679f000 DEOPT PACKING pc=0x0000000002bd23e1 sp=0x0000000016f2e9e0
Event: 3.940 Thread 0x000000001679f000 DEOPT UNPACKING pc=0x00000000026e75bf sp=0x0000000016f2e778 mode 0
Event: 3.940 Thread 0x000000001679f000 DEOPT PACKING pc=0x0000000002bd23e1 sp=0x0000000016f2e9e0
Event: 3.940 Thread 0x000000001679f000 DEOPT UNPACKING pc=0x00000000026e75bf sp=0x0000000016f2e778 mode 0
Event: 3.940 Thread 0x000000001679f000 DEOPT PACKING pc=0x0000000002bd23e1 sp=0x0000000016f2e9e0


Dynamic libraries:
0x00007ff66b420000 - 0x00007ff66b451000 	E:\kejiang\Android\Android Studio\jre\bin\java.exe
0x00007ffddc8d0000 - 0x00007ffddca91000 	C:\WINDOWS\SYSTEM32\ntdll.dll
0x00007ffddaa20000 - 0x00007ffddaacd000 	C:\WINDOWS\system32\KERNEL32.DLL
0x00007ffdd9730000 - 0x00007ffdd9918000 	C:\WINDOWS\system32\KERNELBASE.dll
0x00007ffdda800000 - 0x00007ffdda8a7000 	C:\WINDOWS\system32\ADVAPI32.dll
0x00007ffdd9e40000 - 0x00007ffdd9edd000 	C:\WINDOWS\system32\msvcrt.dll
0x00007ffdda910000 - 0x00007ffdda96b000 	C:\WINDOWS\system32\sechost.dll
0x00007ffddc770000 - 0x00007ffddc88c000 	C:\WINDOWS\system32\RPCRT4.dll
0x00007ffdda3e0000 - 0x00007ffdda536000 	C:\WINDOWS\system32\USER32.dll
0x00007ffdd9f40000 - 0x00007ffdda0c6000 	C:\WINDOWS\system32\GDI32.dll
0x00007ffdd34c0000 - 0x00007ffdd3734000 	C:\WINDOWS\WinSxS\amd64_microsoft.windows.common-controls_6595b64144ccf1df_6.0.10586.494_none_a2d8b04ea53e3145\COMCTL32.dll
0x00007ffddaae0000 - 0x00007ffddad5d000 	C:\WINDOWS\system32\combase.dll
0x00007ffdd9bb0000 - 0x00007ffdd9c1a000 	C:\WINDOWS\system32\bcryptPrimitives.dll
0x00007ffddc890000 - 0x00007ffddc8cb000 	C:\WINDOWS\system32\IMM32.DLL
0x0000000062c90000 - 0x0000000062d62000 	E:\kejiang\Android\Android Studio\jre\jre\bin\msvcr100.dll
0x0000000061f50000 - 0x0000000062784000 	E:\kejiang\Android\Android Studio\jre\jre\bin\server\jvm.dll
0x00007ffddadd0000 - 0x00007ffddadd8000 	C:\WINDOWS\system32\PSAPI.DLL
0x00007ffdcd8f0000 - 0x00007ffdcd8f9000 	C:\WINDOWS\SYSTEM32\WSOCK32.dll
0x00007ffddad60000 - 0x00007ffddadcb000 	C:\WINDOWS\system32\WS2_32.dll
0x00007ffdd7390000 - 0x00007ffdd73b3000 	C:\WINDOWS\SYSTEM32\WINMM.dll
0x00007ffdcd090000 - 0x00007ffdcd09a000 	C:\WINDOWS\SYSTEM32\VERSION.dll
0x00007ffdd6b10000 - 0x00007ffdd6b3c000 	C:\WINDOWS\SYSTEM32\WINMMBASE.dll
0x00007ffdd9010000 - 0x00007ffdd9053000 	C:\WINDOWS\system32\cfgmgr32.dll
0x00007ffdcd200000 - 0x00007ffdcd20f000 	E:\kejiang\Android\Android Studio\jre\jre\bin\verify.dll
0x00007ffdc2020000 - 0x00007ffdc2049000 	E:\kejiang\Android\Android Studio\jre\jre\bin\java.dll
0x00007ffdcc250000 - 0x00007ffdcc266000 	E:\kejiang\Android\Android Studio\jre\jre\bin\zip.dll
0x00007ffddb210000 - 0x00007ffddc76c000 	C:\WINDOWS\system32\SHELL32.dll
0x00007ffdd90c0000 - 0x00007ffdd9705000 	C:\WINDOWS\system32\windows.storage.dll
0x00007ffdda8b0000 - 0x00007ffdda902000 	C:\WINDOWS\system32\shlwapi.dll
0x00007ffdd8ef0000 - 0x00007ffdd8eff000 	C:\WINDOWS\system32\kernel.appcore.dll
0x00007ffdd9920000 - 0x00007ffdd99d5000 	C:\WINDOWS\system32\shcore.dll
0x00007ffdd8f00000 - 0x00007ffdd8f4b000 	C:\WINDOWS\system32\powrprof.dll
0x00007ffdd8f50000 - 0x00007ffdd8f64000 	C:\WINDOWS\system32\profapi.dll

VM Arguments:
jvm_args: -Djava.awt.headless=true -Xmx1024M -Dfile.encoding=GBK -Duser.country=CN -Duser.language=zh -Duser.variant 
java_command: com.android.dx.command.Main --dex --verbose --force-jumbo --num-threads=4 --multi-dex --output E:\kejiang\git\GitHub\AndroidFastDevFrame\app\build\intermediates\transforms\dex\debug\folders\1000\5\slice_4 E:\kejiang\git\GitHub\AndroidFastDevFrame\app\build\intermediates\transforms\instantRunSlicer\debug\folders\1\5\slice_4
java_class_path (initial): E:\kejiang\Android\sdk\build-tools\23.0.0\lib\dx.jar
Launcher Type: SUN_STANDARD

Environment Variables:
JAVA_HOME=C:\Program Files\Java\jdk1.8.0_72
CLASSPATH=.;C:\Program Files\Java\jdk1.8.0_72\lib\dt.jar;C:\Program Files\Java\jdk1.8.0_72\lib\tools.jar;
PATH=E:\kejiang\Android\sdk\platform-tools;C:\ProgramData\Oracle\Java\javapath;C:\Program Files (x86)\Common Files\NetSarang;C:\Windows\system32;C:\Windows;C:\Windows\System32\Wbem;C:\Windows\System32\WindowsPowerShell\v1.0\;C:\Program Files\Java\jdk1.7.0_60\bin;C:\Program Files\Java\jdk1.7.0_60\jre\bin;D:\Program Files\MySQL\MySQL Server 5.5\bin;E:\Framework\play\play-2.2.6;D:\Software\apache-maven-3.3.1\bin;C:\WINDOWS\system32;C:\WINDOWS;C:\WINDOWS\System32\Wbem;C:\WINDOWS\System32\WindowsPowerShell\v1.0\;C:\Program Files (x86)\MySQL\MySQL Fabric 1.5 & MySQL Utilities 1.5\;C:\Program Files (x86)\MySQL\MySQL Fabric 1.5 & MySQL Utilities 1.5\Doctrine extensions for PHP\;C:\Program Files\TortoiseSVN\bin;C:\Program Files\Git\cmd;C:\Program Files\TortoiseGit\bin
USERNAME=yuandl
OS=Windows_NT
PROCESSOR_IDENTIFIER=Intel64 Family 6 Model 60 Stepping 3, GenuineIntel



---------------  S Y S T E M  ---------------

OS: Windows 10.0 , 64 bit Build 10586 (10.0.10586.0)

CPU:total 4 (2 cores per cpu, 2 threads per core) family 6 model 60 stepping 3, cmov, cx8, fxsr, mmx, sse, sse2, sse3, ssse3, sse4.1, sse4.2, popcnt, avx, avx2, aes, clmul, erms, lzcnt, ht, tsc, tscinvbit, bmi1, bmi2

Memory: 4k page, physical 8305276k(1730572k free), swap 8305276k(4416k free)

vm_info: OpenJDK 64-Bit Server VM (25.76-b03) for windows-amd64 JRE (1.8.0_76-release-b03), built on Jun 29 2016 19:09:20 by "ralucas" with MS VC++ 10.0 (VS2010)

time: Wed Nov 30 11:05:57 2016
elapsed time: 3 seconds (0d 0h 0m 3s)

