#
# There is insufficient memory for the Java Runtime Environment to continue.
# Native memory allocation (malloc) failed to allocate 32744 bytes for ChunkPool::allocate
# Possible reasons:
#   The system is out of physical RAM or swap space
#   In 32 bit mode, the process size limit was hit
# Possible solutions:
#   Reduce memory load on the system
#   Increase physical memory or swap space
#   Check if swap backing store is full
#   Use 64 bit Java on a 64 bit OS
#   Decrease Java heap size (-Xmx/-Xms)
#   Decrease number of Java threads
#   Decrease Java thread stack sizes (-Xss)
#   Set larger code cache with -XX:ReservedCodeCacheSize=
# This output file may be truncated or incomplete.
#
#  Out of Memory Error (allocation.cpp:273), pid=31380, tid=0x0000000000007bd0
#
# JRE version: OpenJDK Runtime Environment (8.0_76-b03) (build 1.8.0_76-release-b03)
# Java VM: OpenJDK 64-Bit Server VM (25.76-b03 mixed mode windows-amd64 compressed oops)
# Failed to write core dump. Minidumps are not enabled by default on client versions of Windows
#

---------------  T H R E A D  ---------------

Current thread (0x0000000015bfc800):  JavaThread "C1 CompilerThread2" daemon [_thread_in_native, id=31696, stack(0x0000000017700000,0x0000000017800000)]

Stack: [0x0000000017700000,0x0000000017800000]
[error occurred during error reporting (printing stack bounds), id 0xc0000005]

Native frames: (J=compiled Java code, j=interpreted, Vv=VM code, C=native code)


Current CompileTask:
C1:     92   44  s!   3       sun.misc.URLClassPath::getLoader (197 bytes)


---------------  P R O C E S S  ---------------

Java Threads: ( => current thread )
  0x0000000016f88800 JavaThread "Service Thread" daemon [_thread_blocked, id=31440, stack(0x0000000017800000,0x0000000017900000)]
=>0x0000000015bfc800 JavaThread "C1 CompilerThread2" daemon [_thread_in_native, id=31696, stack(0x0000000017700000,0x0000000017800000)]
  0x0000000015bf4000 JavaThread "C2 CompilerThread1" daemon [_thread_blocked, id=30764, stack(0x0000000017600000,0x0000000017700000)]
  0x0000000015bf1000 JavaThread "C2 CompilerThread0" daemon [_thread_blocked, id=30068, stack(0x0000000017500000,0x0000000017600000)]
  0x0000000016f08800 JavaThread "Attach Listener" daemon [_thread_blocked, id=30656, stack(0x0000000017400000,0x0000000017500000)]
  0x0000000015bad800 JavaThread "Signal Dispatcher" daemon [_thread_blocked, id=30856, stack(0x0000000017300000,0x0000000017400000)]
  0x0000000015b88800 JavaThread "Finalizer" daemon [_thread_blocked, id=30728, stack(0x0000000016e00000,0x0000000016f00000)]
  0x00000000034bf000 JavaThread "Reference Handler" daemon [_thread_blocked, id=31616, stack(0x0000000016d00000,0x0000000016e00000)]
  0x00000000033d1000 JavaThread "main" [_thread_in_vm, id=30952, stack(0x00000000032d0000,0x00000000033d0000)]

Other Threads:
  0x0000000015b65800 VMThread [stack: 0x0000000016c00000,0x0000000016d00000] [id=31596]
  0x0000000016f89800 WatcherThread [stack: 0x0000000017900000,0x0000000017a00000] [id=29828]

VM state:not at safepoint (normal execution)

VM Mutex/Monitor currently owned by a thread: None

Heap:
 PSYoungGen      total 38400K, used 1996K [0x00000000eab00000, 0x00000000ed580000, 0x0000000100000000)
  eden space 33280K, 6% used [0x00000000eab00000,0x00000000eacf33d0,0x00000000ecb80000)
  from space 5120K, 0% used [0x00000000ed080000,0x00000000ed080000,0x00000000ed580000)
  to   space 5120K, 0% used [0x00000000ecb80000,0x00000000ecb80000,0x00000000ed080000)
 ParOldGen       total 87552K, used 0K [0x00000000c0000000, 0x00000000c5580000, 0x00000000eab00000)
  object space 87552K, 0% used [0x00000000c0000000,0x00000000c0000000,0x00000000c5580000)
 Metaspace       used 3103K, capacity 4656K, committed 4864K, reserved 1056768K
  class space    used 329K, capacity 424K, committed 512K, reserved 1048576K

Card table byte_map: [0x0000000012890000,0x0000000012aa0000] byte_map_base: 0x0000000012290000

Marking Bits: (ParMarkBitMap*) 0x0000000059f59d00
 Begin Bits: [0x0000000013000000, 0x0000000014000000)
 End Bits:   [0x0000000014000000, 0x0000000015000000)

Polling page: 0x0000000001300000

CodeCache: size=245760Kb used=1126Kb max_used=1126Kb free=244633Kb
 bounds [0x00000000034d0000, 0x0000000003740000, 0x00000000124d0000]
 total_blobs=283 nmethods=42 adapters=155
 compilation: enabled

Compilation events (10 events):
Event: 0.086 Thread 0x0000000015bfc800 nmethod 37 0x00000000035e7810 code [0x00000000035e7980, 0x00000000035e7b88]
Event: 0.087 Thread 0x0000000015bfc800   38       3       java.util.concurrent.ConcurrentHashMap::setTabAt (19 bytes)
Event: 0.087 Thread 0x0000000015bfc800 nmethod 38 0x00000000035e7c10 code [0x00000000035e7d60, 0x00000000035e7ed0]
Event: 0.087 Thread 0x0000000015bfc800   40       1       java.net.URL::getHost (5 bytes)
Event: 0.087 Thread 0x0000000015bfc800 nmethod 40 0x00000000035e7f50 code [0x00000000035e80a0, 0x00000000035e81b0]
Event: 0.087 Thread 0x0000000015bfc800   41       1       java.net.URL::getProtocol (5 bytes)
Event: 0.087 Thread 0x0000000015bfc800 nmethod 41 0x00000000035e8210 code [0x00000000035e8360, 0x00000000035e8470]
Event: 0.090 Thread 0x0000000015bfc800   42       3       java.util.HashMap::getNode (148 bytes)
Event: 0.090 Thread 0x0000000015bfc800 nmethod 42 0x00000000035e8b50 code [0x00000000035e8d20, 0x00000000035e96c8]
Event: 0.090 Thread 0x0000000015bfc800   44  s!   3       sun.misc.URLClassPath::getLoader (197 bytes)

GC Heap History (0 events):
No events

Deoptimization events (0 events):
No events

Internal exceptions (2 events):
Event: 0.028 Thread 0x00000000033d1000 Exception <a 'java/lang/NoSuchMethodError': Method sun.misc.Unsafe.defineClass(Ljava/lang/String;[BII)Ljava/lang/Class; name or signature does not match> (0x00000000eab07cc0) thrown at [C:\src\android\AOSP-openjdk\external\jetbrains\jdk\hotspot\src\share\viˆŽ6åŸœ?
Event: 0.028 Thread 0x00000000033d1000 Exception <a 'java/lang/NoSuchMethodError': Method sun.misc.Unsafe.prefetchRead(Ljava/lang/Object;J)V name or signature does not match> (0x00000000eab07fa8) thrown at [C:\src\android\AOSP-openjdk\external\jetbrains\jdk\hotspot\src\share\vm\prims\jni.cpp, l

Events (10 events):
Event: 0.091 loading class com/android/dx/util/Output
Event: 0.091 loading class com/android/dx/util/Output done
Event: 0.091 loading class com/android/dex/util/ByteOutput
Event: 0.091 loading class com/android/dex/util/ByteOutput done
Event: 0.091 loading class com/android/dx/rop/cst/Constant
Event: 0.091 loading class com/android/dx/rop/cst/Constant done
Event: 0.091 loading class com/android/dx/util/ToHuman
Event: 0.091 loading class com/android/dx/util/ToHuman done
Event: 0.091 loading class com/android/dx/rop/cst/CstType
Event: 0.091 loading class com/android/dx/rop/cst/CstType done


Dynamic libraries:
0x00007ff727be0000 - 0x00007ff727c11000 	E:\kejiang\Android\Android Studio\jre\bin\java.exe
0x00007fff0ba10000 - 0x00007fff0bbd1000 	C:\WINDOWS\SYSTEM32\ntdll.dll
0x00007fff09830000 - 0x00007fff098dd000 	C:\WINDOWS\system32\KERNEL32.DLL
0x00007fff08460000 - 0x00007fff08648000 	C:\WINDOWS\system32\KERNELBASE.dll
0x00007fff08f70000 - 0x00007fff09017000 	C:\WINDOWS\system32\ADVAPI32.dll
0x00007fff096c0000 - 0x00007fff0975d000 	C:\WINDOWS\system32\msvcrt.dll
0x00007fff0b270000 - 0x00007fff0b2cb000 	C:\WINDOWS\system32\sechost.dll
0x00007fff0b8f0000 - 0x00007fff0ba0c000 	C:\WINDOWS\system32\RPCRT4.dll
0x00007fff08e10000 - 0x00007fff08f66000 	C:\WINDOWS\system32\USER32.dll
0x00007fff091f0000 - 0x00007fff09376000 	C:\WINDOWS\system32\GDI32.dll
0x00007fff00860000 - 0x00007fff00ad4000 	C:\WINDOWS\WinSxS\amd64_microsoft.windows.common-controls_6595b64144ccf1df_6.0.10586.494_none_a2d8b04ea53e3145\COMCTL32.dll
0x00007fff0aff0000 - 0x00007fff0b26d000 	C:\WINDOWS\system32\combase.dll
0x00007fff08da0000 - 0x00007fff08e0a000 	C:\WINDOWS\system32\bcryptPrimitives.dll
0x00007fff0b8b0000 - 0x00007fff0b8eb000 	C:\WINDOWS\system32\IMM32.DLL
0x000000005a4e0000 - 0x000000005a5b2000 	E:\kejiang\Android\Android Studio\jre\jre\bin\msvcr100.dll
0x00000000597a0000 - 0x0000000059fd4000 	E:\kejiang\Android\Android Studio\jre\jre\bin\server\jvm.dll
0x00007fff09380000 - 0x00007fff09388000 	C:\WINDOWS\system32\PSAPI.DLL
0x00007ffeefc70000 - 0x00007ffeefc79000 	C:\WINDOWS\SYSTEM32\WSOCK32.dll
0x00007fff062c0000 - 0x00007fff062e3000 	C:\WINDOWS\SYSTEM32\WINMM.dll
0x00007fff094d0000 - 0x00007fff0953b000 	C:\WINDOWS\system32\WS2_32.dll
0x00007fff04c60000 - 0x00007fff04c6a000 	C:\WINDOWS\SYSTEM32\VERSION.dll
0x00007fff060a0000 - 0x00007fff060cc000 	C:\WINDOWS\SYSTEM32\WINMMBASE.dll
0x00007fff08ca0000 - 0x00007fff08ce3000 	C:\WINDOWS\system32\cfgmgr32.dll
0x00007ffefdcb0000 - 0x00007ffefdcbf000 	E:\kejiang\Android\Android Studio\jre\jre\bin\verify.dll
0x00007ffeed420000 - 0x00007ffeed449000 	E:\kejiang\Android\Android Studio\jre\jre\bin\java.dll
0x00007ffeede90000 - 0x00007ffeedea6000 	E:\kejiang\Android\Android Studio\jre\jre\bin\zip.dll
0x00007fff098e0000 - 0x00007fff0ae3c000 	C:\WINDOWS\system32\SHELL32.dll
0x00007fff08650000 - 0x00007fff08c95000 	C:\WINDOWS\system32\windows.storage.dll
0x00007fff093a0000 - 0x00007fff093f2000 	C:\WINDOWS\system32\shlwapi.dll
0x00007fff08060000 - 0x00007fff0806f000 	C:\WINDOWS\system32\kernel.appcore.dll
0x00007fff080e0000 - 0x00007fff08195000 	C:\WINDOWS\system32\shcore.dll
0x00007fff08070000 - 0x00007fff080bb000 	C:\WINDOWS\system32\powrprof.dll
0x00007fff08040000 - 0x00007fff08054000 	C:\WINDOWS\system32\profapi.dll

VM Arguments:
jvm_args: -Djava.awt.headless=true -Xmx1024M -Dfile.encoding=GBK -Duser.country=CN -Duser.language=zh -Duser.variant 
java_command: com.android.dx.command.Main --dex --verbose --force-jumbo --num-threads=4 --multi-dex --output C:\Users\yuandl\.android\build-cache\89fa08b75fac2cc1406ca20da8fdb9bea547ee67\retrofit-2.0.0-beta4_9c85a37cbba565ef54d7883137801f4ec8792173 C:\Users\yuandl\.gradle\caches\modules-2\files-2.1\com.squareup.retrofit2\retrofit\2.0.0-beta4\739e00dea1f0ac04fdb9b6160d667e23cc50a791\retrofit-2.0.0-beta4.jar
java_class_path (initial): E:\kejiang\Android\sdk\build-tools\23.0.0\lib\dx.jar
Launcher Type: SUN_STANDARD

Environment Variables:
JAVA_HOME=C:\Program Files\Java\jdk1.8.0_72
CLASSPATH=.;C:\Program Files\Java\jdk1.8.0_72\lib\dt.jar;C:\Program Files\Java\jdk1.8.0_72\lib\tools.jar;
PATH=E:\kejiang\Android\sdk\platform-tools;C:\ProgramData\Oracle\Java\javapath;C:\Program Files (x86)\Common Files\NetSarang;C:\Windows\system32;C:\Windows;C:\Windows\System32\Wbem;C:\Windows\System32\WindowsPowerShell\v1.0\;C:\Program Files\Java\jdk1.7.0_60\bin;C:\Program Files\Java\jdk1.7.0_60\jre\bin;D:\Program Files\MySQL\MySQL Server 5.5\bin;E:\Framework\play\play-2.2.6;D:\Software\apache-maven-3.3.1\bin;C:\WINDOWS\system32;C:\WINDOWS;C:\WINDOWS\System32\Wbem;C:\WINDOWS\System32\WindowsPowerShell\v1.0\;C:\Program Files (x86)\MySQL\MySQL Fabric 1.5 & MySQL Utilities 1.5\;C:\Program Files (x86)\MySQL\MySQL Fabric 1.5 & MySQL Utilities 1.5\Doctrine extensions for PHP\;C:\Program Files\TortoiseSVN\bin;C:\Program Files\Git\cmd;C:\Program Files\TortoiseGit\bin
USERNAME=yuandl
OS=Windows_NT
PROCESSOR_IDENTIFIER=Intel64 Family 6 Model 60 Stepping 3, GenuineIntel



---------------  S Y S T E M  ---------------

OS: Windows 10.0 , 64 bit Build 10586 (10.0.10586.0)

CPU:total 4 (2 cores per cpu, 2 threads per core) family 6 model 60 stepping 3, cmov, cx8, fxsr, mmx, sse, sse2, sse3, ssse3, sse4.1, sse4.2, popcnt, avx, avx2, aes, clmul, erms, lzcnt, ht, tsc, tscinvbit, bmi1, bmi2

Memory: 4k page, physical 8305276k(1433896k free), swap 8305276k(4096k free)

vm_info: OpenJDK 64-Bit Server VM (25.76-b03) for windows-amd64 JRE (1.8.0_76-release-b03), built on Jun 29 2016 19:09:20 by "ralucas" with MS VC++ 10.0 (VS2010)

time: Mon Nov 28 15:12:33 2016
elapsed time: 0 seconds (0d 0h 0m 0s)

