#
# There is insufficient memory for the Java Runtime Environment to continue.
# Native memory allocation (malloc) failed to allocate 1424 bytes for AllocateHeap
# Possible reasons:
#   The system is out of physical RAM or swap space
#   In 32 bit mode, the process size limit was hit
# Possible solutions:
#   Reduce memory load on the system
#   Increase physical memory or swap space
#   Check if swap backing store is full
#   Use 64 bit Java on a 64 bit OS
#   Decrease Java heap size (-Xmx/-Xms)
#   Decrease number of Java threads
#   Decrease Java thread stack sizes (-Xss)
#   Set larger code cache with -XX:ReservedCodeCacheSize=
# This output file may be truncated or incomplete.
#
#  Out of Memory Error (memory/allocation.inline.hpp:61), pid=64284, tid=0x000000000000fdd4
#
# JRE version: OpenJDK Runtime Environment (8.0_76-b03) (build 1.8.0_76-release-b03)
# Java VM: OpenJDK 64-Bit Server VM (25.76-b03 mixed mode windows-amd64 compressed oops)
# Failed to write core dump. Minidumps are not enabled by default on client versions of Windows
#

---------------  T H R E A D  ---------------

Current thread (0x0000000017387800):  JavaThread "C1 CompilerThread2" daemon [_thread_in_vm, id=64980, stack(0x0000000017830000,0x0000000017930000)]

Stack: [0x0000000017830000,0x0000000017930000]
[error occurred during error reporting (printing stack bounds), id 0xc0000005]

Native frames: (J=compiled Java code, j=interpreted, Vv=VM code, C=native code)


Current CompileTask:
C1:    747  751       3       com.android.dx.ssa.SsaConverter::needsNewSuccessor (53 bytes)


---------------  P R O C E S S  ---------------

Java Threads: ( => current thread )
  0x0000000017595800 JavaThread "pool-2-thread-4" [_thread_blocked, id=69096, stack(0x0000000017f30000,0x0000000018030000)]
  0x0000000017594800 JavaThread "pool-2-thread-3" [_thread_blocked, id=69756, stack(0x0000000017e30000,0x0000000017f30000)]
  0x0000000017593000 JavaThread "pool-2-thread-2" [_thread_blocked, id=64344, stack(0x0000000017d30000,0x0000000017e30000)]
  0x00000000174aa800 JavaThread "pool-3-thread-1" [_thread_blocked, id=69900, stack(0x0000000017c30000,0x0000000017d30000)]
  0x00000000174aa000 JavaThread "pool-2-thread-1" [_thread_blocked, id=69376, stack(0x0000000017b30000,0x0000000017c30000)]
  0x000000001738d800 JavaThread "Service Thread" daemon [_thread_blocked, id=70460, stack(0x0000000017930000,0x0000000017a30000)]
=>0x0000000017387800 JavaThread "C1 CompilerThread2" daemon [_thread_in_vm, id=64980, stack(0x0000000017830000,0x0000000017930000)]
  0x0000000017385000 JavaThread "C2 CompilerThread1" daemon [_thread_in_vm, id=58748, stack(0x0000000017730000,0x0000000017830000)]
  0x0000000015d2d800 JavaThread "C2 CompilerThread0" daemon [_thread_blocked, id=68820, stack(0x0000000017230000,0x0000000017330000)]
  0x0000000015d2c800 JavaThread "Attach Listener" daemon [_thread_blocked, id=69416, stack(0x0000000017130000,0x0000000017230000)]
  0x0000000015ce1000 JavaThread "Signal Dispatcher" daemon [_thread_blocked, id=70152, stack(0x0000000017030000,0x0000000017130000)]
  0x0000000015cb8800 JavaThread "Finalizer" daemon [_thread_blocked, id=68880, stack(0x0000000016f30000,0x0000000017030000)]
  0x00000000035ef000 JavaThread "Reference Handler" daemon [_thread_blocked, id=70516, stack(0x0000000016e30000,0x0000000016f30000)]
  0x0000000003501000 JavaThread "main" [_thread_blocked, id=70612, stack(0x0000000003300000,0x0000000003400000)]

Other Threads:
  0x0000000015c95800 VMThread [stack: 0x0000000016d30000,0x0000000016e30000] [id=69312]
  0x000000001738e800 WatcherThread [stack: 0x0000000017a30000,0x0000000017b30000] [id=69144]

VM state:not at safepoint (normal execution)

VM Mutex/Monitor currently owned by a thread:  ([mutex/lock_event])
[0x00000000034fbb60] CodeCache_lock - owner thread: 0x0000000017387800
[0x00000000034fe140] Compile_lock - owner thread: 0x0000000017387800
[0x00000000034fdc40] MethodCompileQueue_lock - owner thread: 0x0000000017387800

Heap:
 PSYoungGen      total 38400K, used 15996K [0x00000000eab00000, 0x00000000ed580000, 0x0000000100000000)
  eden space 33280K, 48% used [0x00000000eab00000,0x00000000eba9f0e0,0x00000000ecb80000)
  from space 5120K, 0% used [0x00000000ed080000,0x00000000ed080000,0x00000000ed580000)
  to   space 5120K, 0% used [0x00000000ecb80000,0x00000000ecb80000,0x00000000ed080000)
 ParOldGen       total 87552K, used 0K [0x00000000c0000000, 0x00000000c5580000, 0x00000000eab00000)
  object space 87552K, 0% used [0x00000000c0000000,0x00000000c0000000,0x00000000c5580000)
 Metaspace       used 5477K, capacity 6704K, committed 6784K, reserved 1056768K
  class space    used 547K, capacity 616K, committed 640K, reserved 1048576K

Card table byte_map: [0x00000000129c0000,0x0000000012bd0000] byte_map_base: 0x00000000123c0000

Marking Bits: (ParMarkBitMap*) 0x0000000060749d00
 Begin Bits: [0x0000000013130000, 0x0000000014130000)
 End Bits:   [0x0000000014130000, 0x0000000015130000)

Polling page: 0x00000000016c0000

CodeCache: size=245760Kb used=3164Kb max_used=3170Kb free=242595Kb
 bounds [0x0000000003600000, 0x0000000003920000, 0x0000000012600000]
 total_blobs=995 nmethods=730 adapters=176
 compilation: enabled

Compilation events (10 events):
Event: 0.742 Thread 0x0000000017385000 nmethod 730 0x00000000038fca90 code [0x00000000038fcbe0, 0x00000000038fccb8]
Event: 0.742 Thread 0x0000000017385000  754       4       java.util.ArrayList::ensureCapacityInternal (23 bytes)
Event: 0.742 Thread 0x0000000017387800 nmethod 737 0x0000000003910b50 code [0x0000000003910fc0, 0x0000000003914528]
Event: 0.742 Thread 0x0000000017387800  755       3       com.android.dx.ssa.SsaRenamer$BlockRenamer::process (191 bytes)
Event: 0.744 Thread 0x0000000017387800 nmethod 755 0x0000000003915710 code [0x0000000003915a60, 0x00000000039177d8]
Event: 0.744 Thread 0x0000000017387800  757       3       com.android.dx.ssa.SCCP::simulateBlock (54 bytes)
Event: 0.744 Thread 0x0000000017387800 nmethod 757 0x0000000003918910 code [0x0000000003918b00, 0x0000000003919448]
Event: 0.744 Thread 0x0000000017387800  751       3       com.android.dx.ssa.SsaConverter::needsNewSuccessor (53 bytes)
Event: 0.744 Thread 0x0000000017385000 nmethod 754 0x00000000038ff450 code [0x00000000038ff5a0, 0x00000000038ff818]
Event: 0.744 Thread 0x0000000017385000  716       4       com.android.dx.rop.code.RegisterSpecList::get (9 bytes)

GC Heap History (0 events):
No events

Deoptimization events (2 events):
Event: 0.606 Thread 0x00000000174aa000 Uncommon trap: reason=unstable_if action=reinterpret pc=0x000000000382bf40 method=java.util.HashMap.getNode(ILjava/lang/Object;)Ljava/util/HashMap$Node; @ 62
Event: 0.674 Thread 0x0000000017594800 Uncommon trap: reason=unstable_if action=reinterpret pc=0x000000000385ccf8 method=com.android.dx.rop.cst.CstFieldRef.compareTo0(Lcom/android/dx/rop/cst/Constant;)I @ 7

Internal exceptions (2 events):
Event: 0.041 Thread 0x0000000003501000 Exception <a 'java/lang/NoSuchMethodError': Method sun.misc.Unsafe.defineClass(Ljava/lang/String;[BII)Ljava/lang/Class; name or signature does not match> (0x00000000eab07cc0) thrown at [C:\src\android\AOSP-openjdk\external\jetbrains\jdk\hotspot\src\share\vFÔÙŒ»D•?
Event: 0.042 Thread 0x0000000003501000 Exception <a 'java/lang/NoSuchMethodError': Method sun.misc.Unsafe.prefetchRead(Ljava/lang/Object;J)V name or signature does not match> (0x00000000eab07fa8) thrown at [C:\src\android\AOSP-openjdk\external\jetbrains\jdk\hotspot\src\share\vm\prims\jni.cpp, l

Events (10 events):
Event: 0.674 Thread 0x0000000017594800 DEOPT PACKING pc=0x000000000385ccf8 sp=0x0000000017f2ef20
Event: 0.674 Thread 0x0000000017594800 DEOPT UNPACKING pc=0x000000000364556a sp=0x0000000017f2eea8 mode 2
Event: 0.681 loading class java/util/HashMap$KeySet
Event: 0.681 loading class java/util/HashMap$KeySet done
Event: 0.681 loading class java/util/HashMap$KeyIterator
Event: 0.681 loading class java/util/HashMap$KeyIterator done
Event: 0.695 Executing VM operation: ForceSafepoint
Event: 0.701 Executing VM operation: ForceSafepoint done
Event: 0.740 loading class java/util/ArrayList$1
Event: 0.740 loading class java/util/ArrayList$1 done


Dynamic libraries:
0x00007ff60fa20000 - 0x00007ff60fa51000 	E:\kejiang\Android\Android Studio\jre\bin\java.exe
0x00007ff819fc0000 - 0x00007ff81a181000 	C:\WINDOWS\SYSTEM32\ntdll.dll
0x00007ff819bf0000 - 0x00007ff819c9d000 	C:\WINDOWS\system32\KERNEL32.DLL
0x00007ff816700000 - 0x00007ff8168e8000 	C:\WINDOWS\system32\KERNELBASE.dll
0x00007ff819ae0000 - 0x00007ff819b87000 	C:\WINDOWS\system32\ADVAPI32.dll
0x00007ff8176b0000 - 0x00007ff81774d000 	C:\WINDOWS\system32\msvcrt.dll
0x00007ff819b90000 - 0x00007ff819beb000 	C:\WINDOWS\system32\sechost.dll
0x00007ff8173c0000 - 0x00007ff8174dc000 	C:\WINDOWS\system32\RPCRT4.dll
0x00007ff817550000 - 0x00007ff8176a6000 	C:\WINDOWS\system32\USER32.dll
0x00007ff819320000 - 0x00007ff8194a6000 	C:\WINDOWS\system32\GDI32.dll
0x00007ff810930000 - 0x00007ff810ba4000 	C:\WINDOWS\WinSxS\amd64_microsoft.windows.common-controls_6595b64144ccf1df_6.0.10586.672_none_a2d6b3cea53ff843\COMCTL32.dll
0x00007ff819ca0000 - 0x00007ff819f1d000 	C:\WINDOWS\system32\combase.dll
0x00007ff816690000 - 0x00007ff8166fa000 	C:\WINDOWS\system32\bcryptPrimitives.dll
0x00007ff819f20000 - 0x00007ff819f5b000 	C:\WINDOWS\system32\IMM32.DLL
0x0000000060cd0000 - 0x0000000060da2000 	E:\kejiang\Android\Android Studio\jre\jre\bin\msvcr100.dll
0x000000005ff90000 - 0x00000000607c4000 	E:\kejiang\Android\Android Studio\jre\jre\bin\server\jvm.dll
0x00007ff817760000 - 0x00007ff817768000 	C:\WINDOWS\system32\PSAPI.DLL
0x00007ff80b3b0000 - 0x00007ff80b3b9000 	C:\WINDOWS\SYSTEM32\WSOCK32.dll
0x00007ff818e90000 - 0x00007ff818efb000 	C:\WINDOWS\system32\WS2_32.dll
0x00007ff8148c0000 - 0x00007ff8148e3000 	C:\WINDOWS\SYSTEM32\WINMM.dll
0x00007ff80a770000 - 0x00007ff80a77a000 	C:\WINDOWS\SYSTEM32\VERSION.dll
0x00007ff814580000 - 0x00007ff8145ac000 	C:\WINDOWS\SYSTEM32\WINMMBASE.dll
0x00007ff8170b0000 - 0x00007ff8170f3000 	C:\WINDOWS\system32\cfgmgr32.dll
0x00007ff80b8b0000 - 0x00007ff80b8bf000 	E:\kejiang\Android\Android Studio\jre\jre\bin\verify.dll
0x00007ff80b880000 - 0x00007ff80b8a9000 	E:\kejiang\Android\Android Studio\jre\jre\bin\java.dll
0x00007ff80b810000 - 0x00007ff80b826000 	E:\kejiang\Android\Android Studio\jre\jre\bin\zip.dll
0x00007ff817920000 - 0x00007ff818e7c000 	C:\WINDOWS\system32\SHELL32.dll
0x00007ff8169a0000 - 0x00007ff816fe5000 	C:\WINDOWS\system32\windows.storage.dll
0x00007ff818f00000 - 0x00007ff818f52000 	C:\WINDOWS\system32\shlwapi.dll
0x00007ff816600000 - 0x00007ff81660f000 	C:\WINDOWS\system32\kernel.appcore.dll
0x00007ff816ff0000 - 0x00007ff8170a5000 	C:\WINDOWS\system32\shcore.dll
0x00007ff816620000 - 0x00007ff81666b000 	C:\WINDOWS\system32\powrprof.dll
0x00007ff8165e0000 - 0x00007ff8165f4000 	C:\WINDOWS\system32\profapi.dll

VM Arguments:
jvm_args: -Djava.awt.headless=true -Xmx1024M -Dfile.encoding=GBK -Duser.country=CN -Duser.language=zh -Duser.variant 
java_command: com.android.dx.command.Main --dex --verbose --force-jumbo --num-threads=4 --multi-dex --output E:\kejiang\git\GitHub\AndroidFastDevFrame\app\build\intermediates\transforms\dex\debug\folders\1000\5\slice_2 E:\kejiang\git\GitHub\AndroidFastDevFrame\app\build\intermediates\transforms\instantRunSlicer\debug\folders\1\5\slice_2
java_class_path (initial): E:\kejiang\Android\sdk\build-tools\23.0.0\lib\dx.jar
Launcher Type: SUN_STANDARD

Environment Variables:
JAVA_HOME=C:\Program Files\Java\jdk1.8.0_72
CLASSPATH=.;C:\Program Files\Java\jdk1.8.0_72\lib\dt.jar;C:\Program Files\Java\jdk1.8.0_72\lib\tools.jar;
PATH=D:\oracle\product\10.2.0\client_1\bin;D:\oracle\product\10.2.0\db_1\bin;E:\kejiang\Android\sdk\platform-tools;C:\ProgramData\Oracle\Java\javapath;C:\Program Files (x86)\Common Files\NetSarang;C:\Windows\system32;C:\Windows;C:\Windows\System32\Wbem;C:\Windows\System32\WindowsPowerShell\v1.0\;C:\Program Files\Java\jdk1.7.0_60\bin;C:\Program Files\Java\jdk1.7.0_60\jre\bin;D:\Program Files\MySQL\MySQL Server 5.5\bin;E:\Framework\play\play-2.2.6;D:\Software\apache-maven-3.3.1\bin;C:\WINDOWS\system32;C:\WINDOWS;C:\WINDOWS\System32\Wbem;C:\WINDOWS\System32\WindowsPowerShell\v1.0\;C:\Program Files\TortoiseSVN\bin;C:\Program Files\Git\cmd;C:\Program Files\TortoiseGit\bin;C:\Program Files\MySQL\MySQL Utilities 1.6\
USERNAME=yuandl
OS=Windows_NT
PROCESSOR_IDENTIFIER=Intel64 Family 6 Model 60 Stepping 3, GenuineIntel



---------------  S Y S T E M  ---------------

OS: Windows 10.0 , 64 bit Build 10586 (10.0.10586.589)

CPU:total 4 (2 cores per cpu, 2 threads per core) family 6 model 60 stepping 3, cmov, cx8, fxsr, mmx, sse, sse2, sse3, ssse3, sse4.1, sse4.2, popcnt, avx, avx2, aes, clmul, erms, lzcnt, ht, tsc, tscinvbit, bmi1, bmi2

Memory: 4k page, physical 8305276k(1492548k free), swap 8305276k(4016k free)

vm_info: OpenJDK 64-Bit Server VM (25.76-b03) for windows-amd64 JRE (1.8.0_76-release-b03), built on Jun 29 2016 19:09:20 by "ralucas" with MS VC++ 10.0 (VS2010)

time: Wed Dec 28 18:45:41 2016
elapsed time: 0 seconds (0d 0h 0m 0s)

