#
# There is insufficient memory for the Java Runtime Environment to continue.
# Native memory allocation (malloc) failed to allocate 32784 bytes for Chunk::new
# Possible reasons:
#   The system is out of physical RAM or swap space
#   In 32 bit mode, the process size limit was hit
# Possible solutions:
#   Reduce memory load on the system
#   Increase physical memory or swap space
#   Check if swap backing store is full
#   Use 64 bit Java on a 64 bit OS
#   Decrease Java heap size (-Xmx/-Xms)
#   Decrease number of Java threads
#   Decrease Java thread stack sizes (-Xss)
#   Set larger code cache with -XX:ReservedCodeCacheSize=
# This output file may be truncated or incomplete.
#
#  Out of Memory Error (allocation.cpp:390), pid=30868, tid=0x0000000000007a24
#
# JRE version: OpenJDK Runtime Environment (8.0_76-b03) (build 1.8.0_76-release-b03)
# Java VM: OpenJDK 64-Bit Server VM (25.76-b03 mixed mode windows-amd64 compressed oops)
# Failed to write core dump. Minidumps are not enabled by default on client versions of Windows
#

---------------  T H R E A D  ---------------

Current thread (0x00000000151bc800):  JavaThread "C2 CompilerThread1" daemon [_thread_in_native, id=31268, stack(0x0000000016bb0000,0x0000000016cb0000)]

Stack: [0x0000000016bb0000,0x0000000016cb0000]
[error occurred during error reporting (printing stack bounds), id 0xc0000005]

Native frames: (J=compiled Java code, j=interpreted, Vv=VM code, C=native code)


Current CompileTask:
C2:   1384  901       4       com.android.dx.dex.code.OutputFinisher::addConstants (93 bytes)


---------------  P R O C E S S  ---------------

Java Threads: ( => current thread )
  0x0000000016937800 JavaThread "pool-1-thread-1" [_thread_in_Java, id=31428, stack(0x0000000017cb0000,0x0000000017db0000)]
  0x0000000016822000 JavaThread "Service Thread" daemon [_thread_blocked, id=31284, stack(0x0000000016db0000,0x0000000016eb0000)]
  0x0000000016812000 JavaThread "C1 CompilerThread2" daemon [_thread_in_vm, id=31276, stack(0x0000000016cb0000,0x0000000016db0000)]
=>0x00000000151bc800 JavaThread "C2 CompilerThread1" daemon [_thread_in_native, id=31268, stack(0x0000000016bb0000,0x0000000016cb0000)]
  0x00000000151b9000 JavaThread "C2 CompilerThread0" daemon [_thread_in_native, id=31260, stack(0x00000000166b0000,0x00000000167b0000)]
  0x00000000151b7800 JavaThread "Attach Listener" daemon [_thread_blocked, id=31252, stack(0x00000000165b0000,0x00000000166b0000)]
  0x000000001516c800 JavaThread "Signal Dispatcher" daemon [_thread_blocked, id=31244, stack(0x00000000164b0000,0x00000000165b0000)]
  0x0000000002a8a000 JavaThread "Finalizer" daemon [_thread_blocked, id=31212, stack(0x00000000163b0000,0x00000000164b0000)]
  0x0000000002a7f000 JavaThread "Reference Handler" daemon [_thread_blocked, id=31204, stack(0x00000000162b0000,0x00000000163b0000)]
  0x0000000002991000 JavaThread "main" [_thread_blocked, id=31064, stack(0x0000000002790000,0x0000000002890000)]

Other Threads:
  0x0000000015125800 VMThread [stack: 0x00000000161b0000,0x00000000162b0000] [id=31180]
  0x0000000016816800 WatcherThread [stack: 0x0000000016eb0000,0x0000000016fb0000] [id=31288]

VM state:not at safepoint (normal execution)

VM Mutex/Monitor currently owned by a thread:  ([mutex/lock_event])
[0x000000000298b970] CodeCache_lock - owner thread: 0x0000000000000000

Heap:
 PSYoungGen      total 38400K, used 19351K [0x00000000eab00000, 0x00000000ed580000, 0x0000000100000000)
  eden space 33280K, 58% used [0x00000000eab00000,0x00000000ebde5df8,0x00000000ecb80000)
  from space 5120K, 0% used [0x00000000ed080000,0x00000000ed080000,0x00000000ed580000)
  to   space 5120K, 0% used [0x00000000ecb80000,0x00000000ecb80000,0x00000000ed080000)
 ParOldGen       total 87552K, used 0K [0x00000000c0000000, 0x00000000c5580000, 0x00000000eab00000)
  object space 87552K, 0% used [0x00000000c0000000,0x00000000c0000000,0x00000000c5580000)
 Metaspace       used 5577K, capacity 6768K, committed 7040K, reserved 1056768K
  class space    used 555K, capacity 616K, committed 640K, reserved 1048576K

Card table byte_map: [0x0000000011e50000,0x0000000012060000] byte_map_base: 0x0000000011850000

Marking Bits: (ParMarkBitMap*) 0x0000000059f59d00
 Begin Bits: [0x00000000125c0000, 0x00000000135c0000)
 End Bits:   [0x00000000135c0000, 0x00000000145c0000)

Polling page: 0x00000000023c0000

CodeCache: size=245760Kb used=3600Kb max_used=3600Kb free=242159Kb
 bounds [0x0000000002a90000, 0x0000000002e20000, 0x0000000011a90000]
 total_blobs=1180 nmethods=918 adapters=176
 compilation: enabled

Compilation events (10 events):
Event: 1.382 Thread 0x0000000016812000 nmethod 904 0x0000000002e0fc50 code [0x0000000002e0fdc0, 0x0000000002e0ffc8]
Event: 1.382 Thread 0x0000000016812000  911       3       com.android.dx.rop.type.StdTypeList::get (9 bytes)
Event: 1.382 Thread 0x0000000016812000 nmethod 911 0x0000000002e10050 code [0x0000000002e101c0, 0x0000000002e104a8]
Event: 1.382 Thread 0x0000000016812000  909       1       com.android.dx.dex.file.DexFile::getTypeIds (5 bytes)
Event: 1.382 Thread 0x0000000016812000 nmethod 909 0x0000000002e10550 code [0x0000000002e106a0, 0x0000000002e107b0]
Event: 1.382 Thread 0x0000000016812000  905       1       com.android.dx.dex.file.OffsettedItem::getAlignment (5 bytes)
Event: 1.382 Thread 0x0000000016812000 nmethod 905 0x0000000002e10810 code [0x0000000002e10960, 0x0000000002e10a70]
Event: 1.382 Thread 0x0000000016812000  906       1       com.android.dx.dex.file.Section::getAlignment (5 bytes)
Event: 1.382 Thread 0x0000000016812000 nmethod 906 0x0000000002e10ad0 code [0x0000000002e10c20, 0x0000000002e10d30]
Event: 1.382 Thread 0x0000000016812000  912  s    3       com.android.dx.dex.file.TypeIdsSection::intern (60 bytes)

GC Heap History (0 events):
No events

Deoptimization events (4 events):
Event: 0.751 Thread 0x000000001693e000 Uncommon trap: reason=unstable_if action=reinterpret pc=0x0000000002cb9e24 method=java.util.HashMap.getNode(ILjava/lang/Object;)Ljava/util/HashMap$Node; @ 129
Event: 1.031 Thread 0x0000000016945800 Uncommon trap: reason=unstable_if action=reinterpret pc=0x0000000002ce62f0 method=java.util.BitSet.nextSetBit(I)I @ 87
Event: 1.037 Thread 0x0000000016945800 Uncommon trap: reason=unstable_if action=reinterpret pc=0x0000000002db513c method=com.android.dx.rop.code.RegisterSpec.withReg(I)Lcom/android/dx/rop/code/RegisterSpec; @ 5
Event: 1.374 Thread 0x0000000016937800 Uncommon trap: reason=unstable_if action=reinterpret pc=0x0000000002c5e804 method=java.lang.String.replace(CC)Ljava/lang/String; @ 26

Internal exceptions (2 events):
Event: 0.045 Thread 0x0000000002991000 Exception <a 'java/lang/NoSuchMethodError': Method sun.misc.Unsafe.defineClass(Ljava/lang/String;[BII)Ljava/lang/Class; name or signature does not match> (0x00000000eab07cc0) thrown at [C:\src\android\AOSP-openjdk\external\jetbrains\jdk\hotspot\src\share\vO›	º§?
Event: 0.045 Thread 0x0000000002991000 Exception <a 'java/lang/NoSuchMethodError': Method sun.misc.Unsafe.prefetchRead(Ljava/lang/Object;J)V name or signature does not match> (0x00000000eab07fa8) thrown at [C:\src\android\AOSP-openjdk\external\jetbrains\jdk\hotspot\src\share\vm\prims\jni.cpp, l

Events (10 events):
Event: 1.369 loading class com/android/dx/rop/cst/Zeroes done
Event: 1.370 loading class java/util/TreeMap$EntrySet
Event: 1.370 loading class java/util/TreeMap$EntrySet done
Event: 1.370 loading class java/util/TreeMap$EntryIterator
Event: 1.370 loading class java/util/TreeMap$EntryIterator done
Event: 1.374 Thread 0x0000000016937800 Uncommon trap: trap_request=0xffffff65 fr.pc=0x0000000002c5e804
Event: 1.374 Thread 0x0000000016937800 DEOPT PACKING pc=0x0000000002c5e804 sp=0x0000000017dae010
Event: 1.374 Thread 0x0000000016937800 DEOPT UNPACKING pc=0x0000000002ad556a sp=0x0000000017dadf98 mode 2
Event: 1.381 loading class com/android/dx/dex/file/ProtoIdItem
Event: 1.381 loading class com/android/dx/dex/file/ProtoIdItem done


Dynamic libraries:
0x00007ff727be0000 - 0x00007ff727c11000 	E:\kejiang\Android\Android Studio\jre\bin\java.exe
0x00007fff0ba10000 - 0x00007fff0bbd1000 	C:\WINDOWS\SYSTEM32\ntdll.dll
0x00007fff09830000 - 0x00007fff098dd000 	C:\WINDOWS\system32\KERNEL32.DLL
0x00007fff08460000 - 0x00007fff08648000 	C:\WINDOWS\system32\KERNELBASE.dll
0x00007fff08f70000 - 0x00007fff09017000 	C:\WINDOWS\system32\ADVAPI32.dll
0x00007fff096c0000 - 0x00007fff0975d000 	C:\WINDOWS\system32\msvcrt.dll
0x00007fff0b270000 - 0x00007fff0b2cb000 	C:\WINDOWS\system32\sechost.dll
0x00007fff0b8f0000 - 0x00007fff0ba0c000 	C:\WINDOWS\system32\RPCRT4.dll
0x00007fff08e10000 - 0x00007fff08f66000 	C:\WINDOWS\system32\USER32.dll
0x00007fff091f0000 - 0x00007fff09376000 	C:\WINDOWS\system32\GDI32.dll
0x00007fff00860000 - 0x00007fff00ad4000 	C:\WINDOWS\WinSxS\amd64_microsoft.windows.common-controls_6595b64144ccf1df_6.0.10586.494_none_a2d8b04ea53e3145\COMCTL32.dll
0x00007fff0aff0000 - 0x00007fff0b26d000 	C:\WINDOWS\system32\combase.dll
0x00007fff08da0000 - 0x00007fff08e0a000 	C:\WINDOWS\system32\bcryptPrimitives.dll
0x00007fff0b8b0000 - 0x00007fff0b8eb000 	C:\WINDOWS\system32\IMM32.DLL
0x000000005a4e0000 - 0x000000005a5b2000 	E:\kejiang\Android\Android Studio\jre\jre\bin\msvcr100.dll
0x00000000597a0000 - 0x0000000059fd4000 	E:\kejiang\Android\Android Studio\jre\jre\bin\server\jvm.dll
0x00007fff09380000 - 0x00007fff09388000 	C:\WINDOWS\system32\PSAPI.DLL
0x00007ffeefc70000 - 0x00007ffeefc79000 	C:\WINDOWS\SYSTEM32\WSOCK32.dll
0x00007fff062c0000 - 0x00007fff062e3000 	C:\WINDOWS\SYSTEM32\WINMM.dll
0x00007fff094d0000 - 0x00007fff0953b000 	C:\WINDOWS\system32\WS2_32.dll
0x00007fff04c60000 - 0x00007fff04c6a000 	C:\WINDOWS\SYSTEM32\VERSION.dll
0x00007fff060a0000 - 0x00007fff060cc000 	C:\WINDOWS\SYSTEM32\WINMMBASE.dll
0x00007fff08ca0000 - 0x00007fff08ce3000 	C:\WINDOWS\system32\cfgmgr32.dll
0x00007ffefdcb0000 - 0x00007ffefdcbf000 	E:\kejiang\Android\Android Studio\jre\jre\bin\verify.dll
0x00007ffeed420000 - 0x00007ffeed449000 	E:\kejiang\Android\Android Studio\jre\jre\bin\java.dll
0x00007ffeede90000 - 0x00007ffeedea6000 	E:\kejiang\Android\Android Studio\jre\jre\bin\zip.dll
0x00007fff098e0000 - 0x00007fff0ae3c000 	C:\WINDOWS\system32\SHELL32.dll
0x00007fff08650000 - 0x00007fff08c95000 	C:\WINDOWS\system32\windows.storage.dll
0x00007fff093a0000 - 0x00007fff093f2000 	C:\WINDOWS\system32\shlwapi.dll
0x00007fff08060000 - 0x00007fff0806f000 	C:\WINDOWS\system32\kernel.appcore.dll
0x00007fff080e0000 - 0x00007fff08195000 	C:\WINDOWS\system32\shcore.dll
0x00007fff08070000 - 0x00007fff080bb000 	C:\WINDOWS\system32\powrprof.dll
0x00007fff08040000 - 0x00007fff08054000 	C:\WINDOWS\system32\profapi.dll

VM Arguments:
jvm_args: -Djava.awt.headless=true -Xmx1024M -Dfile.encoding=GBK -Duser.country=CN -Duser.language=zh -Duser.variant 
java_command: com.android.dx.command.Main --dex --verbose --force-jumbo --num-threads=4 --multi-dex --output E:\kejiang\git\GitHub\AndroidFastDevFrame\app\build\intermediates\transforms\dex\debug\folders\1000\5\slice_2 E:\kejiang\git\GitHub\AndroidFastDevFrame\app\build\intermediates\transforms\instantRunSlicer\debug\folders\1\5\slice_2
java_class_path (initial): E:\kejiang\Android\sdk\build-tools\23.0.0\lib\dx.jar
Launcher Type: SUN_STANDARD

Environment Variables:
JAVA_HOME=C:\Program Files\Java\jdk1.8.0_72
CLASSPATH=.;C:\Program Files\Java\jdk1.8.0_72\lib\dt.jar;C:\Program Files\Java\jdk1.8.0_72\lib\tools.jar;
PATH=E:\kejiang\Android\sdk\platform-tools;C:\ProgramData\Oracle\Java\javapath;C:\Program Files (x86)\Common Files\NetSarang;C:\Windows\system32;C:\Windows;C:\Windows\System32\Wbem;C:\Windows\System32\WindowsPowerShell\v1.0\;C:\Program Files\Java\jdk1.7.0_60\bin;C:\Program Files\Java\jdk1.7.0_60\jre\bin;D:\Program Files\MySQL\MySQL Server 5.5\bin;E:\Framework\play\play-2.2.6;D:\Software\apache-maven-3.3.1\bin;C:\WINDOWS\system32;C:\WINDOWS;C:\WINDOWS\System32\Wbem;C:\WINDOWS\System32\WindowsPowerShell\v1.0\;C:\Program Files (x86)\MySQL\MySQL Fabric 1.5 & MySQL Utilities 1.5\;C:\Program Files (x86)\MySQL\MySQL Fabric 1.5 & MySQL Utilities 1.5\Doctrine extensions for PHP\;C:\Program Files\TortoiseSVN\bin;C:\Program Files\Git\cmd;C:\Program Files\TortoiseGit\bin
USERNAME=yuandl
OS=Windows_NT
PROCESSOR_IDENTIFIER=Intel64 Family 6 Model 60 Stepping 3, GenuineIntel



---------------  S Y S T E M  ---------------

OS: Windows 10.0 , 64 bit Build 10586 (10.0.10586.0)

CPU:total 4 (2 cores per cpu, 2 threads per core) family 6 model 60 stepping 3, cmov, cx8, fxsr, mmx, sse, sse2, sse3, ssse3, sse4.1, sse4.2, popcnt, avx, avx2, aes, clmul, erms, lzcnt, ht, tsc, tscinvbit, bmi1, bmi2

Memory: 4k page, physical 8305276k(1464836k free), swap 8305276k(3068k free)

vm_info: OpenJDK 64-Bit Server VM (25.76-b03) for windows-amd64 JRE (1.8.0_76-release-b03), built on Jun 29 2016 19:09:20 by "ralucas" with MS VC++ 10.0 (VS2010)

time: Mon Nov 28 15:12:28 2016
elapsed time: 1 seconds (0d 0h 0m 1s)

